[4.655s] Invoking command in '/home/jeff/theimc_robot/build/debug_pkg': PYTHONPATH=/home/jeff/theimc_robot/build/debug_pkg/prefix_override:/usr/lib/python3/dist-packages/colcon_core/task/python/colcon_distutils_commands:/home/jeff/theimc_robot/install/debug_pkg/lib/python3.10/site-packages:${PYTHONPATH} /usr/bin/python3 -W ignore:setup.py install is deprecated -W ignore:easy_install command is deprecated setup.py develop --editable --build-directory /home/jeff/theimc_robot/build/debug_pkg/build --no-deps symlink_data
[5.605s] running develop
[6.128s] running egg_info
[6.128s] creating debug_pkg.egg-info
[6.132s] writing debug_pkg.egg-info/PKG-INFO
[6.132s] writing dependency_links to debug_pkg.egg-info/dependency_links.txt
[6.132s] writing entry points to debug_pkg.egg-info/entry_points.txt
[6.134s] writing requirements to debug_pkg.egg-info/requires.txt
[6.134s] writing top-level names to debug_pkg.egg-info/top_level.txt
[6.134s] writing manifest file 'debug_pkg.egg-info/SOURCES.txt'
[6.141s] reading manifest file 'debug_pkg.egg-info/SOURCES.txt'
[6.143s] writing manifest file 'debug_pkg.egg-info/SOURCES.txt'
[6.154s] running build_ext
[6.154s] Creating /home/jeff/theimc_robot/install/debug_pkg/lib/python3.10/site-packages/debug-pkg.egg-link (link to .)
[6.158s] Installing check_odom_straight_node script to /home/jeff/theimc_robot/install/debug_pkg/lib/debug_pkg
[6.158s] Installing ekf_test_cmd_sequence script to /home/jeff/theimc_robot/install/debug_pkg/lib/debug_pkg
[6.159s] Installing yolov8_visualizer_node script to /home/jeff/theimc_robot/install/debug_pkg/lib/debug_pkg
[6.160s] 
[6.160s] Installed /home/jeff/theimc_robot/build/debug_pkg
[6.160s] running symlink_data
[6.160s] creating /home/jeff/theimc_robot/install/debug_pkg/share/ament_index
[6.161s] creating /home/jeff/theimc_robot/install/debug_pkg/share/ament_index/resource_index
[6.161s] creating /home/jeff/theimc_robot/install/debug_pkg/share/ament_index/resource_index/packages
[6.161s] symbolically linking /home/jeff/theimc_robot/build/debug_pkg/resource/debug_pkg -> /home/jeff/theimc_robot/install/debug_pkg/share/ament_index/resource_index/packages
[6.162s] symbolically linking /home/jeff/theimc_robot/build/debug_pkg/package.xml -> /home/jeff/theimc_robot/install/debug_pkg/share/debug_pkg
[7.102s] Invoked command in '/home/jeff/theimc_robot/build/debug_pkg' returned '0': PYTHONPATH=/home/jeff/theimc_robot/build/debug_pkg/prefix_override:/usr/lib/python3/dist-packages/colcon_core/task/python/colcon_distutils_commands:/home/jeff/theimc_robot/install/debug_pkg/lib/python3.10/site-packages:${PYTHONPATH} /usr/bin/python3 -W ignore:setup.py install is deprecated -W ignore:easy_install command is deprecated setup.py develop --editable --build-directory /home/jeff/theimc_robot/build/debug_pkg/build --no-deps symlink_data
