[1.442s] Invoking command in '/home/jeff/theimc_robot/build/theimc_bringup': PYTHONPATH=/home/jeff/theimc_robot/build/theimc_bringup/prefix_override:/usr/lib/python3/dist-packages/colcon_core/task/python/colcon_distutils_commands:/home/jeff/theimc_robot/install/theimc_bringup/lib/python3.10/site-packages:${PYTHONPATH} /usr/bin/python3 -W ignore:setup.py install is deprecated -W ignore:easy_install command is deprecated setup.py develop --editable --build-directory /home/jeff/theimc_robot/build/theimc_bringup/build --no-deps symlink_data
[2.038s] running develop
[2.426s] running egg_info
[2.427s] writing theimc_bringup.egg-info/PKG-INFO
[2.428s] writing dependency_links to theimc_bringup.egg-info/dependency_links.txt
[2.428s] writing entry points to theimc_bringup.egg-info/entry_points.txt
[2.429s] writing requirements to theimc_bringup.egg-info/requires.txt
[2.429s] writing top-level names to theimc_bringup.egg-info/top_level.txt
[2.432s] reading manifest file 'theimc_bringup.egg-info/SOURCES.txt'
[2.434s] writing manifest file 'theimc_bringup.egg-info/SOURCES.txt'
[2.437s] running build_ext
[2.438s] Creating /home/jeff/theimc_robot/install/theimc_bringup/lib/python3.10/site-packages/theimc-bringup.egg-link (link to .)
[2.440s] Installing bringup_node script to /home/jeff/theimc_robot/install/theimc_bringup/lib/theimc_bringup
[2.440s] Installing isaac_vslam_odom_adapter_node script to /home/jeff/theimc_robot/install/theimc_bringup/lib/theimc_bringup
[2.441s] Installing last_pose_manager_node script to /home/jeff/theimc_robot/install/theimc_bringup/lib/theimc_bringup
[2.441s] Installing robot_agent_node script to /home/jeff/theimc_robot/install/theimc_bringup/lib/theimc_bringup
[2.442s] 
[2.442s] Installed /home/jeff/theimc_robot/build/theimc_bringup
[2.442s] running symlink_data
[2.443s] symbolically linking /home/jeff/theimc_robot/build/theimc_bringup/params/vehicle_scan_filter.yaml -> /home/jeff/theimc_robot/install/theimc_bringup/share/theimc_bringup/params
[2.525s] Invoked command in '/home/jeff/theimc_robot/build/theimc_bringup' returned '0': PYTHONPATH=/home/jeff/theimc_robot/build/theimc_bringup/prefix_override:/usr/lib/python3/dist-packages/colcon_core/task/python/colcon_distutils_commands:/home/jeff/theimc_robot/install/theimc_bringup/lib/python3.10/site-packages:${PYTHONPATH} /usr/bin/python3 -W ignore:setup.py install is deprecated -W ignore:easy_install command is deprecated setup.py develop --editable --build-directory /home/jeff/theimc_robot/build/theimc_bringup/build --no-deps symlink_data
