[0.080s] Invoking command in '/home/jeff/theimc_robot/build/interfaces_pkg': CMAKE_PREFIX_PATH=${CMAKE_PREFIX_PATH}:/home/jeff/theimc_robot/install/theimc_teleop:/home/jeff/theimc_robot/install/theimc_bringup:/home/jeff/theimc_robot/install/localizer_server:/home/jeff/theimc_robot/install/decision_making_pkg:/home/jeff/theimc_robot/install/debug_pkg:/home/jeff/theimc_robot/install/camera_perception_pkg:/opt/ros/humble /usr/bin/cmake --build /home/jeff/theimc_robot/build/interfaces_pkg -- -j6 -l6
[1.987s] [  1%] Built target interfaces_pkg__rs
[1.988s] [  1%] Built target interfaces_pkg__cpp
[1.988s] [ 13%] Built target interfaces_pkg__rosidl_generator_c
[1.989s] [ 13%] Built target ament_cmake_python_symlink_interfaces_pkg
[1.990s] [ 25%] Built target interfaces_pkg__rosidl_typesupport_introspection_cpp
[1.990s] [ 37%] Built target interfaces_pkg__rosidl_typesupport_fastrtps_cpp
[1.990s] [ 49%] Built target interfaces_pkg__rosidl_typesupport_introspection_c
[1.990s] [ 61%] Built target interfaces_pkg__rosidl_typesupport_cpp
[1.990s] [ 73%] Built target interfaces_pkg__rosidl_typesupport_c
[1.991s] [ 85%] Built target interfaces_pkg__rosidl_typesupport_fastrtps_c
[1.991s] [ 85%] Built target interfaces_pkg
[1.991s] [ 86%] Built target interfaces_pkg__py
[1.991s] [ 97%] Built target interfaces_pkg__rosidl_generator_py
[1.991s] [ 99%] Built target interfaces_pkg__rosidl_typesupport_introspection_c__pyext
[1.992s] [ 99%] Built target interfaces_pkg__rosidl_typesupport_fastrtps_c__pyext
[1.992s] [100%] Built target interfaces_pkg__rosidl_typesupport_c__pyext
[1.992s] running egg_info
[1.993s] writing interfaces_pkg.egg-info/PKG-INFO
[1.993s] writing dependency_links to interfaces_pkg.egg-info/dependency_links.txt
[1.993s] writing top-level names to interfaces_pkg.egg-info/top_level.txt
[1.993s] reading manifest file 'interfaces_pkg.egg-info/SOURCES.txt'
[1.993s] writing manifest file 'interfaces_pkg.egg-info/SOURCES.txt'
[1.994s] [100%] Built target ament_cmake_python_build_interfaces_pkg_egg
[1.994s] Invoked command in '/home/jeff/theimc_robot/build/interfaces_pkg' returned '0': CMAKE_PREFIX_PATH=${CMAKE_PREFIX_PATH}:/home/jeff/theimc_robot/install/theimc_teleop:/home/jeff/theimc_robot/install/theimc_bringup:/home/jeff/theimc_robot/install/localizer_server:/home/jeff/theimc_robot/install/decision_making_pkg:/home/jeff/theimc_robot/install/debug_pkg:/home/jeff/theimc_robot/install/camera_perception_pkg:/opt/ros/humble /usr/bin/cmake --build /home/jeff/theimc_robot/build/interfaces_pkg -- -j6 -l6
[2.010s] Invoking command in '/home/jeff/theimc_robot/build/interfaces_pkg': CMAKE_PREFIX_PATH=${CMAKE_PREFIX_PATH}:/home/jeff/theimc_robot/install/theimc_teleop:/home/jeff/theimc_robot/install/theimc_bringup:/home/jeff/theimc_robot/install/localizer_server:/home/jeff/theimc_robot/install/decision_making_pkg:/home/jeff/theimc_robot/install/debug_pkg:/home/jeff/theimc_robot/install/camera_perception_pkg:/opt/ros/humble /usr/bin/cmake --install /home/jeff/theimc_robot/build/interfaces_pkg
[2.035s] -- Install configuration: ""
[2.035s] -- Execute custom install script
[2.035s] -- Up-to-date symlink: /home/jeff/theimc_robot/install/interfaces_pkg/share/ament_index/resource_index/rosidl_interfaces/interfaces_pkg
[2.035s] -- Up-to-date symlink: /home/jeff/theimc_robot/install/interfaces_pkg/include/interfaces_pkg/interfaces_pkg/action/detail/rail_approach__functions.h
[2.036s] -- Up-to-date symlink: /home/jeff/theimc_robot/install/interfaces_pkg/include/interfaces_pkg/interfaces_pkg/action/detail/rail_approach__struct.h
[2.036s] -- Up-to-date symlink: /home/jeff/theimc_robot/install/interfaces_pkg/include/interfaces_pkg/interfaces_pkg/action/detail/rail_approach__type_support.h
[2.036s] -- Up-to-date symlink: /home/jeff/theimc_robot/install/interfaces_pkg/include/interfaces_pkg/interfaces_pkg/action/rail_approach.h
[2.036s] -- Up-to-date symlink: /home/jeff/theimc_robot/install/interfaces_pkg/include/interfaces_pkg/interfaces_pkg/msg/bounding_box2_d.h
[2.037s] -- Up-to-date symlink: /home/jeff/theimc_robot/install/interfaces_pkg/include/interfaces_pkg/interfaces_pkg/msg/bounding_box3_d.h
[2.037s] -- Up-to-date symlink: /home/jeff/theimc_robot/install/interfaces_pkg/include/interfaces_pkg/interfaces_pkg/msg/detail/bounding_box2_d__functions.h
[2.037s] -- Up-to-date symlink: /home/jeff/theimc_robot/install/interfaces_pkg/include/interfaces_pkg/interfaces_pkg/msg/detail/bounding_box2_d__struct.h
[2.038s] -- Up-to-date symlink: /home/jeff/theimc_robot/install/interfaces_pkg/include/interfaces_pkg/interfaces_pkg/msg/detail/bounding_box2_d__type_support.h
[2.039s] -- Up-to-date symlink: /home/jeff/theimc_robot/install/interfaces_pkg/include/interfaces_pkg/interfaces_pkg/msg/detail/bounding_box3_d__functions.h
[2.052s] -- Up-to-date symlink: /home/jeff/theimc_robot/install/interfaces_pkg/include/interfaces_pkg/interfaces_pkg/msg/detail/bounding_box3_d__struct.h
[2.058s] -- Up-to-date symlink: /home/jeff/theimc_robot/install/interfaces_pkg/include/interfaces_pkg/interfaces_pkg/msg/detail/bounding_box3_d__type_support.h
[2.063s] -- Up-to-date symlink: /home/jeff/theimc_robot/install/interfaces_pkg/include/interfaces_pkg/interfaces_pkg/msg/detail/detection__functions.h
[2.063s] -- Up-to-date symlink: /home/jeff/theimc_robot/install/interfaces_pkg/include/interfaces_pkg/interfaces_pkg/msg/detail/detection__struct.h
[2.064s] -- Up-to-date symlink: /home/jeff/theimc_robot/install/interfaces_pkg/include/interfaces_pkg/interfaces_pkg/msg/detail/detection__type_support.h
[2.064s] -- Up-to-date symlink: /home/jeff/theimc_robot/install/interfaces_pkg/include/interfaces_pkg/interfaces_pkg/msg/detail/detection_array__functions.h
[2.068s] -- Up-to-date symlink: /home/jeff/theimc_robot/install/interfaces_pkg/include/interfaces_pkg/interfaces_pkg/msg/detail/detection_array__struct.h
[2.072s] -- Up-to-date symlink: /home/jeff/theimc_robot/install/interfaces_pkg/include/interfaces_pkg/interfaces_pkg/msg/detail/detection_array__type_support.h
[2.073s] -- Up-to-date symlink: /home/jeff/theimc_robot/install/interfaces_pkg/include/interfaces_pkg/interfaces_pkg/msg/detail/key_point2_d__functions.h
[2.073s] -- Up-to-date symlink: /home/jeff/theimc_robot/install/interfaces_pkg/include/interfaces_pkg/interfaces_pkg/msg/detail/key_point2_d__struct.h
[2.073s] -- Up-to-date symlink: /home/jeff/theimc_robot/install/interfaces_pkg/include/interfaces_pkg/interfaces_pkg/msg/detail/key_point2_d__type_support.h
[2.073s] -- Up-to-date symlink: /home/jeff/theimc_robot/install/interfaces_pkg/include/interfaces_pkg/interfaces_pkg/msg/detail/key_point2_d_array__functions.h
[2.073s] -- Up-to-date symlink: /home/jeff/theimc_robot/install/interfaces_pkg/include/interfaces_pkg/interfaces_pkg/msg/detail/key_point2_d_array__struct.h
[2.074s] -- Up-to-date symlink: /home/jeff/theimc_robot/install/interfaces_pkg/include/interfaces_pkg/interfaces_pkg/msg/detail/key_point2_d_array__type_support.h
[2.074s] -- Up-to-date symlink: /home/jeff/theimc_robot/install/interfaces_pkg/include/interfaces_pkg/interfaces_pkg/msg/detail/key_point3_d__functions.h
[2.074s] -- Up-to-date symlink: /home/jeff/theimc_robot/install/interfaces_pkg/include/interfaces_pkg/interfaces_pkg/msg/detail/key_point3_d__struct.h
[2.074s] -- Up-to-date symlink: /home/jeff/theimc_robot/install/interfaces_pkg/include/interfaces_pkg/interfaces_pkg/msg/detail/key_point3_d__type_support.h
[2.074s] -- Up-to-date symlink: /home/jeff/theimc_robot/install/interfaces_pkg/include/interfaces_pkg/interfaces_pkg/msg/detail/key_point3_d_array__functions.h
[2.074s] -- Up-to-date symlink: /home/jeff/theimc_robot/install/interfaces_pkg/include/interfaces_pkg/interfaces_pkg/msg/detail/key_point3_d_array__struct.h
[2.074s] -- Up-to-date symlink: /home/jeff/theimc_robot/install/interfaces_pkg/include/interfaces_pkg/interfaces_pkg/msg/detail/key_point3_d_array__type_support.h
[2.075s] -- Up-to-date symlink: /home/jeff/theimc_robot/install/interfaces_pkg/include/interfaces_pkg/interfaces_pkg/msg/detail/lane_info__functions.h
[2.075s] -- Up-to-date symlink: /home/jeff/theimc_robot/install/interfaces_pkg/include/interfaces_pkg/interfaces_pkg/msg/detail/lane_info__struct.h
[2.075s] -- Up-to-date symlink: /home/jeff/theimc_robot/install/interfaces_pkg/include/interfaces_pkg/interfaces_pkg/msg/detail/lane_info__type_support.h
[2.075s] -- Up-to-date symlink: /home/jeff/theimc_robot/install/interfaces_pkg/include/interfaces_pkg/interfaces_pkg/msg/detail/mask__functions.h
[2.075s] -- Up-to-date symlink: /home/jeff/theimc_robot/install/interfaces_pkg/include/interfaces_pkg/interfaces_pkg/msg/detail/mask__struct.h
[2.077s] -- Up-to-date symlink: /home/jeff/theimc_robot/install/interfaces_pkg/include/interfaces_pkg/interfaces_pkg/msg/detail/mask__type_support.h
[2.078s] -- Up-to-date symlink: /home/jeff/theimc_robot/install/interfaces_pkg/include/interfaces_pkg/interfaces_pkg/msg/detail/motion_command__functions.h
[2.078s] -- Up-to-date symlink: /home/jeff/theimc_robot/install/interfaces_pkg/include/interfaces_pkg/interfaces_pkg/msg/detail/motion_command__struct.h
[2.078s] -- Up-to-date symlink: /home/jeff/theimc_robot/install/interfaces_pkg/include/interfaces_pkg/interfaces_pkg/msg/detail/motion_command__type_support.h
[2.078s] -- Up-to-date symlink: /home/jeff/theimc_robot/install/interfaces_pkg/include/interfaces_pkg/interfaces_pkg/msg/detail/path_planning_result__functions.h
[2.080s] -- Up-to-date symlink: /home/jeff/theimc_robot/install/interfaces_pkg/include/interfaces_pkg/interfaces_pkg/msg/detail/path_planning_result__struct.h
[2.080s] -- Up-to-date symlink: /home/jeff/theimc_robot/install/interfaces_pkg/include/interfaces_pkg/interfaces_pkg/msg/detail/path_planning_result__type_support.h
[2.080s] -- Up-to-date symlink: /home/jeff/theimc_robot/install/interfaces_pkg/include/interfaces_pkg/interfaces_pkg/msg/detail/point2_d__functions.h
[2.081s] -- Up-to-date symlink: /home/jeff/theimc_robot/install/interfaces_pkg/include/interfaces_pkg/interfaces_pkg/msg/detail/point2_d__struct.h
[2.082s] -- Up-to-date symlink: /home/jeff/theimc_robot/install/interfaces_pkg/include/interfaces_pkg/interfaces_pkg/msg/detail/point2_d__type_support.h
[2.083s] -- Up-to-date symlink: /home/jeff/theimc_robot/install/interfaces_pkg/include/interfaces_pkg/interfaces_pkg/msg/detail/pose2_d__functions.h
[2.083s] -- Up-to-date symlink: /home/jeff/theimc_robot/install/interfaces_pkg/include/interfaces_pkg/interfaces_pkg/msg/detail/pose2_d__struct.h
[2.084s] -- Up-to-date symlink: /home/jeff/theimc_robot/install/interfaces_pkg/include/interfaces_pkg/interfaces_pkg/msg/detail/pose2_d__type_support.h
[2.085s] -- Up-to-date symlink: /home/jeff/theimc_robot/install/interfaces_pkg/include/interfaces_pkg/interfaces_pkg/msg/detail/rail_info__functions.h
[2.086s] -- Up-to-date symlink: /home/jeff/theimc_robot/install/interfaces_pkg/include/interfaces_pkg/interfaces_pkg/msg/detail/rail_info__struct.h
[2.086s] -- Up-to-date symlink: /home/jeff/theimc_robot/install/interfaces_pkg/include/interfaces_pkg/interfaces_pkg/msg/detail/rail_info__type_support.h
[2.087s] -- Up-to-date symlink: /home/jeff/theimc_robot/install/interfaces_pkg/include/interfaces_pkg/interfaces_pkg/msg/detail/target_point__functions.h
[2.088s] -- Up-to-date symlink: /home/jeff/theimc_robot/install/interfaces_pkg/include/interfaces_pkg/interfaces_pkg/msg/detail/target_point__struct.h
[2.089s] -- Up-to-date symlink: /home/jeff/theimc_robot/install/interfaces_pkg/include/interfaces_pkg/interfaces_pkg/msg/detail/target_point__type_support.h
[2.089s] -- Up-to-date symlink: /home/jeff/theimc_robot/install/interfaces_pkg/include/interfaces_pkg/interfaces_pkg/msg/detail/vector2__functions.h
[2.090s] -- Up-to-date symlink: /home/jeff/theimc_robot/install/interfaces_pkg/include/interfaces_pkg/interfaces_pkg/msg/detail/vector2__struct.h
[2.091s] -- Up-to-date symlink: /home/jeff/theimc_robot/install/interfaces_pkg/include/interfaces_pkg/interfaces_pkg/msg/detail/vector2__type_support.h
[2.092s] -- Up-to-date symlink: /home/jeff/theimc_robot/install/interfaces_pkg/include/interfaces_pkg/interfaces_pkg/msg/detection.h
[2.093s] -- Up-to-date symlink: /home/jeff/theimc_robot/install/interfaces_pkg/include/interfaces_pkg/interfaces_pkg/msg/detection_array.h
[2.093s] -- Up-to-date symlink: /home/jeff/theimc_robot/install/interfaces_pkg/include/interfaces_pkg/interfaces_pkg/msg/key_point2_d.h
[2.094s] -- Up-to-date symlink: /home/jeff/theimc_robot/install/interfaces_pkg/include/interfaces_pkg/interfaces_pkg/msg/key_point2_d_array.h
[2.095s] -- Up-to-date symlink: /home/jeff/theimc_robot/install/interfaces_pkg/include/interfaces_pkg/interfaces_pkg/msg/key_point3_d.h
[2.096s] -- Up-to-date symlink: /home/jeff/theimc_robot/install/interfaces_pkg/include/interfaces_pkg/interfaces_pkg/msg/key_point3_d_array.h
[2.097s] -- Up-to-date symlink: /home/jeff/theimc_robot/install/interfaces_pkg/include/interfaces_pkg/interfaces_pkg/msg/lane_info.h
[2.098s] -- Up-to-date symlink: /home/jeff/theimc_robot/install/interfaces_pkg/include/interfaces_pkg/interfaces_pkg/msg/mask.h
[2.099s] -- Up-to-date symlink: /home/jeff/theimc_robot/install/interfaces_pkg/include/interfaces_pkg/interfaces_pkg/msg/motion_command.h
[2.099s] -- Up-to-date symlink: /home/jeff/theimc_robot/install/interfaces_pkg/include/interfaces_pkg/interfaces_pkg/msg/path_planning_result.h
[2.100s] -- Up-to-date symlink: /home/jeff/theimc_robot/install/interfaces_pkg/include/interfaces_pkg/interfaces_pkg/msg/point2_d.h
[2.101s] -- Up-to-date symlink: /home/jeff/theimc_robot/install/interfaces_pkg/include/interfaces_pkg/interfaces_pkg/msg/pose2_d.h
[2.102s] -- Up-to-date symlink: /home/jeff/theimc_robot/install/interfaces_pkg/include/interfaces_pkg/interfaces_pkg/msg/rail_info.h
[2.103s] -- Up-to-date symlink: /home/jeff/theimc_robot/install/interfaces_pkg/include/interfaces_pkg/interfaces_pkg/msg/rosidl_generator_c__visibility_control.h
[2.103s] -- Up-to-date symlink: /home/jeff/theimc_robot/install/interfaces_pkg/include/interfaces_pkg/interfaces_pkg/msg/target_point.h
[2.104s] -- Up-to-date symlink: /home/jeff/theimc_robot/install/interfaces_pkg/include/interfaces_pkg/interfaces_pkg/msg/vector2.h
[2.105s] -- Up-to-date symlink: /home/jeff/theimc_robot/install/interfaces_pkg/share/interfaces_pkg/environment/library_path.sh
[2.107s] -- Up-to-date symlink: /home/jeff/theimc_robot/install/interfaces_pkg/share/interfaces_pkg/environment/library_path.dsv
[2.110s] -- Up-to-date symlink: /home/jeff/theimc_robot/install/interfaces_pkg/include/interfaces_pkg/interfaces_pkg/action/detail/rail_approach__rosidl_typesupport_fastrtps_c.h
[2.111s] -- Up-to-date symlink: /home/jeff/theimc_robot/install/interfaces_pkg/include/interfaces_pkg/interfaces_pkg/msg/detail/bounding_box2_d__rosidl_typesupport_fastrtps_c.h
[2.111s] -- Up-to-date symlink: /home/jeff/theimc_robot/install/interfaces_pkg/include/interfaces_pkg/interfaces_pkg/msg/detail/bounding_box3_d__rosidl_typesupport_fastrtps_c.h
[2.112s] -- Up-to-date symlink: /home/jeff/theimc_robot/install/interfaces_pkg/include/interfaces_pkg/interfaces_pkg/msg/detail/detection__rosidl_typesupport_fastrtps_c.h
[2.113s] -- Up-to-date symlink: /home/jeff/theimc_robot/install/interfaces_pkg/include/interfaces_pkg/interfaces_pkg/msg/detail/detection_array__rosidl_typesupport_fastrtps_c.h
[2.114s] -- Up-to-date symlink: /home/jeff/theimc_robot/install/interfaces_pkg/include/interfaces_pkg/interfaces_pkg/msg/detail/key_point2_d__rosidl_typesupport_fastrtps_c.h
[2.115s] -- Up-to-date symlink: /home/jeff/theimc_robot/install/interfaces_pkg/include/interfaces_pkg/interfaces_pkg/msg/detail/key_point2_d_array__rosidl_typesupport_fastrtps_c.h
[2.116s] -- Up-to-date symlink: /home/jeff/theimc_robot/install/interfaces_pkg/include/interfaces_pkg/interfaces_pkg/msg/detail/key_point3_d__rosidl_typesupport_fastrtps_c.h
[2.116s] -- Up-to-date symlink: /home/jeff/theimc_robot/install/interfaces_pkg/include/interfaces_pkg/interfaces_pkg/msg/detail/key_point3_d_array__rosidl_typesupport_fastrtps_c.h
[2.117s] -- Up-to-date symlink: /home/jeff/theimc_robot/install/interfaces_pkg/include/interfaces_pkg/interfaces_pkg/msg/detail/lane_info__rosidl_typesupport_fastrtps_c.h
[2.118s] -- Up-to-date symlink: /home/jeff/theimc_robot/install/interfaces_pkg/include/interfaces_pkg/interfaces_pkg/msg/detail/mask__rosidl_typesupport_fastrtps_c.h
[2.119s] -- Up-to-date symlink: /home/jeff/theimc_robot/install/interfaces_pkg/include/interfaces_pkg/interfaces_pkg/msg/detail/motion_command__rosidl_typesupport_fastrtps_c.h
[2.120s] -- Up-to-date symlink: /home/jeff/theimc_robot/install/interfaces_pkg/include/interfaces_pkg/interfaces_pkg/msg/detail/path_planning_result__rosidl_typesupport_fastrtps_c.h
[2.121s] -- Up-to-date symlink: /home/jeff/theimc_robot/install/interfaces_pkg/include/interfaces_pkg/interfaces_pkg/msg/detail/point2_d__rosidl_typesupport_fastrtps_c.h
[2.121s] -- Up-to-date symlink: /home/jeff/theimc_robot/install/interfaces_pkg/include/interfaces_pkg/interfaces_pkg/msg/detail/pose2_d__rosidl_typesupport_fastrtps_c.h
[2.122s] -- Up-to-date symlink: /home/jeff/theimc_robot/install/interfaces_pkg/include/interfaces_pkg/interfaces_pkg/msg/detail/rail_info__rosidl_typesupport_fastrtps_c.h
[2.123s] -- Up-to-date symlink: /home/jeff/theimc_robot/install/interfaces_pkg/include/interfaces_pkg/interfaces_pkg/msg/detail/target_point__rosidl_typesupport_fastrtps_c.h
[2.124s] -- Up-to-date symlink: /home/jeff/theimc_robot/install/interfaces_pkg/include/interfaces_pkg/interfaces_pkg/msg/detail/vector2__rosidl_typesupport_fastrtps_c.h
[2.125s] -- Up-to-date symlink: /home/jeff/theimc_robot/install/interfaces_pkg/include/interfaces_pkg/interfaces_pkg/msg/rosidl_typesupport_fastrtps_c__visibility_control.h
[2.127s] -- Up-to-date symlink: /home/jeff/theimc_robot/install/interfaces_pkg/include/interfaces_pkg/interfaces_pkg/action/detail/rail_approach__rosidl_typesupport_introspection_c.h
[2.127s] -- Up-to-date symlink: /home/jeff/theimc_robot/install/interfaces_pkg/include/interfaces_pkg/interfaces_pkg/msg/detail/bounding_box2_d__rosidl_typesupport_introspection_c.h
[2.128s] -- Up-to-date symlink: /home/jeff/theimc_robot/install/interfaces_pkg/include/interfaces_pkg/interfaces_pkg/msg/detail/bounding_box3_d__rosidl_typesupport_introspection_c.h
[2.129s] -- Up-to-date symlink: /home/jeff/theimc_robot/install/interfaces_pkg/include/interfaces_pkg/interfaces_pkg/msg/detail/detection__rosidl_typesupport_introspection_c.h
[2.130s] -- Up-to-date symlink: /home/jeff/theimc_robot/install/interfaces_pkg/include/interfaces_pkg/interfaces_pkg/msg/detail/detection_array__rosidl_typesupport_introspection_c.h
[2.131s] -- Up-to-date symlink: /home/jeff/theimc_robot/install/interfaces_pkg/include/interfaces_pkg/interfaces_pkg/msg/detail/key_point2_d__rosidl_typesupport_introspection_c.h
[2.133s] -- Up-to-date symlink: /home/jeff/theimc_robot/install/interfaces_pkg/include/interfaces_pkg/interfaces_pkg/msg/detail/key_point2_d_array__rosidl_typesupport_introspection_c.h
[2.133s] -- Up-to-date symlink: /home/jeff/theimc_robot/install/interfaces_pkg/include/interfaces_pkg/interfaces_pkg/msg/detail/key_point3_d__rosidl_typesupport_introspection_c.h
[2.136s] -- Up-to-date symlink: /home/jeff/theimc_robot/install/interfaces_pkg/include/interfaces_pkg/interfaces_pkg/msg/detail/key_point3_d_array__rosidl_typesupport_introspection_c.h
[2.136s] -- Up-to-date symlink: /home/jeff/theimc_robot/install/interfaces_pkg/include/interfaces_pkg/interfaces_pkg/msg/detail/lane_info__rosidl_typesupport_introspection_c.h
[2.136s] -- Up-to-date symlink: /home/jeff/theimc_robot/install/interfaces_pkg/include/interfaces_pkg/interfaces_pkg/msg/detail/mask__rosidl_typesupport_introspection_c.h
[2.137s] -- Up-to-date symlink: /home/jeff/theimc_robot/install/interfaces_pkg/include/interfaces_pkg/interfaces_pkg/msg/detail/motion_command__rosidl_typesupport_introspection_c.h
[2.138s] -- Up-to-date symlink: /home/jeff/theimc_robot/install/interfaces_pkg/include/interfaces_pkg/interfaces_pkg/msg/detail/path_planning_result__rosidl_typesupport_introspection_c.h
[2.153s] -- Up-to-date symlink: /home/jeff/theimc_robot/install/interfaces_pkg/include/interfaces_pkg/interfaces_pkg/msg/detail/point2_d__rosidl_typesupport_introspection_c.h
[2.213s] -- Up-to-date symlink: /home/jeff/theimc_robot/install/interfaces_pkg/include/interfaces_pkg/interfaces_pkg/msg/detail/pose2_d__rosidl_typesupport_introspection_c.h
[2.214s] -- Up-to-date symlink: /home/jeff/theimc_robot/install/interfaces_pkg/include/interfaces_pkg/interfaces_pkg/msg/detail/rail_info__rosidl_typesupport_introspection_c.h
[2.215s] -- Up-to-date symlink: /home/jeff/theimc_robot/install/interfaces_pkg/include/interfaces_pkg/interfaces_pkg/msg/detail/target_point__rosidl_typesupport_introspection_c.h
[2.216s] -- Up-to-date symlink: /home/jeff/theimc_robot/install/interfaces_pkg/include/interfaces_pkg/interfaces_pkg/msg/detail/vector2__rosidl_typesupport_introspection_c.h
[2.218s] -- Up-to-date symlink: /home/jeff/theimc_robot/install/interfaces_pkg/include/interfaces_pkg/interfaces_pkg/msg/rosidl_typesupport_introspection_c__visibility_control.h
[2.218s] -- Up-to-date symlink: /home/jeff/theimc_robot/install/interfaces_pkg/include/interfaces_pkg/interfaces_pkg/action/detail/rail_approach__builder.hpp
[2.218s] -- Up-to-date symlink: /home/jeff/theimc_robot/install/interfaces_pkg/include/interfaces_pkg/interfaces_pkg/action/detail/rail_approach__struct.hpp
[2.219s] -- Up-to-date symlink: /home/jeff/theimc_robot/install/interfaces_pkg/include/interfaces_pkg/interfaces_pkg/action/detail/rail_approach__traits.hpp
[2.219s] -- Up-to-date symlink: /home/jeff/theimc_robot/install/interfaces_pkg/include/interfaces_pkg/interfaces_pkg/action/detail/rail_approach__type_support.hpp
[2.219s] -- Up-to-date symlink: /home/jeff/theimc_robot/install/interfaces_pkg/include/interfaces_pkg/interfaces_pkg/action/rail_approach.hpp
[2.219s] -- Up-to-date symlink: /home/jeff/theimc_robot/install/interfaces_pkg/include/interfaces_pkg/interfaces_pkg/msg/bounding_box2_d.hpp
[2.219s] -- Up-to-date symlink: /home/jeff/theimc_robot/install/interfaces_pkg/include/interfaces_pkg/interfaces_pkg/msg/bounding_box3_d.hpp
[2.219s] -- Up-to-date symlink: /home/jeff/theimc_robot/install/interfaces_pkg/include/interfaces_pkg/interfaces_pkg/msg/detail/bounding_box2_d__builder.hpp
[2.219s] -- Up-to-date symlink: /home/jeff/theimc_robot/install/interfaces_pkg/include/interfaces_pkg/interfaces_pkg/msg/detail/bounding_box2_d__struct.hpp
[2.220s] -- Up-to-date symlink: /home/jeff/theimc_robot/install/interfaces_pkg/include/interfaces_pkg/interfaces_pkg/msg/detail/bounding_box2_d__traits.hpp
[2.220s] -- Up-to-date symlink: /home/jeff/theimc_robot/install/interfaces_pkg/include/interfaces_pkg/interfaces_pkg/msg/detail/bounding_box2_d__type_support.hpp
[2.220s] -- Up-to-date symlink: /home/jeff/theimc_robot/install/interfaces_pkg/include/interfaces_pkg/interfaces_pkg/msg/detail/bounding_box3_d__builder.hpp
[2.220s] -- Up-to-date symlink: /home/jeff/theimc_robot/install/interfaces_pkg/include/interfaces_pkg/interfaces_pkg/msg/detail/bounding_box3_d__struct.hpp
[2.220s] -- Up-to-date symlink: /home/jeff/theimc_robot/install/interfaces_pkg/include/interfaces_pkg/interfaces_pkg/msg/detail/bounding_box3_d__traits.hpp
[2.220s] -- Up-to-date symlink: /home/jeff/theimc_robot/install/interfaces_pkg/include/interfaces_pkg/interfaces_pkg/msg/detail/bounding_box3_d__type_support.hpp
[2.221s] -- Up-to-date symlink: /home/jeff/theimc_robot/install/interfaces_pkg/include/interfaces_pkg/interfaces_pkg/msg/detail/detection__builder.hpp
[2.221s] -- Up-to-date symlink: /home/jeff/theimc_robot/install/interfaces_pkg/include/interfaces_pkg/interfaces_pkg/msg/detail/detection__struct.hpp
[2.221s] -- Up-to-date symlink: /home/jeff/theimc_robot/install/interfaces_pkg/include/interfaces_pkg/interfaces_pkg/msg/detail/detection__traits.hpp
[2.221s] -- Up-to-date symlink: /home/jeff/theimc_robot/install/interfaces_pkg/include/interfaces_pkg/interfaces_pkg/msg/detail/detection__type_support.hpp
[2.221s] -- Up-to-date symlink: /home/jeff/theimc_robot/install/interfaces_pkg/include/interfaces_pkg/interfaces_pkg/msg/detail/detection_array__builder.hpp
[2.221s] -- Up-to-date symlink: /home/jeff/theimc_robot/install/interfaces_pkg/include/interfaces_pkg/interfaces_pkg/msg/detail/detection_array__struct.hpp
[2.221s] -- Up-to-date symlink: /home/jeff/theimc_robot/install/interfaces_pkg/include/interfaces_pkg/interfaces_pkg/msg/detail/detection_array__traits.hpp
[2.222s] -- Up-to-date symlink: /home/jeff/theimc_robot/install/interfaces_pkg/include/interfaces_pkg/interfaces_pkg/msg/detail/detection_array__type_support.hpp
[2.222s] -- Up-to-date symlink: /home/jeff/theimc_robot/install/interfaces_pkg/include/interfaces_pkg/interfaces_pkg/msg/detail/key_point2_d__builder.hpp
[2.222s] -- Up-to-date symlink: /home/jeff/theimc_robot/install/interfaces_pkg/include/interfaces_pkg/interfaces_pkg/msg/detail/key_point2_d__struct.hpp
[2.222s] -- Up-to-date symlink: /home/jeff/theimc_robot/install/interfaces_pkg/include/interfaces_pkg/interfaces_pkg/msg/detail/key_point2_d__traits.hpp
[2.222s] -- Up-to-date symlink: /home/jeff/theimc_robot/install/interfaces_pkg/include/interfaces_pkg/interfaces_pkg/msg/detail/key_point2_d__type_support.hpp
[2.222s] -- Up-to-date symlink: /home/jeff/theimc_robot/install/interfaces_pkg/include/interfaces_pkg/interfaces_pkg/msg/detail/key_point2_d_array__builder.hpp
[2.222s] -- Up-to-date symlink: /home/jeff/theimc_robot/install/interfaces_pkg/include/interfaces_pkg/interfaces_pkg/msg/detail/key_point2_d_array__struct.hpp
[2.223s] -- Up-to-date symlink: /home/jeff/theimc_robot/install/interfaces_pkg/include/interfaces_pkg/interfaces_pkg/msg/detail/key_point2_d_array__traits.hpp
[2.223s] -- Up-to-date symlink: /home/jeff/theimc_robot/install/interfaces_pkg/include/interfaces_pkg/interfaces_pkg/msg/detail/key_point2_d_array__type_support.hpp
[2.223s] -- Up-to-date symlink: /home/jeff/theimc_robot/install/interfaces_pkg/include/interfaces_pkg/interfaces_pkg/msg/detail/key_point3_d__builder.hpp
[2.223s] -- Up-to-date symlink: /home/jeff/theimc_robot/install/interfaces_pkg/include/interfaces_pkg/interfaces_pkg/msg/detail/key_point3_d__struct.hpp
[2.223s] -- Up-to-date symlink: /home/jeff/theimc_robot/install/interfaces_pkg/include/interfaces_pkg/interfaces_pkg/msg/detail/key_point3_d__traits.hpp
[2.223s] -- Up-to-date symlink: /home/jeff/theimc_robot/install/interfaces_pkg/include/interfaces_pkg/interfaces_pkg/msg/detail/key_point3_d__type_support.hpp
[2.223s] -- Up-to-date symlink: /home/jeff/theimc_robot/install/interfaces_pkg/include/interfaces_pkg/interfaces_pkg/msg/detail/key_point3_d_array__builder.hpp
[2.224s] -- Up-to-date symlink: /home/jeff/theimc_robot/install/interfaces_pkg/include/interfaces_pkg/interfaces_pkg/msg/detail/key_point3_d_array__struct.hpp
[2.224s] -- Up-to-date symlink: /home/jeff/theimc_robot/install/interfaces_pkg/include/interfaces_pkg/interfaces_pkg/msg/detail/key_point3_d_array__traits.hpp
[2.224s] -- Up-to-date symlink: /home/jeff/theimc_robot/install/interfaces_pkg/include/interfaces_pkg/interfaces_pkg/msg/detail/key_point3_d_array__type_support.hpp
[2.224s] -- Up-to-date symlink: /home/jeff/theimc_robot/install/interfaces_pkg/include/interfaces_pkg/interfaces_pkg/msg/detail/lane_info__builder.hpp
[2.224s] -- Up-to-date symlink: /home/jeff/theimc_robot/install/interfaces_pkg/include/interfaces_pkg/interfaces_pkg/msg/detail/lane_info__struct.hpp
[2.226s] -- Up-to-date symlink: /home/jeff/theimc_robot/install/interfaces_pkg/include/interfaces_pkg/interfaces_pkg/msg/detail/lane_info__traits.hpp
[2.227s] -- Up-to-date symlink: /home/jeff/theimc_robot/install/interfaces_pkg/include/interfaces_pkg/interfaces_pkg/msg/detail/lane_info__type_support.hpp
[2.228s] -- Up-to-date symlink: /home/jeff/theimc_robot/install/interfaces_pkg/include/interfaces_pkg/interfaces_pkg/msg/detail/mask__builder.hpp
[2.228s] -- Up-to-date symlink: /home/jeff/theimc_robot/install/interfaces_pkg/include/interfaces_pkg/interfaces_pkg/msg/detail/mask__struct.hpp
[2.229s] -- Up-to-date symlink: /home/jeff/theimc_robot/install/interfaces_pkg/include/interfaces_pkg/interfaces_pkg/msg/detail/mask__traits.hpp
[2.229s] -- Up-to-date symlink: /home/jeff/theimc_robot/install/interfaces_pkg/include/interfaces_pkg/interfaces_pkg/msg/detail/mask__type_support.hpp
[2.230s] -- Up-to-date symlink: /home/jeff/theimc_robot/install/interfaces_pkg/include/interfaces_pkg/interfaces_pkg/msg/detail/motion_command__builder.hpp
[2.231s] -- Up-to-date symlink: /home/jeff/theimc_robot/install/interfaces_pkg/include/interfaces_pkg/interfaces_pkg/msg/detail/motion_command__struct.hpp
[2.231s] -- Up-to-date symlink: /home/jeff/theimc_robot/install/interfaces_pkg/include/interfaces_pkg/interfaces_pkg/msg/detail/motion_command__traits.hpp
[2.232s] -- Up-to-date symlink: /home/jeff/theimc_robot/install/interfaces_pkg/include/interfaces_pkg/interfaces_pkg/msg/detail/motion_command__type_support.hpp
[2.232s] -- Up-to-date symlink: /home/jeff/theimc_robot/install/interfaces_pkg/include/interfaces_pkg/interfaces_pkg/msg/detail/path_planning_result__builder.hpp
[2.233s] -- Up-to-date symlink: /home/jeff/theimc_robot/install/interfaces_pkg/include/interfaces_pkg/interfaces_pkg/msg/detail/path_planning_result__struct.hpp
[2.233s] -- Up-to-date symlink: /home/jeff/theimc_robot/install/interfaces_pkg/include/interfaces_pkg/interfaces_pkg/msg/detail/path_planning_result__traits.hpp
[2.234s] -- Up-to-date symlink: /home/jeff/theimc_robot/install/interfaces_pkg/include/interfaces_pkg/interfaces_pkg/msg/detail/path_planning_result__type_support.hpp
[2.235s] -- Up-to-date symlink: /home/jeff/theimc_robot/install/interfaces_pkg/include/interfaces_pkg/interfaces_pkg/msg/detail/point2_d__builder.hpp
[2.236s] -- Up-to-date symlink: /home/jeff/theimc_robot/install/interfaces_pkg/include/interfaces_pkg/interfaces_pkg/msg/detail/point2_d__struct.hpp
[2.245s] -- Up-to-date symlink: /home/jeff/theimc_robot/install/interfaces_pkg/include/interfaces_pkg/interfaces_pkg/msg/detail/point2_d__traits.hpp
[2.246s] -- Up-to-date symlink: /home/jeff/theimc_robot/install/interfaces_pkg/include/interfaces_pkg/interfaces_pkg/msg/detail/point2_d__type_support.hpp
[2.246s] -- Up-to-date symlink: /home/jeff/theimc_robot/install/interfaces_pkg/include/interfaces_pkg/interfaces_pkg/msg/detail/pose2_d__builder.hpp
[2.247s] -- Up-to-date symlink: /home/jeff/theimc_robot/install/interfaces_pkg/include/interfaces_pkg/interfaces_pkg/msg/detail/pose2_d__struct.hpp
[2.247s] -- Up-to-date symlink: /home/jeff/theimc_robot/install/interfaces_pkg/include/interfaces_pkg/interfaces_pkg/msg/detail/pose2_d__traits.hpp
[2.254s] -- Up-to-date symlink: /home/jeff/theimc_robot/install/interfaces_pkg/include/interfaces_pkg/interfaces_pkg/msg/detail/pose2_d__type_support.hpp
[2.255s] -- Up-to-date symlink: /home/jeff/theimc_robot/install/interfaces_pkg/include/interfaces_pkg/interfaces_pkg/msg/detail/rail_info__builder.hpp
[2.255s] -- Up-to-date symlink: /home/jeff/theimc_robot/install/interfaces_pkg/include/interfaces_pkg/interfaces_pkg/msg/detail/rail_info__struct.hpp
[2.256s] -- Up-to-date symlink: /home/jeff/theimc_robot/install/interfaces_pkg/include/interfaces_pkg/interfaces_pkg/msg/detail/rail_info__traits.hpp
[2.257s] -- Up-to-date symlink: /home/jeff/theimc_robot/install/interfaces_pkg/include/interfaces_pkg/interfaces_pkg/msg/detail/rail_info__type_support.hpp
[2.257s] -- Up-to-date symlink: /home/jeff/theimc_robot/install/interfaces_pkg/include/interfaces_pkg/interfaces_pkg/msg/detail/target_point__builder.hpp
[2.258s] -- Up-to-date symlink: /home/jeff/theimc_robot/install/interfaces_pkg/include/interfaces_pkg/interfaces_pkg/msg/detail/target_point__struct.hpp
[2.258s] -- Up-to-date symlink: /home/jeff/theimc_robot/install/interfaces_pkg/include/interfaces_pkg/interfaces_pkg/msg/detail/target_point__traits.hpp
[2.261s] -- Up-to-date symlink: /home/jeff/theimc_robot/install/interfaces_pkg/include/interfaces_pkg/interfaces_pkg/msg/detail/target_point__type_support.hpp
[2.261s] -- Up-to-date symlink: /home/jeff/theimc_robot/install/interfaces_pkg/include/interfaces_pkg/interfaces_pkg/msg/detail/vector2__builder.hpp
[2.262s] -- Up-to-date symlink: /home/jeff/theimc_robot/install/interfaces_pkg/include/interfaces_pkg/interfaces_pkg/msg/detail/vector2__struct.hpp
[2.262s] -- Up-to-date symlink: /home/jeff/theimc_robot/install/interfaces_pkg/include/interfaces_pkg/interfaces_pkg/msg/detail/vector2__traits.hpp
[2.263s] -- Up-to-date symlink: /home/jeff/theimc_robot/install/interfaces_pkg/include/interfaces_pkg/interfaces_pkg/msg/detail/vector2__type_support.hpp
[2.264s] -- Up-to-date symlink: /home/jeff/theimc_robot/install/interfaces_pkg/include/interfaces_pkg/interfaces_pkg/msg/detection.hpp
[2.264s] -- Up-to-date symlink: /home/jeff/theimc_robot/install/interfaces_pkg/include/interfaces_pkg/interfaces_pkg/msg/detection_array.hpp
[2.266s] -- Up-to-date symlink: /home/jeff/theimc_robot/install/interfaces_pkg/include/interfaces_pkg/interfaces_pkg/msg/key_point2_d.hpp
[2.267s] -- Up-to-date symlink: /home/jeff/theimc_robot/install/interfaces_pkg/include/interfaces_pkg/interfaces_pkg/msg/key_point2_d_array.hpp
[2.268s] -- Up-to-date symlink: /home/jeff/theimc_robot/install/interfaces_pkg/include/interfaces_pkg/interfaces_pkg/msg/key_point3_d.hpp
[2.269s] -- Up-to-date symlink: /home/jeff/theimc_robot/install/interfaces_pkg/include/interfaces_pkg/interfaces_pkg/msg/key_point3_d_array.hpp
[2.269s] -- Up-to-date symlink: /home/jeff/theimc_robot/install/interfaces_pkg/include/interfaces_pkg/interfaces_pkg/msg/lane_info.hpp
[2.270s] -- Up-to-date symlink: /home/jeff/theimc_robot/install/interfaces_pkg/include/interfaces_pkg/interfaces_pkg/msg/mask.hpp
[2.271s] -- Up-to-date symlink: /home/jeff/theimc_robot/install/interfaces_pkg/include/interfaces_pkg/interfaces_pkg/msg/motion_command.hpp
[2.271s] -- Up-to-date symlink: /home/jeff/theimc_robot/install/interfaces_pkg/include/interfaces_pkg/interfaces_pkg/msg/path_planning_result.hpp
[2.272s] -- Up-to-date symlink: /home/jeff/theimc_robot/install/interfaces_pkg/include/interfaces_pkg/interfaces_pkg/msg/point2_d.hpp
[2.273s] -- Up-to-date symlink: /home/jeff/theimc_robot/install/interfaces_pkg/include/interfaces_pkg/interfaces_pkg/msg/pose2_d.hpp
[2.274s] -- Up-to-date symlink: /home/jeff/theimc_robot/install/interfaces_pkg/include/interfaces_pkg/interfaces_pkg/msg/rail_info.hpp
[2.275s] -- Up-to-date symlink: /home/jeff/theimc_robot/install/interfaces_pkg/include/interfaces_pkg/interfaces_pkg/msg/rosidl_generator_cpp__visibility_control.hpp
[2.275s] -- Up-to-date symlink: /home/jeff/theimc_robot/install/interfaces_pkg/include/interfaces_pkg/interfaces_pkg/msg/target_point.hpp
[2.276s] -- Up-to-date symlink: /home/jeff/theimc_robot/install/interfaces_pkg/include/interfaces_pkg/interfaces_pkg/msg/vector2.hpp
[2.276s] -- Up-to-date symlink: /home/jeff/theimc_robot/install/interfaces_pkg/include/interfaces_pkg/interfaces_pkg/action/detail/rail_approach__rosidl_typesupport_fastrtps_cpp.hpp
[2.277s] -- Up-to-date symlink: /home/jeff/theimc_robot/install/interfaces_pkg/include/interfaces_pkg/interfaces_pkg/msg/detail/bounding_box2_d__rosidl_typesupport_fastrtps_cpp.hpp
[2.278s] -- Up-to-date symlink: /home/jeff/theimc_robot/install/interfaces_pkg/include/interfaces_pkg/interfaces_pkg/msg/detail/bounding_box3_d__rosidl_typesupport_fastrtps_cpp.hpp
[2.278s] -- Up-to-date symlink: /home/jeff/theimc_robot/install/interfaces_pkg/include/interfaces_pkg/interfaces_pkg/msg/detail/detection__rosidl_typesupport_fastrtps_cpp.hpp
[2.279s] -- Up-to-date symlink: /home/jeff/theimc_robot/install/interfaces_pkg/include/interfaces_pkg/interfaces_pkg/msg/detail/detection_array__rosidl_typesupport_fastrtps_cpp.hpp
[2.279s] -- Up-to-date symlink: /home/jeff/theimc_robot/install/interfaces_pkg/include/interfaces_pkg/interfaces_pkg/msg/detail/key_point2_d__rosidl_typesupport_fastrtps_cpp.hpp
[2.280s] -- Up-to-date symlink: /home/jeff/theimc_robot/install/interfaces_pkg/include/interfaces_pkg/interfaces_pkg/msg/detail/key_point2_d_array__rosidl_typesupport_fastrtps_cpp.hpp
[2.281s] -- Up-to-date symlink: /home/jeff/theimc_robot/install/interfaces_pkg/include/interfaces_pkg/interfaces_pkg/msg/detail/key_point3_d__rosidl_typesupport_fastrtps_cpp.hpp
[2.281s] -- Up-to-date symlink: /home/jeff/theimc_robot/install/interfaces_pkg/include/interfaces_pkg/interfaces_pkg/msg/detail/key_point3_d_array__rosidl_typesupport_fastrtps_cpp.hpp
[2.282s] -- Up-to-date symlink: /home/jeff/theimc_robot/install/interfaces_pkg/include/interfaces_pkg/interfaces_pkg/msg/detail/lane_info__rosidl_typesupport_fastrtps_cpp.hpp
[2.282s] -- Up-to-date symlink: /home/jeff/theimc_robot/install/interfaces_pkg/include/interfaces_pkg/interfaces_pkg/msg/detail/mask__rosidl_typesupport_fastrtps_cpp.hpp
[2.283s] -- Up-to-date symlink: /home/jeff/theimc_robot/install/interfaces_pkg/include/interfaces_pkg/interfaces_pkg/msg/detail/motion_command__rosidl_typesupport_fastrtps_cpp.hpp
[2.283s] -- Up-to-date symlink: /home/jeff/theimc_robot/install/interfaces_pkg/include/interfaces_pkg/interfaces_pkg/msg/detail/path_planning_result__rosidl_typesupport_fastrtps_cpp.hpp
[2.284s] -- Up-to-date symlink: /home/jeff/theimc_robot/install/interfaces_pkg/include/interfaces_pkg/interfaces_pkg/msg/detail/point2_d__rosidl_typesupport_fastrtps_cpp.hpp
[2.285s] -- Up-to-date symlink: /home/jeff/theimc_robot/install/interfaces_pkg/include/interfaces_pkg/interfaces_pkg/msg/detail/pose2_d__rosidl_typesupport_fastrtps_cpp.hpp
[2.285s] -- Up-to-date symlink: /home/jeff/theimc_robot/install/interfaces_pkg/include/interfaces_pkg/interfaces_pkg/msg/detail/rail_info__rosidl_typesupport_fastrtps_cpp.hpp
[2.286s] -- Up-to-date symlink: /home/jeff/theimc_robot/install/interfaces_pkg/include/interfaces_pkg/interfaces_pkg/msg/detail/target_point__rosidl_typesupport_fastrtps_cpp.hpp
[2.286s] -- Up-to-date symlink: /home/jeff/theimc_robot/install/interfaces_pkg/include/interfaces_pkg/interfaces_pkg/msg/detail/vector2__rosidl_typesupport_fastrtps_cpp.hpp
[2.287s] -- Up-to-date symlink: /home/jeff/theimc_robot/install/interfaces_pkg/include/interfaces_pkg/interfaces_pkg/msg/rosidl_typesupport_fastrtps_cpp__visibility_control.h
[2.287s] -- Up-to-date symlink: /home/jeff/theimc_robot/install/interfaces_pkg/include/interfaces_pkg/interfaces_pkg/action/detail/rail_approach__rosidl_typesupport_introspection_cpp.hpp
[2.288s] -- Up-to-date symlink: /home/jeff/theimc_robot/install/interfaces_pkg/include/interfaces_pkg/interfaces_pkg/msg/detail/bounding_box2_d__rosidl_typesupport_introspection_cpp.hpp
[2.288s] -- Up-to-date symlink: /home/jeff/theimc_robot/install/interfaces_pkg/include/interfaces_pkg/interfaces_pkg/msg/detail/bounding_box3_d__rosidl_typesupport_introspection_cpp.hpp
[2.289s] -- Up-to-date symlink: /home/jeff/theimc_robot/install/interfaces_pkg/include/interfaces_pkg/interfaces_pkg/msg/detail/detection__rosidl_typesupport_introspection_cpp.hpp
[2.290s] -- Up-to-date symlink: /home/jeff/theimc_robot/install/interfaces_pkg/include/interfaces_pkg/interfaces_pkg/msg/detail/detection_array__rosidl_typesupport_introspection_cpp.hpp
[2.290s] -- Up-to-date symlink: /home/jeff/theimc_robot/install/interfaces_pkg/include/interfaces_pkg/interfaces_pkg/msg/detail/key_point2_d__rosidl_typesupport_introspection_cpp.hpp
[2.291s] -- Up-to-date symlink: /home/jeff/theimc_robot/install/interfaces_pkg/include/interfaces_pkg/interfaces_pkg/msg/detail/key_point2_d_array__rosidl_typesupport_introspection_cpp.hpp
[2.291s] -- Up-to-date symlink: /home/jeff/theimc_robot/install/interfaces_pkg/include/interfaces_pkg/interfaces_pkg/msg/detail/key_point3_d__rosidl_typesupport_introspection_cpp.hpp
[2.292s] -- Up-to-date symlink: /home/jeff/theimc_robot/install/interfaces_pkg/include/interfaces_pkg/interfaces_pkg/msg/detail/key_point3_d_array__rosidl_typesupport_introspection_cpp.hpp
[2.292s] -- Up-to-date symlink: /home/jeff/theimc_robot/install/interfaces_pkg/include/interfaces_pkg/interfaces_pkg/msg/detail/lane_info__rosidl_typesupport_introspection_cpp.hpp
[2.293s] -- Up-to-date symlink: /home/jeff/theimc_robot/install/interfaces_pkg/include/interfaces_pkg/interfaces_pkg/msg/detail/mask__rosidl_typesupport_introspection_cpp.hpp
[2.293s] -- Up-to-date symlink: /home/jeff/theimc_robot/install/interfaces_pkg/include/interfaces_pkg/interfaces_pkg/msg/detail/motion_command__rosidl_typesupport_introspection_cpp.hpp
[2.294s] -- Up-to-date symlink: /home/jeff/theimc_robot/install/interfaces_pkg/include/interfaces_pkg/interfaces_pkg/msg/detail/path_planning_result__rosidl_typesupport_introspection_cpp.hpp
[2.295s] -- Up-to-date symlink: /home/jeff/theimc_robot/install/interfaces_pkg/include/interfaces_pkg/interfaces_pkg/msg/detail/point2_d__rosidl_typesupport_introspection_cpp.hpp
[2.295s] -- Up-to-date symlink: /home/jeff/theimc_robot/install/interfaces_pkg/include/interfaces_pkg/interfaces_pkg/msg/detail/pose2_d__rosidl_typesupport_introspection_cpp.hpp
[2.296s] -- Up-to-date symlink: /home/jeff/theimc_robot/install/interfaces_pkg/include/interfaces_pkg/interfaces_pkg/msg/detail/rail_info__rosidl_typesupport_introspection_cpp.hpp
[2.296s] -- Up-to-date symlink: /home/jeff/theimc_robot/install/interfaces_pkg/include/interfaces_pkg/interfaces_pkg/msg/detail/target_point__rosidl_typesupport_introspection_cpp.hpp
[2.297s] -- Up-to-date symlink: /home/jeff/theimc_robot/install/interfaces_pkg/include/interfaces_pkg/interfaces_pkg/msg/detail/vector2__rosidl_typesupport_introspection_cpp.hpp
[2.297s] -- Up-to-date symlink: /home/jeff/theimc_robot/install/interfaces_pkg/share/interfaces_pkg/environment/pythonpath.sh
[2.298s] -- Up-to-date symlink: /home/jeff/theimc_robot/install/interfaces_pkg/share/interfaces_pkg/environment/pythonpath.dsv
[2.298s] -- Up-to-date symlink: /home/jeff/theimc_robot/install/interfaces_pkg/local/lib/python3.10/dist-packages/interfaces_pkg-0.0.0-py3.10.egg-info/PKG-INFO
[2.299s] -- Up-to-date symlink: /home/jeff/theimc_robot/install/interfaces_pkg/local/lib/python3.10/dist-packages/interfaces_pkg-0.0.0-py3.10.egg-info/SOURCES.txt
[2.299s] -- Up-to-date symlink: /home/jeff/theimc_robot/install/interfaces_pkg/local/lib/python3.10/dist-packages/interfaces_pkg-0.0.0-py3.10.egg-info/dependency_links.txt
[2.300s] -- Up-to-date symlink: /home/jeff/theimc_robot/install/interfaces_pkg/local/lib/python3.10/dist-packages/interfaces_pkg-0.0.0-py3.10.egg-info/top_level.txt
[2.305s] -- Up-to-date symlink: /home/jeff/theimc_robot/install/interfaces_pkg/local/lib/python3.10/dist-packages/interfaces_pkg/__init__.py
[2.305s] -- Up-to-date symlink: /home/jeff/theimc_robot/install/interfaces_pkg/local/lib/python3.10/dist-packages/interfaces_pkg/_interfaces_pkg_s.ep.rosidl_typesupport_c.c
[2.307s] -- Up-to-date symlink: /home/jeff/theimc_robot/install/interfaces_pkg/local/lib/python3.10/dist-packages/interfaces_pkg/_interfaces_pkg_s.ep.rosidl_typesupport_fastrtps_c.c
[2.308s] -- Up-to-date symlink: /home/jeff/theimc_robot/install/interfaces_pkg/local/lib/python3.10/dist-packages/interfaces_pkg/_interfaces_pkg_s.ep.rosidl_typesupport_introspection_c.c
[2.308s] -- Up-to-date symlink: /home/jeff/theimc_robot/install/interfaces_pkg/local/lib/python3.10/dist-packages/interfaces_pkg/action/__init__.py
[2.310s] -- Up-to-date symlink: /home/jeff/theimc_robot/install/interfaces_pkg/local/lib/python3.10/dist-packages/interfaces_pkg/action/_rail_approach.py
[2.310s] -- Up-to-date symlink: /home/jeff/theimc_robot/install/interfaces_pkg/local/lib/python3.10/dist-packages/interfaces_pkg/action/_rail_approach_s.c
[2.311s] -- Up-to-date symlink: /home/jeff/theimc_robot/install/interfaces_pkg/local/lib/python3.10/dist-packages/interfaces_pkg/interfaces_pkg_s__rosidl_typesupport_c.cpython-310-aarch64-linux-gnu.so
[2.311s] -- Up-to-date symlink: /home/jeff/theimc_robot/install/interfaces_pkg/local/lib/python3.10/dist-packages/interfaces_pkg/interfaces_pkg_s__rosidl_typesupport_fastrtps_c.cpython-310-aarch64-linux-gnu.so
[2.312s] -- Up-to-date symlink: /home/jeff/theimc_robot/install/interfaces_pkg/local/lib/python3.10/dist-packages/interfaces_pkg/interfaces_pkg_s__rosidl_typesupport_introspection_c.cpython-310-aarch64-linux-gnu.so
[2.313s] -- Up-to-date symlink: /home/jeff/theimc_robot/install/interfaces_pkg/local/lib/python3.10/dist-packages/interfaces_pkg/libinterfaces_pkg__rosidl_generator_py.so
[2.313s] -- Up-to-date symlink: /home/jeff/theimc_robot/install/interfaces_pkg/local/lib/python3.10/dist-packages/interfaces_pkg/msg/__init__.py
[2.314s] -- Up-to-date symlink: /home/jeff/theimc_robot/install/interfaces_pkg/local/lib/python3.10/dist-packages/interfaces_pkg/msg/_bounding_box2_d.py
[2.314s] -- Up-to-date symlink: /home/jeff/theimc_robot/install/interfaces_pkg/local/lib/python3.10/dist-packages/interfaces_pkg/msg/_bounding_box2_d_s.c
[2.315s] -- Up-to-date symlink: /home/jeff/theimc_robot/install/interfaces_pkg/local/lib/python3.10/dist-packages/interfaces_pkg/msg/_bounding_box3_d.py
[2.315s] -- Up-to-date symlink: /home/jeff/theimc_robot/install/interfaces_pkg/local/lib/python3.10/dist-packages/interfaces_pkg/msg/_bounding_box3_d_s.c
[2.316s] -- Up-to-date symlink: /home/jeff/theimc_robot/install/interfaces_pkg/local/lib/python3.10/dist-packages/interfaces_pkg/msg/_detection.py
[2.317s] -- Up-to-date symlink: /home/jeff/theimc_robot/install/interfaces_pkg/local/lib/python3.10/dist-packages/interfaces_pkg/msg/_detection_array.py
[2.317s] -- Up-to-date symlink: /home/jeff/theimc_robot/install/interfaces_pkg/local/lib/python3.10/dist-packages/interfaces_pkg/msg/_detection_array_s.c
[2.318s] -- Up-to-date symlink: /home/jeff/theimc_robot/install/interfaces_pkg/local/lib/python3.10/dist-packages/interfaces_pkg/msg/_detection_s.c
[2.318s] -- Up-to-date symlink: /home/jeff/theimc_robot/install/interfaces_pkg/local/lib/python3.10/dist-packages/interfaces_pkg/msg/_key_point2_d.py
[2.319s] -- Up-to-date symlink: /home/jeff/theimc_robot/install/interfaces_pkg/local/lib/python3.10/dist-packages/interfaces_pkg/msg/_key_point2_d_array.py
[2.319s] -- Up-to-date symlink: /home/jeff/theimc_robot/install/interfaces_pkg/local/lib/python3.10/dist-packages/interfaces_pkg/msg/_key_point2_d_array_s.c
[2.320s] -- Up-to-date symlink: /home/jeff/theimc_robot/install/interfaces_pkg/local/lib/python3.10/dist-packages/interfaces_pkg/msg/_key_point2_d_s.c
[2.320s] -- Up-to-date symlink: /home/jeff/theimc_robot/install/interfaces_pkg/local/lib/python3.10/dist-packages/interfaces_pkg/msg/_key_point3_d.py
[2.321s] -- Up-to-date symlink: /home/jeff/theimc_robot/install/interfaces_pkg/local/lib/python3.10/dist-packages/interfaces_pkg/msg/_key_point3_d_array.py
[2.321s] -- Up-to-date symlink: /home/jeff/theimc_robot/install/interfaces_pkg/local/lib/python3.10/dist-packages/interfaces_pkg/msg/_key_point3_d_array_s.c
[2.322s] -- Up-to-date symlink: /home/jeff/theimc_robot/install/interfaces_pkg/local/lib/python3.10/dist-packages/interfaces_pkg/msg/_key_point3_d_s.c
[2.322s] -- Up-to-date symlink: /home/jeff/theimc_robot/install/interfaces_pkg/local/lib/python3.10/dist-packages/interfaces_pkg/msg/_lane_info.py
[2.323s] -- Up-to-date symlink: /home/jeff/theimc_robot/install/interfaces_pkg/local/lib/python3.10/dist-packages/interfaces_pkg/msg/_lane_info_s.c
[2.323s] -- Up-to-date symlink: /home/jeff/theimc_robot/install/interfaces_pkg/local/lib/python3.10/dist-packages/interfaces_pkg/msg/_mask.py
[2.324s] -- Up-to-date symlink: /home/jeff/theimc_robot/install/interfaces_pkg/local/lib/python3.10/dist-packages/interfaces_pkg/msg/_mask_s.c
[2.324s] -- Up-to-date symlink: /home/jeff/theimc_robot/install/interfaces_pkg/local/lib/python3.10/dist-packages/interfaces_pkg/msg/_motion_command.py
[2.325s] -- Up-to-date symlink: /home/jeff/theimc_robot/install/interfaces_pkg/local/lib/python3.10/dist-packages/interfaces_pkg/msg/_motion_command_s.c
[2.325s] -- Up-to-date symlink: /home/jeff/theimc_robot/install/interfaces_pkg/local/lib/python3.10/dist-packages/interfaces_pkg/msg/_path_planning_result.py
[2.326s] -- Up-to-date symlink: /home/jeff/theimc_robot/install/interfaces_pkg/local/lib/python3.10/dist-packages/interfaces_pkg/msg/_path_planning_result_s.c
[2.327s] -- Up-to-date symlink: /home/jeff/theimc_robot/install/interfaces_pkg/local/lib/python3.10/dist-packages/interfaces_pkg/msg/_point2_d.py
[2.327s] -- Up-to-date symlink: /home/jeff/theimc_robot/install/interfaces_pkg/local/lib/python3.10/dist-packages/interfaces_pkg/msg/_point2_d_s.c
[2.328s] -- Up-to-date symlink: /home/jeff/theimc_robot/install/interfaces_pkg/local/lib/python3.10/dist-packages/interfaces_pkg/msg/_pose2_d.py
[2.328s] -- Up-to-date symlink: /home/jeff/theimc_robot/install/interfaces_pkg/local/lib/python3.10/dist-packages/interfaces_pkg/msg/_pose2_d_s.c
[2.329s] -- Up-to-date symlink: /home/jeff/theimc_robot/install/interfaces_pkg/local/lib/python3.10/dist-packages/interfaces_pkg/msg/_rail_info.py
[2.329s] -- Up-to-date symlink: /home/jeff/theimc_robot/install/interfaces_pkg/local/lib/python3.10/dist-packages/interfaces_pkg/msg/_rail_info_s.c
[2.330s] -- Up-to-date symlink: /home/jeff/theimc_robot/install/interfaces_pkg/local/lib/python3.10/dist-packages/interfaces_pkg/msg/_target_point.py
[2.330s] -- Up-to-date symlink: /home/jeff/theimc_robot/install/interfaces_pkg/local/lib/python3.10/dist-packages/interfaces_pkg/msg/_target_point_s.c
[2.331s] -- Up-to-date symlink: /home/jeff/theimc_robot/install/interfaces_pkg/local/lib/python3.10/dist-packages/interfaces_pkg/msg/_vector2.py
[2.331s] -- Up-to-date symlink: /home/jeff/theimc_robot/install/interfaces_pkg/local/lib/python3.10/dist-packages/interfaces_pkg/msg/_vector2_s.c
[2.332s] -- Up-to-date symlink: /home/jeff/theimc_robot/install/interfaces_pkg/local/lib/python3.10/dist-packages/interfaces_pkg/interfaces_pkg_s__rosidl_typesupport_fastrtps_c.cpython-310-aarch64-linux-gnu.so
[2.332s] -- Up-to-date symlink: /home/jeff/theimc_robot/install/interfaces_pkg/local/lib/python3.10/dist-packages/interfaces_pkg/interfaces_pkg_s__rosidl_typesupport_introspection_c.cpython-310-aarch64-linux-gnu.so
[2.333s] -- Up-to-date symlink: /home/jeff/theimc_robot/install/interfaces_pkg/local/lib/python3.10/dist-packages/interfaces_pkg/interfaces_pkg_s__rosidl_typesupport_c.cpython-310-aarch64-linux-gnu.so
[2.333s] -- Up-to-date symlink: /home/jeff/theimc_robot/install/interfaces_pkg/share/ament_index/resource_index/rust_packages/interfaces_pkg
[2.334s] -- Up-to-date symlink: /home/jeff/theimc_robot/install/interfaces_pkg/share/interfaces_pkg/rust/Cargo.toml
[2.334s] -- Up-to-date symlink: /home/jeff/theimc_robot/install/interfaces_pkg/share/interfaces_pkg/rust/build.rs
[2.335s] -- Up-to-date symlink: /home/jeff/theimc_robot/install/interfaces_pkg/share/interfaces_pkg/rust/src/action.rs
[2.336s] -- Up-to-date symlink: /home/jeff/theimc_robot/install/interfaces_pkg/share/interfaces_pkg/rust/src/action/rmw.rs
[2.336s] -- Up-to-date symlink: /home/jeff/theimc_robot/install/interfaces_pkg/share/interfaces_pkg/rust/src/lib.rs
[2.337s] -- Up-to-date symlink: /home/jeff/theimc_robot/install/interfaces_pkg/share/interfaces_pkg/rust/src/msg.rs
[2.337s] -- Up-to-date symlink: /home/jeff/theimc_robot/install/interfaces_pkg/share/interfaces_pkg/rust/src/msg/rmw.rs
[2.338s] -- Up-to-date symlink: /home/jeff/theimc_robot/install/interfaces_pkg/share/interfaces_pkg/msg/Point2D.idl
[2.338s] -- Up-to-date symlink: /home/jeff/theimc_robot/install/interfaces_pkg/share/interfaces_pkg/msg/Vector2.idl
[2.339s] -- Up-to-date symlink: /home/jeff/theimc_robot/install/interfaces_pkg/share/interfaces_pkg/msg/Pose2D.idl
[2.339s] -- Up-to-date symlink: /home/jeff/theimc_robot/install/interfaces_pkg/share/interfaces_pkg/msg/BoundingBox2D.idl
[2.340s] -- Up-to-date symlink: /home/jeff/theimc_robot/install/interfaces_pkg/share/interfaces_pkg/msg/BoundingBox3D.idl
[2.340s] -- Up-to-date symlink: /home/jeff/theimc_robot/install/interfaces_pkg/share/interfaces_pkg/msg/Mask.idl
[2.341s] -- Up-to-date symlink: /home/jeff/theimc_robot/install/interfaces_pkg/share/interfaces_pkg/msg/KeyPoint2D.idl
[2.341s] -- Up-to-date symlink: /home/jeff/theimc_robot/install/interfaces_pkg/share/interfaces_pkg/msg/KeyPoint2DArray.idl
[2.342s] -- Up-to-date symlink: /home/jeff/theimc_robot/install/interfaces_pkg/share/interfaces_pkg/msg/KeyPoint3D.idl
[2.342s] -- Up-to-date symlink: /home/jeff/theimc_robot/install/interfaces_pkg/share/interfaces_pkg/msg/KeyPoint3DArray.idl
[2.343s] -- Up-to-date symlink: /home/jeff/theimc_robot/install/interfaces_pkg/share/interfaces_pkg/msg/Detection.idl
[2.343s] -- Up-to-date symlink: /home/jeff/theimc_robot/install/interfaces_pkg/share/interfaces_pkg/msg/DetectionArray.idl
[2.344s] -- Up-to-date symlink: /home/jeff/theimc_robot/install/interfaces_pkg/share/interfaces_pkg/msg/LaneInfo.idl
[2.344s] -- Up-to-date symlink: /home/jeff/theimc_robot/install/interfaces_pkg/share/interfaces_pkg/msg/RailInfo.idl
[2.345s] -- Up-to-date symlink: /home/jeff/theimc_robot/install/interfaces_pkg/share/interfaces_pkg/msg/MotionCommand.idl
[2.345s] -- Up-to-date symlink: /home/jeff/theimc_robot/install/interfaces_pkg/share/interfaces_pkg/msg/TargetPoint.idl
[2.346s] -- Up-to-date symlink: /home/jeff/theimc_robot/install/interfaces_pkg/share/interfaces_pkg/msg/PathPlanningResult.idl
[2.346s] -- Up-to-date symlink: /home/jeff/theimc_robot/install/interfaces_pkg/share/interfaces_pkg/action/RailApproach.idl
[2.347s] -- Up-to-date symlink: /home/jeff/theimc_robot/install/interfaces_pkg/share/interfaces_pkg/msg/Point2D.msg
[2.347s] -- Up-to-date symlink: /home/jeff/theimc_robot/install/interfaces_pkg/share/interfaces_pkg/msg/Vector2.msg
[2.348s] -- Up-to-date symlink: /home/jeff/theimc_robot/install/interfaces_pkg/share/interfaces_pkg/msg/Pose2D.msg
[2.349s] -- Up-to-date symlink: /home/jeff/theimc_robot/install/interfaces_pkg/share/interfaces_pkg/msg/BoundingBox2D.msg
[2.349s] -- Up-to-date symlink: /home/jeff/theimc_robot/install/interfaces_pkg/share/interfaces_pkg/msg/BoundingBox3D.msg
[2.350s] -- Up-to-date symlink: /home/jeff/theimc_robot/install/interfaces_pkg/share/interfaces_pkg/msg/Mask.msg
[2.350s] -- Up-to-date symlink: /home/jeff/theimc_robot/install/interfaces_pkg/share/interfaces_pkg/msg/KeyPoint2D.msg
[2.351s] -- Up-to-date symlink: /home/jeff/theimc_robot/install/interfaces_pkg/share/interfaces_pkg/msg/KeyPoint2DArray.msg
[2.351s] -- Up-to-date symlink: /home/jeff/theimc_robot/install/interfaces_pkg/share/interfaces_pkg/msg/KeyPoint3D.msg
[2.352s] -- Up-to-date symlink: /home/jeff/theimc_robot/install/interfaces_pkg/share/interfaces_pkg/msg/KeyPoint3DArray.msg
[2.353s] -- Up-to-date symlink: /home/jeff/theimc_robot/install/interfaces_pkg/share/interfaces_pkg/msg/Detection.msg
[2.353s] -- Up-to-date symlink: /home/jeff/theimc_robot/install/interfaces_pkg/share/interfaces_pkg/msg/DetectionArray.msg
[2.354s] -- Up-to-date symlink: /home/jeff/theimc_robot/install/interfaces_pkg/share/interfaces_pkg/msg/LaneInfo.msg
[2.354s] -- Up-to-date symlink: /home/jeff/theimc_robot/install/interfaces_pkg/share/interfaces_pkg/msg/RailInfo.msg
[2.355s] -- Up-to-date symlink: /home/jeff/theimc_robot/install/interfaces_pkg/share/interfaces_pkg/msg/MotionCommand.msg
[2.355s] -- Up-to-date symlink: /home/jeff/theimc_robot/install/interfaces_pkg/share/interfaces_pkg/msg/TargetPoint.msg
[2.356s] -- Up-to-date symlink: /home/jeff/theimc_robot/install/interfaces_pkg/share/interfaces_pkg/msg/PathPlanningResult.msg
[2.356s] -- Up-to-date symlink: /home/jeff/theimc_robot/install/interfaces_pkg/share/interfaces_pkg/action/RailApproach.action
[2.357s] -- Up-to-date symlink: /home/jeff/theimc_robot/install/interfaces_pkg/share/ament_index/resource_index/package_run_dependencies/interfaces_pkg
[2.357s] -- Up-to-date symlink: /home/jeff/theimc_robot/install/interfaces_pkg/share/ament_index/resource_index/parent_prefix_path/interfaces_pkg
[2.358s] -- Up-to-date symlink: /home/jeff/theimc_robot/install/interfaces_pkg/share/interfaces_pkg/environment/ament_prefix_path.sh
[2.358s] -- Up-to-date symlink: /home/jeff/theimc_robot/install/interfaces_pkg/share/interfaces_pkg/environment/ament_prefix_path.dsv
[2.921s] -- Up-to-date symlink: /home/jeff/theimc_robot/install/interfaces_pkg/share/interfaces_pkg/environment/path.sh
[2.924s] -- Up-to-date symlink: /home/jeff/theimc_robot/install/interfaces_pkg/share/interfaces_pkg/environment/path.dsv
[2.924s] -- Up-to-date symlink: /home/jeff/theimc_robot/install/interfaces_pkg/share/interfaces_pkg/local_setup.bash
[2.924s] -- Up-to-date symlink: /home/jeff/theimc_robot/install/interfaces_pkg/share/interfaces_pkg/local_setup.sh
[2.924s] -- Up-to-date symlink: /home/jeff/theimc_robot/install/interfaces_pkg/share/interfaces_pkg/local_setup.zsh
[2.924s] -- Up-to-date symlink: /home/jeff/theimc_robot/install/interfaces_pkg/share/interfaces_pkg/local_setup.dsv
[2.925s] -- Symlinking: /home/jeff/theimc_robot/install/interfaces_pkg/share/interfaces_pkg/package.dsv
[2.925s] -- Up-to-date symlink: /home/jeff/theimc_robot/install/interfaces_pkg/share/ament_index/resource_index/packages/interfaces_pkg
[2.925s] -- Up-to-date symlink: /home/jeff/theimc_robot/install/interfaces_pkg/share/interfaces_pkg/cmake/rosidl_cmake-extras.cmake
[2.925s] -- Up-to-date symlink: /home/jeff/theimc_robot/install/interfaces_pkg/share/interfaces_pkg/cmake/ament_cmake_export_dependencies-extras.cmake
[2.925s] -- Up-to-date symlink: /home/jeff/theimc_robot/install/interfaces_pkg/share/interfaces_pkg/cmake/ament_cmake_export_include_directories-extras.cmake
[2.925s] -- Up-to-date symlink: /home/jeff/theimc_robot/install/interfaces_pkg/share/interfaces_pkg/cmake/ament_cmake_export_libraries-extras.cmake
[2.925s] -- Up-to-date symlink: /home/jeff/theimc_robot/install/interfaces_pkg/share/interfaces_pkg/cmake/ament_cmake_export_targets-extras.cmake
[2.926s] -- Up-to-date symlink: /home/jeff/theimc_robot/install/interfaces_pkg/share/interfaces_pkg/cmake/rosidl_cmake_export_typesupport_targets-extras.cmake
[2.926s] -- Up-to-date symlink: /home/jeff/theimc_robot/install/interfaces_pkg/share/interfaces_pkg/cmake/rosidl_cmake_export_typesupport_libraries-extras.cmake
[2.928s] -- Up-to-date symlink: /home/jeff/theimc_robot/install/interfaces_pkg/share/interfaces_pkg/cmake/interfaces_pkgConfig.cmake
[2.929s] -- Up-to-date symlink: /home/jeff/theimc_robot/install/interfaces_pkg/share/interfaces_pkg/cmake/interfaces_pkgConfig-version.cmake
[2.929s] -- Up-to-date symlink: /home/jeff/theimc_robot/install/interfaces_pkg/share/interfaces_pkg/package.xml
[2.930s] -- Up-to-date: /home/jeff/theimc_robot/install/interfaces_pkg/lib/libinterfaces_pkg__rosidl_generator_c.so
[2.931s] -- Up-to-date: /home/jeff/theimc_robot/install/interfaces_pkg/lib/libinterfaces_pkg__rosidl_typesupport_fastrtps_c.so
[2.931s] -- Up-to-date: /home/jeff/theimc_robot/install/interfaces_pkg/lib/libinterfaces_pkg__rosidl_typesupport_introspection_c.so
[2.932s] -- Up-to-date: /home/jeff/theimc_robot/install/interfaces_pkg/lib/libinterfaces_pkg__rosidl_typesupport_c.so
[2.932s] -- Up-to-date: /home/jeff/theimc_robot/install/interfaces_pkg/lib/libinterfaces_pkg__rosidl_typesupport_fastrtps_cpp.so
[2.933s] -- Up-to-date: /home/jeff/theimc_robot/install/interfaces_pkg/lib/libinterfaces_pkg__rosidl_typesupport_introspection_cpp.so
[2.933s] -- Up-to-date: /home/jeff/theimc_robot/install/interfaces_pkg/lib/libinterfaces_pkg__rosidl_typesupport_cpp.so
[2.934s] Listing '/home/jeff/theimc_robot/install/interfaces_pkg/local/lib/python3.10/dist-packages/interfaces_pkg'...
[2.934s] Listing '/home/jeff/theimc_robot/install/interfaces_pkg/local/lib/python3.10/dist-packages/interfaces_pkg/action'...
[2.935s] Listing '/home/jeff/theimc_robot/install/interfaces_pkg/local/lib/python3.10/dist-packages/interfaces_pkg/msg'...
[2.935s] -- Up-to-date: /home/jeff/theimc_robot/install/interfaces_pkg/lib/libinterfaces_pkg__rosidl_generator_py.so
[2.936s] -- Up-to-date: /home/jeff/theimc_robot/install/interfaces_pkg/share/interfaces_pkg/cmake/export_interfaces_pkg__rosidl_generator_cExport.cmake
[2.936s] -- Up-to-date: /home/jeff/theimc_robot/install/interfaces_pkg/share/interfaces_pkg/cmake/export_interfaces_pkg__rosidl_generator_cExport-noconfig.cmake
[2.937s] -- Up-to-date: /home/jeff/theimc_robot/install/interfaces_pkg/share/interfaces_pkg/cmake/export_interfaces_pkg__rosidl_typesupport_fastrtps_cExport.cmake
[2.937s] -- Up-to-date: /home/jeff/theimc_robot/install/interfaces_pkg/share/interfaces_pkg/cmake/export_interfaces_pkg__rosidl_typesupport_fastrtps_cExport-noconfig.cmake
[2.938s] -- Up-to-date: /home/jeff/theimc_robot/install/interfaces_pkg/share/interfaces_pkg/cmake/interfaces_pkg__rosidl_typesupport_introspection_cExport.cmake
[2.938s] -- Up-to-date: /home/jeff/theimc_robot/install/interfaces_pkg/share/interfaces_pkg/cmake/interfaces_pkg__rosidl_typesupport_introspection_cExport-noconfig.cmake
[2.939s] -- Up-to-date: /home/jeff/theimc_robot/install/interfaces_pkg/share/interfaces_pkg/cmake/interfaces_pkg__rosidl_typesupport_cExport.cmake
[2.939s] -- Up-to-date: /home/jeff/theimc_robot/install/interfaces_pkg/share/interfaces_pkg/cmake/interfaces_pkg__rosidl_typesupport_cExport-noconfig.cmake
[2.940s] -- Up-to-date: /home/jeff/theimc_robot/install/interfaces_pkg/share/interfaces_pkg/cmake/export_interfaces_pkg__rosidl_generator_cppExport.cmake
[2.940s] -- Up-to-date: /home/jeff/theimc_robot/install/interfaces_pkg/share/interfaces_pkg/cmake/export_interfaces_pkg__rosidl_typesupport_fastrtps_cppExport.cmake
[2.941s] -- Up-to-date: /home/jeff/theimc_robot/install/interfaces_pkg/share/interfaces_pkg/cmake/export_interfaces_pkg__rosidl_typesupport_fastrtps_cppExport-noconfig.cmake
[2.942s] -- Up-to-date: /home/jeff/theimc_robot/install/interfaces_pkg/share/interfaces_pkg/cmake/interfaces_pkg__rosidl_typesupport_introspection_cppExport.cmake
[2.943s] -- Up-to-date: /home/jeff/theimc_robot/install/interfaces_pkg/share/interfaces_pkg/cmake/interfaces_pkg__rosidl_typesupport_introspection_cppExport-noconfig.cmake
[2.943s] -- Up-to-date: /home/jeff/theimc_robot/install/interfaces_pkg/share/interfaces_pkg/cmake/interfaces_pkg__rosidl_typesupport_cppExport.cmake
[2.944s] -- Up-to-date: /home/jeff/theimc_robot/install/interfaces_pkg/share/interfaces_pkg/cmake/interfaces_pkg__rosidl_typesupport_cppExport-noconfig.cmake
[2.944s] -- Up-to-date: /home/jeff/theimc_robot/install/interfaces_pkg/share/interfaces_pkg/cmake/export_interfaces_pkg__rosidl_generator_pyExport.cmake
[2.945s] -- Up-to-date: /home/jeff/theimc_robot/install/interfaces_pkg/share/interfaces_pkg/cmake/export_interfaces_pkg__rosidl_generator_pyExport-noconfig.cmake
[2.971s] Invoked command in '/home/jeff/theimc_robot/build/interfaces_pkg' returned '0': CMAKE_PREFIX_PATH=${CMAKE_PREFIX_PATH}:/home/jeff/theimc_robot/install/theimc_teleop:/home/jeff/theimc_robot/install/theimc_bringup:/home/jeff/theimc_robot/install/localizer_server:/home/jeff/theimc_robot/install/decision_making_pkg:/home/jeff/theimc_robot/install/debug_pkg:/home/jeff/theimc_robot/install/camera_perception_pkg:/opt/ros/humble /usr/bin/cmake --install /home/jeff/theimc_robot/build/interfaces_pkg
