/home/jeff/theimc_robot/install/theimc_bringup/lib/python3.10/site-packages/theimc_bringup/__init__.py
/home/jeff/theimc_robot/install/theimc_bringup/lib/python3.10/site-packages/theimc_bringup/isaac_vslam_odom_adapter_node.py
/home/jeff/theimc_robot/install/theimc_bringup/lib/python3.10/site-packages/theimc_bringup/theimc_bringup.py
/home/jeff/theimc_robot/install/theimc_bringup/lib/python3.10/site-packages/theimc_bringup/aruco_docker_node.py
/home/jeff/theimc_robot/install/theimc_bringup/lib/python3.10/site-packages/theimc_bringup/last_pose_manager_node.py
/home/jeff/theimc_robot/install/theimc_bringup/lib/python3.10/site-packages/theimc_bringup/robot_agent_node.py
/home/jeff/theimc_robot/install/theimc_bringup/lib/python3.10/site-packages/theimc_bringup/__pycache__/__init__.cpython-310.pyc
/home/jeff/theimc_robot/install/theimc_bringup/lib/python3.10/site-packages/theimc_bringup/__pycache__/isaac_vslam_odom_adapter_node.cpython-310.pyc
/home/jeff/theimc_robot/install/theimc_bringup/lib/python3.10/site-packages/theimc_bringup/__pycache__/theimc_bringup.cpython-310.pyc
/home/jeff/theimc_robot/install/theimc_bringup/lib/python3.10/site-packages/theimc_bringup/__pycache__/aruco_docker_node.cpython-310.pyc
/home/jeff/theimc_robot/install/theimc_bringup/lib/python3.10/site-packages/theimc_bringup/__pycache__/last_pose_manager_node.cpython-310.pyc
/home/jeff/theimc_robot/install/theimc_bringup/lib/python3.10/site-packages/theimc_bringup/__pycache__/robot_agent_node.cpython-310.pyc
/home/jeff/theimc_robot/install/theimc_bringup/share/ament_index/resource_index/packages/theimc_bringup
/home/jeff/theimc_robot/install/theimc_bringup/share/theimc_bringup/package.xml
/home/jeff/theimc_robot/install/theimc_bringup/share/theimc_bringup/launch/isaac_vslam_odom_test.launch.py
/home/jeff/theimc_robot/install/theimc_bringup/share/theimc_bringup/launch/isaac_vslam_d435.launch.py
/home/jeff/theimc_robot/install/theimc_bringup/share/theimc_bringup/launch/bringup_record.launch.py
/home/jeff/theimc_robot/install/theimc_bringup/share/theimc_bringup/launch/test_ekf.launch.py
/home/jeff/theimc_robot/install/theimc_bringup/share/theimc_bringup/launch/camera.launch.py
/home/jeff/theimc_robot/install/theimc_bringup/share/theimc_bringup/launch/aruco_docking.launch.py
/home/jeff/theimc_robot/install/theimc_bringup/share/theimc_bringup/launch/theimc_bringup.launch.py
/home/jeff/theimc_robot/install/theimc_bringup/share/theimc_bringup/launch/theimc_bringup_basic.launch.py
/home/jeff/theimc_robot/install/theimc_bringup/share/theimc_bringup/launch/rail.launch.py
/home/jeff/theimc_robot/install/theimc_bringup/share/theimc_bringup/params/test_wheel_ekf.yaml
/home/jeff/theimc_robot/install/theimc_bringup/share/theimc_bringup/params/ekf.yaml
/home/jeff/theimc_robot/install/theimc_bringup/share/theimc_bringup/params/ekf_basic.yaml
/home/jeff/theimc_robot/install/theimc_bringup/share/theimc_bringup/params/ekf_isaac_vslam_only.yaml
/home/jeff/theimc_robot/install/theimc_bringup/share/theimc_bringup/params/scan_filter.yaml
/home/jeff/theimc_robot/install/theimc_bringup/share/theimc_bringup/params/test_wheel_camera_ekf.yaml
/home/jeff/theimc_robot/install/theimc_bringup/share/theimc_bringup/params/test_wheel_imu_ekf.yaml
/home/jeff/theimc_robot/install/theimc_bringup/share/theimc_bringup/params/test_wheel_camera_imu_ekf.yaml
/home/jeff/theimc_robot/install/theimc_bringup/share/theimc_bringup/params/theimc_ydlidar.yaml
/home/jeff/theimc_robot/install/theimc_bringup/share/theimc_bringup/params/ekf_jinyoung.yaml
/home/jeff/theimc_robot/install/theimc_bringup/share/theimc_bringup/params/vehicle_scan_filter.yaml
/home/jeff/theimc_robot/install/theimc_bringup/share/theimc_bringup/rviz/theimc_bringup.rviz
/home/jeff/theimc_robot/install/theimc_bringup/share/theimc_bringup/config/twist_mux_params.yaml
/home/jeff/theimc_robot/install/theimc_bringup/lib/python3.10/site-packages/theimc_bringup-7.0.0-py3.10.egg-info/top_level.txt
/home/jeff/theimc_robot/install/theimc_bringup/lib/python3.10/site-packages/theimc_bringup-7.0.0-py3.10.egg-info/zip-safe
/home/jeff/theimc_robot/install/theimc_bringup/lib/python3.10/site-packages/theimc_bringup-7.0.0-py3.10.egg-info/PKG-INFO
/home/jeff/theimc_robot/install/theimc_bringup/lib/python3.10/site-packages/theimc_bringup-7.0.0-py3.10.egg-info/SOURCES.txt
/home/jeff/theimc_robot/install/theimc_bringup/lib/python3.10/site-packages/theimc_bringup-7.0.0-py3.10.egg-info/requires.txt
/home/jeff/theimc_robot/install/theimc_bringup/lib/python3.10/site-packages/theimc_bringup-7.0.0-py3.10.egg-info/dependency_links.txt
/home/jeff/theimc_robot/install/theimc_bringup/lib/python3.10/site-packages/theimc_bringup-7.0.0-py3.10.egg-info/entry_points.txt
/home/jeff/theimc_robot/install/theimc_bringup/lib/theimc_bringup/aruco_docker_node
/home/jeff/theimc_robot/install/theimc_bringup/lib/theimc_bringup/bringup_node
/home/jeff/theimc_robot/install/theimc_bringup/lib/theimc_bringup/isaac_vslam_odom_adapter_node
/home/jeff/theimc_robot/install/theimc_bringup/lib/theimc_bringup/last_pose_manager_node
/home/jeff/theimc_robot/install/theimc_bringup/lib/theimc_bringup/robot_agent_node
