running develop
running egg_info
creating theimc_bringup.egg-info
writing theimc_bringup.egg-info/PKG-INFO
writing dependency_links to theimc_bringup.egg-info/dependency_links.txt
writing entry points to theimc_bringup.egg-info/entry_points.txt
writing requirements to theimc_bringup.egg-info/requires.txt
writing top-level names to theimc_bringup.egg-info/top_level.txt
writing manifest file 'theimc_bringup.egg-info/SOURCES.txt'
reading manifest file 'theimc_bringup.egg-info/SOURCES.txt'
writing manifest file 'theimc_bringup.egg-info/SOURCES.txt'
running build_ext
Creating /home/jeff/theimc_robot/install/theimc_bringup/lib/python3.10/site-packages/theimc-bringup.egg-link (link to .)
Installing bringup_node script to /home/jeff/theimc_robot/install/theimc_bringup/lib/theimc_bringup
Installing robot_agent_node script to /home/jeff/theimc_robot/install/theimc_bringup/lib/theimc_bringup

Installed /home/jeff/theimc_robot/build/theimc_bringup
running symlink_data
creating /home/jeff/theimc_robot/install/theimc_bringup/share/ament_index
creating /home/jeff/theimc_robot/install/theimc_bringup/share/ament_index/resource_index
creating /home/jeff/theimc_robot/install/theimc_bringup/share/ament_index/resource_index/packages
symbolically linking /home/jeff/theimc_robot/build/theimc_bringup/resource/theimc_bringup -> /home/jeff/theimc_robot/install/theimc_bringup/share/ament_index/resource_index/packages
symbolically linking /home/jeff/theimc_robot/build/theimc_bringup/package.xml -> /home/jeff/theimc_robot/install/theimc_bringup/share/theimc_bringup
creating /home/jeff/theimc_robot/install/theimc_bringup/share/theimc_bringup/launch
symbolically linking /home/jeff/theimc_robot/build/theimc_bringup/launch/rail.launch.py -> /home/jeff/theimc_robot/install/theimc_bringup/share/theimc_bringup/launch
symbolically linking /home/jeff/theimc_robot/build/theimc_bringup/launch/camera.launch.py -> /home/jeff/theimc_robot/install/theimc_bringup/share/theimc_bringup/launch
symbolically linking /home/jeff/theimc_robot/build/theimc_bringup/launch/theimc_bringup.launch.py -> /home/jeff/theimc_robot/install/theimc_bringup/share/theimc_bringup/launch
creating /home/jeff/theimc_robot/install/theimc_bringup/share/theimc_bringup/params
symbolically linking /home/jeff/theimc_robot/build/theimc_bringup/params/ekf.yaml -> /home/jeff/theimc_robot/install/theimc_bringup/share/theimc_bringup/params
symbolically linking /home/jeff/theimc_robot/build/theimc_bringup/params/scan_filter.yaml -> /home/jeff/theimc_robot/install/theimc_bringup/share/theimc_bringup/params
symbolically linking /home/jeff/theimc_robot/build/theimc_bringup/params/theimc_ydlidar.yaml -> /home/jeff/theimc_robot/install/theimc_bringup/share/theimc_bringup/params
creating /home/jeff/theimc_robot/install/theimc_bringup/share/theimc_bringup/rviz
symbolically linking /home/jeff/theimc_robot/build/theimc_bringup/rviz/theimc_bringup.rviz -> /home/jeff/theimc_robot/install/theimc_bringup/share/theimc_bringup/rviz
