[3.626s] Invoking command in '/home/jeff/theimc_robot/build/camera_perception_pkg': PYTHONPATH=/home/jeff/theimc_robot/build/camera_perception_pkg/prefix_override:/usr/lib/python3/dist-packages/colcon_core/task/python/colcon_distutils_commands:/home/jeff/theimc_robot/install/camera_perception_pkg/lib/python3.10/site-packages:${PYTHONPATH} /usr/bin/python3 -W ignore:setup.py install is deprecated -W ignore:easy_install command is deprecated setup.py develop --editable --build-directory /home/jeff/theimc_robot/build/camera_perception_pkg/build --no-deps symlink_data
[4.221s] running develop
[4.605s] running egg_info
[4.605s] writing camera_perception_pkg.egg-info/PKG-INFO
[4.606s] writing dependency_links to camera_perception_pkg.egg-info/dependency_links.txt
[4.606s] writing entry points to camera_perception_pkg.egg-info/entry_points.txt
[4.607s] writing requirements to camera_perception_pkg.egg-info/requires.txt
[4.607s] writing top-level names to camera_perception_pkg.egg-info/top_level.txt
[4.611s] reading manifest file 'camera_perception_pkg.egg-info/SOURCES.txt'
[4.613s] writing manifest file 'camera_perception_pkg.egg-info/SOURCES.txt'
[4.617s] running build_ext
[4.617s] Creating /home/jeff/theimc_robot/install/camera_perception_pkg/lib/python3.10/site-packages/camera-perception-pkg.egg-link (link to .)
[4.619s] Installing aruco_detector_node script to /home/jeff/theimc_robot/install/camera_perception_pkg/lib/camera_perception_pkg
[4.620s] Installing image_publisher_node script to /home/jeff/theimc_robot/install/camera_perception_pkg/lib/camera_perception_pkg
[4.620s] Installing rail_info_extractor_node script to /home/jeff/theimc_robot/install/camera_perception_pkg/lib/camera_perception_pkg
[4.621s] Installing yolov8_node script to /home/jeff/theimc_robot/install/camera_perception_pkg/lib/camera_perception_pkg
[4.621s] 
[4.621s] Installed /home/jeff/theimc_robot/build/camera_perception_pkg
[4.621s] running symlink_data
[4.723s] Invoked command in '/home/jeff/theimc_robot/build/camera_perception_pkg' returned '0': PYTHONPATH=/home/jeff/theimc_robot/build/camera_perception_pkg/prefix_override:/usr/lib/python3/dist-packages/colcon_core/task/python/colcon_distutils_commands:/home/jeff/theimc_robot/install/camera_perception_pkg/lib/python3.10/site-packages:${PYTHONPATH} /usr/bin/python3 -W ignore:setup.py install is deprecated -W ignore:easy_install command is deprecated setup.py develop --editable --build-directory /home/jeff/theimc_robot/build/camera_perception_pkg/build --no-deps symlink_data
