[2.081s] Invoking command in '/home/jeff/theimc_robot/build/theimc_bringup': PYTHONPATH=/home/jeff/theimc_robot/build/theimc_bringup/prefix_override:/usr/lib/python3/dist-packages/colcon_core/task/python/colcon_distutils_commands:/home/jeff/theimc_robot/install/theimc_bringup/lib/python3.10/site-packages:${PYTHONPATH} /usr/bin/python3 -W ignore:setup.py install is deprecated -W ignore:easy_install command is deprecated setup.py develop --editable --build-directory /home/jeff/theimc_robot/build/theimc_bringup/build --no-deps symlink_data
[2.655s] running develop
[3.022s] running egg_info
[3.022s] writing theimc_bringup.egg-info/PKG-INFO
[3.023s] writing dependency_links to theimc_bringup.egg-info/dependency_links.txt
[3.023s] writing entry points to theimc_bringup.egg-info/entry_points.txt
[3.024s] writing requirements to theimc_bringup.egg-info/requires.txt
[3.024s] writing top-level names to theimc_bringup.egg-info/top_level.txt
[3.028s] reading manifest file 'theimc_bringup.egg-info/SOURCES.txt'
[3.030s] writing manifest file 'theimc_bringup.egg-info/SOURCES.txt'
[3.033s] running build_ext
[3.034s] Creating /home/jeff/theimc_robot/install/theimc_bringup/lib/python3.10/site-packages/theimc-bringup.egg-link (link to .)
[3.036s] Installing bringup_node script to /home/jeff/theimc_robot/install/theimc_bringup/lib/theimc_bringup
[3.036s] Installing isaac_vslam_odom_adapter_node script to /home/jeff/theimc_robot/install/theimc_bringup/lib/theimc_bringup
[3.036s] Installing last_pose_manager_node script to /home/jeff/theimc_robot/install/theimc_bringup/lib/theimc_bringup
[3.037s] Installing robot_agent_node script to /home/jeff/theimc_robot/install/theimc_bringup/lib/theimc_bringup
[3.037s] 
[3.037s] Installed /home/jeff/theimc_robot/build/theimc_bringup
[3.037s] running symlink_data
[3.038s] symbolically linking /home/jeff/theimc_robot/build/theimc_bringup/launch/base_bringup_withcam.launch.py -> /home/jeff/theimc_robot/install/theimc_bringup/share/theimc_bringup/launch
[3.120s] Invoked command in '/home/jeff/theimc_robot/build/theimc_bringup' returned '0': PYTHONPATH=/home/jeff/theimc_robot/build/theimc_bringup/prefix_override:/usr/lib/python3/dist-packages/colcon_core/task/python/colcon_distutils_commands:/home/jeff/theimc_robot/install/theimc_bringup/lib/python3.10/site-packages:${PYTHONPATH} /usr/bin/python3 -W ignore:setup.py install is deprecated -W ignore:easy_install command is deprecated setup.py develop --editable --build-directory /home/jeff/theimc_robot/build/theimc_bringup/build --no-deps symlink_data
