[2.121s] Invoking command in '/home/jeff/theimc_robot/build/camera_perception_pkg': PYTHONPATH=/home/jeff/theimc_robot/build/camera_perception_pkg/prefix_override:/usr/lib/python3/dist-packages/colcon_core/task/python/colcon_distutils_commands:/home/jeff/theimc_robot/install/camera_perception_pkg/lib/python3.10/site-packages:${PYTHONPATH} /usr/bin/python3 -W ignore:setup.py install is deprecated -W ignore:easy_install command is deprecated setup.py develop --editable --build-directory /home/jeff/theimc_robot/build/camera_perception_pkg/build --no-deps symlink_data --force
[2.740s] running develop
[3.127s] running egg_info
[3.127s] writing camera_perception_pkg.egg-info/PKG-INFO
[3.127s] writing dependency_links to camera_perception_pkg.egg-info/dependency_links.txt
[3.128s] writing entry points to camera_perception_pkg.egg-info/entry_points.txt
[3.128s] writing requirements to camera_perception_pkg.egg-info/requires.txt
[3.128s] writing top-level names to camera_perception_pkg.egg-info/top_level.txt
[3.133s] reading manifest file 'camera_perception_pkg.egg-info/SOURCES.txt'
[3.134s] writing manifest file 'camera_perception_pkg.egg-info/SOURCES.txt'
[3.137s] running build_ext
[3.138s] Creating /home/jeff/theimc_robot/install/camera_perception_pkg/lib/python3.10/site-packages/camera-perception-pkg.egg-link (link to .)
[3.140s] Installing image_publisher_node script to /home/jeff/theimc_robot/install/camera_perception_pkg/lib/camera_perception_pkg
[3.140s] Installing rail_info_extractor_node script to /home/jeff/theimc_robot/install/camera_perception_pkg/lib/camera_perception_pkg
[3.140s] Installing yolov8_node script to /home/jeff/theimc_robot/install/camera_perception_pkg/lib/camera_perception_pkg
[3.141s] 
[3.141s] Installed /home/jeff/theimc_robot/build/camera_perception_pkg
[3.141s] running symlink_data
[3.141s] symbolically linking /home/jeff/theimc_robot/build/camera_perception_pkg/resource/camera_perception_pkg -> /home/jeff/theimc_robot/install/camera_perception_pkg/share/ament_index/resource_index/packages
[3.142s] symbolically linking /home/jeff/theimc_robot/build/camera_perception_pkg/package.xml -> /home/jeff/theimc_robot/install/camera_perception_pkg/share/camera_perception_pkg
[3.234s] Invoked command in '/home/jeff/theimc_robot/build/camera_perception_pkg' returned '0': PYTHONPATH=/home/jeff/theimc_robot/build/camera_perception_pkg/prefix_override:/usr/lib/python3/dist-packages/colcon_core/task/python/colcon_distutils_commands:/home/jeff/theimc_robot/install/camera_perception_pkg/lib/python3.10/site-packages:${PYTHONPATH} /usr/bin/python3 -W ignore:setup.py install is deprecated -W ignore:easy_install command is deprecated setup.py develop --editable --build-directory /home/jeff/theimc_robot/build/camera_perception_pkg/build --no-deps symlink_data --force
