[0.294s] DEBUG:colcon:Command line arguments: ['/usr/bin/colcon', 'build', '--symlink-install', '--packages-select', 'theimc_navigation2']
[0.295s] DEBUG:colcon:Parsed command line arguments: Namespace(log_base=None, log_level=None, verb_name='build', build_base='build', install_base='install', merge_install=False, symlink_install=True, test_result_base=None, continue_on_error=False, executor='parallel', parallel_workers=6, event_handlers=None, ignore_user_meta=False, metas=['./colcon.meta'], base_paths=['.'], packages_ignore=None, packages_ignore_regex=None, paths=None, packages_up_to=None, packages_up_to_regex=None, packages_above=None, packages_above_and_dependencies=None, packages_above_depth=None, packages_select_by_dep=None, packages_skip_by_dep=None, packages_skip_up_to=None, packages_select_build_failed=False, packages_skip_build_finished=False, packages_select_test_failures=False, packages_skip_test_passed=False, packages_select=['theimc_navigation2'], packages_skip=None, packages_select_regex=None, packages_skip_regex=None, packages_start=None, packages_end=None, allow_overriding=[], cmake_args=None, cmake_target=None, cmake_target_skip_unavailable=False, cmake_clean_cache=False, cmake_clean_first=False, cmake_force_configure=False, ament_cmake_args=None, catkin_cmake_args=None, catkin_skip_building_tests=False, verb_parser=<colcon_defaults.argument_parser.defaults.DefaultArgumentsDecorator object at 0xffffa428b010>, verb_extension=<colcon_core.verb.build.BuildVerb object at 0xffffa4400d90>, main=<bound method BuildVerb.main of <colcon_core.verb.build.BuildVerb object at 0xffffa4400d90>>)
[0.730s] Level 1:colcon.colcon_core.package_discovery:discover_packages(colcon_meta) check parameters
[0.731s] Level 1:colcon.colcon_core.package_discovery:discover_packages(recursive) check parameters
[0.731s] Level 1:colcon.colcon_core.package_discovery:discover_packages(ignore) check parameters
[0.731s] Level 1:colcon.colcon_core.package_discovery:discover_packages(path) check parameters
[0.731s] Level 1:colcon.colcon_core.package_discovery:discover_packages(colcon_meta) discover
[0.731s] Level 1:colcon.colcon_core.package_discovery:discover_packages(recursive) discover
[0.731s] INFO:colcon.colcon_core.package_discovery:Crawling recursively for packages in '/home/jeff/theimc_robot'
[0.731s] Level 1:colcon.colcon_core.package_identification:_identify(.) by extensions ['ignore', 'ignore_ament_install']
[0.732s] Level 1:colcon.colcon_core.package_identification:_identify(.) by extension 'ignore'
[0.732s] Level 1:colcon.colcon_core.package_identification:_identify(.) by extension 'ignore_ament_install'
[0.732s] Level 1:colcon.colcon_core.package_identification:_identify(.) by extensions ['colcon_pkg']
[0.732s] Level 1:colcon.colcon_core.package_identification:_identify(.) by extension 'colcon_pkg'
[0.732s] Level 1:colcon.colcon_core.package_identification:_identify(.) by extensions ['colcon_meta']
[0.732s] Level 1:colcon.colcon_core.package_identification:_identify(.) by extension 'colcon_meta'
[0.732s] Level 1:colcon.colcon_core.package_identification:_identify(.) by extensions ['ros']
[0.732s] Level 1:colcon.colcon_core.package_identification:_identify(.) by extension 'ros'
[0.758s] Level 1:colcon.colcon_core.package_identification:_identify(.) by extensions ['cmake', 'python']
[0.759s] Level 1:colcon.colcon_core.package_identification:_identify(.) by extension 'cmake'
[0.759s] Level 1:colcon.colcon_core.package_identification:_identify(.) by extension 'python'
[0.759s] Level 1:colcon.colcon_core.package_identification:_identify(.) by extensions ['python_setup_py']
[0.759s] Level 1:colcon.colcon_core.package_identification:_identify(.) by extension 'python_setup_py'
[0.759s] Level 1:colcon.colcon_core.package_identification:_identify(bags) by extensions ['ignore', 'ignore_ament_install']
[0.760s] Level 1:colcon.colcon_core.package_identification:_identify(bags) by extension 'ignore'
[0.760s] Level 1:colcon.colcon_core.package_identification:_identify(bags) by extension 'ignore_ament_install'
[0.760s] Level 1:colcon.colcon_core.package_identification:_identify(bags) by extensions ['colcon_pkg']
[0.760s] Level 1:colcon.colcon_core.package_identification:_identify(bags) by extension 'colcon_pkg'
[0.760s] Level 1:colcon.colcon_core.package_identification:_identify(bags) by extensions ['colcon_meta']
[0.760s] Level 1:colcon.colcon_core.package_identification:_identify(bags) by extension 'colcon_meta'
[0.760s] Level 1:colcon.colcon_core.package_identification:_identify(bags) by extensions ['ros']
[0.760s] Level 1:colcon.colcon_core.package_identification:_identify(bags) by extension 'ros'
[0.760s] Level 1:colcon.colcon_core.package_identification:_identify(bags) by extensions ['cmake', 'python']
[0.761s] Level 1:colcon.colcon_core.package_identification:_identify(bags) by extension 'cmake'
[0.761s] Level 1:colcon.colcon_core.package_identification:_identify(bags) by extension 'python'
[0.761s] Level 1:colcon.colcon_core.package_identification:_identify(bags) by extensions ['python_setup_py']
[0.761s] Level 1:colcon.colcon_core.package_identification:_identify(bags) by extension 'python_setup_py'
[0.761s] Level 1:colcon.colcon_core.package_identification:_identify(bags/camera_odom) by extensions ['ignore', 'ignore_ament_install']
[0.761s] Level 1:colcon.colcon_core.package_identification:_identify(bags/camera_odom) by extension 'ignore'
[0.761s] Level 1:colcon.colcon_core.package_identification:_identify(bags/camera_odom) by extension 'ignore_ament_install'
[0.762s] Level 1:colcon.colcon_core.package_identification:_identify(bags/camera_odom) by extensions ['colcon_pkg']
[0.762s] Level 1:colcon.colcon_core.package_identification:_identify(bags/camera_odom) by extension 'colcon_pkg'
[0.762s] Level 1:colcon.colcon_core.package_identification:_identify(bags/camera_odom) by extensions ['colcon_meta']
[0.762s] Level 1:colcon.colcon_core.package_identification:_identify(bags/camera_odom) by extension 'colcon_meta'
[0.762s] Level 1:colcon.colcon_core.package_identification:_identify(bags/camera_odom) by extensions ['ros']
[0.762s] Level 1:colcon.colcon_core.package_identification:_identify(bags/camera_odom) by extension 'ros'
[0.762s] Level 1:colcon.colcon_core.package_identification:_identify(bags/camera_odom) by extensions ['cmake', 'python']
[0.762s] Level 1:colcon.colcon_core.package_identification:_identify(bags/camera_odom) by extension 'cmake'
[0.762s] Level 1:colcon.colcon_core.package_identification:_identify(bags/camera_odom) by extension 'python'
[0.762s] Level 1:colcon.colcon_core.package_identification:_identify(bags/camera_odom) by extensions ['python_setup_py']
[0.762s] Level 1:colcon.colcon_core.package_identification:_identify(bags/camera_odom) by extension 'python_setup_py'
[0.763s] Level 1:colcon.colcon_core.package_identification:_identify(bags/ekf_raw_teleop_01) by extensions ['ignore', 'ignore_ament_install']
[0.763s] Level 1:colcon.colcon_core.package_identification:_identify(bags/ekf_raw_teleop_01) by extension 'ignore'
[0.763s] Level 1:colcon.colcon_core.package_identification:_identify(bags/ekf_raw_teleop_01) by extension 'ignore_ament_install'
[0.763s] Level 1:colcon.colcon_core.package_identification:_identify(bags/ekf_raw_teleop_01) by extensions ['colcon_pkg']
[0.763s] Level 1:colcon.colcon_core.package_identification:_identify(bags/ekf_raw_teleop_01) by extension 'colcon_pkg'
[0.763s] Level 1:colcon.colcon_core.package_identification:_identify(bags/ekf_raw_teleop_01) by extensions ['colcon_meta']
[0.763s] Level 1:colcon.colcon_core.package_identification:_identify(bags/ekf_raw_teleop_01) by extension 'colcon_meta'
[0.763s] Level 1:colcon.colcon_core.package_identification:_identify(bags/ekf_raw_teleop_01) by extensions ['ros']
[0.764s] Level 1:colcon.colcon_core.package_identification:_identify(bags/ekf_raw_teleop_01) by extension 'ros'
[0.764s] Level 1:colcon.colcon_core.package_identification:_identify(bags/ekf_raw_teleop_01) by extensions ['cmake', 'python']
[0.764s] Level 1:colcon.colcon_core.package_identification:_identify(bags/ekf_raw_teleop_01) by extension 'cmake'
[0.764s] Level 1:colcon.colcon_core.package_identification:_identify(bags/ekf_raw_teleop_01) by extension 'python'
[0.764s] Level 1:colcon.colcon_core.package_identification:_identify(bags/ekf_raw_teleop_01) by extensions ['python_setup_py']
[0.764s] Level 1:colcon.colcon_core.package_identification:_identify(bags/ekf_raw_teleop_01) by extension 'python_setup_py'
[0.764s] Level 1:colcon.colcon_core.package_identification:_identify(bags/result_wheel_ekf) by extensions ['ignore', 'ignore_ament_install']
[0.764s] Level 1:colcon.colcon_core.package_identification:_identify(bags/result_wheel_ekf) by extension 'ignore'
[0.765s] Level 1:colcon.colcon_core.package_identification:_identify(bags/result_wheel_ekf) by extension 'ignore_ament_install'
[0.765s] Level 1:colcon.colcon_core.package_identification:_identify(bags/result_wheel_ekf) by extensions ['colcon_pkg']
[0.765s] Level 1:colcon.colcon_core.package_identification:_identify(bags/result_wheel_ekf) by extension 'colcon_pkg'
[0.765s] Level 1:colcon.colcon_core.package_identification:_identify(bags/result_wheel_ekf) by extensions ['colcon_meta']
[0.765s] Level 1:colcon.colcon_core.package_identification:_identify(bags/result_wheel_ekf) by extension 'colcon_meta'
[0.765s] Level 1:colcon.colcon_core.package_identification:_identify(bags/result_wheel_ekf) by extensions ['ros']
[0.765s] Level 1:colcon.colcon_core.package_identification:_identify(bags/result_wheel_ekf) by extension 'ros'
[0.765s] Level 1:colcon.colcon_core.package_identification:_identify(bags/result_wheel_ekf) by extensions ['cmake', 'python']
[0.765s] Level 1:colcon.colcon_core.package_identification:_identify(bags/result_wheel_ekf) by extension 'cmake'
[0.766s] Level 1:colcon.colcon_core.package_identification:_identify(bags/result_wheel_ekf) by extension 'python'
[0.766s] Level 1:colcon.colcon_core.package_identification:_identify(bags/result_wheel_ekf) by extensions ['python_setup_py']
[0.766s] Level 1:colcon.colcon_core.package_identification:_identify(bags/result_wheel_ekf) by extension 'python_setup_py'
[0.766s] Level 1:colcon.colcon_core.package_identification:_identify(bags/wheel_odom) by extensions ['ignore', 'ignore_ament_install']
[0.766s] Level 1:colcon.colcon_core.package_identification:_identify(bags/wheel_odom) by extension 'ignore'
[0.766s] Level 1:colcon.colcon_core.package_identification:_identify(bags/wheel_odom) by extension 'ignore_ament_install'
[0.766s] Level 1:colcon.colcon_core.package_identification:_identify(bags/wheel_odom) by extensions ['colcon_pkg']
[0.766s] Level 1:colcon.colcon_core.package_identification:_identify(bags/wheel_odom) by extension 'colcon_pkg'
[0.766s] Level 1:colcon.colcon_core.package_identification:_identify(bags/wheel_odom) by extensions ['colcon_meta']
[0.767s] Level 1:colcon.colcon_core.package_identification:_identify(bags/wheel_odom) by extension 'colcon_meta'
[0.767s] Level 1:colcon.colcon_core.package_identification:_identify(bags/wheel_odom) by extensions ['ros']
[0.767s] Level 1:colcon.colcon_core.package_identification:_identify(bags/wheel_odom) by extension 'ros'
[0.767s] Level 1:colcon.colcon_core.package_identification:_identify(bags/wheel_odom) by extensions ['cmake', 'python']
[0.767s] Level 1:colcon.colcon_core.package_identification:_identify(bags/wheel_odom) by extension 'cmake'
[0.767s] Level 1:colcon.colcon_core.package_identification:_identify(bags/wheel_odom) by extension 'python'
[0.767s] Level 1:colcon.colcon_core.package_identification:_identify(bags/wheel_odom) by extensions ['python_setup_py']
[0.767s] Level 1:colcon.colcon_core.package_identification:_identify(bags/wheel_odom) by extension 'python_setup_py'
[0.767s] Level 1:colcon.colcon_core.package_identification:_identify(build) by extensions ['ignore', 'ignore_ament_install']
[0.768s] Level 1:colcon.colcon_core.package_identification:_identify(build) by extension 'ignore'
[0.768s] Level 1:colcon.colcon_core.package_identification:_identify(build) ignored
[0.768s] Level 1:colcon.colcon_core.package_identification:_identify(config) by extensions ['ignore', 'ignore_ament_install']
[0.768s] Level 1:colcon.colcon_core.package_identification:_identify(config) by extension 'ignore'
[0.768s] Level 1:colcon.colcon_core.package_identification:_identify(config) by extension 'ignore_ament_install'
[0.768s] Level 1:colcon.colcon_core.package_identification:_identify(config) by extensions ['colcon_pkg']
[0.769s] Level 1:colcon.colcon_core.package_identification:_identify(config) by extension 'colcon_pkg'
[0.769s] Level 1:colcon.colcon_core.package_identification:_identify(config) by extensions ['colcon_meta']
[0.769s] Level 1:colcon.colcon_core.package_identification:_identify(config) by extension 'colcon_meta'
[0.769s] Level 1:colcon.colcon_core.package_identification:_identify(config) by extensions ['ros']
[0.769s] Level 1:colcon.colcon_core.package_identification:_identify(config) by extension 'ros'
[0.769s] Level 1:colcon.colcon_core.package_identification:_identify(config) by extensions ['cmake', 'python']
[0.769s] Level 1:colcon.colcon_core.package_identification:_identify(config) by extension 'cmake'
[0.769s] Level 1:colcon.colcon_core.package_identification:_identify(config) by extension 'python'
[0.769s] Level 1:colcon.colcon_core.package_identification:_identify(config) by extensions ['python_setup_py']
[0.769s] Level 1:colcon.colcon_core.package_identification:_identify(config) by extension 'python_setup_py'
[0.770s] Level 1:colcon.colcon_core.package_identification:_identify(debug) by extensions ['ignore', 'ignore_ament_install']
[0.770s] Level 1:colcon.colcon_core.package_identification:_identify(debug) by extension 'ignore'
[0.770s] Level 1:colcon.colcon_core.package_identification:_identify(debug) by extension 'ignore_ament_install'
[0.770s] Level 1:colcon.colcon_core.package_identification:_identify(debug) by extensions ['colcon_pkg']
[0.770s] Level 1:colcon.colcon_core.package_identification:_identify(debug) by extension 'colcon_pkg'
[0.770s] Level 1:colcon.colcon_core.package_identification:_identify(debug) by extensions ['colcon_meta']
[0.770s] Level 1:colcon.colcon_core.package_identification:_identify(debug) by extension 'colcon_meta'
[0.770s] Level 1:colcon.colcon_core.package_identification:_identify(debug) by extensions ['ros']
[0.770s] Level 1:colcon.colcon_core.package_identification:_identify(debug) by extension 'ros'
[0.771s] Level 1:colcon.colcon_core.package_identification:_identify(debug) by extensions ['cmake', 'python']
[0.771s] Level 1:colcon.colcon_core.package_identification:_identify(debug) by extension 'cmake'
[0.771s] Level 1:colcon.colcon_core.package_identification:_identify(debug) by extension 'python'
[0.771s] Level 1:colcon.colcon_core.package_identification:_identify(debug) by extensions ['python_setup_py']
[0.771s] Level 1:colcon.colcon_core.package_identification:_identify(debug) by extension 'python_setup_py'
[0.771s] Level 1:colcon.colcon_core.package_identification:_identify(install) by extensions ['ignore', 'ignore_ament_install']
[0.771s] Level 1:colcon.colcon_core.package_identification:_identify(install) by extension 'ignore'
[0.772s] Level 1:colcon.colcon_core.package_identification:_identify(install) ignored
[0.772s] Level 1:colcon.colcon_core.package_identification:_identify(log) by extensions ['ignore', 'ignore_ament_install']
[0.772s] Level 1:colcon.colcon_core.package_identification:_identify(log) by extension 'ignore'
[0.772s] Level 1:colcon.colcon_core.package_identification:_identify(log) ignored
[0.772s] Level 1:colcon.colcon_core.package_identification:_identify(ros_logs) by extensions ['ignore', 'ignore_ament_install']
[0.772s] Level 1:colcon.colcon_core.package_identification:_identify(ros_logs) by extension 'ignore'
[0.772s] Level 1:colcon.colcon_core.package_identification:_identify(ros_logs) by extension 'ignore_ament_install'
[0.773s] Level 1:colcon.colcon_core.package_identification:_identify(ros_logs) by extensions ['colcon_pkg']
[0.773s] Level 1:colcon.colcon_core.package_identification:_identify(ros_logs) by extension 'colcon_pkg'
[0.773s] Level 1:colcon.colcon_core.package_identification:_identify(ros_logs) by extensions ['colcon_meta']
[0.773s] Level 1:colcon.colcon_core.package_identification:_identify(ros_logs) by extension 'colcon_meta'
[0.773s] Level 1:colcon.colcon_core.package_identification:_identify(ros_logs) by extensions ['ros']
[0.773s] Level 1:colcon.colcon_core.package_identification:_identify(ros_logs) by extension 'ros'
[0.773s] Level 1:colcon.colcon_core.package_identification:_identify(ros_logs) by extensions ['cmake', 'python']
[0.773s] Level 1:colcon.colcon_core.package_identification:_identify(ros_logs) by extension 'cmake'
[0.773s] Level 1:colcon.colcon_core.package_identification:_identify(ros_logs) by extension 'python'
[0.774s] Level 1:colcon.colcon_core.package_identification:_identify(ros_logs) by extensions ['python_setup_py']
[0.774s] Level 1:colcon.colcon_core.package_identification:_identify(ros_logs) by extension 'python_setup_py'
[0.774s] Level 1:colcon.colcon_core.package_identification:_identify(src) by extensions ['ignore', 'ignore_ament_install']
[0.774s] Level 1:colcon.colcon_core.package_identification:_identify(src) by extension 'ignore'
[0.774s] Level 1:colcon.colcon_core.package_identification:_identify(src) by extension 'ignore_ament_install'
[0.774s] Level 1:colcon.colcon_core.package_identification:_identify(src) by extensions ['colcon_pkg']
[0.774s] Level 1:colcon.colcon_core.package_identification:_identify(src) by extension 'colcon_pkg'
[0.774s] Level 1:colcon.colcon_core.package_identification:_identify(src) by extensions ['colcon_meta']
[0.774s] Level 1:colcon.colcon_core.package_identification:_identify(src) by extension 'colcon_meta'
[0.775s] Level 1:colcon.colcon_core.package_identification:_identify(src) by extensions ['ros']
[0.775s] Level 1:colcon.colcon_core.package_identification:_identify(src) by extension 'ros'
[0.775s] Level 1:colcon.colcon_core.package_identification:_identify(src) by extensions ['cmake', 'python']
[0.775s] Level 1:colcon.colcon_core.package_identification:_identify(src) by extension 'cmake'
[0.775s] Level 1:colcon.colcon_core.package_identification:_identify(src) by extension 'python'
[0.775s] Level 1:colcon.colcon_core.package_identification:_identify(src) by extensions ['python_setup_py']
[0.775s] Level 1:colcon.colcon_core.package_identification:_identify(src) by extension 'python_setup_py'
[0.775s] Level 1:colcon.colcon_core.package_identification:_identify(src/camera_perception_pkg) by extensions ['ignore', 'ignore_ament_install']
[0.776s] Level 1:colcon.colcon_core.package_identification:_identify(src/camera_perception_pkg) by extension 'ignore'
[0.776s] Level 1:colcon.colcon_core.package_identification:_identify(src/camera_perception_pkg) by extension 'ignore_ament_install'
[0.776s] Level 1:colcon.colcon_core.package_identification:_identify(src/camera_perception_pkg) by extensions ['colcon_pkg']
[0.776s] Level 1:colcon.colcon_core.package_identification:_identify(src/camera_perception_pkg) by extension 'colcon_pkg'
[0.776s] Level 1:colcon.colcon_core.package_identification:_identify(src/camera_perception_pkg) by extensions ['colcon_meta']
[0.776s] Level 1:colcon.colcon_core.package_identification:_identify(src/camera_perception_pkg) by extension 'colcon_meta'
[0.776s] Level 1:colcon.colcon_core.package_identification:_identify(src/camera_perception_pkg) by extensions ['ros']
[0.776s] Level 1:colcon.colcon_core.package_identification:_identify(src/camera_perception_pkg) by extension 'ros'
[0.782s] DEBUG:colcon.colcon_core.package_identification:Package 'src/camera_perception_pkg' with type 'ros.ament_python' and name 'camera_perception_pkg'
[0.782s] Level 1:colcon.colcon_core.package_identification:_identify(src/config) by extensions ['ignore', 'ignore_ament_install']
[0.783s] Level 1:colcon.colcon_core.package_identification:_identify(src/config) by extension 'ignore'
[0.783s] Level 1:colcon.colcon_core.package_identification:_identify(src/config) by extension 'ignore_ament_install'
[0.783s] Level 1:colcon.colcon_core.package_identification:_identify(src/config) by extensions ['colcon_pkg']
[0.783s] Level 1:colcon.colcon_core.package_identification:_identify(src/config) by extension 'colcon_pkg'
[0.783s] Level 1:colcon.colcon_core.package_identification:_identify(src/config) by extensions ['colcon_meta']
[0.783s] Level 1:colcon.colcon_core.package_identification:_identify(src/config) by extension 'colcon_meta'
[0.783s] Level 1:colcon.colcon_core.package_identification:_identify(src/config) by extensions ['ros']
[0.783s] Level 1:colcon.colcon_core.package_identification:_identify(src/config) by extension 'ros'
[0.784s] Level 1:colcon.colcon_core.package_identification:_identify(src/config) by extensions ['cmake', 'python']
[0.784s] Level 1:colcon.colcon_core.package_identification:_identify(src/config) by extension 'cmake'
[0.784s] Level 1:colcon.colcon_core.package_identification:_identify(src/config) by extension 'python'
[0.784s] Level 1:colcon.colcon_core.package_identification:_identify(src/config) by extensions ['python_setup_py']
[0.784s] Level 1:colcon.colcon_core.package_identification:_identify(src/config) by extension 'python_setup_py'
[0.784s] Level 1:colcon.colcon_core.package_identification:_identify(src/debug_pkg) by extensions ['ignore', 'ignore_ament_install']
[0.784s] Level 1:colcon.colcon_core.package_identification:_identify(src/debug_pkg) by extension 'ignore'
[0.785s] Level 1:colcon.colcon_core.package_identification:_identify(src/debug_pkg) by extension 'ignore_ament_install'
[0.785s] Level 1:colcon.colcon_core.package_identification:_identify(src/debug_pkg) by extensions ['colcon_pkg']
[0.785s] Level 1:colcon.colcon_core.package_identification:_identify(src/debug_pkg) by extension 'colcon_pkg'
[0.785s] Level 1:colcon.colcon_core.package_identification:_identify(src/debug_pkg) by extensions ['colcon_meta']
[0.785s] Level 1:colcon.colcon_core.package_identification:_identify(src/debug_pkg) by extension 'colcon_meta'
[0.785s] Level 1:colcon.colcon_core.package_identification:_identify(src/debug_pkg) by extensions ['ros']
[0.785s] Level 1:colcon.colcon_core.package_identification:_identify(src/debug_pkg) by extension 'ros'
[0.786s] DEBUG:colcon.colcon_core.package_identification:Package 'src/debug_pkg' with type 'ros.ament_python' and name 'debug_pkg'
[0.787s] Level 1:colcon.colcon_core.package_identification:_identify(src/decision_making_pkg) by extensions ['ignore', 'ignore_ament_install']
[0.787s] Level 1:colcon.colcon_core.package_identification:_identify(src/decision_making_pkg) by extension 'ignore'
[0.787s] Level 1:colcon.colcon_core.package_identification:_identify(src/decision_making_pkg) by extension 'ignore_ament_install'
[0.787s] Level 1:colcon.colcon_core.package_identification:_identify(src/decision_making_pkg) by extensions ['colcon_pkg']
[0.787s] Level 1:colcon.colcon_core.package_identification:_identify(src/decision_making_pkg) by extension 'colcon_pkg'
[0.787s] Level 1:colcon.colcon_core.package_identification:_identify(src/decision_making_pkg) by extensions ['colcon_meta']
[0.787s] Level 1:colcon.colcon_core.package_identification:_identify(src/decision_making_pkg) by extension 'colcon_meta'
[0.788s] Level 1:colcon.colcon_core.package_identification:_identify(src/decision_making_pkg) by extensions ['ros']
[0.788s] Level 1:colcon.colcon_core.package_identification:_identify(src/decision_making_pkg) by extension 'ros'
[0.789s] DEBUG:colcon.colcon_core.package_identification:Package 'src/decision_making_pkg' with type 'ros.ament_python' and name 'decision_making_pkg'
[0.790s] Level 1:colcon.colcon_core.package_identification:_identify(src/interfaces_pkg) by extensions ['ignore', 'ignore_ament_install']
[0.790s] Level 1:colcon.colcon_core.package_identification:_identify(src/interfaces_pkg) by extension 'ignore'
[0.790s] Level 1:colcon.colcon_core.package_identification:_identify(src/interfaces_pkg) by extension 'ignore_ament_install'
[0.790s] Level 1:colcon.colcon_core.package_identification:_identify(src/interfaces_pkg) by extensions ['colcon_pkg']
[0.790s] Level 1:colcon.colcon_core.package_identification:_identify(src/interfaces_pkg) by extension 'colcon_pkg'
[0.790s] Level 1:colcon.colcon_core.package_identification:_identify(src/interfaces_pkg) by extensions ['colcon_meta']
[0.790s] Level 1:colcon.colcon_core.package_identification:_identify(src/interfaces_pkg) by extension 'colcon_meta'
[0.791s] Level 1:colcon.colcon_core.package_identification:_identify(src/interfaces_pkg) by extensions ['ros']
[0.791s] Level 1:colcon.colcon_core.package_identification:_identify(src/interfaces_pkg) by extension 'ros'
[0.792s] DEBUG:colcon.colcon_core.package_identification:Package 'src/interfaces_pkg' with type 'ros.ament_cmake' and name 'interfaces_pkg'
[0.792s] Level 1:colcon.colcon_core.package_identification:_identify(src/localizer_server) by extensions ['ignore', 'ignore_ament_install']
[0.792s] Level 1:colcon.colcon_core.package_identification:_identify(src/localizer_server) by extension 'ignore'
[0.792s] Level 1:colcon.colcon_core.package_identification:_identify(src/localizer_server) by extension 'ignore_ament_install'
[0.793s] Level 1:colcon.colcon_core.package_identification:_identify(src/localizer_server) by extensions ['colcon_pkg']
[0.793s] Level 1:colcon.colcon_core.package_identification:_identify(src/localizer_server) by extension 'colcon_pkg'
[0.793s] Level 1:colcon.colcon_core.package_identification:_identify(src/localizer_server) by extensions ['colcon_meta']
[0.793s] Level 1:colcon.colcon_core.package_identification:_identify(src/localizer_server) by extension 'colcon_meta'
[0.793s] Level 1:colcon.colcon_core.package_identification:_identify(src/localizer_server) by extensions ['ros']
[0.793s] Level 1:colcon.colcon_core.package_identification:_identify(src/localizer_server) by extension 'ros'
[0.794s] DEBUG:colcon.colcon_core.package_identification:Package 'src/localizer_server' with type 'ros.ament_python' and name 'localizer_server'
[0.795s] Level 1:colcon.colcon_core.package_identification:_identify(src/sllidar_ros2) by extensions ['ignore', 'ignore_ament_install']
[0.795s] Level 1:colcon.colcon_core.package_identification:_identify(src/sllidar_ros2) by extension 'ignore'
[0.795s] Level 1:colcon.colcon_core.package_identification:_identify(src/sllidar_ros2) by extension 'ignore_ament_install'
[0.795s] Level 1:colcon.colcon_core.package_identification:_identify(src/sllidar_ros2) by extensions ['colcon_pkg']
[0.795s] Level 1:colcon.colcon_core.package_identification:_identify(src/sllidar_ros2) by extension 'colcon_pkg'
[0.795s] Level 1:colcon.colcon_core.package_identification:_identify(src/sllidar_ros2) by extensions ['colcon_meta']
[0.795s] Level 1:colcon.colcon_core.package_identification:_identify(src/sllidar_ros2) by extension 'colcon_meta'
[0.795s] Level 1:colcon.colcon_core.package_identification:_identify(src/sllidar_ros2) by extensions ['ros']
[0.796s] Level 1:colcon.colcon_core.package_identification:_identify(src/sllidar_ros2) by extension 'ros'
[0.797s] DEBUG:colcon.colcon_core.package_identification:Package 'src/sllidar_ros2' with type 'ros.ament_cmake' and name 'sllidar_ros2'
[0.797s] Level 1:colcon.colcon_core.package_identification:_identify(src/theimc_bringup) by extensions ['ignore', 'ignore_ament_install']
[0.797s] Level 1:colcon.colcon_core.package_identification:_identify(src/theimc_bringup) by extension 'ignore'
[0.797s] Level 1:colcon.colcon_core.package_identification:_identify(src/theimc_bringup) by extension 'ignore_ament_install'
[0.797s] Level 1:colcon.colcon_core.package_identification:_identify(src/theimc_bringup) by extensions ['colcon_pkg']
[0.798s] Level 1:colcon.colcon_core.package_identification:_identify(src/theimc_bringup) by extension 'colcon_pkg'
[0.798s] Level 1:colcon.colcon_core.package_identification:_identify(src/theimc_bringup) by extensions ['colcon_meta']
[0.798s] Level 1:colcon.colcon_core.package_identification:_identify(src/theimc_bringup) by extension 'colcon_meta'
[0.798s] Level 1:colcon.colcon_core.package_identification:_identify(src/theimc_bringup) by extensions ['ros']
[0.798s] Level 1:colcon.colcon_core.package_identification:_identify(src/theimc_bringup) by extension 'ros'
[0.799s] DEBUG:colcon.colcon_core.package_identification:Package 'src/theimc_bringup' with type 'ros.ament_python' and name 'theimc_bringup'
[0.800s] Level 1:colcon.colcon_core.package_identification:_identify(src/theimc_bt_nodes) by extensions ['ignore', 'ignore_ament_install']
[0.800s] Level 1:colcon.colcon_core.package_identification:_identify(src/theimc_bt_nodes) by extension 'ignore'
[0.800s] Level 1:colcon.colcon_core.package_identification:_identify(src/theimc_bt_nodes) by extension 'ignore_ament_install'
[0.800s] Level 1:colcon.colcon_core.package_identification:_identify(src/theimc_bt_nodes) by extensions ['colcon_pkg']
[0.800s] Level 1:colcon.colcon_core.package_identification:_identify(src/theimc_bt_nodes) by extension 'colcon_pkg'
[0.800s] Level 1:colcon.colcon_core.package_identification:_identify(src/theimc_bt_nodes) by extensions ['colcon_meta']
[0.800s] Level 1:colcon.colcon_core.package_identification:_identify(src/theimc_bt_nodes) by extension 'colcon_meta'
[0.800s] Level 1:colcon.colcon_core.package_identification:_identify(src/theimc_bt_nodes) by extensions ['ros']
[0.801s] Level 1:colcon.colcon_core.package_identification:_identify(src/theimc_bt_nodes) by extension 'ros'
[0.803s] DEBUG:colcon.colcon_core.package_identification:Package 'src/theimc_bt_nodes' with type 'ros.ament_cmake' and name 'theimc_bt_nodes'
[0.803s] Level 1:colcon.colcon_core.package_identification:_identify(src/theimc_description) by extensions ['ignore', 'ignore_ament_install']
[0.803s] Level 1:colcon.colcon_core.package_identification:_identify(src/theimc_description) by extension 'ignore'
[0.803s] Level 1:colcon.colcon_core.package_identification:_identify(src/theimc_description) by extension 'ignore_ament_install'
[0.803s] Level 1:colcon.colcon_core.package_identification:_identify(src/theimc_description) by extensions ['colcon_pkg']
[0.804s] Level 1:colcon.colcon_core.package_identification:_identify(src/theimc_description) by extension 'colcon_pkg'
[0.804s] Level 1:colcon.colcon_core.package_identification:_identify(src/theimc_description) by extensions ['colcon_meta']
[0.804s] Level 1:colcon.colcon_core.package_identification:_identify(src/theimc_description) by extension 'colcon_meta'
[0.804s] Level 1:colcon.colcon_core.package_identification:_identify(src/theimc_description) by extensions ['ros']
[0.804s] Level 1:colcon.colcon_core.package_identification:_identify(src/theimc_description) by extension 'ros'
[0.805s] DEBUG:colcon.colcon_core.package_identification:Package 'src/theimc_description' with type 'ros.ament_cmake' and name 'theimc_description'
[0.805s] Level 1:colcon.colcon_core.package_identification:_identify(src/theimc_navigation2) by extensions ['ignore', 'ignore_ament_install']
[0.806s] Level 1:colcon.colcon_core.package_identification:_identify(src/theimc_navigation2) by extension 'ignore'
[0.806s] Level 1:colcon.colcon_core.package_identification:_identify(src/theimc_navigation2) by extension 'ignore_ament_install'
[0.806s] Level 1:colcon.colcon_core.package_identification:_identify(src/theimc_navigation2) by extensions ['colcon_pkg']
[0.806s] Level 1:colcon.colcon_core.package_identification:_identify(src/theimc_navigation2) by extension 'colcon_pkg'
[0.806s] Level 1:colcon.colcon_core.package_identification:_identify(src/theimc_navigation2) by extensions ['colcon_meta']
[0.806s] Level 1:colcon.colcon_core.package_identification:_identify(src/theimc_navigation2) by extension 'colcon_meta'
[0.806s] Level 1:colcon.colcon_core.package_identification:_identify(src/theimc_navigation2) by extensions ['ros']
[0.806s] Level 1:colcon.colcon_core.package_identification:_identify(src/theimc_navigation2) by extension 'ros'
[0.809s] DEBUG:colcon.colcon_core.package_identification:Package 'src/theimc_navigation2' with type 'ros.ament_cmake' and name 'theimc_navigation2'
[0.809s] Level 1:colcon.colcon_core.package_identification:_identify(src/theimc_teleop) by extensions ['ignore', 'ignore_ament_install']
[0.809s] Level 1:colcon.colcon_core.package_identification:_identify(src/theimc_teleop) by extension 'ignore'
[0.809s] Level 1:colcon.colcon_core.package_identification:_identify(src/theimc_teleop) by extension 'ignore_ament_install'
[0.809s] Level 1:colcon.colcon_core.package_identification:_identify(src/theimc_teleop) by extensions ['colcon_pkg']
[0.809s] Level 1:colcon.colcon_core.package_identification:_identify(src/theimc_teleop) by extension 'colcon_pkg'
[0.810s] Level 1:colcon.colcon_core.package_identification:_identify(src/theimc_teleop) by extensions ['colcon_meta']
[0.810s] Level 1:colcon.colcon_core.package_identification:_identify(src/theimc_teleop) by extension 'colcon_meta'
[0.810s] Level 1:colcon.colcon_core.package_identification:_identify(src/theimc_teleop) by extensions ['ros']
[0.810s] Level 1:colcon.colcon_core.package_identification:_identify(src/theimc_teleop) by extension 'ros'
[0.811s] DEBUG:colcon.colcon_core.package_identification:Package 'src/theimc_teleop' with type 'ros.ament_python' and name 'theimc_teleop'
[0.811s] Level 1:colcon.colcon_core.package_discovery:discover_packages(recursive) using defaults
[0.811s] Level 1:colcon.colcon_core.package_discovery:discover_packages(ignore) discover
[0.811s] Level 1:colcon.colcon_core.package_discovery:discover_packages(ignore) using defaults
[0.811s] Level 1:colcon.colcon_core.package_discovery:discover_packages(path) discover
[0.811s] Level 1:colcon.colcon_core.package_discovery:discover_packages(path) using defaults
[0.895s] INFO:colcon.colcon_core.package_selection:Skipping not selected package 'camera_perception_pkg' in 'src/camera_perception_pkg'
[0.895s] INFO:colcon.colcon_core.package_selection:Skipping not selected package 'debug_pkg' in 'src/debug_pkg'
[0.895s] INFO:colcon.colcon_core.package_selection:Skipping not selected package 'interfaces_pkg' in 'src/interfaces_pkg'
[0.895s] INFO:colcon.colcon_core.package_selection:Skipping not selected package 'localizer_server' in 'src/localizer_server'
[0.895s] INFO:colcon.colcon_core.package_selection:Skipping not selected package 'sllidar_ros2' in 'src/sllidar_ros2'
[0.895s] INFO:colcon.colcon_core.package_selection:Skipping not selected package 'theimc_bringup' in 'src/theimc_bringup'
[0.895s] INFO:colcon.colcon_core.package_selection:Skipping not selected package 'theimc_description' in 'src/theimc_description'
[0.895s] INFO:colcon.colcon_core.package_selection:Skipping not selected package 'theimc_teleop' in 'src/theimc_teleop'
[0.895s] INFO:colcon.colcon_core.package_selection:Skipping not selected package 'decision_making_pkg' in 'src/decision_making_pkg'
[0.895s] INFO:colcon.colcon_core.package_selection:Skipping not selected package 'theimc_bt_nodes' in 'src/theimc_bt_nodes'
[0.896s] Level 1:colcon.colcon_core.package_discovery:discover_packages(prefix_path) check parameters
[0.896s] Level 1:colcon.colcon_core.package_discovery:discover_packages(prefix_path) discover
[0.903s] DEBUG:colcon.colcon_installed_package_information.package_discovery:Found 11 installed packages in /home/jeff/theimc_robot/install
[0.906s] DEBUG:colcon.colcon_installed_package_information.package_discovery:Found 354 installed packages in /opt/ros/humble
[0.909s] Level 1:colcon.colcon_core.package_discovery:discover_packages(prefix_path) using defaults
[1.004s] WARNING:colcon.colcon_core.package_selection:Some selected packages are already built in one or more underlay workspaces:
	'theimc_navigation2' is in: /home/jeff/theimc_robot/install/theimc_navigation2
If a package in a merged underlay workspace is overridden and it installs headers, then all packages in the overlay must sort their include directories by workspace order. Failure to do so may result in build failures or undefined behavior at run time.
If the overridden package is used by another package in any underlay, then the overriding package in the overlay must be API and ABI compatible or undefined behavior at run time may occur.

If you understand the risks and want to override a package anyways, add the following to the command line:
	--allow-overriding theimc_navigation2

This may be promoted to an error in a future release of colcon-override-check.
[1.006s] Level 5:colcon.colcon_core.verb:set package 'theimc_navigation2' build argument 'cmake_args' from command line to 'None'
[1.007s] Level 5:colcon.colcon_core.verb:set package 'theimc_navigation2' build argument 'cmake_target' from command line to 'None'
[1.007s] Level 5:colcon.colcon_core.verb:set package 'theimc_navigation2' build argument 'cmake_target_skip_unavailable' from command line to 'False'
[1.007s] Level 5:colcon.colcon_core.verb:set package 'theimc_navigation2' build argument 'cmake_clean_cache' from command line to 'False'
[1.007s] Level 5:colcon.colcon_core.verb:set package 'theimc_navigation2' build argument 'cmake_clean_first' from command line to 'False'
[1.007s] Level 5:colcon.colcon_core.verb:set package 'theimc_navigation2' build argument 'cmake_force_configure' from command line to 'False'
[1.007s] Level 5:colcon.colcon_core.verb:set package 'theimc_navigation2' build argument 'ament_cmake_args' from command line to 'None'
[1.007s] Level 5:colcon.colcon_core.verb:set package 'theimc_navigation2' build argument 'catkin_cmake_args' from command line to 'None'
[1.007s] Level 5:colcon.colcon_core.verb:set package 'theimc_navigation2' build argument 'catkin_skip_building_tests' from command line to 'False'
[1.007s] DEBUG:colcon.colcon_core.verb:Building package 'theimc_navigation2' with the following arguments: {'ament_cmake_args': None, 'build_base': '/home/jeff/theimc_robot/build/theimc_navigation2', 'catkin_cmake_args': None, 'catkin_skip_building_tests': False, 'cmake_args': None, 'cmake_clean_cache': False, 'cmake_clean_first': False, 'cmake_force_configure': False, 'cmake_target': None, 'cmake_target_skip_unavailable': False, 'install_base': '/home/jeff/theimc_robot/install/theimc_navigation2', 'merge_install': False, 'path': '/home/jeff/theimc_robot/src/theimc_navigation2', 'symlink_install': True, 'test_result_base': None}
[1.007s] INFO:colcon.colcon_core.executor:Executing jobs using 'parallel' executor
[1.010s] DEBUG:colcon.colcon_parallel_executor.executor.parallel:run_until_complete
[1.010s] INFO:colcon.colcon_ros.task.ament_cmake.build:Building ROS package in '/home/jeff/theimc_robot/src/theimc_navigation2' with build type 'ament_cmake'
[1.010s] INFO:colcon.colcon_cmake.task.cmake.build:Building CMake package in '/home/jeff/theimc_robot/src/theimc_navigation2'
[1.018s] INFO:colcon.colcon_core.plugin_system:Skipping extension 'colcon_core.shell.bat': Not used on non-Windows systems
[1.018s] INFO:colcon.colcon_core.shell:Skip shell extension 'powershell' for command environment: Not usable outside of PowerShell
[1.018s] DEBUG:colcon.colcon_core.shell:Skip shell extension 'dsv' for command environment
[1.036s] DEBUG:colcon.colcon_core.event_handler.log_command:Invoking command in '/home/jeff/theimc_robot/build/theimc_navigation2': CMAKE_PREFIX_PATH=${CMAKE_PREFIX_PATH}:/home/jeff/theimc_robot/install/theimc_teleop:/home/jeff/theimc_robot/install/theimc_bringup:/home/jeff/theimc_robot/install/localizer_server:/home/jeff/theimc_robot/install/decision_making_pkg:/home/jeff/theimc_robot/install/debug_pkg:/home/jeff/theimc_robot/install/camera_perception_pkg:/opt/ros/humble /usr/bin/cmake --build /home/jeff/theimc_robot/build/theimc_navigation2 -- -j6 -l6
[1.233s] DEBUG:colcon.colcon_core.event_handler.log_command:Invoked command in '/home/jeff/theimc_robot/build/theimc_navigation2' returned '0': CMAKE_PREFIX_PATH=${CMAKE_PREFIX_PATH}:/home/jeff/theimc_robot/install/theimc_teleop:/home/jeff/theimc_robot/install/theimc_bringup:/home/jeff/theimc_robot/install/localizer_server:/home/jeff/theimc_robot/install/decision_making_pkg:/home/jeff/theimc_robot/install/debug_pkg:/home/jeff/theimc_robot/install/camera_perception_pkg:/opt/ros/humble /usr/bin/cmake --build /home/jeff/theimc_robot/build/theimc_navigation2 -- -j6 -l6
[1.259s] DEBUG:colcon.colcon_core.event_handler.log_command:Invoking command in '/home/jeff/theimc_robot/build/theimc_navigation2': CMAKE_PREFIX_PATH=${CMAKE_PREFIX_PATH}:/home/jeff/theimc_robot/install/theimc_teleop:/home/jeff/theimc_robot/install/theimc_bringup:/home/jeff/theimc_robot/install/localizer_server:/home/jeff/theimc_robot/install/decision_making_pkg:/home/jeff/theimc_robot/install/debug_pkg:/home/jeff/theimc_robot/install/camera_perception_pkg:/opt/ros/humble /usr/bin/cmake --install /home/jeff/theimc_robot/build/theimc_navigation2
[1.361s] Level 1:colcon.colcon_core.environment:create_environment_scripts_only(theimc_navigation2)
[1.363s] DEBUG:colcon.colcon_core.event_handler.log_command:Invoked command in '/home/jeff/theimc_robot/build/theimc_navigation2' returned '0': CMAKE_PREFIX_PATH=${CMAKE_PREFIX_PATH}:/home/jeff/theimc_robot/install/theimc_teleop:/home/jeff/theimc_robot/install/theimc_bringup:/home/jeff/theimc_robot/install/localizer_server:/home/jeff/theimc_robot/install/decision_making_pkg:/home/jeff/theimc_robot/install/debug_pkg:/home/jeff/theimc_robot/install/camera_perception_pkg:/opt/ros/humble /usr/bin/cmake --install /home/jeff/theimc_robot/build/theimc_navigation2
[1.374s] Level 1:colcon.colcon_core.environment:checking '/home/jeff/theimc_robot/install/theimc_navigation2' for CMake module files
[1.375s] Level 1:colcon.colcon_core.environment:checking '/home/jeff/theimc_robot/install/theimc_navigation2' for CMake config files
[1.378s] Level 1:colcon.colcon_core.shell:create_environment_hook('theimc_navigation2', 'cmake_prefix_path')
[1.379s] INFO:colcon.colcon_core.shell:Creating environment hook '/home/jeff/theimc_robot/install/theimc_navigation2/share/theimc_navigation2/hook/cmake_prefix_path.ps1'
[1.381s] INFO:colcon.colcon_core.shell:Creating environment descriptor '/home/jeff/theimc_robot/install/theimc_navigation2/share/theimc_navigation2/hook/cmake_prefix_path.dsv'
[1.382s] INFO:colcon.colcon_core.shell:Creating environment hook '/home/jeff/theimc_robot/install/theimc_navigation2/share/theimc_navigation2/hook/cmake_prefix_path.sh'
[1.385s] Level 1:colcon.colcon_core.environment:checking '/home/jeff/theimc_robot/install/theimc_navigation2/lib'
[1.385s] Level 1:colcon.colcon_core.shell:create_environment_hook('theimc_navigation2', 'ld_library_path_lib')
[1.386s] INFO:colcon.colcon_core.shell:Creating environment hook '/home/jeff/theimc_robot/install/theimc_navigation2/share/theimc_navigation2/hook/ld_library_path_lib.ps1'
[1.387s] INFO:colcon.colcon_core.shell:Creating environment descriptor '/home/jeff/theimc_robot/install/theimc_navigation2/share/theimc_navigation2/hook/ld_library_path_lib.dsv'
[1.388s] INFO:colcon.colcon_core.shell:Creating environment hook '/home/jeff/theimc_robot/install/theimc_navigation2/share/theimc_navigation2/hook/ld_library_path_lib.sh'
[1.390s] Level 1:colcon.colcon_core.environment:checking '/home/jeff/theimc_robot/install/theimc_navigation2/bin'
[1.390s] Level 1:colcon.colcon_core.environment:checking '/home/jeff/theimc_robot/install/theimc_navigation2/lib/pkgconfig/theimc_navigation2.pc'
[1.391s] Level 1:colcon.colcon_core.environment:checking '/home/jeff/theimc_robot/install/theimc_navigation2/lib/python3.10/site-packages'
[1.391s] Level 1:colcon.colcon_core.environment:checking '/home/jeff/theimc_robot/install/theimc_navigation2/bin'
[1.392s] INFO:colcon.colcon_core.shell:Creating package script '/home/jeff/theimc_robot/install/theimc_navigation2/share/theimc_navigation2/package.ps1'
[1.396s] INFO:colcon.colcon_core.shell:Creating package descriptor '/home/jeff/theimc_robot/install/theimc_navigation2/share/theimc_navigation2/package.dsv'
[1.398s] INFO:colcon.colcon_core.shell:Creating package script '/home/jeff/theimc_robot/install/theimc_navigation2/share/theimc_navigation2/package.sh'
[1.399s] INFO:colcon.colcon_core.shell:Creating package script '/home/jeff/theimc_robot/install/theimc_navigation2/share/theimc_navigation2/package.bash'
[1.402s] INFO:colcon.colcon_core.shell:Creating package script '/home/jeff/theimc_robot/install/theimc_navigation2/share/theimc_navigation2/package.zsh'
[1.405s] Level 1:colcon.colcon_core.environment:create_file_with_runtime_dependencies(/home/jeff/theimc_robot/install/theimc_navigation2/share/colcon-core/packages/theimc_navigation2)
[1.407s] Level 1:colcon.colcon_core.environment:create_environment_scripts_only(theimc_navigation2)
[1.407s] Level 1:colcon.colcon_core.environment:checking '/home/jeff/theimc_robot/install/theimc_navigation2' for CMake module files
[1.409s] Level 1:colcon.colcon_core.environment:checking '/home/jeff/theimc_robot/install/theimc_navigation2' for CMake config files
[1.411s] Level 1:colcon.colcon_core.shell:create_environment_hook('theimc_navigation2', 'cmake_prefix_path')
[1.412s] INFO:colcon.colcon_core.shell:Creating environment hook '/home/jeff/theimc_robot/install/theimc_navigation2/share/theimc_navigation2/hook/cmake_prefix_path.ps1'
[1.413s] INFO:colcon.colcon_core.shell:Creating environment descriptor '/home/jeff/theimc_robot/install/theimc_navigation2/share/theimc_navigation2/hook/cmake_prefix_path.dsv'
[1.414s] INFO:colcon.colcon_core.shell:Creating environment hook '/home/jeff/theimc_robot/install/theimc_navigation2/share/theimc_navigation2/hook/cmake_prefix_path.sh'
[1.415s] Level 1:colcon.colcon_core.environment:checking '/home/jeff/theimc_robot/install/theimc_navigation2/lib'
[1.415s] Level 1:colcon.colcon_core.shell:create_environment_hook('theimc_navigation2', 'ld_library_path_lib')
[1.416s] INFO:colcon.colcon_core.shell:Creating environment hook '/home/jeff/theimc_robot/install/theimc_navigation2/share/theimc_navigation2/hook/ld_library_path_lib.ps1'
[1.417s] INFO:colcon.colcon_core.shell:Creating environment descriptor '/home/jeff/theimc_robot/install/theimc_navigation2/share/theimc_navigation2/hook/ld_library_path_lib.dsv'
[1.418s] INFO:colcon.colcon_core.shell:Creating environment hook '/home/jeff/theimc_robot/install/theimc_navigation2/share/theimc_navigation2/hook/ld_library_path_lib.sh'
[1.419s] Level 1:colcon.colcon_core.environment:checking '/home/jeff/theimc_robot/install/theimc_navigation2/bin'
[1.419s] Level 1:colcon.colcon_core.environment:checking '/home/jeff/theimc_robot/install/theimc_navigation2/lib/pkgconfig/theimc_navigation2.pc'
[1.419s] Level 1:colcon.colcon_core.environment:checking '/home/jeff/theimc_robot/install/theimc_navigation2/lib/python3.10/site-packages'
[1.420s] Level 1:colcon.colcon_core.environment:checking '/home/jeff/theimc_robot/install/theimc_navigation2/bin'
[1.421s] INFO:colcon.colcon_core.shell:Creating package script '/home/jeff/theimc_robot/install/theimc_navigation2/share/theimc_navigation2/package.ps1'
[1.423s] INFO:colcon.colcon_core.shell:Creating package descriptor '/home/jeff/theimc_robot/install/theimc_navigation2/share/theimc_navigation2/package.dsv'
[1.425s] INFO:colcon.colcon_core.shell:Creating package script '/home/jeff/theimc_robot/install/theimc_navigation2/share/theimc_navigation2/package.sh'
[1.426s] INFO:colcon.colcon_core.shell:Creating package script '/home/jeff/theimc_robot/install/theimc_navigation2/share/theimc_navigation2/package.bash'
[1.427s] INFO:colcon.colcon_core.shell:Creating package script '/home/jeff/theimc_robot/install/theimc_navigation2/share/theimc_navigation2/package.zsh'
[1.428s] Level 1:colcon.colcon_core.environment:create_file_with_runtime_dependencies(/home/jeff/theimc_robot/install/theimc_navigation2/share/colcon-core/packages/theimc_navigation2)
[1.428s] DEBUG:colcon.colcon_parallel_executor.executor.parallel:closing loop
[1.429s] DEBUG:colcon.colcon_parallel_executor.executor.parallel:loop closed
[1.429s] DEBUG:colcon.colcon_parallel_executor.executor.parallel:run_until_complete finished with '0'
[1.429s] DEBUG:colcon.colcon_core.event_reactor:joining thread
[1.431s] DEBUG:colcon.colcon_core.event_reactor:joined thread
[1.431s] INFO:colcon.colcon_core.shell:Creating prefix script '/home/jeff/theimc_robot/install/local_setup.ps1'
[1.434s] INFO:colcon.colcon_core.shell:Creating prefix util module '/home/jeff/theimc_robot/install/_local_setup_util_ps1.py'
[1.438s] INFO:colcon.colcon_core.shell:Creating prefix chain script '/home/jeff/theimc_robot/install/setup.ps1'
[1.442s] INFO:colcon.colcon_core.shell:Creating prefix script '/home/jeff/theimc_robot/install/local_setup.sh'
[1.444s] INFO:colcon.colcon_core.shell:Creating prefix util module '/home/jeff/theimc_robot/install/_local_setup_util_sh.py'
[1.445s] INFO:colcon.colcon_core.shell:Creating prefix chain script '/home/jeff/theimc_robot/install/setup.sh'
[1.449s] INFO:colcon.colcon_core.shell:Creating prefix script '/home/jeff/theimc_robot/install/local_setup.bash'
[1.450s] INFO:colcon.colcon_core.shell:Creating prefix chain script '/home/jeff/theimc_robot/install/setup.bash'
[1.453s] INFO:colcon.colcon_core.shell:Creating prefix script '/home/jeff/theimc_robot/install/local_setup.zsh'
[1.455s] INFO:colcon.colcon_core.shell:Creating prefix chain script '/home/jeff/theimc_robot/install/setup.zsh'
