[1.900s] Invoking command in '/home/jeff/theimc_robot/build/sllidar_ros2': CMAKE_PREFIX_PATH=${CMAKE_PREFIX_PATH}:/home/jeff/theimc_robot/install/theimc_teleop:/home/jeff/theimc_robot/install/theimc_bringup:/home/jeff/theimc_robot/install/localizer_server:/home/jeff/theimc_robot/install/decision_making_pkg:/home/jeff/theimc_robot/install/debug_pkg:/home/jeff/theimc_robot/install/camera_perception_pkg:/opt/ros/humble /usr/bin/cmake --build /home/jeff/theimc_robot/build/sllidar_ros2 -- -j6 -l6
[2.068s] [ 10%] Built target sllidar_client
[2.091s] [100%] Built target sllidar_node
[2.182s] Invoked command in '/home/jeff/theimc_robot/build/sllidar_ros2' returned '0': CMAKE_PREFIX_PATH=${CMAKE_PREFIX_PATH}:/home/jeff/theimc_robot/install/theimc_teleop:/home/jeff/theimc_robot/install/theimc_bringup:/home/jeff/theimc_robot/install/localizer_server:/home/jeff/theimc_robot/install/decision_making_pkg:/home/jeff/theimc_robot/install/debug_pkg:/home/jeff/theimc_robot/install/camera_perception_pkg:/opt/ros/humble /usr/bin/cmake --build /home/jeff/theimc_robot/build/sllidar_ros2 -- -j6 -l6
[2.184s] Invoking command in '/home/jeff/theimc_robot/build/sllidar_ros2': CMAKE_PREFIX_PATH=${CMAKE_PREFIX_PATH}:/home/jeff/theimc_robot/install/theimc_teleop:/home/jeff/theimc_robot/install/theimc_bringup:/home/jeff/theimc_robot/install/localizer_server:/home/jeff/theimc_robot/install/decision_making_pkg:/home/jeff/theimc_robot/install/debug_pkg:/home/jeff/theimc_robot/install/camera_perception_pkg:/opt/ros/humble /usr/bin/cmake --install /home/jeff/theimc_robot/build/sllidar_ros2
[2.210s] -- Install configuration: ""
[2.211s] -- Execute custom install script
[2.213s] -- Up-to-date symlink: /home/jeff/theimc_robot/install/sllidar_ros2/share/sllidar_ros2/launch/sllidar_a1_launch.py
[2.213s] -- Up-to-date symlink: /home/jeff/theimc_robot/install/sllidar_ros2/share/sllidar_ros2/launch/sllidar_a2m12_launch .py
[2.213s] -- Up-to-date symlink: /home/jeff/theimc_robot/install/sllidar_ros2/share/sllidar_ros2/launch/sllidar_a2m7_launch.py
[2.214s] -- Up-to-date symlink: /home/jeff/theimc_robot/install/sllidar_ros2/share/sllidar_ros2/launch/sllidar_a2m8_launch.py
[2.214s] -- Up-to-date symlink: /home/jeff/theimc_robot/install/sllidar_ros2/share/sllidar_ros2/launch/sllidar_a3_launch.py
[2.214s] -- Up-to-date symlink: /home/jeff/theimc_robot/install/sllidar_ros2/share/sllidar_ros2/launch/sllidar_c1_launch.py
[2.214s] -- Up-to-date symlink: /home/jeff/theimc_robot/install/sllidar_ros2/share/sllidar_ros2/launch/sllidar_s1_launch.py
[2.214s] -- Up-to-date symlink: /home/jeff/theimc_robot/install/sllidar_ros2/share/sllidar_ros2/launch/sllidar_s1_tcp_launch.py
[2.215s] -- Up-to-date symlink: /home/jeff/theimc_robot/install/sllidar_ros2/share/sllidar_ros2/launch/sllidar_s2_launch.py
[2.215s] -- Up-to-date symlink: /home/jeff/theimc_robot/install/sllidar_ros2/share/sllidar_ros2/launch/sllidar_s2e_launch.py
[2.215s] -- Up-to-date symlink: /home/jeff/theimc_robot/install/sllidar_ros2/share/sllidar_ros2/launch/sllidar_s3_launch.py
[2.215s] -- Up-to-date symlink: /home/jeff/theimc_robot/install/sllidar_ros2/share/sllidar_ros2/launch/sllidar_t1_launch.py
[2.216s] -- Up-to-date symlink: /home/jeff/theimc_robot/install/sllidar_ros2/share/sllidar_ros2/launch/view_sllidar_a1_launch.py
[2.216s] -- Up-to-date symlink: /home/jeff/theimc_robot/install/sllidar_ros2/share/sllidar_ros2/launch/view_sllidar_a2m12_launch.py
[2.216s] -- Up-to-date symlink: /home/jeff/theimc_robot/install/sllidar_ros2/share/sllidar_ros2/launch/view_sllidar_a2m7_launch.py
[2.217s] -- Up-to-date symlink: /home/jeff/theimc_robot/install/sllidar_ros2/share/sllidar_ros2/launch/view_sllidar_a2m8_launch.py
[2.217s] -- Up-to-date symlink: /home/jeff/theimc_robot/install/sllidar_ros2/share/sllidar_ros2/launch/view_sllidar_a3_launch.py
[2.217s] -- Up-to-date symlink: /home/jeff/theimc_robot/install/sllidar_ros2/share/sllidar_ros2/launch/view_sllidar_c1_launch.py
[2.217s] -- Up-to-date symlink: /home/jeff/theimc_robot/install/sllidar_ros2/share/sllidar_ros2/launch/view_sllidar_s1_launch.py
[2.217s] -- Up-to-date symlink: /home/jeff/theimc_robot/install/sllidar_ros2/share/sllidar_ros2/launch/view_sllidar_s1_tcp_launch.py
[2.218s] -- Up-to-date symlink: /home/jeff/theimc_robot/install/sllidar_ros2/share/sllidar_ros2/launch/view_sllidar_s2_launch.py
[2.218s] -- Up-to-date symlink: /home/jeff/theimc_robot/install/sllidar_ros2/share/sllidar_ros2/launch/view_sllidar_s2e_launch.py
[2.218s] -- Up-to-date symlink: /home/jeff/theimc_robot/install/sllidar_ros2/share/sllidar_ros2/launch/view_sllidar_s3_launch.py
[2.218s] -- Up-to-date symlink: /home/jeff/theimc_robot/install/sllidar_ros2/share/sllidar_ros2/launch/view_sllidar_t1_launch.py
[2.218s] -- Up-to-date symlink: /home/jeff/theimc_robot/install/sllidar_ros2/share/sllidar_ros2/rviz/sllidar_ros2.rviz
[2.219s] -- Up-to-date symlink: /home/jeff/theimc_robot/install/sllidar_ros2/lib/sllidar_ros2/sllidar_node
[2.219s] -- Up-to-date symlink: /home/jeff/theimc_robot/install/sllidar_ros2/lib/sllidar_ros2/sllidar_client
[2.219s] -- Up-to-date symlink: /home/jeff/theimc_robot/install/sllidar_ros2/share/ament_index/resource_index/package_run_dependencies/sllidar_ros2
[2.219s] -- Up-to-date symlink: /home/jeff/theimc_robot/install/sllidar_ros2/share/ament_index/resource_index/parent_prefix_path/sllidar_ros2
[2.219s] -- Up-to-date symlink: /home/jeff/theimc_robot/install/sllidar_ros2/share/sllidar_ros2/environment/ament_prefix_path.sh
[2.220s] -- Up-to-date symlink: /home/jeff/theimc_robot/install/sllidar_ros2/share/sllidar_ros2/environment/ament_prefix_path.dsv
[2.220s] -- Up-to-date symlink: /home/jeff/theimc_robot/install/sllidar_ros2/share/sllidar_ros2/environment/path.sh
[2.220s] -- Up-to-date symlink: /home/jeff/theimc_robot/install/sllidar_ros2/share/sllidar_ros2/environment/path.dsv
[2.221s] -- Up-to-date symlink: /home/jeff/theimc_robot/install/sllidar_ros2/share/sllidar_ros2/local_setup.bash
[2.230s] -- Up-to-date symlink: /home/jeff/theimc_robot/install/sllidar_ros2/share/sllidar_ros2/local_setup.sh
[2.230s] -- Up-to-date symlink: /home/jeff/theimc_robot/install/sllidar_ros2/share/sllidar_ros2/local_setup.zsh
[2.230s] -- Up-to-date symlink: /home/jeff/theimc_robot/install/sllidar_ros2/share/sllidar_ros2/local_setup.dsv
[2.230s] -- Symlinking: /home/jeff/theimc_robot/install/sllidar_ros2/share/sllidar_ros2/package.dsv
[2.241s] -- Up-to-date symlink: /home/jeff/theimc_robot/install/sllidar_ros2/share/ament_index/resource_index/packages/sllidar_ros2
[2.242s] -- Up-to-date symlink: /home/jeff/theimc_robot/install/sllidar_ros2/share/sllidar_ros2/cmake/ament_cmake_export_dependencies-extras.cmake
[2.242s] -- Up-to-date symlink: /home/jeff/theimc_robot/install/sllidar_ros2/share/sllidar_ros2/cmake/ament_cmake_export_include_directories-extras.cmake
[2.242s] -- Up-to-date symlink: /home/jeff/theimc_robot/install/sllidar_ros2/share/sllidar_ros2/cmake/sllidar_ros2Config.cmake
[2.242s] -- Up-to-date symlink: /home/jeff/theimc_robot/install/sllidar_ros2/share/sllidar_ros2/cmake/sllidar_ros2Config-version.cmake
[2.243s] -- Up-to-date symlink: /home/jeff/theimc_robot/install/sllidar_ros2/share/sllidar_ros2/package.xml
[2.866s] Invoked command in '/home/jeff/theimc_robot/build/sllidar_ros2' returned '0': CMAKE_PREFIX_PATH=${CMAKE_PREFIX_PATH}:/home/jeff/theimc_robot/install/theimc_teleop:/home/jeff/theimc_robot/install/theimc_bringup:/home/jeff/theimc_robot/install/localizer_server:/home/jeff/theimc_robot/install/decision_making_pkg:/home/jeff/theimc_robot/install/debug_pkg:/home/jeff/theimc_robot/install/camera_perception_pkg:/opt/ros/humble /usr/bin/cmake --install /home/jeff/theimc_robot/build/sllidar_ros2
