running develop
running egg_info
writing theimc_bringup.egg-info/PKG-INFO
writing dependency_links to theimc_bringup.egg-info/dependency_links.txt
writing entry points to theimc_bringup.egg-info/entry_points.txt
writing requirements to theimc_bringup.egg-info/requires.txt
writing top-level names to theimc_bringup.egg-info/top_level.txt
reading manifest file 'theimc_bringup.egg-info/SOURCES.txt'
writing manifest file 'theimc_bringup.egg-info/SOURCES.txt'
running build_ext
Creating /home/jeff/theimc_robot/install/theimc_bringup/lib/python3.10/site-packages/theimc-bringup.egg-link (link to .)
Installing bringup_node script to /home/jeff/theimc_robot/install/theimc_bringup/lib/theimc_bringup
Installing isaac_vslam_odom_adapter_node script to /home/jeff/theimc_robot/install/theimc_bringup/lib/theimc_bringup
Installing last_pose_manager_node script to /home/jeff/theimc_robot/install/theimc_bringup/lib/theimc_bringup
Installing robot_agent_node script to /home/jeff/theimc_robot/install/theimc_bringup/lib/theimc_bringup

Installed /home/jeff/theimc_robot/build/theimc_bringup
running symlink_data
symbolically linking /home/jeff/theimc_robot/build/theimc_bringup/resource/theimc_bringup -> /home/jeff/theimc_robot/install/theimc_bringup/share/ament_index/resource_index/packages
symbolically linking /home/jeff/theimc_robot/build/theimc_bringup/package.xml -> /home/jeff/theimc_robot/install/theimc_bringup/share/theimc_bringup
error: can't copy '/home/jeff/theimc_robot/build/theimc_bringup/launch/isaac_vslam_odom_test.launch.py': doesn't exist or not a regular file
