[2.960s] Invoking command in '/home/jeff/theimc_robot/build/theimc_bringup': PYTHONPATH=/home/jeff/theimc_robot/build/theimc_bringup/prefix_override:/usr/lib/python3/dist-packages/colcon_core/task/python/colcon_distutils_commands:/home/jeff/theimc_robot/install/theimc_bringup/lib/python3.10/site-packages:${PYTHONPATH} /usr/bin/python3 -W ignore:setup.py install is deprecated -W ignore:easy_install command is deprecated setup.py develop --editable --build-directory /home/jeff/theimc_robot/build/theimc_bringup/build --no-deps symlink_data --force
[3.550s] running develop
[3.918s] running egg_info
[3.918s] writing theimc_bringup.egg-info/PKG-INFO
[3.919s] writing dependency_links to theimc_bringup.egg-info/dependency_links.txt
[3.920s] writing entry points to theimc_bringup.egg-info/entry_points.txt
[3.920s] writing requirements to theimc_bringup.egg-info/requires.txt
[3.920s] writing top-level names to theimc_bringup.egg-info/top_level.txt
[3.925s] reading manifest file 'theimc_bringup.egg-info/SOURCES.txt'
[3.927s] writing manifest file 'theimc_bringup.egg-info/SOURCES.txt'
[3.930s] running build_ext
[3.931s] Creating /home/jeff/theimc_robot/install/theimc_bringup/lib/python3.10/site-packages/theimc-bringup.egg-link (link to .)
[3.933s] Installing bringup_node script to /home/jeff/theimc_robot/install/theimc_bringup/lib/theimc_bringup
[3.933s] Installing isaac_vslam_odom_adapter_node script to /home/jeff/theimc_robot/install/theimc_bringup/lib/theimc_bringup
[3.933s] Installing last_pose_manager_node script to /home/jeff/theimc_robot/install/theimc_bringup/lib/theimc_bringup
[3.934s] Installing robot_agent_node script to /home/jeff/theimc_robot/install/theimc_bringup/lib/theimc_bringup
[3.934s] 
[3.934s] Installed /home/jeff/theimc_robot/build/theimc_bringup
[3.934s] running symlink_data
[3.935s] symbolically linking /home/jeff/theimc_robot/build/theimc_bringup/resource/theimc_bringup -> /home/jeff/theimc_robot/install/theimc_bringup/share/ament_index/resource_index/packages
[3.935s] symbolically linking /home/jeff/theimc_robot/build/theimc_bringup/package.xml -> /home/jeff/theimc_robot/install/theimc_bringup/share/theimc_bringup
[3.935s] error: can't copy '/home/jeff/theimc_robot/build/theimc_bringup/launch/isaac_vslam_odom_test.launch.py': doesn't exist or not a regular file
[4.019s] Invoked command in '/home/jeff/theimc_robot/build/theimc_bringup' returned '1': PYTHONPATH=/home/jeff/theimc_robot/build/theimc_bringup/prefix_override:/usr/lib/python3/dist-packages/colcon_core/task/python/colcon_distutils_commands:/home/jeff/theimc_robot/install/theimc_bringup/lib/python3.10/site-packages:${PYTHONPATH} /usr/bin/python3 -W ignore:setup.py install is deprecated -W ignore:easy_install command is deprecated setup.py develop --editable --build-directory /home/jeff/theimc_robot/build/theimc_bringup/build --no-deps symlink_data --force
