[2.300s] Invoking command in '/home/jeff/theimc_robot/build/theimc_bringup': PYTHONPATH=/home/jeff/theimc_robot/build/theimc_bringup/prefix_override:/usr/lib/python3/dist-packages/colcon_core/task/python/colcon_distutils_commands:/home/jeff/theimc_robot/install/theimc_bringup/lib/python3.10/site-packages:${PYTHONPATH} /usr/bin/python3 -W ignore:setup.py install is deprecated -W ignore:easy_install command is deprecated setup.py develop --editable --build-directory /home/jeff/theimc_robot/build/theimc_bringup/build --no-deps symlink_data --force
[3.230s] running develop
[3.773s] running egg_info
[3.773s] writing theimc_bringup.egg-info/PKG-INFO
[3.778s] writing dependency_links to theimc_bringup.egg-info/dependency_links.txt
[3.778s] writing entry points to theimc_bringup.egg-info/entry_points.txt
[3.779s] writing requirements to theimc_bringup.egg-info/requires.txt
[3.779s] writing top-level names to theimc_bringup.egg-info/top_level.txt
[3.788s] reading manifest file 'theimc_bringup.egg-info/SOURCES.txt'
[3.798s] writing manifest file 'theimc_bringup.egg-info/SOURCES.txt'
[3.809s] running build_ext
[3.810s] Creating /home/jeff/theimc_robot/install/theimc_bringup/lib/python3.10/site-packages/theimc-bringup.egg-link (link to .)
[3.813s] Installing aruco_docker_node script to /home/jeff/theimc_robot/install/theimc_bringup/lib/theimc_bringup
[3.813s] Installing bringup_node script to /home/jeff/theimc_robot/install/theimc_bringup/lib/theimc_bringup
[3.814s] Installing isaac_vslam_odom_adapter_node script to /home/jeff/theimc_robot/install/theimc_bringup/lib/theimc_bringup
[3.814s] Installing last_pose_manager_node script to /home/jeff/theimc_robot/install/theimc_bringup/lib/theimc_bringup
[3.815s] Installing robot_agent_node script to /home/jeff/theimc_robot/install/theimc_bringup/lib/theimc_bringup
[3.817s] 
[3.817s] Installed /home/jeff/theimc_robot/build/theimc_bringup
[3.818s] running symlink_data
[3.818s] symbolically linking /home/jeff/theimc_robot/build/theimc_bringup/resource/theimc_bringup -> /home/jeff/theimc_robot/install/theimc_bringup/share/ament_index/resource_index/packages
[3.818s] symbolically linking /home/jeff/theimc_robot/build/theimc_bringup/package.xml -> /home/jeff/theimc_robot/install/theimc_bringup/share/theimc_bringup
[3.819s] symbolically linking /home/jeff/theimc_robot/build/theimc_bringup/launch/isaac_vslam_odom_test.launch.py -> /home/jeff/theimc_robot/install/theimc_bringup/share/theimc_bringup/launch
[3.819s] symbolically linking /home/jeff/theimc_robot/build/theimc_bringup/launch/isaac_vslam_d435.launch.py -> /home/jeff/theimc_robot/install/theimc_bringup/share/theimc_bringup/launch
[3.819s] symbolically linking /home/jeff/theimc_robot/build/theimc_bringup/launch/bringup_record.launch.py -> /home/jeff/theimc_robot/install/theimc_bringup/share/theimc_bringup/launch
[3.820s] symbolically linking /home/jeff/theimc_robot/build/theimc_bringup/launch/test_ekf.launch.py -> /home/jeff/theimc_robot/install/theimc_bringup/share/theimc_bringup/launch
[3.820s] symbolically linking /home/jeff/theimc_robot/build/theimc_bringup/launch/camera.launch.py -> /home/jeff/theimc_robot/install/theimc_bringup/share/theimc_bringup/launch
[3.822s] symbolically linking /home/jeff/theimc_robot/build/theimc_bringup/launch/theimc_bringup.launch.py -> /home/jeff/theimc_robot/install/theimc_bringup/share/theimc_bringup/launch
[3.823s] symbolically linking /home/jeff/theimc_robot/build/theimc_bringup/launch/theimc_bringup_basic.launch.py -> /home/jeff/theimc_robot/install/theimc_bringup/share/theimc_bringup/launch
[3.823s] symbolically linking /home/jeff/theimc_robot/build/theimc_bringup/launch/rail.launch.py -> /home/jeff/theimc_robot/install/theimc_bringup/share/theimc_bringup/launch
[3.824s] symbolically linking /home/jeff/theimc_robot/build/theimc_bringup/params/test_wheel_ekf.yaml -> /home/jeff/theimc_robot/install/theimc_bringup/share/theimc_bringup/params
[3.824s] symbolically linking /home/jeff/theimc_robot/build/theimc_bringup/params/ekf.yaml -> /home/jeff/theimc_robot/install/theimc_bringup/share/theimc_bringup/params
[3.824s] symbolically linking /home/jeff/theimc_robot/build/theimc_bringup/params/ekf_basic.yaml -> /home/jeff/theimc_robot/install/theimc_bringup/share/theimc_bringup/params
[3.824s] symbolically linking /home/jeff/theimc_robot/build/theimc_bringup/params/ekf_isaac_vslam_only.yaml -> /home/jeff/theimc_robot/install/theimc_bringup/share/theimc_bringup/params
[3.825s] symbolically linking /home/jeff/theimc_robot/build/theimc_bringup/params/scan_filter.yaml -> /home/jeff/theimc_robot/install/theimc_bringup/share/theimc_bringup/params
[3.825s] symbolically linking /home/jeff/theimc_robot/build/theimc_bringup/params/test_wheel_camera_ekf.yaml -> /home/jeff/theimc_robot/install/theimc_bringup/share/theimc_bringup/params
[3.826s] symbolically linking /home/jeff/theimc_robot/build/theimc_bringup/params/test_wheel_imu_ekf.yaml -> /home/jeff/theimc_robot/install/theimc_bringup/share/theimc_bringup/params
[3.827s] symbolically linking /home/jeff/theimc_robot/build/theimc_bringup/params/test_wheel_camera_imu_ekf.yaml -> /home/jeff/theimc_robot/install/theimc_bringup/share/theimc_bringup/params
[3.827s] symbolically linking /home/jeff/theimc_robot/build/theimc_bringup/params/theimc_ydlidar.yaml -> /home/jeff/theimc_robot/install/theimc_bringup/share/theimc_bringup/params
[3.828s] symbolically linking /home/jeff/theimc_robot/build/theimc_bringup/params/ekf_jinyoung.yaml -> /home/jeff/theimc_robot/install/theimc_bringup/share/theimc_bringup/params
[3.828s] symbolically linking /home/jeff/theimc_robot/build/theimc_bringup/params/vehicle_scan_filter.yaml -> /home/jeff/theimc_robot/install/theimc_bringup/share/theimc_bringup/params
[3.829s] symbolically linking /home/jeff/theimc_robot/build/theimc_bringup/rviz/theimc_bringup.rviz -> /home/jeff/theimc_robot/install/theimc_bringup/share/theimc_bringup/rviz
[3.942s] Invoked command in '/home/jeff/theimc_robot/build/theimc_bringup' returned '0': PYTHONPATH=/home/jeff/theimc_robot/build/theimc_bringup/prefix_override:/usr/lib/python3/dist-packages/colcon_core/task/python/colcon_distutils_commands:/home/jeff/theimc_robot/install/theimc_bringup/lib/python3.10/site-packages:${PYTHONPATH} /usr/bin/python3 -W ignore:setup.py install is deprecated -W ignore:easy_install command is deprecated setup.py develop --editable --build-directory /home/jeff/theimc_robot/build/theimc_bringup/build --no-deps symlink_data --force
