[0.048s] Invoking command in '/home/jeff/theimc_robot/build/interfaces_pkg': CMAKE_PREFIX_PATH=${CMAKE_PREFIX_PATH}:/home/jeff/theimc_robot/install/theimc_description:/home/jeff/theimc_robot/install/theimc_bringup:/home/jeff/theimc_robot/install/sllidar_ros2:/home/jeff/theimc_robot/install/localizer_server:/home/jeff/theimc_robot/install/decision_making_pkg:/home/jeff/theimc_robot/install/interfaces_pkg:/home/jeff/theimc_robot/install/debug_pkg:/home/jeff/theimc_robot/install/camera_perception_pkg:/opt/ros/humble /usr/bin/cmake /home/jeff/theimc_robot/src/interfaces_pkg -DAMENT_CMAKE_SYMLINK_INSTALL=1 -DCMAKE_INSTALL_PREFIX=/home/jeff/theimc_robot/install/interfaces_pkg
[0.685s] -- Found ament_cmake: 1.3.13 (/opt/ros/humble/share/ament_cmake/cmake)
[0.686s] -- Override CMake install command with custom implementation using symlinks instead of copying resources
[0.686s] -- Found rosidl_default_generators: 1.2.0 (/opt/ros/humble/share/rosidl_default_generators/cmake)
[0.687s] -- Using all available rosidl_typesupport_c: rosidl_typesupport_fastrtps_c;rosidl_typesupport_introspection_c
[0.687s] -- Found rosidl_adapter: 3.1.8 (/opt/ros/humble/share/rosidl_adapter/cmake)
[0.688s] -- Using all available rosidl_typesupport_cpp: rosidl_typesupport_fastrtps_cpp;rosidl_typesupport_introspection_cpp
[0.688s] -- Found std_msgs: 4.9.1 (/opt/ros/humble/share/std_msgs/cmake)
[0.689s] -- Found geometry_msgs: 4.9.1 (/opt/ros/humble/share/geometry_msgs/cmake)
[1.470s] -- Found ament_cmake_ros: 0.10.0 (/opt/ros/humble/share/ament_cmake_ros/cmake)
[2.033s] -- Using all available rosidl_typesupport_c: rosidl_typesupport_fastrtps_c;rosidl_typesupport_introspection_c
[2.850s] -- Using all available rosidl_typesupport_cpp: rosidl_typesupport_fastrtps_cpp;rosidl_typesupport_introspection_cpp
[2.905s] -- Found python_cmake_module: 0.10.0 (/opt/ros/humble/share/python_cmake_module/cmake)
[2.955s] -- Using PYTHON_EXECUTABLE: /usr/bin/python3
[2.956s] -- Using PYTHON_INCLUDE_DIRS: /usr/include/python3.10
[2.956s] -- Using PYTHON_LIBRARIES: /usr/lib/aarch64-linux-gnu/libpython3.10.so
[3.079s] -- Configuring done
[3.224s] -- Generating done
[3.260s] -- Build files have been written to: /home/jeff/theimc_robot/build/interfaces_pkg
[3.287s] Invoked command in '/home/jeff/theimc_robot/build/interfaces_pkg' returned '0': CMAKE_PREFIX_PATH=${CMAKE_PREFIX_PATH}:/home/jeff/theimc_robot/install/theimc_description:/home/jeff/theimc_robot/install/theimc_bringup:/home/jeff/theimc_robot/install/sllidar_ros2:/home/jeff/theimc_robot/install/localizer_server:/home/jeff/theimc_robot/install/decision_making_pkg:/home/jeff/theimc_robot/install/interfaces_pkg:/home/jeff/theimc_robot/install/debug_pkg:/home/jeff/theimc_robot/install/camera_perception_pkg:/opt/ros/humble /usr/bin/cmake /home/jeff/theimc_robot/src/interfaces_pkg -DAMENT_CMAKE_SYMLINK_INSTALL=1 -DCMAKE_INSTALL_PREFIX=/home/jeff/theimc_robot/install/interfaces_pkg
[3.291s] Invoking command in '/home/jeff/theimc_robot/build/interfaces_pkg': CMAKE_PREFIX_PATH=${CMAKE_PREFIX_PATH}:/home/jeff/theimc_robot/install/theimc_description:/home/jeff/theimc_robot/install/theimc_bringup:/home/jeff/theimc_robot/install/sllidar_ros2:/home/jeff/theimc_robot/install/localizer_server:/home/jeff/theimc_robot/install/decision_making_pkg:/home/jeff/theimc_robot/install/interfaces_pkg:/home/jeff/theimc_robot/install/debug_pkg:/home/jeff/theimc_robot/install/camera_perception_pkg:/opt/ros/humble /usr/bin/cmake --build /home/jeff/theimc_robot/build/interfaces_pkg -- -j6 -l6
[3.389s] [35m[1mConsolidate compiler generated dependencies of target interfaces_pkg__rosidl_generator_c[0m
[3.415s] [  0%] Built target interfaces_pkg__cpp
[3.421s] [  0%] Built target ament_cmake_python_symlink_interfaces_pkg
[3.435s] [ 12%] Built target interfaces_pkg__rosidl_generator_c
[3.445s] [35m[1mConsolidate compiler generated dependencies of target interfaces_pkg__rosidl_typesupport_cpp[0m
[3.452s] [35m[1mConsolidate compiler generated dependencies of target interfaces_pkg__rosidl_typesupport_introspection_cpp[0m
[3.457s] [35m[1mConsolidate compiler generated dependencies of target interfaces_pkg__rosidl_typesupport_fastrtps_cpp[0m
[3.468s] [35m[1mConsolidate compiler generated dependencies of target interfaces_pkg__rosidl_typesupport_fastrtps_c[0m
[3.471s] [35m[1mConsolidate compiler generated dependencies of target interfaces_pkg__rosidl_typesupport_introspection_c[0m
[3.516s] [ 24%] Built target interfaces_pkg__rosidl_typesupport_cpp
[3.531s] [ 37%] Built target interfaces_pkg__rosidl_typesupport_introspection_cpp
[3.531s] [ 48%] Built target interfaces_pkg__rosidl_typesupport_fastrtps_cpp
[3.539s] [ 60%] Built target interfaces_pkg__rosidl_typesupport_introspection_c
[3.540s] [35m[1mConsolidate compiler generated dependencies of target interfaces_pkg__rosidl_typesupport_c[0m
[3.548s] [ 72%] Built target interfaces_pkg__rosidl_typesupport_fastrtps_c
[3.571s] [ 84%] Built target interfaces_pkg__rosidl_typesupport_c
[3.609s] [ 84%] Built target interfaces_pkg
[3.650s] [ 85%] Built target interfaces_pkg__py
[3.677s] [35m[1mConsolidate compiler generated dependencies of target interfaces_pkg__rosidl_generator_py[0m
[3.728s] [ 96%] Built target interfaces_pkg__rosidl_generator_py
[3.748s] [35m[1mConsolidate compiler generated dependencies of target interfaces_pkg__rosidl_typesupport_c__pyext[0m
[3.749s] [35m[1mConsolidate compiler generated dependencies of target interfaces_pkg__rosidl_typesupport_fastrtps_c__pyext[0m
[3.749s] [35m[1mConsolidate compiler generated dependencies of target interfaces_pkg__rosidl_typesupport_introspection_c__pyext[0m
[3.778s] [ 98%] Built target interfaces_pkg__rosidl_typesupport_c__pyext
[3.778s] [ 98%] Built target interfaces_pkg__rosidl_typesupport_fastrtps_c__pyext
[3.780s] [100%] Built target interfaces_pkg__rosidl_typesupport_introspection_c__pyext
[4.021s] running egg_info
[4.022s] writing interfaces_pkg.egg-info/PKG-INFO
[4.023s] writing dependency_links to interfaces_pkg.egg-info/dependency_links.txt
[4.023s] writing top-level names to interfaces_pkg.egg-info/top_level.txt
[4.029s] reading manifest file 'interfaces_pkg.egg-info/SOURCES.txt'
[4.030s] writing manifest file 'interfaces_pkg.egg-info/SOURCES.txt'
[4.102s] [100%] Built target ament_cmake_python_build_interfaces_pkg_egg
[4.129s] Invoked command in '/home/jeff/theimc_robot/build/interfaces_pkg' returned '0': CMAKE_PREFIX_PATH=${CMAKE_PREFIX_PATH}:/home/jeff/theimc_robot/install/theimc_description:/home/jeff/theimc_robot/install/theimc_bringup:/home/jeff/theimc_robot/install/sllidar_ros2:/home/jeff/theimc_robot/install/localizer_server:/home/jeff/theimc_robot/install/decision_making_pkg:/home/jeff/theimc_robot/install/interfaces_pkg:/home/jeff/theimc_robot/install/debug_pkg:/home/jeff/theimc_robot/install/camera_perception_pkg:/opt/ros/humble /usr/bin/cmake --build /home/jeff/theimc_robot/build/interfaces_pkg -- -j6 -l6
[4.148s] Invoking command in '/home/jeff/theimc_robot/build/interfaces_pkg': CMAKE_PREFIX_PATH=${CMAKE_PREFIX_PATH}:/home/jeff/theimc_robot/install/theimc_description:/home/jeff/theimc_robot/install/theimc_bringup:/home/jeff/theimc_robot/install/sllidar_ros2:/home/jeff/theimc_robot/install/localizer_server:/home/jeff/theimc_robot/install/decision_making_pkg:/home/jeff/theimc_robot/install/interfaces_pkg:/home/jeff/theimc_robot/install/debug_pkg:/home/jeff/theimc_robot/install/camera_perception_pkg:/opt/ros/humble /usr/bin/cmake --install /home/jeff/theimc_robot/build/interfaces_pkg
[4.163s] -- Install configuration: ""
[4.165s] -- Execute custom install script
[4.165s] -- Up-to-date symlink: /home/jeff/theimc_robot/install/interfaces_pkg/share/ament_index/resource_index/rosidl_interfaces/interfaces_pkg
[4.167s] -- Up-to-date symlink: /home/jeff/theimc_robot/install/interfaces_pkg/include/interfaces_pkg/interfaces_pkg/action/detail/rail_approach__functions.h
[4.167s] -- Up-to-date symlink: /home/jeff/theimc_robot/install/interfaces_pkg/include/interfaces_pkg/interfaces_pkg/action/detail/rail_approach__struct.h
[4.168s] -- Up-to-date symlink: /home/jeff/theimc_robot/install/interfaces_pkg/include/interfaces_pkg/interfaces_pkg/action/detail/rail_approach__type_support.h
[4.168s] -- Up-to-date symlink: /home/jeff/theimc_robot/install/interfaces_pkg/include/interfaces_pkg/interfaces_pkg/action/rail_approach.h
[4.168s] -- Up-to-date symlink: /home/jeff/theimc_robot/install/interfaces_pkg/include/interfaces_pkg/interfaces_pkg/msg/bounding_box2_d.h
[4.168s] -- Up-to-date symlink: /home/jeff/theimc_robot/install/interfaces_pkg/include/interfaces_pkg/interfaces_pkg/msg/bounding_box3_d.h
[4.168s] -- Up-to-date symlink: /home/jeff/theimc_robot/install/interfaces_pkg/include/interfaces_pkg/interfaces_pkg/msg/detail/bounding_box2_d__functions.h
[4.169s] -- Up-to-date symlink: /home/jeff/theimc_robot/install/interfaces_pkg/include/interfaces_pkg/interfaces_pkg/msg/detail/bounding_box2_d__struct.h
[4.169s] -- Up-to-date symlink: /home/jeff/theimc_robot/install/interfaces_pkg/include/interfaces_pkg/interfaces_pkg/msg/detail/bounding_box2_d__type_support.h
[4.169s] -- Up-to-date symlink: /home/jeff/theimc_robot/install/interfaces_pkg/include/interfaces_pkg/interfaces_pkg/msg/detail/bounding_box3_d__functions.h
[4.169s] -- Up-to-date symlink: /home/jeff/theimc_robot/install/interfaces_pkg/include/interfaces_pkg/interfaces_pkg/msg/detail/bounding_box3_d__struct.h
[4.169s] -- Up-to-date symlink: /home/jeff/theimc_robot/install/interfaces_pkg/include/interfaces_pkg/interfaces_pkg/msg/detail/bounding_box3_d__type_support.h
[4.170s] -- Up-to-date symlink: /home/jeff/theimc_robot/install/interfaces_pkg/include/interfaces_pkg/interfaces_pkg/msg/detail/detection__functions.h
[4.170s] -- Up-to-date symlink: /home/jeff/theimc_robot/install/interfaces_pkg/include/interfaces_pkg/interfaces_pkg/msg/detail/detection__struct.h
[4.170s] -- Up-to-date symlink: /home/jeff/theimc_robot/install/interfaces_pkg/include/interfaces_pkg/interfaces_pkg/msg/detail/detection__type_support.h
[4.170s] -- Up-to-date symlink: /home/jeff/theimc_robot/install/interfaces_pkg/include/interfaces_pkg/interfaces_pkg/msg/detail/detection_array__functions.h
[4.170s] -- Up-to-date symlink: /home/jeff/theimc_robot/install/interfaces_pkg/include/interfaces_pkg/interfaces_pkg/msg/detail/detection_array__struct.h
[4.171s] -- Up-to-date symlink: /home/jeff/theimc_robot/install/interfaces_pkg/include/interfaces_pkg/interfaces_pkg/msg/detail/detection_array__type_support.h
[4.171s] -- Up-to-date symlink: /home/jeff/theimc_robot/install/interfaces_pkg/include/interfaces_pkg/interfaces_pkg/msg/detail/key_point2_d__functions.h
[4.171s] -- Up-to-date symlink: /home/jeff/theimc_robot/install/interfaces_pkg/include/interfaces_pkg/interfaces_pkg/msg/detail/key_point2_d__struct.h
[4.171s] -- Up-to-date symlink: /home/jeff/theimc_robot/install/interfaces_pkg/include/interfaces_pkg/interfaces_pkg/msg/detail/key_point2_d__type_support.h
[4.172s] -- Up-to-date symlink: /home/jeff/theimc_robot/install/interfaces_pkg/include/interfaces_pkg/interfaces_pkg/msg/detail/key_point2_d_array__functions.h
[4.172s] -- Up-to-date symlink: /home/jeff/theimc_robot/install/interfaces_pkg/include/interfaces_pkg/interfaces_pkg/msg/detail/key_point2_d_array__struct.h
[4.172s] -- Up-to-date symlink: /home/jeff/theimc_robot/install/interfaces_pkg/include/interfaces_pkg/interfaces_pkg/msg/detail/key_point2_d_array__type_support.h
[4.172s] -- Up-to-date symlink: /home/jeff/theimc_robot/install/interfaces_pkg/include/interfaces_pkg/interfaces_pkg/msg/detail/key_point3_d__functions.h
[4.173s] -- Up-to-date symlink: /home/jeff/theimc_robot/install/interfaces_pkg/include/interfaces_pkg/interfaces_pkg/msg/detail/key_point3_d__struct.h
[4.173s] -- Up-to-date symlink: /home/jeff/theimc_robot/install/interfaces_pkg/include/interfaces_pkg/interfaces_pkg/msg/detail/key_point3_d__type_support.h
[4.173s] -- Up-to-date symlink: /home/jeff/theimc_robot/install/interfaces_pkg/include/interfaces_pkg/interfaces_pkg/msg/detail/key_point3_d_array__functions.h
[4.173s] -- Up-to-date symlink: /home/jeff/theimc_robot/install/interfaces_pkg/include/interfaces_pkg/interfaces_pkg/msg/detail/key_point3_d_array__struct.h
[4.174s] -- Up-to-date symlink: /home/jeff/theimc_robot/install/interfaces_pkg/include/interfaces_pkg/interfaces_pkg/msg/detail/key_point3_d_array__type_support.h
[4.174s] -- Up-to-date symlink: /home/jeff/theimc_robot/install/interfaces_pkg/include/interfaces_pkg/interfaces_pkg/msg/detail/lane_info__functions.h
[4.174s] -- Up-to-date symlink: /home/jeff/theimc_robot/install/interfaces_pkg/include/interfaces_pkg/interfaces_pkg/msg/detail/lane_info__struct.h
[4.174s] -- Up-to-date symlink: /home/jeff/theimc_robot/install/interfaces_pkg/include/interfaces_pkg/interfaces_pkg/msg/detail/lane_info__type_support.h
[4.174s] -- Up-to-date symlink: /home/jeff/theimc_robot/install/interfaces_pkg/include/interfaces_pkg/interfaces_pkg/msg/detail/mask__functions.h
[4.175s] -- Up-to-date symlink: /home/jeff/theimc_robot/install/interfaces_pkg/include/interfaces_pkg/interfaces_pkg/msg/detail/mask__struct.h
[4.175s] -- Up-to-date symlink: /home/jeff/theimc_robot/install/interfaces_pkg/include/interfaces_pkg/interfaces_pkg/msg/detail/mask__type_support.h
[4.175s] -- Up-to-date symlink: /home/jeff/theimc_robot/install/interfaces_pkg/include/interfaces_pkg/interfaces_pkg/msg/detail/motion_command__functions.h
[4.175s] -- Up-to-date symlink: /home/jeff/theimc_robot/install/interfaces_pkg/include/interfaces_pkg/interfaces_pkg/msg/detail/motion_command__struct.h
[4.175s] -- Up-to-date symlink: /home/jeff/theimc_robot/install/interfaces_pkg/include/interfaces_pkg/interfaces_pkg/msg/detail/motion_command__type_support.h
[4.176s] -- Up-to-date symlink: /home/jeff/theimc_robot/install/interfaces_pkg/include/interfaces_pkg/interfaces_pkg/msg/detail/path_planning_result__functions.h
[4.176s] -- Up-to-date symlink: /home/jeff/theimc_robot/install/interfaces_pkg/include/interfaces_pkg/interfaces_pkg/msg/detail/path_planning_result__struct.h
[4.176s] -- Up-to-date symlink: /home/jeff/theimc_robot/install/interfaces_pkg/include/interfaces_pkg/interfaces_pkg/msg/detail/path_planning_result__type_support.h
[4.176s] -- Up-to-date symlink: /home/jeff/theimc_robot/install/interfaces_pkg/include/interfaces_pkg/interfaces_pkg/msg/detail/point2_d__functions.h
[4.176s] -- Up-to-date symlink: /home/jeff/theimc_robot/install/interfaces_pkg/include/interfaces_pkg/interfaces_pkg/msg/detail/point2_d__struct.h
[4.177s] -- Up-to-date symlink: /home/jeff/theimc_robot/install/interfaces_pkg/include/interfaces_pkg/interfaces_pkg/msg/detail/point2_d__type_support.h
[4.177s] -- Up-to-date symlink: /home/jeff/theimc_robot/install/interfaces_pkg/include/interfaces_pkg/interfaces_pkg/msg/detail/pose2_d__functions.h
[4.177s] -- Up-to-date symlink: /home/jeff/theimc_robot/install/interfaces_pkg/include/interfaces_pkg/interfaces_pkg/msg/detail/pose2_d__struct.h
[4.177s] -- Up-to-date symlink: /home/jeff/theimc_robot/install/interfaces_pkg/include/interfaces_pkg/interfaces_pkg/msg/detail/pose2_d__type_support.h
[4.177s] -- Up-to-date symlink: /home/jeff/theimc_robot/install/interfaces_pkg/include/interfaces_pkg/interfaces_pkg/msg/detail/rail_info__functions.h
[4.178s] -- Up-to-date symlink: /home/jeff/theimc_robot/install/interfaces_pkg/include/interfaces_pkg/interfaces_pkg/msg/detail/rail_info__struct.h
[4.178s] -- Up-to-date symlink: /home/jeff/theimc_robot/install/interfaces_pkg/include/interfaces_pkg/interfaces_pkg/msg/detail/rail_info__type_support.h
[4.178s] -- Up-to-date symlink: /home/jeff/theimc_robot/install/interfaces_pkg/include/interfaces_pkg/interfaces_pkg/msg/detail/target_point__functions.h
[4.178s] -- Up-to-date symlink: /home/jeff/theimc_robot/install/interfaces_pkg/include/interfaces_pkg/interfaces_pkg/msg/detail/target_point__struct.h
[4.179s] -- Up-to-date symlink: /home/jeff/theimc_robot/install/interfaces_pkg/include/interfaces_pkg/interfaces_pkg/msg/detail/target_point__type_support.h
[4.179s] -- Up-to-date symlink: /home/jeff/theimc_robot/install/interfaces_pkg/include/interfaces_pkg/interfaces_pkg/msg/detail/vector2__functions.h
[4.179s] -- Up-to-date symlink: /home/jeff/theimc_robot/install/interfaces_pkg/include/interfaces_pkg/interfaces_pkg/msg/detail/vector2__struct.h
[4.179s] -- Up-to-date symlink: /home/jeff/theimc_robot/install/interfaces_pkg/include/interfaces_pkg/interfaces_pkg/msg/detail/vector2__type_support.h
[4.180s] -- Up-to-date symlink: /home/jeff/theimc_robot/install/interfaces_pkg/include/interfaces_pkg/interfaces_pkg/msg/detection.h
[4.180s] -- Up-to-date symlink: /home/jeff/theimc_robot/install/interfaces_pkg/include/interfaces_pkg/interfaces_pkg/msg/detection_array.h
[4.180s] -- Up-to-date symlink: /home/jeff/theimc_robot/install/interfaces_pkg/include/interfaces_pkg/interfaces_pkg/msg/key_point2_d.h
[4.180s] -- Up-to-date symlink: /home/jeff/theimc_robot/install/interfaces_pkg/include/interfaces_pkg/interfaces_pkg/msg/key_point2_d_array.h
[4.181s] -- Up-to-date symlink: /home/jeff/theimc_robot/install/interfaces_pkg/include/interfaces_pkg/interfaces_pkg/msg/key_point3_d.h
[4.181s] -- Up-to-date symlink: /home/jeff/theimc_robot/install/interfaces_pkg/include/interfaces_pkg/interfaces_pkg/msg/key_point3_d_array.h
[4.181s] -- Up-to-date symlink: /home/jeff/theimc_robot/install/interfaces_pkg/include/interfaces_pkg/interfaces_pkg/msg/lane_info.h
[4.181s] -- Up-to-date symlink: /home/jeff/theimc_robot/install/interfaces_pkg/include/interfaces_pkg/interfaces_pkg/msg/mask.h
[4.181s] -- Up-to-date symlink: /home/jeff/theimc_robot/install/interfaces_pkg/include/interfaces_pkg/interfaces_pkg/msg/motion_command.h
[4.182s] -- Up-to-date symlink: /home/jeff/theimc_robot/install/interfaces_pkg/include/interfaces_pkg/interfaces_pkg/msg/path_planning_result.h
[4.182s] -- Up-to-date symlink: /home/jeff/theimc_robot/install/interfaces_pkg/include/interfaces_pkg/interfaces_pkg/msg/point2_d.h
[4.182s] -- Up-to-date symlink: /home/jeff/theimc_robot/install/interfaces_pkg/include/interfaces_pkg/interfaces_pkg/msg/pose2_d.h
[4.182s] -- Up-to-date symlink: /home/jeff/theimc_robot/install/interfaces_pkg/include/interfaces_pkg/interfaces_pkg/msg/rail_info.h
[4.182s] -- Up-to-date symlink: /home/jeff/theimc_robot/install/interfaces_pkg/include/interfaces_pkg/interfaces_pkg/msg/rosidl_generator_c__visibility_control.h
[4.183s] -- Up-to-date symlink: /home/jeff/theimc_robot/install/interfaces_pkg/include/interfaces_pkg/interfaces_pkg/msg/target_point.h
[4.183s] -- Up-to-date symlink: /home/jeff/theimc_robot/install/interfaces_pkg/include/interfaces_pkg/interfaces_pkg/msg/vector2.h
[4.183s] -- Up-to-date symlink: /home/jeff/theimc_robot/install/interfaces_pkg/share/interfaces_pkg/environment/library_path.sh
[4.183s] -- Up-to-date symlink: /home/jeff/theimc_robot/install/interfaces_pkg/share/interfaces_pkg/environment/library_path.dsv
[4.185s] -- Up-to-date symlink: /home/jeff/theimc_robot/install/interfaces_pkg/include/interfaces_pkg/interfaces_pkg/action/detail/rail_approach__rosidl_typesupport_fastrtps_c.h
[4.185s] -- Up-to-date symlink: /home/jeff/theimc_robot/install/interfaces_pkg/include/interfaces_pkg/interfaces_pkg/msg/detail/bounding_box2_d__rosidl_typesupport_fastrtps_c.h
[4.185s] -- Up-to-date symlink: /home/jeff/theimc_robot/install/interfaces_pkg/include/interfaces_pkg/interfaces_pkg/msg/detail/bounding_box3_d__rosidl_typesupport_fastrtps_c.h
[4.185s] -- Up-to-date symlink: /home/jeff/theimc_robot/install/interfaces_pkg/include/interfaces_pkg/interfaces_pkg/msg/detail/detection__rosidl_typesupport_fastrtps_c.h
[4.186s] -- Up-to-date symlink: /home/jeff/theimc_robot/install/interfaces_pkg/include/interfaces_pkg/interfaces_pkg/msg/detail/detection_array__rosidl_typesupport_fastrtps_c.h
[4.186s] -- Up-to-date symlink: /home/jeff/theimc_robot/install/interfaces_pkg/include/interfaces_pkg/interfaces_pkg/msg/detail/key_point2_d__rosidl_typesupport_fastrtps_c.h
[4.186s] -- Up-to-date symlink: /home/jeff/theimc_robot/install/interfaces_pkg/include/interfaces_pkg/interfaces_pkg/msg/detail/key_point2_d_array__rosidl_typesupport_fastrtps_c.h
[4.186s] -- Up-to-date symlink: /home/jeff/theimc_robot/install/interfaces_pkg/include/interfaces_pkg/interfaces_pkg/msg/detail/key_point3_d__rosidl_typesupport_fastrtps_c.h
[4.187s] -- Up-to-date symlink: /home/jeff/theimc_robot/install/interfaces_pkg/include/interfaces_pkg/interfaces_pkg/msg/detail/key_point3_d_array__rosidl_typesupport_fastrtps_c.h
[4.187s] -- Up-to-date symlink: /home/jeff/theimc_robot/install/interfaces_pkg/include/interfaces_pkg/interfaces_pkg/msg/detail/lane_info__rosidl_typesupport_fastrtps_c.h
[4.187s] -- Up-to-date symlink: /home/jeff/theimc_robot/install/interfaces_pkg/include/interfaces_pkg/interfaces_pkg/msg/detail/mask__rosidl_typesupport_fastrtps_c.h
[4.187s] -- Up-to-date symlink: /home/jeff/theimc_robot/install/interfaces_pkg/include/interfaces_pkg/interfaces_pkg/msg/detail/motion_command__rosidl_typesupport_fastrtps_c.h
[4.187s] -- Up-to-date symlink: /home/jeff/theimc_robot/install/interfaces_pkg/include/interfaces_pkg/interfaces_pkg/msg/detail/path_planning_result__rosidl_typesupport_fastrtps_c.h
[4.188s] -- Up-to-date symlink: /home/jeff/theimc_robot/install/interfaces_pkg/include/interfaces_pkg/interfaces_pkg/msg/detail/point2_d__rosidl_typesupport_fastrtps_c.h
[4.188s] -- Up-to-date symlink: /home/jeff/theimc_robot/install/interfaces_pkg/include/interfaces_pkg/interfaces_pkg/msg/detail/pose2_d__rosidl_typesupport_fastrtps_c.h
[4.188s] -- Up-to-date symlink: /home/jeff/theimc_robot/install/interfaces_pkg/include/interfaces_pkg/interfaces_pkg/msg/detail/rail_info__rosidl_typesupport_fastrtps_c.h
[4.188s] -- Up-to-date symlink: /home/jeff/theimc_robot/install/interfaces_pkg/include/interfaces_pkg/interfaces_pkg/msg/detail/target_point__rosidl_typesupport_fastrtps_c.h
[4.188s] -- Up-to-date symlink: /home/jeff/theimc_robot/install/interfaces_pkg/include/interfaces_pkg/interfaces_pkg/msg/detail/vector2__rosidl_typesupport_fastrtps_c.h
[4.189s] -- Up-to-date symlink: /home/jeff/theimc_robot/install/interfaces_pkg/include/interfaces_pkg/interfaces_pkg/msg/rosidl_typesupport_fastrtps_c__visibility_control.h
[4.190s] -- Up-to-date symlink: /home/jeff/theimc_robot/install/interfaces_pkg/include/interfaces_pkg/interfaces_pkg/action/detail/rail_approach__rosidl_typesupport_introspection_c.h
[4.190s] -- Up-to-date symlink: /home/jeff/theimc_robot/install/interfaces_pkg/include/interfaces_pkg/interfaces_pkg/msg/detail/bounding_box2_d__rosidl_typesupport_introspection_c.h
[4.190s] -- Up-to-date symlink: /home/jeff/theimc_robot/install/interfaces_pkg/include/interfaces_pkg/interfaces_pkg/msg/detail/bounding_box3_d__rosidl_typesupport_introspection_c.h
[4.190s] -- Up-to-date symlink: /home/jeff/theimc_robot/install/interfaces_pkg/include/interfaces_pkg/interfaces_pkg/msg/detail/detection__rosidl_typesupport_introspection_c.h
[4.191s] -- Up-to-date symlink: /home/jeff/theimc_robot/install/interfaces_pkg/include/interfaces_pkg/interfaces_pkg/msg/detail/detection_array__rosidl_typesupport_introspection_c.h
[4.191s] -- Up-to-date symlink: /home/jeff/theimc_robot/install/interfaces_pkg/include/interfaces_pkg/interfaces_pkg/msg/detail/key_point2_d__rosidl_typesupport_introspection_c.h
[4.191s] -- Up-to-date symlink: /home/jeff/theimc_robot/install/interfaces_pkg/include/interfaces_pkg/interfaces_pkg/msg/detail/key_point2_d_array__rosidl_typesupport_introspection_c.h
[4.191s] -- Up-to-date symlink: /home/jeff/theimc_robot/install/interfaces_pkg/include/interfaces_pkg/interfaces_pkg/msg/detail/key_point3_d__rosidl_typesupport_introspection_c.h
[4.191s] -- Up-to-date symlink: /home/jeff/theimc_robot/install/interfaces_pkg/include/interfaces_pkg/interfaces_pkg/msg/detail/key_point3_d_array__rosidl_typesupport_introspection_c.h
[4.192s] -- Up-to-date symlink: /home/jeff/theimc_robot/install/interfaces_pkg/include/interfaces_pkg/interfaces_pkg/msg/detail/lane_info__rosidl_typesupport_introspection_c.h
[4.192s] -- Up-to-date symlink: /home/jeff/theimc_robot/install/interfaces_pkg/include/interfaces_pkg/interfaces_pkg/msg/detail/mask__rosidl_typesupport_introspection_c.h
[4.192s] -- Up-to-date symlink: /home/jeff/theimc_robot/install/interfaces_pkg/include/interfaces_pkg/interfaces_pkg/msg/detail/motion_command__rosidl_typesupport_introspection_c.h
[4.192s] -- Up-to-date symlink: /home/jeff/theimc_robot/install/interfaces_pkg/include/interfaces_pkg/interfaces_pkg/msg/detail/path_planning_result__rosidl_typesupport_introspection_c.h
[4.192s] -- Up-to-date symlink: /home/jeff/theimc_robot/install/interfaces_pkg/include/interfaces_pkg/interfaces_pkg/msg/detail/point2_d__rosidl_typesupport_introspection_c.h
[4.193s] -- Up-to-date symlink: /home/jeff/theimc_robot/install/interfaces_pkg/include/interfaces_pkg/interfaces_pkg/msg/detail/pose2_d__rosidl_typesupport_introspection_c.h
[4.193s] -- Up-to-date symlink: /home/jeff/theimc_robot/install/interfaces_pkg/include/interfaces_pkg/interfaces_pkg/msg/detail/rail_info__rosidl_typesupport_introspection_c.h
[4.193s] -- Up-to-date symlink: /home/jeff/theimc_robot/install/interfaces_pkg/include/interfaces_pkg/interfaces_pkg/msg/detail/target_point__rosidl_typesupport_introspection_c.h
[4.193s] -- Up-to-date symlink: /home/jeff/theimc_robot/install/interfaces_pkg/include/interfaces_pkg/interfaces_pkg/msg/detail/vector2__rosidl_typesupport_introspection_c.h
[4.194s] -- Up-to-date symlink: /home/jeff/theimc_robot/install/interfaces_pkg/include/interfaces_pkg/interfaces_pkg/msg/rosidl_typesupport_introspection_c__visibility_control.h
[4.195s] -- Up-to-date symlink: /home/jeff/theimc_robot/install/interfaces_pkg/include/interfaces_pkg/interfaces_pkg/action/detail/rail_approach__builder.hpp
[4.196s] -- Up-to-date symlink: /home/jeff/theimc_robot/install/interfaces_pkg/include/interfaces_pkg/interfaces_pkg/action/detail/rail_approach__struct.hpp
[4.196s] -- Up-to-date symlink: /home/jeff/theimc_robot/install/interfaces_pkg/include/interfaces_pkg/interfaces_pkg/action/detail/rail_approach__traits.hpp
[4.196s] -- Up-to-date symlink: /home/jeff/theimc_robot/install/interfaces_pkg/include/interfaces_pkg/interfaces_pkg/action/detail/rail_approach__type_support.hpp
[4.196s] -- Up-to-date symlink: /home/jeff/theimc_robot/install/interfaces_pkg/include/interfaces_pkg/interfaces_pkg/action/rail_approach.hpp
[4.197s] -- Up-to-date symlink: /home/jeff/theimc_robot/install/interfaces_pkg/include/interfaces_pkg/interfaces_pkg/msg/bounding_box2_d.hpp
[4.197s] -- Up-to-date symlink: /home/jeff/theimc_robot/install/interfaces_pkg/include/interfaces_pkg/interfaces_pkg/msg/bounding_box3_d.hpp
[4.197s] -- Up-to-date symlink: /home/jeff/theimc_robot/install/interfaces_pkg/include/interfaces_pkg/interfaces_pkg/msg/detail/bounding_box2_d__builder.hpp
[4.197s] -- Up-to-date symlink: /home/jeff/theimc_robot/install/interfaces_pkg/include/interfaces_pkg/interfaces_pkg/msg/detail/bounding_box2_d__struct.hpp
[4.197s] -- Up-to-date symlink: /home/jeff/theimc_robot/install/interfaces_pkg/include/interfaces_pkg/interfaces_pkg/msg/detail/bounding_box2_d__traits.hpp
[4.198s] -- Up-to-date symlink: /home/jeff/theimc_robot/install/interfaces_pkg/include/interfaces_pkg/interfaces_pkg/msg/detail/bounding_box2_d__type_support.hpp
[4.198s] -- Up-to-date symlink: /home/jeff/theimc_robot/install/interfaces_pkg/include/interfaces_pkg/interfaces_pkg/msg/detail/bounding_box3_d__builder.hpp
[4.198s] -- Up-to-date symlink: /home/jeff/theimc_robot/install/interfaces_pkg/include/interfaces_pkg/interfaces_pkg/msg/detail/bounding_box3_d__struct.hpp
[4.198s] -- Up-to-date symlink: /home/jeff/theimc_robot/install/interfaces_pkg/include/interfaces_pkg/interfaces_pkg/msg/detail/bounding_box3_d__traits.hpp
[4.198s] -- Up-to-date symlink: /home/jeff/theimc_robot/install/interfaces_pkg/include/interfaces_pkg/interfaces_pkg/msg/detail/bounding_box3_d__type_support.hpp
[4.199s] -- Up-to-date symlink: /home/jeff/theimc_robot/install/interfaces_pkg/include/interfaces_pkg/interfaces_pkg/msg/detail/detection__builder.hpp
[4.199s] -- Up-to-date symlink: /home/jeff/theimc_robot/install/interfaces_pkg/include/interfaces_pkg/interfaces_pkg/msg/detail/detection__struct.hpp
[4.199s] -- Up-to-date symlink: /home/jeff/theimc_robot/install/interfaces_pkg/include/interfaces_pkg/interfaces_pkg/msg/detail/detection__traits.hpp
[4.199s] -- Up-to-date symlink: /home/jeff/theimc_robot/install/interfaces_pkg/include/interfaces_pkg/interfaces_pkg/msg/detail/detection__type_support.hpp
[4.199s] -- Up-to-date symlink: /home/jeff/theimc_robot/install/interfaces_pkg/include/interfaces_pkg/interfaces_pkg/msg/detail/detection_array__builder.hpp
[4.200s] -- Up-to-date symlink: /home/jeff/theimc_robot/install/interfaces_pkg/include/interfaces_pkg/interfaces_pkg/msg/detail/detection_array__struct.hpp
[4.200s] -- Up-to-date symlink: /home/jeff/theimc_robot/install/interfaces_pkg/include/interfaces_pkg/interfaces_pkg/msg/detail/detection_array__traits.hpp
[4.200s] -- Up-to-date symlink: /home/jeff/theimc_robot/install/interfaces_pkg/include/interfaces_pkg/interfaces_pkg/msg/detail/detection_array__type_support.hpp
[4.200s] -- Up-to-date symlink: /home/jeff/theimc_robot/install/interfaces_pkg/include/interfaces_pkg/interfaces_pkg/msg/detail/key_point2_d__builder.hpp
[4.201s] -- Up-to-date symlink: /home/jeff/theimc_robot/install/interfaces_pkg/include/interfaces_pkg/interfaces_pkg/msg/detail/key_point2_d__struct.hpp
[4.201s] -- Up-to-date symlink: /home/jeff/theimc_robot/install/interfaces_pkg/include/interfaces_pkg/interfaces_pkg/msg/detail/key_point2_d__traits.hpp
[4.201s] -- Up-to-date symlink: /home/jeff/theimc_robot/install/interfaces_pkg/include/interfaces_pkg/interfaces_pkg/msg/detail/key_point2_d__type_support.hpp
[4.201s] -- Up-to-date symlink: /home/jeff/theimc_robot/install/interfaces_pkg/include/interfaces_pkg/interfaces_pkg/msg/detail/key_point2_d_array__builder.hpp
[4.201s] -- Up-to-date symlink: /home/jeff/theimc_robot/install/interfaces_pkg/include/interfaces_pkg/interfaces_pkg/msg/detail/key_point2_d_array__struct.hpp
[4.202s] -- Up-to-date symlink: /home/jeff/theimc_robot/install/interfaces_pkg/include/interfaces_pkg/interfaces_pkg/msg/detail/key_point2_d_array__traits.hpp
[4.202s] -- Up-to-date symlink: /home/jeff/theimc_robot/install/interfaces_pkg/include/interfaces_pkg/interfaces_pkg/msg/detail/key_point2_d_array__type_support.hpp
[4.202s] -- Up-to-date symlink: /home/jeff/theimc_robot/install/interfaces_pkg/include/interfaces_pkg/interfaces_pkg/msg/detail/key_point3_d__builder.hpp
[4.202s] -- Up-to-date symlink: /home/jeff/theimc_robot/install/interfaces_pkg/include/interfaces_pkg/interfaces_pkg/msg/detail/key_point3_d__struct.hpp
[4.202s] -- Up-to-date symlink: /home/jeff/theimc_robot/install/interfaces_pkg/include/interfaces_pkg/interfaces_pkg/msg/detail/key_point3_d__traits.hpp
[4.203s] -- Up-to-date symlink: /home/jeff/theimc_robot/install/interfaces_pkg/include/interfaces_pkg/interfaces_pkg/msg/detail/key_point3_d__type_support.hpp
[4.203s] -- Up-to-date symlink: /home/jeff/theimc_robot/install/interfaces_pkg/include/interfaces_pkg/interfaces_pkg/msg/detail/key_point3_d_array__builder.hpp
[4.203s] -- Up-to-date symlink: /home/jeff/theimc_robot/install/interfaces_pkg/include/interfaces_pkg/interfaces_pkg/msg/detail/key_point3_d_array__struct.hpp
[4.203s] -- Up-to-date symlink: /home/jeff/theimc_robot/install/interfaces_pkg/include/interfaces_pkg/interfaces_pkg/msg/detail/key_point3_d_array__traits.hpp
[4.203s] -- Up-to-date symlink: /home/jeff/theimc_robot/install/interfaces_pkg/include/interfaces_pkg/interfaces_pkg/msg/detail/key_point3_d_array__type_support.hpp
[4.204s] -- Up-to-date symlink: /home/jeff/theimc_robot/install/interfaces_pkg/include/interfaces_pkg/interfaces_pkg/msg/detail/lane_info__builder.hpp
[4.204s] -- Up-to-date symlink: /home/jeff/theimc_robot/install/interfaces_pkg/include/interfaces_pkg/interfaces_pkg/msg/detail/lane_info__struct.hpp
[4.204s] -- Up-to-date symlink: /home/jeff/theimc_robot/install/interfaces_pkg/include/interfaces_pkg/interfaces_pkg/msg/detail/lane_info__traits.hpp
[4.204s] -- Up-to-date symlink: /home/jeff/theimc_robot/install/interfaces_pkg/include/interfaces_pkg/interfaces_pkg/msg/detail/lane_info__type_support.hpp
[4.204s] -- Up-to-date symlink: /home/jeff/theimc_robot/install/interfaces_pkg/include/interfaces_pkg/interfaces_pkg/msg/detail/mask__builder.hpp
[4.205s] -- Up-to-date symlink: /home/jeff/theimc_robot/install/interfaces_pkg/include/interfaces_pkg/interfaces_pkg/msg/detail/mask__struct.hpp
[4.205s] -- Up-to-date symlink: /home/jeff/theimc_robot/install/interfaces_pkg/include/interfaces_pkg/interfaces_pkg/msg/detail/mask__traits.hpp
[4.205s] -- Up-to-date symlink: /home/jeff/theimc_robot/install/interfaces_pkg/include/interfaces_pkg/interfaces_pkg/msg/detail/mask__type_support.hpp
[4.205s] -- Up-to-date symlink: /home/jeff/theimc_robot/install/interfaces_pkg/include/interfaces_pkg/interfaces_pkg/msg/detail/motion_command__builder.hpp
[4.205s] -- Up-to-date symlink: /home/jeff/theimc_robot/install/interfaces_pkg/include/interfaces_pkg/interfaces_pkg/msg/detail/motion_command__struct.hpp
[4.206s] -- Up-to-date symlink: /home/jeff/theimc_robot/install/interfaces_pkg/include/interfaces_pkg/interfaces_pkg/msg/detail/motion_command__traits.hpp
[4.206s] -- Up-to-date symlink: /home/jeff/theimc_robot/install/interfaces_pkg/include/interfaces_pkg/interfaces_pkg/msg/detail/motion_command__type_support.hpp
[4.206s] -- Up-to-date symlink: /home/jeff/theimc_robot/install/interfaces_pkg/include/interfaces_pkg/interfaces_pkg/msg/detail/path_planning_result__builder.hpp
[4.206s] -- Up-to-date symlink: /home/jeff/theimc_robot/install/interfaces_pkg/include/interfaces_pkg/interfaces_pkg/msg/detail/path_planning_result__struct.hpp
[4.207s] -- Up-to-date symlink: /home/jeff/theimc_robot/install/interfaces_pkg/include/interfaces_pkg/interfaces_pkg/msg/detail/path_planning_result__traits.hpp
[4.207s] -- Up-to-date symlink: /home/jeff/theimc_robot/install/interfaces_pkg/include/interfaces_pkg/interfaces_pkg/msg/detail/path_planning_result__type_support.hpp
[4.207s] -- Up-to-date symlink: /home/jeff/theimc_robot/install/interfaces_pkg/include/interfaces_pkg/interfaces_pkg/msg/detail/point2_d__builder.hpp
[4.207s] -- Up-to-date symlink: /home/jeff/theimc_robot/install/interfaces_pkg/include/interfaces_pkg/interfaces_pkg/msg/detail/point2_d__struct.hpp
[4.207s] -- Up-to-date symlink: /home/jeff/theimc_robot/install/interfaces_pkg/include/interfaces_pkg/interfaces_pkg/msg/detail/point2_d__traits.hpp
[4.208s] -- Up-to-date symlink: /home/jeff/theimc_robot/install/interfaces_pkg/include/interfaces_pkg/interfaces_pkg/msg/detail/point2_d__type_support.hpp
[4.208s] -- Up-to-date symlink: /home/jeff/theimc_robot/install/interfaces_pkg/include/interfaces_pkg/interfaces_pkg/msg/detail/pose2_d__builder.hpp
[4.208s] -- Up-to-date symlink: /home/jeff/theimc_robot/install/interfaces_pkg/include/interfaces_pkg/interfaces_pkg/msg/detail/pose2_d__struct.hpp
[4.208s] -- Up-to-date symlink: /home/jeff/theimc_robot/install/interfaces_pkg/include/interfaces_pkg/interfaces_pkg/msg/detail/pose2_d__traits.hpp
[4.208s] -- Up-to-date symlink: /home/jeff/theimc_robot/install/interfaces_pkg/include/interfaces_pkg/interfaces_pkg/msg/detail/pose2_d__type_support.hpp
[4.209s] -- Up-to-date symlink: /home/jeff/theimc_robot/install/interfaces_pkg/include/interfaces_pkg/interfaces_pkg/msg/detail/rail_info__builder.hpp
[4.209s] -- Up-to-date symlink: /home/jeff/theimc_robot/install/interfaces_pkg/include/interfaces_pkg/interfaces_pkg/msg/detail/rail_info__struct.hpp
[4.209s] -- Up-to-date symlink: /home/jeff/theimc_robot/install/interfaces_pkg/include/interfaces_pkg/interfaces_pkg/msg/detail/rail_info__traits.hpp
[4.210s] -- Up-to-date symlink: /home/jeff/theimc_robot/install/interfaces_pkg/include/interfaces_pkg/interfaces_pkg/msg/detail/rail_info__type_support.hpp
[4.210s] -- Up-to-date symlink: /home/jeff/theimc_robot/install/interfaces_pkg/include/interfaces_pkg/interfaces_pkg/msg/detail/target_point__builder.hpp
[4.210s] -- Up-to-date symlink: /home/jeff/theimc_robot/install/interfaces_pkg/include/interfaces_pkg/interfaces_pkg/msg/detail/target_point__struct.hpp
[4.210s] -- Up-to-date symlink: /home/jeff/theimc_robot/install/interfaces_pkg/include/interfaces_pkg/interfaces_pkg/msg/detail/target_point__traits.hpp
[4.210s] -- Up-to-date symlink: /home/jeff/theimc_robot/install/interfaces_pkg/include/interfaces_pkg/interfaces_pkg/msg/detail/target_point__type_support.hpp
[4.211s] -- Up-to-date symlink: /home/jeff/theimc_robot/install/interfaces_pkg/include/interfaces_pkg/interfaces_pkg/msg/detail/vector2__builder.hpp
[4.211s] -- Up-to-date symlink: /home/jeff/theimc_robot/install/interfaces_pkg/include/interfaces_pkg/interfaces_pkg/msg/detail/vector2__struct.hpp
[4.211s] -- Up-to-date symlink: /home/jeff/theimc_robot/install/interfaces_pkg/include/interfaces_pkg/interfaces_pkg/msg/detail/vector2__traits.hpp
[4.211s] -- Up-to-date symlink: /home/jeff/theimc_robot/install/interfaces_pkg/include/interfaces_pkg/interfaces_pkg/msg/detail/vector2__type_support.hpp
[4.211s] -- Up-to-date symlink: /home/jeff/theimc_robot/install/interfaces_pkg/include/interfaces_pkg/interfaces_pkg/msg/detection.hpp
[4.212s] -- Up-to-date symlink: /home/jeff/theimc_robot/install/interfaces_pkg/include/interfaces_pkg/interfaces_pkg/msg/detection_array.hpp
[4.212s] -- Up-to-date symlink: /home/jeff/theimc_robot/install/interfaces_pkg/include/interfaces_pkg/interfaces_pkg/msg/key_point2_d.hpp
[4.212s] -- Up-to-date symlink: /home/jeff/theimc_robot/install/interfaces_pkg/include/interfaces_pkg/interfaces_pkg/msg/key_point2_d_array.hpp
[4.212s] -- Up-to-date symlink: /home/jeff/theimc_robot/install/interfaces_pkg/include/interfaces_pkg/interfaces_pkg/msg/key_point3_d.hpp
[4.212s] -- Up-to-date symlink: /home/jeff/theimc_robot/install/interfaces_pkg/include/interfaces_pkg/interfaces_pkg/msg/key_point3_d_array.hpp
[4.213s] -- Up-to-date symlink: /home/jeff/theimc_robot/install/interfaces_pkg/include/interfaces_pkg/interfaces_pkg/msg/lane_info.hpp
[4.213s] -- Up-to-date symlink: /home/jeff/theimc_robot/install/interfaces_pkg/include/interfaces_pkg/interfaces_pkg/msg/mask.hpp
[4.213s] -- Up-to-date symlink: /home/jeff/theimc_robot/install/interfaces_pkg/include/interfaces_pkg/interfaces_pkg/msg/motion_command.hpp
[4.213s] -- Up-to-date symlink: /home/jeff/theimc_robot/install/interfaces_pkg/include/interfaces_pkg/interfaces_pkg/msg/path_planning_result.hpp
[4.214s] -- Up-to-date symlink: /home/jeff/theimc_robot/install/interfaces_pkg/include/interfaces_pkg/interfaces_pkg/msg/point2_d.hpp
[4.214s] -- Up-to-date symlink: /home/jeff/theimc_robot/install/interfaces_pkg/include/interfaces_pkg/interfaces_pkg/msg/pose2_d.hpp
[4.214s] -- Up-to-date symlink: /home/jeff/theimc_robot/install/interfaces_pkg/include/interfaces_pkg/interfaces_pkg/msg/rail_info.hpp
[4.214s] -- Up-to-date symlink: /home/jeff/theimc_robot/install/interfaces_pkg/include/interfaces_pkg/interfaces_pkg/msg/rosidl_generator_cpp__visibility_control.hpp
[4.214s] -- Up-to-date symlink: /home/jeff/theimc_robot/install/interfaces_pkg/include/interfaces_pkg/interfaces_pkg/msg/target_point.hpp
[4.214s] -- Up-to-date symlink: /home/jeff/theimc_robot/install/interfaces_pkg/include/interfaces_pkg/interfaces_pkg/msg/vector2.hpp
[4.216s] -- Up-to-date symlink: /home/jeff/theimc_robot/install/interfaces_pkg/include/interfaces_pkg/interfaces_pkg/action/detail/rail_approach__rosidl_typesupport_fastrtps_cpp.hpp
[4.216s] -- Up-to-date symlink: /home/jeff/theimc_robot/install/interfaces_pkg/include/interfaces_pkg/interfaces_pkg/msg/detail/bounding_box2_d__rosidl_typesupport_fastrtps_cpp.hpp
[4.216s] -- Up-to-date symlink: /home/jeff/theimc_robot/install/interfaces_pkg/include/interfaces_pkg/interfaces_pkg/msg/detail/bounding_box3_d__rosidl_typesupport_fastrtps_cpp.hpp
[4.216s] -- Up-to-date symlink: /home/jeff/theimc_robot/install/interfaces_pkg/include/interfaces_pkg/interfaces_pkg/msg/detail/detection__rosidl_typesupport_fastrtps_cpp.hpp
[4.217s] -- Up-to-date symlink: /home/jeff/theimc_robot/install/interfaces_pkg/include/interfaces_pkg/interfaces_pkg/msg/detail/detection_array__rosidl_typesupport_fastrtps_cpp.hpp
[4.217s] -- Up-to-date symlink: /home/jeff/theimc_robot/install/interfaces_pkg/include/interfaces_pkg/interfaces_pkg/msg/detail/key_point2_d__rosidl_typesupport_fastrtps_cpp.hpp
[4.218s] -- Up-to-date symlink: /home/jeff/theimc_robot/install/interfaces_pkg/include/interfaces_pkg/interfaces_pkg/msg/detail/key_point2_d_array__rosidl_typesupport_fastrtps_cpp.hpp
[4.218s] -- Up-to-date symlink: /home/jeff/theimc_robot/install/interfaces_pkg/include/interfaces_pkg/interfaces_pkg/msg/detail/key_point3_d__rosidl_typesupport_fastrtps_cpp.hpp
[4.218s] -- Up-to-date symlink: /home/jeff/theimc_robot/install/interfaces_pkg/include/interfaces_pkg/interfaces_pkg/msg/detail/key_point3_d_array__rosidl_typesupport_fastrtps_cpp.hpp
[4.218s] -- Up-to-date symlink: /home/jeff/theimc_robot/install/interfaces_pkg/include/interfaces_pkg/interfaces_pkg/msg/detail/lane_info__rosidl_typesupport_fastrtps_cpp.hpp
[4.218s] -- Up-to-date symlink: /home/jeff/theimc_robot/install/interfaces_pkg/include/interfaces_pkg/interfaces_pkg/msg/detail/mask__rosidl_typesupport_fastrtps_cpp.hpp
[4.219s] -- Up-to-date symlink: /home/jeff/theimc_robot/install/interfaces_pkg/include/interfaces_pkg/interfaces_pkg/msg/detail/motion_command__rosidl_typesupport_fastrtps_cpp.hpp
[4.219s] -- Up-to-date symlink: /home/jeff/theimc_robot/install/interfaces_pkg/include/interfaces_pkg/interfaces_pkg/msg/detail/path_planning_result__rosidl_typesupport_fastrtps_cpp.hpp
[4.219s] -- Up-to-date symlink: /home/jeff/theimc_robot/install/interfaces_pkg/include/interfaces_pkg/interfaces_pkg/msg/detail/point2_d__rosidl_typesupport_fastrtps_cpp.hpp
[4.219s] -- Up-to-date symlink: /home/jeff/theimc_robot/install/interfaces_pkg/include/interfaces_pkg/interfaces_pkg/msg/detail/pose2_d__rosidl_typesupport_fastrtps_cpp.hpp
[4.219s] -- Up-to-date symlink: /home/jeff/theimc_robot/install/interfaces_pkg/include/interfaces_pkg/interfaces_pkg/msg/detail/rail_info__rosidl_typesupport_fastrtps_cpp.hpp
[4.220s] -- Up-to-date symlink: /home/jeff/theimc_robot/install/interfaces_pkg/include/interfaces_pkg/interfaces_pkg/msg/detail/target_point__rosidl_typesupport_fastrtps_cpp.hpp
[4.220s] -- Up-to-date symlink: /home/jeff/theimc_robot/install/interfaces_pkg/include/interfaces_pkg/interfaces_pkg/msg/detail/vector2__rosidl_typesupport_fastrtps_cpp.hpp
[4.220s] -- Up-to-date symlink: /home/jeff/theimc_robot/install/interfaces_pkg/include/interfaces_pkg/interfaces_pkg/msg/rosidl_typesupport_fastrtps_cpp__visibility_control.h
[4.222s] -- Up-to-date symlink: /home/jeff/theimc_robot/install/interfaces_pkg/include/interfaces_pkg/interfaces_pkg/action/detail/rail_approach__rosidl_typesupport_introspection_cpp.hpp
[4.222s] -- Up-to-date symlink: /home/jeff/theimc_robot/install/interfaces_pkg/include/interfaces_pkg/interfaces_pkg/msg/detail/bounding_box2_d__rosidl_typesupport_introspection_cpp.hpp
[4.222s] -- Up-to-date symlink: /home/jeff/theimc_robot/install/interfaces_pkg/include/interfaces_pkg/interfaces_pkg/msg/detail/bounding_box3_d__rosidl_typesupport_introspection_cpp.hpp
[4.222s] -- Up-to-date symlink: /home/jeff/theimc_robot/install/interfaces_pkg/include/interfaces_pkg/interfaces_pkg/msg/detail/detection__rosidl_typesupport_introspection_cpp.hpp
[4.222s] -- Up-to-date symlink: /home/jeff/theimc_robot/install/interfaces_pkg/include/interfaces_pkg/interfaces_pkg/msg/detail/detection_array__rosidl_typesupport_introspection_cpp.hpp
[4.223s] -- Up-to-date symlink: /home/jeff/theimc_robot/install/interfaces_pkg/include/interfaces_pkg/interfaces_pkg/msg/detail/key_point2_d__rosidl_typesupport_introspection_cpp.hpp
[4.223s] -- Up-to-date symlink: /home/jeff/theimc_robot/install/interfaces_pkg/include/interfaces_pkg/interfaces_pkg/msg/detail/key_point2_d_array__rosidl_typesupport_introspection_cpp.hpp
[4.223s] -- Up-to-date symlink: /home/jeff/theimc_robot/install/interfaces_pkg/include/interfaces_pkg/interfaces_pkg/msg/detail/key_point3_d__rosidl_typesupport_introspection_cpp.hpp
[4.223s] -- Up-to-date symlink: /home/jeff/theimc_robot/install/interfaces_pkg/include/interfaces_pkg/interfaces_pkg/msg/detail/key_point3_d_array__rosidl_typesupport_introspection_cpp.hpp
[4.224s] -- Up-to-date symlink: /home/jeff/theimc_robot/install/interfaces_pkg/include/interfaces_pkg/interfaces_pkg/msg/detail/lane_info__rosidl_typesupport_introspection_cpp.hpp
[4.224s] -- Up-to-date symlink: /home/jeff/theimc_robot/install/interfaces_pkg/include/interfaces_pkg/interfaces_pkg/msg/detail/mask__rosidl_typesupport_introspection_cpp.hpp
[4.224s] -- Up-to-date symlink: /home/jeff/theimc_robot/install/interfaces_pkg/include/interfaces_pkg/interfaces_pkg/msg/detail/motion_command__rosidl_typesupport_introspection_cpp.hpp
[4.224s] -- Up-to-date symlink: /home/jeff/theimc_robot/install/interfaces_pkg/include/interfaces_pkg/interfaces_pkg/msg/detail/path_planning_result__rosidl_typesupport_introspection_cpp.hpp
[4.224s] -- Up-to-date symlink: /home/jeff/theimc_robot/install/interfaces_pkg/include/interfaces_pkg/interfaces_pkg/msg/detail/point2_d__rosidl_typesupport_introspection_cpp.hpp
[4.225s] -- Up-to-date symlink: /home/jeff/theimc_robot/install/interfaces_pkg/include/interfaces_pkg/interfaces_pkg/msg/detail/pose2_d__rosidl_typesupport_introspection_cpp.hpp
[4.225s] -- Up-to-date symlink: /home/jeff/theimc_robot/install/interfaces_pkg/include/interfaces_pkg/interfaces_pkg/msg/detail/rail_info__rosidl_typesupport_introspection_cpp.hpp
[4.225s] -- Up-to-date symlink: /home/jeff/theimc_robot/install/interfaces_pkg/include/interfaces_pkg/interfaces_pkg/msg/detail/target_point__rosidl_typesupport_introspection_cpp.hpp
[4.225s] -- Up-to-date symlink: /home/jeff/theimc_robot/install/interfaces_pkg/include/interfaces_pkg/interfaces_pkg/msg/detail/vector2__rosidl_typesupport_introspection_cpp.hpp
[4.225s] -- Up-to-date symlink: /home/jeff/theimc_robot/install/interfaces_pkg/share/interfaces_pkg/environment/pythonpath.sh
[4.226s] -- Up-to-date symlink: /home/jeff/theimc_robot/install/interfaces_pkg/share/interfaces_pkg/environment/pythonpath.dsv
[4.226s] -- Up-to-date symlink: /home/jeff/theimc_robot/install/interfaces_pkg/local/lib/python3.10/dist-packages/interfaces_pkg-0.0.0-py3.10.egg-info/PKG-INFO
[4.227s] -- Up-to-date symlink: /home/jeff/theimc_robot/install/interfaces_pkg/local/lib/python3.10/dist-packages/interfaces_pkg-0.0.0-py3.10.egg-info/SOURCES.txt
[4.227s] -- Up-to-date symlink: /home/jeff/theimc_robot/install/interfaces_pkg/local/lib/python3.10/dist-packages/interfaces_pkg-0.0.0-py3.10.egg-info/dependency_links.txt
[4.227s] -- Up-to-date symlink: /home/jeff/theimc_robot/install/interfaces_pkg/local/lib/python3.10/dist-packages/interfaces_pkg-0.0.0-py3.10.egg-info/top_level.txt
[4.229s] -- Up-to-date symlink: /home/jeff/theimc_robot/install/interfaces_pkg/local/lib/python3.10/dist-packages/interfaces_pkg/__init__.py
[4.229s] -- Up-to-date symlink: /home/jeff/theimc_robot/install/interfaces_pkg/local/lib/python3.10/dist-packages/interfaces_pkg/_interfaces_pkg_s.ep.rosidl_typesupport_c.c
[4.229s] -- Up-to-date symlink: /home/jeff/theimc_robot/install/interfaces_pkg/local/lib/python3.10/dist-packages/interfaces_pkg/_interfaces_pkg_s.ep.rosidl_typesupport_fastrtps_c.c
[4.230s] -- Up-to-date symlink: /home/jeff/theimc_robot/install/interfaces_pkg/local/lib/python3.10/dist-packages/interfaces_pkg/_interfaces_pkg_s.ep.rosidl_typesupport_introspection_c.c
[4.230s] -- Up-to-date symlink: /home/jeff/theimc_robot/install/interfaces_pkg/local/lib/python3.10/dist-packages/interfaces_pkg/action/__init__.py
[4.230s] -- Up-to-date symlink: /home/jeff/theimc_robot/install/interfaces_pkg/local/lib/python3.10/dist-packages/interfaces_pkg/action/_rail_approach.py
[4.230s] -- Up-to-date symlink: /home/jeff/theimc_robot/install/interfaces_pkg/local/lib/python3.10/dist-packages/interfaces_pkg/action/_rail_approach_s.c
[4.230s] -- Up-to-date symlink: /home/jeff/theimc_robot/install/interfaces_pkg/local/lib/python3.10/dist-packages/interfaces_pkg/interfaces_pkg_s__rosidl_typesupport_c.cpython-310-aarch64-linux-gnu.so
[4.231s] -- Up-to-date symlink: /home/jeff/theimc_robot/install/interfaces_pkg/local/lib/python3.10/dist-packages/interfaces_pkg/interfaces_pkg_s__rosidl_typesupport_fastrtps_c.cpython-310-aarch64-linux-gnu.so
[4.231s] -- Up-to-date symlink: /home/jeff/theimc_robot/install/interfaces_pkg/local/lib/python3.10/dist-packages/interfaces_pkg/interfaces_pkg_s__rosidl_typesupport_introspection_c.cpython-310-aarch64-linux-gnu.so
[4.231s] -- Up-to-date symlink: /home/jeff/theimc_robot/install/interfaces_pkg/local/lib/python3.10/dist-packages/interfaces_pkg/libinterfaces_pkg__rosidl_generator_py.so
[4.231s] -- Up-to-date symlink: /home/jeff/theimc_robot/install/interfaces_pkg/local/lib/python3.10/dist-packages/interfaces_pkg/msg/__init__.py
[4.231s] -- Up-to-date symlink: /home/jeff/theimc_robot/install/interfaces_pkg/local/lib/python3.10/dist-packages/interfaces_pkg/msg/_bounding_box2_d.py
[4.232s] -- Up-to-date symlink: /home/jeff/theimc_robot/install/interfaces_pkg/local/lib/python3.10/dist-packages/interfaces_pkg/msg/_bounding_box2_d_s.c
[4.232s] -- Up-to-date symlink: /home/jeff/theimc_robot/install/interfaces_pkg/local/lib/python3.10/dist-packages/interfaces_pkg/msg/_bounding_box3_d.py
[4.232s] -- Up-to-date symlink: /home/jeff/theimc_robot/install/interfaces_pkg/local/lib/python3.10/dist-packages/interfaces_pkg/msg/_bounding_box3_d_s.c
[4.232s] -- Up-to-date symlink: /home/jeff/theimc_robot/install/interfaces_pkg/local/lib/python3.10/dist-packages/interfaces_pkg/msg/_detection.py
[4.232s] -- Up-to-date symlink: /home/jeff/theimc_robot/install/interfaces_pkg/local/lib/python3.10/dist-packages/interfaces_pkg/msg/_detection_array.py
[4.233s] -- Up-to-date symlink: /home/jeff/theimc_robot/install/interfaces_pkg/local/lib/python3.10/dist-packages/interfaces_pkg/msg/_detection_array_s.c
[4.233s] -- Up-to-date symlink: /home/jeff/theimc_robot/install/interfaces_pkg/local/lib/python3.10/dist-packages/interfaces_pkg/msg/_detection_s.c
[4.233s] -- Up-to-date symlink: /home/jeff/theimc_robot/install/interfaces_pkg/local/lib/python3.10/dist-packages/interfaces_pkg/msg/_key_point2_d.py
[4.233s] -- Up-to-date symlink: /home/jeff/theimc_robot/install/interfaces_pkg/local/lib/python3.10/dist-packages/interfaces_pkg/msg/_key_point2_d_array.py
[4.233s] -- Up-to-date symlink: /home/jeff/theimc_robot/install/interfaces_pkg/local/lib/python3.10/dist-packages/interfaces_pkg/msg/_key_point2_d_array_s.c
[4.234s] -- Up-to-date symlink: /home/jeff/theimc_robot/install/interfaces_pkg/local/lib/python3.10/dist-packages/interfaces_pkg/msg/_key_point2_d_s.c
[4.234s] -- Up-to-date symlink: /home/jeff/theimc_robot/install/interfaces_pkg/local/lib/python3.10/dist-packages/interfaces_pkg/msg/_key_point3_d.py
[4.234s] -- Up-to-date symlink: /home/jeff/theimc_robot/install/interfaces_pkg/local/lib/python3.10/dist-packages/interfaces_pkg/msg/_key_point3_d_array.py
[4.234s] -- Up-to-date symlink: /home/jeff/theimc_robot/install/interfaces_pkg/local/lib/python3.10/dist-packages/interfaces_pkg/msg/_key_point3_d_array_s.c
[4.234s] -- Up-to-date symlink: /home/jeff/theimc_robot/install/interfaces_pkg/local/lib/python3.10/dist-packages/interfaces_pkg/msg/_key_point3_d_s.c
[4.235s] -- Up-to-date symlink: /home/jeff/theimc_robot/install/interfaces_pkg/local/lib/python3.10/dist-packages/interfaces_pkg/msg/_lane_info.py
[4.235s] -- Up-to-date symlink: /home/jeff/theimc_robot/install/interfaces_pkg/local/lib/python3.10/dist-packages/interfaces_pkg/msg/_lane_info_s.c
[4.235s] -- Up-to-date symlink: /home/jeff/theimc_robot/install/interfaces_pkg/local/lib/python3.10/dist-packages/interfaces_pkg/msg/_mask.py
[4.235s] -- Up-to-date symlink: /home/jeff/theimc_robot/install/interfaces_pkg/local/lib/python3.10/dist-packages/interfaces_pkg/msg/_mask_s.c
[4.235s] -- Up-to-date symlink: /home/jeff/theimc_robot/install/interfaces_pkg/local/lib/python3.10/dist-packages/interfaces_pkg/msg/_motion_command.py
[4.236s] -- Up-to-date symlink: /home/jeff/theimc_robot/install/interfaces_pkg/local/lib/python3.10/dist-packages/interfaces_pkg/msg/_motion_command_s.c
[4.236s] -- Up-to-date symlink: /home/jeff/theimc_robot/install/interfaces_pkg/local/lib/python3.10/dist-packages/interfaces_pkg/msg/_path_planning_result.py
[4.236s] -- Up-to-date symlink: /home/jeff/theimc_robot/install/interfaces_pkg/local/lib/python3.10/dist-packages/interfaces_pkg/msg/_path_planning_result_s.c
[4.236s] -- Up-to-date symlink: /home/jeff/theimc_robot/install/interfaces_pkg/local/lib/python3.10/dist-packages/interfaces_pkg/msg/_point2_d.py
[4.236s] -- Up-to-date symlink: /home/jeff/theimc_robot/install/interfaces_pkg/local/lib/python3.10/dist-packages/interfaces_pkg/msg/_point2_d_s.c
[4.237s] -- Up-to-date symlink: /home/jeff/theimc_robot/install/interfaces_pkg/local/lib/python3.10/dist-packages/interfaces_pkg/msg/_pose2_d.py
[4.237s] -- Up-to-date symlink: /home/jeff/theimc_robot/install/interfaces_pkg/local/lib/python3.10/dist-packages/interfaces_pkg/msg/_pose2_d_s.c
[4.237s] -- Up-to-date symlink: /home/jeff/theimc_robot/install/interfaces_pkg/local/lib/python3.10/dist-packages/interfaces_pkg/msg/_rail_info.py
[4.237s] -- Up-to-date symlink: /home/jeff/theimc_robot/install/interfaces_pkg/local/lib/python3.10/dist-packages/interfaces_pkg/msg/_rail_info_s.c
[4.237s] -- Up-to-date symlink: /home/jeff/theimc_robot/install/interfaces_pkg/local/lib/python3.10/dist-packages/interfaces_pkg/msg/_target_point.py
[4.238s] -- Up-to-date symlink: /home/jeff/theimc_robot/install/interfaces_pkg/local/lib/python3.10/dist-packages/interfaces_pkg/msg/_target_point_s.c
[4.238s] -- Up-to-date symlink: /home/jeff/theimc_robot/install/interfaces_pkg/local/lib/python3.10/dist-packages/interfaces_pkg/msg/_vector2.py
[4.238s] -- Up-to-date symlink: /home/jeff/theimc_robot/install/interfaces_pkg/local/lib/python3.10/dist-packages/interfaces_pkg/msg/_vector2_s.c
[4.239s] -- Up-to-date symlink: /home/jeff/theimc_robot/install/interfaces_pkg/local/lib/python3.10/dist-packages/interfaces_pkg/interfaces_pkg_s__rosidl_typesupport_fastrtps_c.cpython-310-aarch64-linux-gnu.so
[4.239s] -- Up-to-date symlink: /home/jeff/theimc_robot/install/interfaces_pkg/local/lib/python3.10/dist-packages/interfaces_pkg/interfaces_pkg_s__rosidl_typesupport_introspection_c.cpython-310-aarch64-linux-gnu.so
[4.239s] -- Up-to-date symlink: /home/jeff/theimc_robot/install/interfaces_pkg/local/lib/python3.10/dist-packages/interfaces_pkg/interfaces_pkg_s__rosidl_typesupport_c.cpython-310-aarch64-linux-gnu.so
[4.240s] -- Up-to-date symlink: /home/jeff/theimc_robot/install/interfaces_pkg/share/interfaces_pkg/msg/Point2D.idl
[4.240s] -- Up-to-date symlink: /home/jeff/theimc_robot/install/interfaces_pkg/share/interfaces_pkg/msg/Vector2.idl
[4.240s] -- Up-to-date symlink: /home/jeff/theimc_robot/install/interfaces_pkg/share/interfaces_pkg/msg/Pose2D.idl
[4.241s] -- Up-to-date symlink: /home/jeff/theimc_robot/install/interfaces_pkg/share/interfaces_pkg/msg/BoundingBox2D.idl
[4.241s] -- Up-to-date symlink: /home/jeff/theimc_robot/install/interfaces_pkg/share/interfaces_pkg/msg/BoundingBox3D.idl
[4.241s] -- Up-to-date symlink: /home/jeff/theimc_robot/install/interfaces_pkg/share/interfaces_pkg/msg/Mask.idl
[4.241s] -- Up-to-date symlink: /home/jeff/theimc_robot/install/interfaces_pkg/share/interfaces_pkg/msg/KeyPoint2D.idl
[4.242s] -- Up-to-date symlink: /home/jeff/theimc_robot/install/interfaces_pkg/share/interfaces_pkg/msg/KeyPoint2DArray.idl
[4.242s] -- Up-to-date symlink: /home/jeff/theimc_robot/install/interfaces_pkg/share/interfaces_pkg/msg/KeyPoint3D.idl
[4.242s] -- Up-to-date symlink: /home/jeff/theimc_robot/install/interfaces_pkg/share/interfaces_pkg/msg/KeyPoint3DArray.idl
[4.242s] -- Up-to-date symlink: /home/jeff/theimc_robot/install/interfaces_pkg/share/interfaces_pkg/msg/Detection.idl
[4.243s] -- Up-to-date symlink: /home/jeff/theimc_robot/install/interfaces_pkg/share/interfaces_pkg/msg/DetectionArray.idl
[4.243s] -- Up-to-date symlink: /home/jeff/theimc_robot/install/interfaces_pkg/share/interfaces_pkg/msg/LaneInfo.idl
[4.243s] -- Up-to-date symlink: /home/jeff/theimc_robot/install/interfaces_pkg/share/interfaces_pkg/msg/RailInfo.idl
[4.243s] -- Up-to-date symlink: /home/jeff/theimc_robot/install/interfaces_pkg/share/interfaces_pkg/msg/MotionCommand.idl
[4.244s] -- Up-to-date symlink: /home/jeff/theimc_robot/install/interfaces_pkg/share/interfaces_pkg/msg/TargetPoint.idl
[4.244s] -- Up-to-date symlink: /home/jeff/theimc_robot/install/interfaces_pkg/share/interfaces_pkg/msg/PathPlanningResult.idl
[4.244s] -- Up-to-date symlink: /home/jeff/theimc_robot/install/interfaces_pkg/share/interfaces_pkg/action/RailApproach.idl
[4.245s] -- Up-to-date symlink: /home/jeff/theimc_robot/install/interfaces_pkg/share/interfaces_pkg/msg/Point2D.msg
[4.245s] -- Up-to-date symlink: /home/jeff/theimc_robot/install/interfaces_pkg/share/interfaces_pkg/msg/Vector2.msg
[4.245s] -- Up-to-date symlink: /home/jeff/theimc_robot/install/interfaces_pkg/share/interfaces_pkg/msg/Pose2D.msg
[4.245s] -- Up-to-date symlink: /home/jeff/theimc_robot/install/interfaces_pkg/share/interfaces_pkg/msg/BoundingBox2D.msg
[4.246s] -- Up-to-date symlink: /home/jeff/theimc_robot/install/interfaces_pkg/share/interfaces_pkg/msg/BoundingBox3D.msg
[4.246s] -- Up-to-date symlink: /home/jeff/theimc_robot/install/interfaces_pkg/share/interfaces_pkg/msg/Mask.msg
[4.246s] -- Up-to-date symlink: /home/jeff/theimc_robot/install/interfaces_pkg/share/interfaces_pkg/msg/KeyPoint2D.msg
[4.246s] -- Up-to-date symlink: /home/jeff/theimc_robot/install/interfaces_pkg/share/interfaces_pkg/msg/KeyPoint2DArray.msg
[4.247s] -- Up-to-date symlink: /home/jeff/theimc_robot/install/interfaces_pkg/share/interfaces_pkg/msg/KeyPoint3D.msg
[4.247s] -- Up-to-date symlink: /home/jeff/theimc_robot/install/interfaces_pkg/share/interfaces_pkg/msg/KeyPoint3DArray.msg
[4.247s] -- Up-to-date symlink: /home/jeff/theimc_robot/install/interfaces_pkg/share/interfaces_pkg/msg/Detection.msg
[4.247s] -- Up-to-date symlink: /home/jeff/theimc_robot/install/interfaces_pkg/share/interfaces_pkg/msg/DetectionArray.msg
[4.248s] -- Up-to-date symlink: /home/jeff/theimc_robot/install/interfaces_pkg/share/interfaces_pkg/msg/LaneInfo.msg
[4.248s] -- Up-to-date symlink: /home/jeff/theimc_robot/install/interfaces_pkg/share/interfaces_pkg/msg/RailInfo.msg
[4.248s] -- Up-to-date symlink: /home/jeff/theimc_robot/install/interfaces_pkg/share/interfaces_pkg/msg/MotionCommand.msg
[4.248s] -- Up-to-date symlink: /home/jeff/theimc_robot/install/interfaces_pkg/share/interfaces_pkg/msg/TargetPoint.msg
[4.249s] -- Up-to-date symlink: /home/jeff/theimc_robot/install/interfaces_pkg/share/interfaces_pkg/msg/PathPlanningResult.msg
[4.249s] -- Up-to-date symlink: /home/jeff/theimc_robot/install/interfaces_pkg/share/interfaces_pkg/action/RailApproach.action
[4.249s] -- Up-to-date symlink: /home/jeff/theimc_robot/install/interfaces_pkg/share/ament_index/resource_index/package_run_dependencies/interfaces_pkg
[4.250s] -- Up-to-date symlink: /home/jeff/theimc_robot/install/interfaces_pkg/share/ament_index/resource_index/parent_prefix_path/interfaces_pkg
[4.250s] -- Up-to-date symlink: /home/jeff/theimc_robot/install/interfaces_pkg/share/interfaces_pkg/environment/ament_prefix_path.sh
[4.250s] -- Up-to-date symlink: /home/jeff/theimc_robot/install/interfaces_pkg/share/interfaces_pkg/environment/ament_prefix_path.dsv
[4.250s] -- Up-to-date symlink: /home/jeff/theimc_robot/install/interfaces_pkg/share/interfaces_pkg/environment/path.sh
[4.251s] -- Up-to-date symlink: /home/jeff/theimc_robot/install/interfaces_pkg/share/interfaces_pkg/environment/path.dsv
[4.251s] -- Up-to-date symlink: /home/jeff/theimc_robot/install/interfaces_pkg/share/interfaces_pkg/local_setup.bash
[4.251s] -- Up-to-date symlink: /home/jeff/theimc_robot/install/interfaces_pkg/share/interfaces_pkg/local_setup.sh
[4.251s] -- Up-to-date symlink: /home/jeff/theimc_robot/install/interfaces_pkg/share/interfaces_pkg/local_setup.zsh
[4.252s] -- Up-to-date symlink: /home/jeff/theimc_robot/install/interfaces_pkg/share/interfaces_pkg/local_setup.dsv
[4.252s] -- Symlinking: /home/jeff/theimc_robot/install/interfaces_pkg/share/interfaces_pkg/package.dsv
[4.270s] -- Up-to-date symlink: /home/jeff/theimc_robot/install/interfaces_pkg/share/ament_index/resource_index/packages/interfaces_pkg
[4.270s] -- Up-to-date symlink: /home/jeff/theimc_robot/install/interfaces_pkg/share/interfaces_pkg/cmake/rosidl_cmake-extras.cmake
[4.270s] -- Up-to-date symlink: /home/jeff/theimc_robot/install/interfaces_pkg/share/interfaces_pkg/cmake/ament_cmake_export_dependencies-extras.cmake
[4.270s] -- Up-to-date symlink: /home/jeff/theimc_robot/install/interfaces_pkg/share/interfaces_pkg/cmake/ament_cmake_export_include_directories-extras.cmake
[4.271s] -- Up-to-date symlink: /home/jeff/theimc_robot/install/interfaces_pkg/share/interfaces_pkg/cmake/ament_cmake_export_libraries-extras.cmake
[4.271s] -- Up-to-date symlink: /home/jeff/theimc_robot/install/interfaces_pkg/share/interfaces_pkg/cmake/ament_cmake_export_targets-extras.cmake
[4.271s] -- Up-to-date symlink: /home/jeff/theimc_robot/install/interfaces_pkg/share/interfaces_pkg/cmake/rosidl_cmake_export_typesupport_targets-extras.cmake
[4.271s] -- Up-to-date symlink: /home/jeff/theimc_robot/install/interfaces_pkg/share/interfaces_pkg/cmake/rosidl_cmake_export_typesupport_libraries-extras.cmake
[4.272s] -- Up-to-date symlink: /home/jeff/theimc_robot/install/interfaces_pkg/share/interfaces_pkg/cmake/interfaces_pkgConfig.cmake
[4.272s] -- Up-to-date symlink: /home/jeff/theimc_robot/install/interfaces_pkg/share/interfaces_pkg/cmake/interfaces_pkgConfig-version.cmake
[4.272s] -- Up-to-date symlink: /home/jeff/theimc_robot/install/interfaces_pkg/share/interfaces_pkg/package.xml
[4.273s] -- Up-to-date: /home/jeff/theimc_robot/install/interfaces_pkg/lib/libinterfaces_pkg__rosidl_generator_c.so
[4.273s] -- Up-to-date: /home/jeff/theimc_robot/install/interfaces_pkg/lib/libinterfaces_pkg__rosidl_typesupport_fastrtps_c.so
[4.274s] -- Up-to-date: /home/jeff/theimc_robot/install/interfaces_pkg/lib/libinterfaces_pkg__rosidl_typesupport_introspection_c.so
[4.274s] -- Up-to-date: /home/jeff/theimc_robot/install/interfaces_pkg/lib/libinterfaces_pkg__rosidl_typesupport_c.so
[4.274s] -- Up-to-date: /home/jeff/theimc_robot/install/interfaces_pkg/lib/libinterfaces_pkg__rosidl_typesupport_fastrtps_cpp.so
[4.275s] -- Up-to-date: /home/jeff/theimc_robot/install/interfaces_pkg/lib/libinterfaces_pkg__rosidl_typesupport_introspection_cpp.so
[4.275s] -- Up-to-date: /home/jeff/theimc_robot/install/interfaces_pkg/lib/libinterfaces_pkg__rosidl_typesupport_cpp.so
[4.355s] Listing '/home/jeff/theimc_robot/install/interfaces_pkg/local/lib/python3.10/dist-packages/interfaces_pkg'...
[4.355s] Compiling '/home/jeff/theimc_robot/install/interfaces_pkg/local/lib/python3.10/dist-packages/interfaces_pkg/__init__.py'...
[4.355s] Listing '/home/jeff/theimc_robot/install/interfaces_pkg/local/lib/python3.10/dist-packages/interfaces_pkg/action'...
[4.355s] Listing '/home/jeff/theimc_robot/install/interfaces_pkg/local/lib/python3.10/dist-packages/interfaces_pkg/msg'...
[4.368s] -- Up-to-date: /home/jeff/theimc_robot/install/interfaces_pkg/lib/libinterfaces_pkg__rosidl_generator_py.so
[4.369s] -- Up-to-date: /home/jeff/theimc_robot/install/interfaces_pkg/share/interfaces_pkg/cmake/export_interfaces_pkg__rosidl_generator_cExport.cmake
[4.369s] -- Up-to-date: /home/jeff/theimc_robot/install/interfaces_pkg/share/interfaces_pkg/cmake/export_interfaces_pkg__rosidl_generator_cExport-noconfig.cmake
[4.369s] -- Up-to-date: /home/jeff/theimc_robot/install/interfaces_pkg/share/interfaces_pkg/cmake/export_interfaces_pkg__rosidl_typesupport_fastrtps_cExport.cmake
[4.369s] -- Up-to-date: /home/jeff/theimc_robot/install/interfaces_pkg/share/interfaces_pkg/cmake/export_interfaces_pkg__rosidl_typesupport_fastrtps_cExport-noconfig.cmake
[4.369s] -- Up-to-date: /home/jeff/theimc_robot/install/interfaces_pkg/share/interfaces_pkg/cmake/interfaces_pkg__rosidl_typesupport_introspection_cExport.cmake
[4.370s] -- Up-to-date: /home/jeff/theimc_robot/install/interfaces_pkg/share/interfaces_pkg/cmake/interfaces_pkg__rosidl_typesupport_introspection_cExport-noconfig.cmake
[4.370s] -- Up-to-date: /home/jeff/theimc_robot/install/interfaces_pkg/share/interfaces_pkg/cmake/interfaces_pkg__rosidl_typesupport_cExport.cmake
[4.370s] -- Up-to-date: /home/jeff/theimc_robot/install/interfaces_pkg/share/interfaces_pkg/cmake/interfaces_pkg__rosidl_typesupport_cExport-noconfig.cmake
[4.370s] -- Up-to-date: /home/jeff/theimc_robot/install/interfaces_pkg/share/interfaces_pkg/cmake/export_interfaces_pkg__rosidl_generator_cppExport.cmake
[4.370s] -- Up-to-date: /home/jeff/theimc_robot/install/interfaces_pkg/share/interfaces_pkg/cmake/export_interfaces_pkg__rosidl_typesupport_fastrtps_cppExport.cmake
[4.370s] -- Up-to-date: /home/jeff/theimc_robot/install/interfaces_pkg/share/interfaces_pkg/cmake/export_interfaces_pkg__rosidl_typesupport_fastrtps_cppExport-noconfig.cmake
[4.371s] -- Up-to-date: /home/jeff/theimc_robot/install/interfaces_pkg/share/interfaces_pkg/cmake/interfaces_pkg__rosidl_typesupport_introspection_cppExport.cmake
[4.371s] -- Up-to-date: /home/jeff/theimc_robot/install/interfaces_pkg/share/interfaces_pkg/cmake/interfaces_pkg__rosidl_typesupport_introspection_cppExport-noconfig.cmake
[4.371s] -- Up-to-date: /home/jeff/theimc_robot/install/interfaces_pkg/share/interfaces_pkg/cmake/interfaces_pkg__rosidl_typesupport_cppExport.cmake
[4.371s] -- Up-to-date: /home/jeff/theimc_robot/install/interfaces_pkg/share/interfaces_pkg/cmake/interfaces_pkg__rosidl_typesupport_cppExport-noconfig.cmake
[4.371s] -- Up-to-date: /home/jeff/theimc_robot/install/interfaces_pkg/share/interfaces_pkg/cmake/export_interfaces_pkg__rosidl_generator_pyExport.cmake
[4.371s] -- Up-to-date: /home/jeff/theimc_robot/install/interfaces_pkg/share/interfaces_pkg/cmake/export_interfaces_pkg__rosidl_generator_pyExport-noconfig.cmake
[4.378s] Invoked command in '/home/jeff/theimc_robot/build/interfaces_pkg' returned '0': CMAKE_PREFIX_PATH=${CMAKE_PREFIX_PATH}:/home/jeff/theimc_robot/install/theimc_description:/home/jeff/theimc_robot/install/theimc_bringup:/home/jeff/theimc_robot/install/sllidar_ros2:/home/jeff/theimc_robot/install/localizer_server:/home/jeff/theimc_robot/install/decision_making_pkg:/home/jeff/theimc_robot/install/interfaces_pkg:/home/jeff/theimc_robot/install/debug_pkg:/home/jeff/theimc_robot/install/camera_perception_pkg:/opt/ros/humble /usr/bin/cmake --install /home/jeff/theimc_robot/build/interfaces_pkg
