[0.823s] Invoking command in '/home/jeff/theimc_robot/build/theimc_description': CMAKE_PREFIX_PATH=${CMAKE_PREFIX_PATH}:/home/jeff/theimc_robot/install/theimc_teleop:/home/jeff/theimc_robot/install/theimc_bringup:/home/jeff/theimc_robot/install/localizer_server:/home/jeff/theimc_robot/install/decision_making_pkg:/home/jeff/theimc_robot/install/debug_pkg:/home/jeff/theimc_robot/install/camera_perception_pkg:/opt/ros/humble /usr/bin/cmake /home/jeff/theimc_robot/src/theimc_description -DAMENT_CMAKE_SYMLINK_INSTALL=1 -DCMAKE_INSTALL_PREFIX=/home/jeff/theimc_robot/install/theimc_description
[1.209s] -- The C compiler identification is GNU 11.4.0
[1.634s] -- The CXX compiler identification is GNU 11.4.0
[1.686s] -- Detecting C compiler ABI info
[2.344s] -- Detecting C compiler ABI info - done
[2.390s] -- Check for working C compiler: /usr/bin/cc - skipped
[2.391s] -- Detecting C compile features
[2.391s] -- Detecting C compile features - done
[2.422s] -- Detecting CXX compiler ABI info
[3.143s] -- Detecting CXX compiler ABI info - done
[3.209s] -- Check for working CXX compiler: /usr/bin/c++ - skipped
[3.210s] -- Detecting CXX compile features
[3.210s] -- Detecting CXX compile features - done
[3.235s] -- Found ament_cmake: 1.3.14 (/opt/ros/humble/share/ament_cmake/cmake)
[4.827s] -- Found Python3: /usr/bin/python3 (found version "3.10.12") found components: Interpreter 
[5.493s] -- Override CMake install command with custom implementation using symlinks instead of copying resources
[5.708s] -- Found urdf: 2.6.1 (/opt/ros/humble/share/urdf/cmake)
[6.130s] -- Found xacro: 2.1.1 (/opt/ros/humble/share/xacro/cmake)
[6.138s] -- Found ament_lint_auto: 0.12.15 (/opt/ros/humble/share/ament_lint_auto/cmake)
[6.893s] -- Added test 'flake8' to check Python code syntax and style conventions
[6.904s] -- Added test 'lint_cmake' to check CMake code style
[6.905s] -- Added test 'pep257' to check Python code against some of the docstring style conventions in PEP 257
[6.918s] -- Added test 'xmllint' to check XML markup files
[6.936s] -- Configuring done
[6.960s] -- Generating done
[6.978s] -- Build files have been written to: /home/jeff/theimc_robot/build/theimc_description
[7.083s] Invoked command in '/home/jeff/theimc_robot/build/theimc_description' returned '0': CMAKE_PREFIX_PATH=${CMAKE_PREFIX_PATH}:/home/jeff/theimc_robot/install/theimc_teleop:/home/jeff/theimc_robot/install/theimc_bringup:/home/jeff/theimc_robot/install/localizer_server:/home/jeff/theimc_robot/install/decision_making_pkg:/home/jeff/theimc_robot/install/debug_pkg:/home/jeff/theimc_robot/install/camera_perception_pkg:/opt/ros/humble /usr/bin/cmake /home/jeff/theimc_robot/src/theimc_description -DAMENT_CMAKE_SYMLINK_INSTALL=1 -DCMAKE_INSTALL_PREFIX=/home/jeff/theimc_robot/install/theimc_description
[7.084s] Invoking command in '/home/jeff/theimc_robot/build/theimc_description': CMAKE_PREFIX_PATH=${CMAKE_PREFIX_PATH}:/home/jeff/theimc_robot/install/theimc_teleop:/home/jeff/theimc_robot/install/theimc_bringup:/home/jeff/theimc_robot/install/localizer_server:/home/jeff/theimc_robot/install/decision_making_pkg:/home/jeff/theimc_robot/install/debug_pkg:/home/jeff/theimc_robot/install/camera_perception_pkg:/opt/ros/humble /usr/bin/cmake --build /home/jeff/theimc_robot/build/theimc_description -- -j6 -l6
[7.426s] Invoked command in '/home/jeff/theimc_robot/build/theimc_description' returned '0': CMAKE_PREFIX_PATH=${CMAKE_PREFIX_PATH}:/home/jeff/theimc_robot/install/theimc_teleop:/home/jeff/theimc_robot/install/theimc_bringup:/home/jeff/theimc_robot/install/localizer_server:/home/jeff/theimc_robot/install/decision_making_pkg:/home/jeff/theimc_robot/install/debug_pkg:/home/jeff/theimc_robot/install/camera_perception_pkg:/opt/ros/humble /usr/bin/cmake --build /home/jeff/theimc_robot/build/theimc_description -- -j6 -l6
[7.505s] Invoking command in '/home/jeff/theimc_robot/build/theimc_description': CMAKE_PREFIX_PATH=${CMAKE_PREFIX_PATH}:/home/jeff/theimc_robot/install/theimc_teleop:/home/jeff/theimc_robot/install/theimc_bringup:/home/jeff/theimc_robot/install/localizer_server:/home/jeff/theimc_robot/install/decision_making_pkg:/home/jeff/theimc_robot/install/debug_pkg:/home/jeff/theimc_robot/install/camera_perception_pkg:/opt/ros/humble /usr/bin/cmake --install /home/jeff/theimc_robot/build/theimc_description
[7.573s] -- Install configuration: ""
[7.582s] -- Execute custom install script
[7.596s] -- Symlinking: /home/jeff/theimc_robot/install/theimc_description/share/theimc_description/launch/theimc_description.launch.py
[7.677s] -- Symlinking: /home/jeff/theimc_robot/install/theimc_description/share/theimc_description/rviz/model.rviz
[7.771s] -- Symlinking: /home/jeff/theimc_robot/install/theimc_description/share/theimc_description/rviz/theimc.rviz
[7.861s] -- Symlinking: /home/jeff/theimc_robot/install/theimc_description/share/theimc_description/urdf/theimc.urdf
[7.928s] -- Symlinking: /home/jeff/theimc_robot/install/theimc_description/share/ament_index/resource_index/package_run_dependencies/theimc_description
[7.994s] -- Symlinking: /home/jeff/theimc_robot/install/theimc_description/share/ament_index/resource_index/parent_prefix_path/theimc_description
[8.045s] -- Symlinking: /home/jeff/theimc_robot/install/theimc_description/share/theimc_description/environment/ament_prefix_path.sh
[8.111s] -- Symlinking: /home/jeff/theimc_robot/install/theimc_description/share/theimc_description/environment/ament_prefix_path.dsv
[8.166s] -- Symlinking: /home/jeff/theimc_robot/install/theimc_description/share/theimc_description/environment/path.sh
[8.220s] -- Symlinking: /home/jeff/theimc_robot/install/theimc_description/share/theimc_description/environment/path.dsv
[8.285s] -- Symlinking: /home/jeff/theimc_robot/install/theimc_description/share/theimc_description/local_setup.bash
[8.348s] -- Symlinking: /home/jeff/theimc_robot/install/theimc_description/share/theimc_description/local_setup.sh
[8.423s] -- Symlinking: /home/jeff/theimc_robot/install/theimc_description/share/theimc_description/local_setup.zsh
[8.478s] -- Symlinking: /home/jeff/theimc_robot/install/theimc_description/share/theimc_description/local_setup.dsv
[8.549s] -- Symlinking: /home/jeff/theimc_robot/install/theimc_description/share/theimc_description/package.dsv
[8.615s] -- Symlinking: /home/jeff/theimc_robot/install/theimc_description/share/ament_index/resource_index/packages/theimc_description
[8.676s] -- Symlinking: /home/jeff/theimc_robot/install/theimc_description/share/theimc_description/cmake/theimc_descriptionConfig.cmake
[8.736s] -- Symlinking: /home/jeff/theimc_robot/install/theimc_description/share/theimc_description/cmake/theimc_descriptionConfig-version.cmake
[8.809s] -- Symlinking: /home/jeff/theimc_robot/install/theimc_description/share/theimc_description/package.xml
[8.908s] Invoked command in '/home/jeff/theimc_robot/build/theimc_description' returned '0': CMAKE_PREFIX_PATH=${CMAKE_PREFIX_PATH}:/home/jeff/theimc_robot/install/theimc_teleop:/home/jeff/theimc_robot/install/theimc_bringup:/home/jeff/theimc_robot/install/localizer_server:/home/jeff/theimc_robot/install/decision_making_pkg:/home/jeff/theimc_robot/install/debug_pkg:/home/jeff/theimc_robot/install/camera_perception_pkg:/opt/ros/humble /usr/bin/cmake --install /home/jeff/theimc_robot/build/theimc_description
