[2.153s] Invoking command in '/home/jeff/theimc_robot/build/camera_perception_pkg': PYTHONPATH=/home/jeff/theimc_robot/build/camera_perception_pkg/prefix_override:/usr/lib/python3/dist-packages/colcon_core/task/python/colcon_distutils_commands:/home/jeff/theimc_robot/install/camera_perception_pkg/lib/python3.10/site-packages:${PYTHONPATH} /usr/bin/python3 -W ignore:setup.py install is deprecated -W ignore:easy_install command is deprecated setup.py develop --uninstall --editable --build-directory /home/jeff/theimc_robot/build/camera_perception_pkg/build
[2.754s] running develop
[3.154s] Removing /home/jeff/theimc_robot/install/camera_perception_pkg/lib/python3.10/site-packages/camera-perception-pkg.egg-link (link to .)
[3.251s] Invoked command in '/home/jeff/theimc_robot/build/camera_perception_pkg' returned '0': PYTHONPATH=/home/jeff/theimc_robot/build/camera_perception_pkg/prefix_override:/usr/lib/python3/dist-packages/colcon_core/task/python/colcon_distutils_commands:/home/jeff/theimc_robot/install/camera_perception_pkg/lib/python3.10/site-packages:${PYTHONPATH} /usr/bin/python3 -W ignore:setup.py install is deprecated -W ignore:easy_install command is deprecated setup.py develop --uninstall --editable --build-directory /home/jeff/theimc_robot/build/camera_perception_pkg/build
[3.254s] Invoking command in '/home/jeff/theimc_robot/src/camera_perception_pkg': PYTHONPATH=/home/jeff/theimc_robot/build/camera_perception_pkg/prefix_override:/usr/lib/python3/dist-packages/colcon_core/task/python/colcon_distutils_commands:/home/jeff/theimc_robot/install/camera_perception_pkg/lib/python3.10/site-packages:${PYTHONPATH} /usr/bin/python3 -W ignore:setup.py install is deprecated -W ignore:easy_install command is deprecated setup.py egg_info --egg-base ../../build/camera_perception_pkg build --build-base /home/jeff/theimc_robot/build/camera_perception_pkg/build install --record /home/jeff/theimc_robot/build/camera_perception_pkg/install.log --single-version-externally-managed install_data --force
[3.828s] running egg_info
[3.830s] writing ../../build/camera_perception_pkg/camera_perception_pkg.egg-info/PKG-INFO
[3.832s] writing dependency_links to ../../build/camera_perception_pkg/camera_perception_pkg.egg-info/dependency_links.txt
[3.832s] writing entry points to ../../build/camera_perception_pkg/camera_perception_pkg.egg-info/entry_points.txt
[3.832s] writing requirements to ../../build/camera_perception_pkg/camera_perception_pkg.egg-info/requires.txt
[3.832s] writing top-level names to ../../build/camera_perception_pkg/camera_perception_pkg.egg-info/top_level.txt
[3.836s] reading manifest file '../../build/camera_perception_pkg/camera_perception_pkg.egg-info/SOURCES.txt'
[3.839s] writing manifest file '../../build/camera_perception_pkg/camera_perception_pkg.egg-info/SOURCES.txt'
[3.839s] running build
[3.839s] running build_py
[3.840s] creating /home/jeff/theimc_robot/build/camera_perception_pkg/build
[3.840s] creating /home/jeff/theimc_robot/build/camera_perception_pkg/build/lib
[3.840s] creating /home/jeff/theimc_robot/build/camera_perception_pkg/build/lib/camera_perception_pkg
[3.842s] copying camera_perception_pkg/rail_info_extractor_node.py -> /home/jeff/theimc_robot/build/camera_perception_pkg/build/lib/camera_perception_pkg
[3.843s] copying camera_perception_pkg/yolov8_node.py -> /home/jeff/theimc_robot/build/camera_perception_pkg/build/lib/camera_perception_pkg
[3.844s] copying camera_perception_pkg/image_publisher_node.py -> /home/jeff/theimc_robot/build/camera_perception_pkg/build/lib/camera_perception_pkg
[3.845s] copying camera_perception_pkg/__init__.py -> /home/jeff/theimc_robot/build/camera_perception_pkg/build/lib/camera_perception_pkg
[3.848s] creating /home/jeff/theimc_robot/build/camera_perception_pkg/build/lib/camera_perception_pkg/lib
[3.848s] copying camera_perception_pkg/lib/camera_perception_func_lib.py -> /home/jeff/theimc_robot/build/camera_perception_pkg/build/lib/camera_perception_pkg/lib
[3.848s] copying camera_perception_pkg/lib/__init__.py -> /home/jeff/theimc_robot/build/camera_perception_pkg/build/lib/camera_perception_pkg/lib
[3.848s] running install
[3.849s] running install_lib
[3.849s] creating /home/jeff/theimc_robot/install/camera_perception_pkg/lib/python3.10/site-packages/camera_perception_pkg
[3.850s] copying /home/jeff/theimc_robot/build/camera_perception_pkg/build/lib/camera_perception_pkg/rail_info_extractor_node.py -> /home/jeff/theimc_robot/install/camera_perception_pkg/lib/python3.10/site-packages/camera_perception_pkg
[3.850s] copying /home/jeff/theimc_robot/build/camera_perception_pkg/build/lib/camera_perception_pkg/yolov8_node.py -> /home/jeff/theimc_robot/install/camera_perception_pkg/lib/python3.10/site-packages/camera_perception_pkg
[3.850s] copying /home/jeff/theimc_robot/build/camera_perception_pkg/build/lib/camera_perception_pkg/image_publisher_node.py -> /home/jeff/theimc_robot/install/camera_perception_pkg/lib/python3.10/site-packages/camera_perception_pkg
[3.850s] creating /home/jeff/theimc_robot/install/camera_perception_pkg/lib/python3.10/site-packages/camera_perception_pkg/lib
[3.850s] copying /home/jeff/theimc_robot/build/camera_perception_pkg/build/lib/camera_perception_pkg/lib/camera_perception_func_lib.py -> /home/jeff/theimc_robot/install/camera_perception_pkg/lib/python3.10/site-packages/camera_perception_pkg/lib
[3.851s] copying /home/jeff/theimc_robot/build/camera_perception_pkg/build/lib/camera_perception_pkg/lib/__init__.py -> /home/jeff/theimc_robot/install/camera_perception_pkg/lib/python3.10/site-packages/camera_perception_pkg/lib
[3.851s] copying /home/jeff/theimc_robot/build/camera_perception_pkg/build/lib/camera_perception_pkg/__init__.py -> /home/jeff/theimc_robot/install/camera_perception_pkg/lib/python3.10/site-packages/camera_perception_pkg
[3.851s] byte-compiling /home/jeff/theimc_robot/install/camera_perception_pkg/lib/python3.10/site-packages/camera_perception_pkg/rail_info_extractor_node.py to rail_info_extractor_node.cpython-310.pyc
[3.854s] byte-compiling /home/jeff/theimc_robot/install/camera_perception_pkg/lib/python3.10/site-packages/camera_perception_pkg/yolov8_node.py to yolov8_node.cpython-310.pyc
[3.857s] byte-compiling /home/jeff/theimc_robot/install/camera_perception_pkg/lib/python3.10/site-packages/camera_perception_pkg/image_publisher_node.py to image_publisher_node.cpython-310.pyc
[3.862s] byte-compiling /home/jeff/theimc_robot/install/camera_perception_pkg/lib/python3.10/site-packages/camera_perception_pkg/lib/camera_perception_func_lib.py to camera_perception_func_lib.cpython-310.pyc
[3.865s] byte-compiling /home/jeff/theimc_robot/install/camera_perception_pkg/lib/python3.10/site-packages/camera_perception_pkg/lib/__init__.py to __init__.cpython-310.pyc
[3.869s] byte-compiling /home/jeff/theimc_robot/install/camera_perception_pkg/lib/python3.10/site-packages/camera_perception_pkg/__init__.py to __init__.cpython-310.pyc
[3.870s] running install_data
[3.870s] copying resource/camera_perception_pkg -> /home/jeff/theimc_robot/install/camera_perception_pkg/share/ament_index/resource_index/packages
[3.870s] copying package.xml -> /home/jeff/theimc_robot/install/camera_perception_pkg/share/camera_perception_pkg
[3.871s] running install_egg_info
[3.872s] Copying ../../build/camera_perception_pkg/camera_perception_pkg.egg-info to /home/jeff/theimc_robot/install/camera_perception_pkg/lib/python3.10/site-packages/camera_perception_pkg-0.0.0-py3.10.egg-info
[3.874s] running install_scripts
[3.921s] Installing image_publisher_node script to /home/jeff/theimc_robot/install/camera_perception_pkg/lib/camera_perception_pkg
[3.922s] Installing rail_info_extractor_node script to /home/jeff/theimc_robot/install/camera_perception_pkg/lib/camera_perception_pkg
[3.922s] Installing yolov8_node script to /home/jeff/theimc_robot/install/camera_perception_pkg/lib/camera_perception_pkg
[3.923s] writing list of installed files to '/home/jeff/theimc_robot/build/camera_perception_pkg/install.log'
[4.050s] Invoked command in '/home/jeff/theimc_robot/src/camera_perception_pkg' returned '0': PYTHONPATH=/home/jeff/theimc_robot/build/camera_perception_pkg/prefix_override:/usr/lib/python3/dist-packages/colcon_core/task/python/colcon_distutils_commands:/home/jeff/theimc_robot/install/camera_perception_pkg/lib/python3.10/site-packages:${PYTHONPATH} /usr/bin/python3 -W ignore:setup.py install is deprecated -W ignore:easy_install command is deprecated setup.py egg_info --egg-base ../../build/camera_perception_pkg build --build-base /home/jeff/theimc_robot/build/camera_perception_pkg/build install --record /home/jeff/theimc_robot/build/camera_perception_pkg/install.log --single-version-externally-managed install_data --force
