[1.863s] Invoking command in '/home/jeff/theimc_robot/build/sllidar_ros2': CMAKE_PREFIX_PATH=${CMAKE_PREFIX_PATH}:/home/jeff/theimc_robot/install/theimc_teleop:/home/jeff/theimc_robot/install/theimc_bringup:/home/jeff/theimc_robot/install/localizer_server:/home/jeff/theimc_robot/install/decision_making_pkg:/home/jeff/theimc_robot/install/debug_pkg:/home/jeff/theimc_robot/install/camera_perception_pkg:/opt/ros/humble /usr/bin/cmake --build /home/jeff/theimc_robot/build/sllidar_ros2 -- -j6 -l6
[2.056s] [ 10%] Built target sllidar_client
[2.061s] [100%] Built target sllidar_node
[2.109s] Invoked command in '/home/jeff/theimc_robot/build/sllidar_ros2' returned '0': CMAKE_PREFIX_PATH=${CMAKE_PREFIX_PATH}:/home/jeff/theimc_robot/install/theimc_teleop:/home/jeff/theimc_robot/install/theimc_bringup:/home/jeff/theimc_robot/install/localizer_server:/home/jeff/theimc_robot/install/decision_making_pkg:/home/jeff/theimc_robot/install/debug_pkg:/home/jeff/theimc_robot/install/camera_perception_pkg:/opt/ros/humble /usr/bin/cmake --build /home/jeff/theimc_robot/build/sllidar_ros2 -- -j6 -l6
[2.110s] Invoking command in '/home/jeff/theimc_robot/build/sllidar_ros2': CMAKE_PREFIX_PATH=${CMAKE_PREFIX_PATH}:/home/jeff/theimc_robot/install/theimc_teleop:/home/jeff/theimc_robot/install/theimc_bringup:/home/jeff/theimc_robot/install/localizer_server:/home/jeff/theimc_robot/install/decision_making_pkg:/home/jeff/theimc_robot/install/debug_pkg:/home/jeff/theimc_robot/install/camera_perception_pkg:/opt/ros/humble /usr/bin/cmake --install /home/jeff/theimc_robot/build/sllidar_ros2
[2.127s] -- Install configuration: ""
[2.128s] -- Execute custom install script
[2.130s] -- Up-to-date symlink: /home/jeff/theimc_robot/install/sllidar_ros2/share/sllidar_ros2/launch/sllidar_a1_launch.py
[2.130s] -- Up-to-date symlink: /home/jeff/theimc_robot/install/sllidar_ros2/share/sllidar_ros2/launch/sllidar_a2m12_launch .py
[2.131s] -- Up-to-date symlink: /home/jeff/theimc_robot/install/sllidar_ros2/share/sllidar_ros2/launch/sllidar_a2m7_launch.py
[2.132s] -- Up-to-date symlink: /home/jeff/theimc_robot/install/sllidar_ros2/share/sllidar_ros2/launch/sllidar_a2m8_launch.py
[2.133s] -- Up-to-date symlink: /home/jeff/theimc_robot/install/sllidar_ros2/share/sllidar_ros2/launch/sllidar_a3_launch.py
[2.133s] -- Up-to-date symlink: /home/jeff/theimc_robot/install/sllidar_ros2/share/sllidar_ros2/launch/sllidar_c1_launch.py
[2.134s] -- Up-to-date symlink: /home/jeff/theimc_robot/install/sllidar_ros2/share/sllidar_ros2/launch/sllidar_s1_launch.py
[2.135s] -- Up-to-date symlink: /home/jeff/theimc_robot/install/sllidar_ros2/share/sllidar_ros2/launch/sllidar_s1_tcp_launch.py
[2.135s] -- Up-to-date symlink: /home/jeff/theimc_robot/install/sllidar_ros2/share/sllidar_ros2/launch/sllidar_s2_launch.py
[2.136s] -- Up-to-date symlink: /home/jeff/theimc_robot/install/sllidar_ros2/share/sllidar_ros2/launch/sllidar_s2e_launch.py
[2.137s] -- Up-to-date symlink: /home/jeff/theimc_robot/install/sllidar_ros2/share/sllidar_ros2/launch/sllidar_s3_launch.py
[2.137s] -- Up-to-date symlink: /home/jeff/theimc_robot/install/sllidar_ros2/share/sllidar_ros2/launch/sllidar_t1_launch.py
[2.138s] -- Up-to-date symlink: /home/jeff/theimc_robot/install/sllidar_ros2/share/sllidar_ros2/launch/view_sllidar_a1_launch.py
[2.138s] -- Up-to-date symlink: /home/jeff/theimc_robot/install/sllidar_ros2/share/sllidar_ros2/launch/view_sllidar_a2m12_launch.py
[2.139s] -- Up-to-date symlink: /home/jeff/theimc_robot/install/sllidar_ros2/share/sllidar_ros2/launch/view_sllidar_a2m7_launch.py
[2.140s] -- Up-to-date symlink: /home/jeff/theimc_robot/install/sllidar_ros2/share/sllidar_ros2/launch/view_sllidar_a2m8_launch.py
[2.141s] -- Up-to-date symlink: /home/jeff/theimc_robot/install/sllidar_ros2/share/sllidar_ros2/launch/view_sllidar_a3_launch.py
[2.141s] -- Up-to-date symlink: /home/jeff/theimc_robot/install/sllidar_ros2/share/sllidar_ros2/launch/view_sllidar_c1_launch.py
[2.142s] -- Up-to-date symlink: /home/jeff/theimc_robot/install/sllidar_ros2/share/sllidar_ros2/launch/view_sllidar_s1_launch.py
[2.143s] -- Up-to-date symlink: /home/jeff/theimc_robot/install/sllidar_ros2/share/sllidar_ros2/launch/view_sllidar_s1_tcp_launch.py
[2.143s] -- Up-to-date symlink: /home/jeff/theimc_robot/install/sllidar_ros2/share/sllidar_ros2/launch/view_sllidar_s2_launch.py
[2.144s] -- Up-to-date symlink: /home/jeff/theimc_robot/install/sllidar_ros2/share/sllidar_ros2/launch/view_sllidar_s2e_launch.py
[2.145s] -- Up-to-date symlink: /home/jeff/theimc_robot/install/sllidar_ros2/share/sllidar_ros2/launch/view_sllidar_s3_launch.py
[2.145s] -- Up-to-date symlink: /home/jeff/theimc_robot/install/sllidar_ros2/share/sllidar_ros2/launch/view_sllidar_t1_launch.py
[2.146s] -- Up-to-date symlink: /home/jeff/theimc_robot/install/sllidar_ros2/share/sllidar_ros2/rviz/sllidar_ros2.rviz
[2.147s] -- Up-to-date symlink: /home/jeff/theimc_robot/install/sllidar_ros2/lib/sllidar_ros2/sllidar_node
[2.148s] -- Up-to-date symlink: /home/jeff/theimc_robot/install/sllidar_ros2/lib/sllidar_ros2/sllidar_client
[2.149s] -- Up-to-date symlink: /home/jeff/theimc_robot/install/sllidar_ros2/share/ament_index/resource_index/package_run_dependencies/sllidar_ros2
[2.150s] -- Up-to-date symlink: /home/jeff/theimc_robot/install/sllidar_ros2/share/ament_index/resource_index/parent_prefix_path/sllidar_ros2
[2.151s] -- Up-to-date symlink: /home/jeff/theimc_robot/install/sllidar_ros2/share/sllidar_ros2/environment/ament_prefix_path.sh
[2.151s] -- Up-to-date symlink: /home/jeff/theimc_robot/install/sllidar_ros2/share/sllidar_ros2/environment/ament_prefix_path.dsv
[2.153s] -- Up-to-date symlink: /home/jeff/theimc_robot/install/sllidar_ros2/share/sllidar_ros2/environment/path.sh
[2.153s] -- Up-to-date symlink: /home/jeff/theimc_robot/install/sllidar_ros2/share/sllidar_ros2/environment/path.dsv
[2.154s] -- Up-to-date symlink: /home/jeff/theimc_robot/install/sllidar_ros2/share/sllidar_ros2/local_setup.bash
[2.155s] -- Up-to-date symlink: /home/jeff/theimc_robot/install/sllidar_ros2/share/sllidar_ros2/local_setup.sh
[2.156s] -- Up-to-date symlink: /home/jeff/theimc_robot/install/sllidar_ros2/share/sllidar_ros2/local_setup.zsh
[2.156s] -- Up-to-date symlink: /home/jeff/theimc_robot/install/sllidar_ros2/share/sllidar_ros2/local_setup.dsv
[2.157s] -- Symlinking: /home/jeff/theimc_robot/install/sllidar_ros2/share/sllidar_ros2/package.dsv
[2.187s] -- Up-to-date symlink: /home/jeff/theimc_robot/install/sllidar_ros2/share/ament_index/resource_index/packages/sllidar_ros2
[2.188s] -- Up-to-date symlink: /home/jeff/theimc_robot/install/sllidar_ros2/share/sllidar_ros2/cmake/ament_cmake_export_dependencies-extras.cmake
[2.188s] -- Up-to-date symlink: /home/jeff/theimc_robot/install/sllidar_ros2/share/sllidar_ros2/cmake/ament_cmake_export_include_directories-extras.cmake
[2.188s] -- Up-to-date symlink: /home/jeff/theimc_robot/install/sllidar_ros2/share/sllidar_ros2/cmake/sllidar_ros2Config.cmake
[2.188s] -- Up-to-date symlink: /home/jeff/theimc_robot/install/sllidar_ros2/share/sllidar_ros2/cmake/sllidar_ros2Config-version.cmake
[2.188s] -- Up-to-date symlink: /home/jeff/theimc_robot/install/sllidar_ros2/share/sllidar_ros2/package.xml
[2.866s] Invoked command in '/home/jeff/theimc_robot/build/sllidar_ros2' returned '0': CMAKE_PREFIX_PATH=${CMAKE_PREFIX_PATH}:/home/jeff/theimc_robot/install/theimc_teleop:/home/jeff/theimc_robot/install/theimc_bringup:/home/jeff/theimc_robot/install/localizer_server:/home/jeff/theimc_robot/install/decision_making_pkg:/home/jeff/theimc_robot/install/debug_pkg:/home/jeff/theimc_robot/install/camera_perception_pkg:/opt/ros/humble /usr/bin/cmake --install /home/jeff/theimc_robot/build/sllidar_ros2
