[1.457s] Invoking command in '/home/jeff/theimc_robot/build/decision_making_pkg': CMAKE_PREFIX_PATH=/home/jeff/theimc_robot/install/interfaces_pkg:${CMAKE_PREFIX_PATH} LD_LIBRARY_PATH=/home/jeff/theimc_robot/install/interfaces_pkg/lib:/usr/local/cuda/lib64:/home/jeff/theimc_robot/install/theimc_navigation2/lib:/home/jeff/theimc_robot/install/theimc_bt_nodes/lib:/opt/ros/humble/opt/rviz_ogre_vendor/lib:/opt/ros/humble/lib/aarch64-linux-gnu:/opt/ros/humble/lib PYTHONPATH=/home/jeff/theimc_robot/build/decision_making_pkg/prefix_override:/usr/lib/python3/dist-packages/colcon_core/task/python/colcon_distutils_commands:/home/jeff/theimc_robot/install/decision_making_pkg/lib/python3.10/site-packages:${PYTHONPATH} /usr/bin/python3 -W ignore:setup.py install is deprecated -W ignore:easy_install command is deprecated setup.py develop --editable --build-directory /home/jeff/theimc_robot/build/decision_making_pkg/build --no-deps symlink_data --force
[2.045s] running develop
[2.432s] running egg_info
[2.432s] writing decision_making_pkg.egg-info/PKG-INFO
[2.432s] writing dependency_links to decision_making_pkg.egg-info/dependency_links.txt
[2.432s] writing entry points to decision_making_pkg.egg-info/entry_points.txt
[2.433s] writing requirements to decision_making_pkg.egg-info/requires.txt
[2.433s] writing top-level names to decision_making_pkg.egg-info/top_level.txt
[2.437s] reading manifest file 'decision_making_pkg.egg-info/SOURCES.txt'
[2.439s] writing manifest file 'decision_making_pkg.egg-info/SOURCES.txt'
[2.442s] running build_ext
[2.442s] Creating /home/jeff/theimc_robot/install/decision_making_pkg/lib/python3.10/site-packages/decision-making-pkg.egg-link (link to .)
[2.444s] Installing rail_approach_action_server_node script to /home/jeff/theimc_robot/install/decision_making_pkg/lib/decision_making_pkg
[2.445s] Installing rail_pd_controller_node script to /home/jeff/theimc_robot/install/decision_making_pkg/lib/decision_making_pkg
[2.445s] 
[2.445s] Installed /home/jeff/theimc_robot/build/decision_making_pkg
[2.445s] running symlink_data
[2.446s] symbolically linking /home/jeff/theimc_robot/build/decision_making_pkg/resource/decision_making_pkg -> /home/jeff/theimc_robot/install/decision_making_pkg/share/ament_index/resource_index/packages
[2.446s] symbolically linking /home/jeff/theimc_robot/build/decision_making_pkg/package.xml -> /home/jeff/theimc_robot/install/decision_making_pkg/share/decision_making_pkg
[2.530s] Invoked command in '/home/jeff/theimc_robot/build/decision_making_pkg' returned '0': CMAKE_PREFIX_PATH=/home/jeff/theimc_robot/install/interfaces_pkg:${CMAKE_PREFIX_PATH} LD_LIBRARY_PATH=/home/jeff/theimc_robot/install/interfaces_pkg/lib:/usr/local/cuda/lib64:/home/jeff/theimc_robot/install/theimc_navigation2/lib:/home/jeff/theimc_robot/install/theimc_bt_nodes/lib:/opt/ros/humble/opt/rviz_ogre_vendor/lib:/opt/ros/humble/lib/aarch64-linux-gnu:/opt/ros/humble/lib PYTHONPATH=/home/jeff/theimc_robot/build/decision_making_pkg/prefix_override:/usr/lib/python3/dist-packages/colcon_core/task/python/colcon_distutils_commands:/home/jeff/theimc_robot/install/decision_making_pkg/lib/python3.10/site-packages:${PYTHONPATH} /usr/bin/python3 -W ignore:setup.py install is deprecated -W ignore:easy_install command is deprecated setup.py develop --editable --build-directory /home/jeff/theimc_robot/build/decision_making_pkg/build --no-deps symlink_data --force
