[1.428s] Invoking command in '/home/jeff/theimc_robot/build/decision_making_pkg': CMAKE_PREFIX_PATH=/home/jeff/theimc_robot/install/interfaces_pkg:${CMAKE_PREFIX_PATH} LD_LIBRARY_PATH=/home/jeff/theimc_robot/install/interfaces_pkg/lib:/usr/local/cuda/lib64:/home/jeff/theimc_robot/install/theimc_navigation2/lib:/home/jeff/theimc_robot/install/theimc_bt_nodes/lib:/opt/ros/humble/opt/rviz_ogre_vendor/lib:/opt/ros/humble/lib/aarch64-linux-gnu:/opt/ros/humble/lib PYTHONPATH=/home/jeff/theimc_robot/build/decision_making_pkg/prefix_override:/usr/lib/python3/dist-packages/colcon_core/task/python/colcon_distutils_commands:/home/jeff/theimc_robot/install/decision_making_pkg/lib/python3.10/site-packages:${PYTHONPATH} /usr/bin/python3 -W ignore:setup.py install is deprecated -W ignore:easy_install command is deprecated setup.py develop --uninstall --editable --build-directory /home/jeff/theimc_robot/build/decision_making_pkg/build
[2.004s] running develop
[2.394s] Removing /home/jeff/theimc_robot/install/decision_making_pkg/lib/python3.10/site-packages/decision-making-pkg.egg-link (link to .)
[2.474s] Invoked command in '/home/jeff/theimc_robot/build/decision_making_pkg' returned '0': CMAKE_PREFIX_PATH=/home/jeff/theimc_robot/install/interfaces_pkg:${CMAKE_PREFIX_PATH} LD_LIBRARY_PATH=/home/jeff/theimc_robot/install/interfaces_pkg/lib:/usr/local/cuda/lib64:/home/jeff/theimc_robot/install/theimc_navigation2/lib:/home/jeff/theimc_robot/install/theimc_bt_nodes/lib:/opt/ros/humble/opt/rviz_ogre_vendor/lib:/opt/ros/humble/lib/aarch64-linux-gnu:/opt/ros/humble/lib PYTHONPATH=/home/jeff/theimc_robot/build/decision_making_pkg/prefix_override:/usr/lib/python3/dist-packages/colcon_core/task/python/colcon_distutils_commands:/home/jeff/theimc_robot/install/decision_making_pkg/lib/python3.10/site-packages:${PYTHONPATH} /usr/bin/python3 -W ignore:setup.py install is deprecated -W ignore:easy_install command is deprecated setup.py develop --uninstall --editable --build-directory /home/jeff/theimc_robot/build/decision_making_pkg/build
[2.479s] Invoking command in '/home/jeff/theimc_robot/src/decision_making_pkg': CMAKE_PREFIX_PATH=/home/jeff/theimc_robot/install/interfaces_pkg:${CMAKE_PREFIX_PATH} LD_LIBRARY_PATH=/home/jeff/theimc_robot/install/interfaces_pkg/lib:/usr/local/cuda/lib64:/home/jeff/theimc_robot/install/theimc_navigation2/lib:/home/jeff/theimc_robot/install/theimc_bt_nodes/lib:/opt/ros/humble/opt/rviz_ogre_vendor/lib:/opt/ros/humble/lib/aarch64-linux-gnu:/opt/ros/humble/lib PYTHONPATH=/home/jeff/theimc_robot/build/decision_making_pkg/prefix_override:/usr/lib/python3/dist-packages/colcon_core/task/python/colcon_distutils_commands:/home/jeff/theimc_robot/install/decision_making_pkg/lib/python3.10/site-packages:${PYTHONPATH} /usr/bin/python3 -W ignore:setup.py install is deprecated -W ignore:easy_install command is deprecated setup.py egg_info --egg-base ../../build/decision_making_pkg build --build-base /home/jeff/theimc_robot/build/decision_making_pkg/build install --record /home/jeff/theimc_robot/build/decision_making_pkg/install.log --single-version-externally-managed install_data --force
[3.020s] running egg_info
[3.021s] writing ../../build/decision_making_pkg/decision_making_pkg.egg-info/PKG-INFO
[3.021s] writing dependency_links to ../../build/decision_making_pkg/decision_making_pkg.egg-info/dependency_links.txt
[3.021s] writing entry points to ../../build/decision_making_pkg/decision_making_pkg.egg-info/entry_points.txt
[3.022s] writing requirements to ../../build/decision_making_pkg/decision_making_pkg.egg-info/requires.txt
[3.022s] writing top-level names to ../../build/decision_making_pkg/decision_making_pkg.egg-info/top_level.txt
[3.026s] reading manifest file '../../build/decision_making_pkg/decision_making_pkg.egg-info/SOURCES.txt'
[3.028s] writing manifest file '../../build/decision_making_pkg/decision_making_pkg.egg-info/SOURCES.txt'
[3.028s] running build
[3.028s] running build_py
[3.029s] creating /home/jeff/theimc_robot/build/decision_making_pkg/build
[3.029s] creating /home/jeff/theimc_robot/build/decision_making_pkg/build/lib
[3.029s] creating /home/jeff/theimc_robot/build/decision_making_pkg/build/lib/decision_making_pkg
[3.029s] copying decision_making_pkg/rail_pd_controller_node.py -> /home/jeff/theimc_robot/build/decision_making_pkg/build/lib/decision_making_pkg
[3.029s] copying decision_making_pkg/rail_approach_action_server_node.py -> /home/jeff/theimc_robot/build/decision_making_pkg/build/lib/decision_making_pkg
[3.030s] copying decision_making_pkg/__init__.py -> /home/jeff/theimc_robot/build/decision_making_pkg/build/lib/decision_making_pkg
[3.030s] creating /home/jeff/theimc_robot/build/decision_making_pkg/build/lib/decision_making_pkg/lib
[3.030s] copying decision_making_pkg/lib/decision_making_function_lib.py -> /home/jeff/theimc_robot/build/decision_making_pkg/build/lib/decision_making_pkg/lib
[3.030s] copying decision_making_pkg/lib/__init__.py -> /home/jeff/theimc_robot/build/decision_making_pkg/build/lib/decision_making_pkg/lib
[3.031s] running install
[3.032s] running install_lib
[3.033s] creating /home/jeff/theimc_robot/install/decision_making_pkg/lib/python3.10/site-packages/decision_making_pkg
[3.033s] copying /home/jeff/theimc_robot/build/decision_making_pkg/build/lib/decision_making_pkg/rail_pd_controller_node.py -> /home/jeff/theimc_robot/install/decision_making_pkg/lib/python3.10/site-packages/decision_making_pkg
[3.034s] creating /home/jeff/theimc_robot/install/decision_making_pkg/lib/python3.10/site-packages/decision_making_pkg/lib
[3.034s] copying /home/jeff/theimc_robot/build/decision_making_pkg/build/lib/decision_making_pkg/lib/decision_making_function_lib.py -> /home/jeff/theimc_robot/install/decision_making_pkg/lib/python3.10/site-packages/decision_making_pkg/lib
[3.034s] copying /home/jeff/theimc_robot/build/decision_making_pkg/build/lib/decision_making_pkg/lib/__init__.py -> /home/jeff/theimc_robot/install/decision_making_pkg/lib/python3.10/site-packages/decision_making_pkg/lib
[3.034s] copying /home/jeff/theimc_robot/build/decision_making_pkg/build/lib/decision_making_pkg/rail_approach_action_server_node.py -> /home/jeff/theimc_robot/install/decision_making_pkg/lib/python3.10/site-packages/decision_making_pkg
[3.034s] copying /home/jeff/theimc_robot/build/decision_making_pkg/build/lib/decision_making_pkg/__init__.py -> /home/jeff/theimc_robot/install/decision_making_pkg/lib/python3.10/site-packages/decision_making_pkg
[3.036s] byte-compiling /home/jeff/theimc_robot/install/decision_making_pkg/lib/python3.10/site-packages/decision_making_pkg/rail_pd_controller_node.py to rail_pd_controller_node.cpython-310.pyc
[3.040s] byte-compiling /home/jeff/theimc_robot/install/decision_making_pkg/lib/python3.10/site-packages/decision_making_pkg/lib/decision_making_function_lib.py to decision_making_function_lib.cpython-310.pyc
[3.041s] byte-compiling /home/jeff/theimc_robot/install/decision_making_pkg/lib/python3.10/site-packages/decision_making_pkg/lib/__init__.py to __init__.cpython-310.pyc
[3.042s] byte-compiling /home/jeff/theimc_robot/install/decision_making_pkg/lib/python3.10/site-packages/decision_making_pkg/rail_approach_action_server_node.py to rail_approach_action_server_node.cpython-310.pyc
[3.045s] byte-compiling /home/jeff/theimc_robot/install/decision_making_pkg/lib/python3.10/site-packages/decision_making_pkg/__init__.py to __init__.cpython-310.pyc
[3.046s] running install_data
[3.046s] copying resource/decision_making_pkg -> /home/jeff/theimc_robot/install/decision_making_pkg/share/ament_index/resource_index/packages
[3.046s] copying package.xml -> /home/jeff/theimc_robot/install/decision_making_pkg/share/decision_making_pkg
[3.047s] running install_egg_info
[3.051s] Copying ../../build/decision_making_pkg/decision_making_pkg.egg-info to /home/jeff/theimc_robot/install/decision_making_pkg/lib/python3.10/site-packages/decision_making_pkg-0.0.0-py3.10.egg-info
[3.053s] running install_scripts
[3.095s] Installing rail_approach_action_server_node script to /home/jeff/theimc_robot/install/decision_making_pkg/lib/decision_making_pkg
[3.095s] Installing rail_pd_controller_node script to /home/jeff/theimc_robot/install/decision_making_pkg/lib/decision_making_pkg
[3.096s] writing list of installed files to '/home/jeff/theimc_robot/build/decision_making_pkg/install.log'
[3.163s] Invoked command in '/home/jeff/theimc_robot/src/decision_making_pkg' returned '0': CMAKE_PREFIX_PATH=/home/jeff/theimc_robot/install/interfaces_pkg:${CMAKE_PREFIX_PATH} LD_LIBRARY_PATH=/home/jeff/theimc_robot/install/interfaces_pkg/lib:/usr/local/cuda/lib64:/home/jeff/theimc_robot/install/theimc_navigation2/lib:/home/jeff/theimc_robot/install/theimc_bt_nodes/lib:/opt/ros/humble/opt/rviz_ogre_vendor/lib:/opt/ros/humble/lib/aarch64-linux-gnu:/opt/ros/humble/lib PYTHONPATH=/home/jeff/theimc_robot/build/decision_making_pkg/prefix_override:/usr/lib/python3/dist-packages/colcon_core/task/python/colcon_distutils_commands:/home/jeff/theimc_robot/install/decision_making_pkg/lib/python3.10/site-packages:${PYTHONPATH} /usr/bin/python3 -W ignore:setup.py install is deprecated -W ignore:easy_install command is deprecated setup.py egg_info --egg-base ../../build/decision_making_pkg build --build-base /home/jeff/theimc_robot/build/decision_making_pkg/build install --record /home/jeff/theimc_robot/build/decision_making_pkg/install.log --single-version-externally-managed install_data --force
