[0.023s] Invoking command in '/home/jeff/theimc_robot/build/theimc_navigation2': CMAKE_PREFIX_PATH=${CMAKE_PREFIX_PATH}:/home/jeff/theimc_robot/install/theimc_teleop:/home/jeff/theimc_robot/install/theimc_bringup:/home/jeff/theimc_robot/install/localizer_server:/home/jeff/theimc_robot/install/decision_making_pkg:/home/jeff/theimc_robot/install/debug_pkg:/home/jeff/theimc_robot/install/camera_perception_pkg:/opt/ros/humble /usr/bin/cmake --build /home/jeff/theimc_robot/build/theimc_navigation2 -- -j6 -l6
[0.085s] -- Found ament_cmake: 1.3.14 (/opt/ros/humble/share/ament_cmake/cmake)
[0.387s] -- Override CMake install command with custom implementation using symlinks instead of copying resources
[0.415s] -- Found nav2_bringup: 1.1.20 (/opt/ros/humble/share/nav2_bringup/cmake)
[0.415s] -- Found rclcpp: 16.0.19 (/opt/ros/humble/share/rclcpp/cmake)
[0.493s] -- Found rosidl_generator_c: 3.1.8 (/opt/ros/humble/share/rosidl_generator_c/cmake)
[0.499s] -- Found rosidl_adapter: 3.1.8 (/opt/ros/humble/share/rosidl_adapter/cmake)
[0.515s] -- Found rosidl_generator_cpp: 3.1.8 (/opt/ros/humble/share/rosidl_generator_cpp/cmake)
[0.538s] -- Using all available rosidl_typesupport_c: rosidl_typesupport_fastrtps_c;rosidl_typesupport_introspection_c
[0.567s] -- Using all available rosidl_typesupport_cpp: rosidl_typesupport_fastrtps_cpp;rosidl_typesupport_introspection_cpp
[0.642s] -- Found rmw_implementation_cmake: 6.1.2 (/opt/ros/humble/share/rmw_implementation_cmake/cmake)
[0.646s] -- Found rmw_fastrtps_cpp: 6.2.10 (/opt/ros/humble/share/rmw_fastrtps_cpp/cmake)
[0.849s] -- Using RMW implementation 'rmw_fastrtps_cpp' as default
[0.956s] -- Found nav2_behavior_tree: 1.1.20 (/opt/ros/humble/share/nav2_behavior_tree/cmake)
[1.336s] -- Found eigen3_cmake_module: 0.1.1 (/opt/ros/humble/share/eigen3_cmake_module/cmake)
[1.338s] -- Ensuring Eigen3 include directory is part of orocos-kdl CMake target
[1.471s] -- Found ament_lint_auto: 0.12.15 (/opt/ros/humble/share/ament_lint_auto/cmake)
[1.643s] -- Added test 'cppcheck' to perform static code analysis on C / C++ code
[1.644s] -- Configured cppcheck include dirs: 
[1.645s] -- Configured cppcheck exclude dirs and/or files: 
[1.646s] -- Added test 'flake8' to check Python code syntax and style conventions
[1.647s] -- Added test 'lint_cmake' to check CMake code style
[1.648s] -- Added test 'pep257' to check Python code against some of the docstring style conventions in PEP 257
[1.654s] -- Added test 'uncrustify' to check C / C++ code style
[1.655s] -- Configured uncrustify additional arguments: 
[1.655s] -- Added test 'xmllint' to check XML markup files
[1.659s] -- Configuring done
[1.764s] -- Generating done
[1.776s] -- Build files have been written to: /home/jeff/theimc_robot/build/theimc_navigation2
[1.848s] [35m[1mConsolidate compiler generated dependencies of target check_button_condition_plugin[0m
[1.899s] [100%] Built target check_button_condition_plugin
[1.926s] Invoked command in '/home/jeff/theimc_robot/build/theimc_navigation2' returned '0': CMAKE_PREFIX_PATH=${CMAKE_PREFIX_PATH}:/home/jeff/theimc_robot/install/theimc_teleop:/home/jeff/theimc_robot/install/theimc_bringup:/home/jeff/theimc_robot/install/localizer_server:/home/jeff/theimc_robot/install/decision_making_pkg:/home/jeff/theimc_robot/install/debug_pkg:/home/jeff/theimc_robot/install/camera_perception_pkg:/opt/ros/humble /usr/bin/cmake --build /home/jeff/theimc_robot/build/theimc_navigation2 -- -j6 -l6
[1.951s] Invoking command in '/home/jeff/theimc_robot/build/theimc_navigation2': CMAKE_PREFIX_PATH=${CMAKE_PREFIX_PATH}:/home/jeff/theimc_robot/install/theimc_teleop:/home/jeff/theimc_robot/install/theimc_bringup:/home/jeff/theimc_robot/install/localizer_server:/home/jeff/theimc_robot/install/decision_making_pkg:/home/jeff/theimc_robot/install/debug_pkg:/home/jeff/theimc_robot/install/camera_perception_pkg:/opt/ros/humble /usr/bin/cmake --install /home/jeff/theimc_robot/build/theimc_navigation2
[1.969s] -- Install configuration: ""
[1.971s] -- Execute custom install script
[1.972s] -- Up-to-date symlink: /home/jeff/theimc_robot/install/theimc_navigation2/lib/libcheck_button_condition_plugin.so
[1.975s] -- Up-to-date symlink: /home/jeff/theimc_robot/install/theimc_navigation2/lib/theimc_navigation2/button_publisher.py
[1.976s] -- Up-to-date symlink: /home/jeff/theimc_robot/install/theimc_navigation2/share/theimc_navigation2/launch/_bringup_all.launch.py
[1.977s] -- Up-to-date symlink: /home/jeff/theimc_robot/install/theimc_navigation2/share/theimc_navigation2/launch/_theimc_cmd_mux.launch.py
[1.977s] -- Up-to-date symlink: /home/jeff/theimc_robot/install/theimc_navigation2/share/theimc_navigation2/launch/theimc_nav2_without_obstacle.launch.py
[1.978s] -- Up-to-date symlink: /home/jeff/theimc_robot/install/theimc_navigation2/share/theimc_navigation2/maps/2f/keepout_map.pgm
[1.979s] -- Up-to-date symlink: /home/jeff/theimc_robot/install/theimc_navigation2/share/theimc_navigation2/maps/2f/map.pgm
[1.979s] -- Up-to-date symlink: /home/jeff/theimc_robot/install/theimc_navigation2/share/theimc_navigation2/maps/2f/map.png
[1.979s] -- Up-to-date symlink: /home/jeff/theimc_robot/install/theimc_navigation2/share/theimc_navigation2/maps/2f/map.yaml
[1.980s] -- Up-to-date symlink: /home/jeff/theimc_robot/install/theimc_navigation2/share/theimc_navigation2/maps/__keepout_map.pgm
[1.980s] -- Up-to-date symlink: /home/jeff/theimc_robot/install/theimc_navigation2/share/theimc_navigation2/maps/keepout_map.pgm
[1.980s] -- Up-to-date symlink: /home/jeff/theimc_robot/install/theimc_navigation2/share/theimc_navigation2/maps/keepout_map.yaml
[1.980s] -- Up-to-date symlink: /home/jeff/theimc_robot/install/theimc_navigation2/share/theimc_navigation2/maps/map.pgm
[1.980s] -- Up-to-date symlink: /home/jeff/theimc_robot/install/theimc_navigation2/share/theimc_navigation2/maps/map.yaml
[1.981s] -- Up-to-date symlink: /home/jeff/theimc_robot/install/theimc_navigation2/share/theimc_navigation2/maps/route_graph.geojson
[1.981s] -- Up-to-date symlink: /home/jeff/theimc_robot/install/theimc_navigation2/share/theimc_navigation2/params/keepout_filter.yaml
[1.981s] -- Up-to-date symlink: /home/jeff/theimc_robot/install/theimc_navigation2/share/theimc_navigation2/params/theimc_nav2_obstacle_avoidance_params copy.yaml
[1.981s] -- Up-to-date symlink: /home/jeff/theimc_robot/install/theimc_navigation2/share/theimc_navigation2/params/theimc_nav2_obstacle_avoidance_params.yaml
[1.981s] -- Up-to-date symlink: /home/jeff/theimc_robot/install/theimc_navigation2/share/theimc_navigation2/params/theimc_nav2_obstacle_avoidance_params.yaml.bak-before-mppi-20260724
[1.982s] -- Up-to-date symlink: /home/jeff/theimc_robot/install/theimc_navigation2/share/theimc_navigation2/params/theimc_nav2_params.yaml
[1.982s] -- Up-to-date symlink: /home/jeff/theimc_robot/install/theimc_navigation2/share/theimc_navigation2/params/theimc_nav2_params_RPP.yaml
[1.982s] -- Symlinking: /home/jeff/theimc_robot/install/theimc_navigation2/share/theimc_navigation2/params/theimc_nav2_params_mppi.yaml
[1.998s] -- Up-to-date symlink: /home/jeff/theimc_robot/install/theimc_navigation2/share/theimc_navigation2/params/waypoints.yaml
[1.999s] -- Up-to-date symlink: /home/jeff/theimc_robot/install/theimc_navigation2/share/theimc_navigation2/rviz/demo_robot.rviz
[2.000s] -- Up-to-date symlink: /home/jeff/theimc_robot/install/theimc_navigation2/share/theimc_navigation2/scripts/button_publisher.py
[2.001s] -- Up-to-date symlink: /home/jeff/theimc_robot/install/theimc_navigation2/share/theimc_navigation2/scripts/example_route.py
[2.002s] -- Up-to-date symlink: /home/jeff/theimc_robot/install/theimc_navigation2/share/theimc_navigation2/scripts/waypoint_sender.py
[2.002s] -- Up-to-date symlink: /home/jeff/theimc_robot/install/theimc_navigation2/share/theimc_navigation2/behavior_trees/custom_button_bt.xml
[2.003s] -- Up-to-date symlink: /home/jeff/theimc_robot/install/theimc_navigation2/share/theimc_navigation2/behavior_trees/nav_through_poses_no_spin.xml
[2.005s] -- Up-to-date symlink: /home/jeff/theimc_robot/install/theimc_navigation2/share/theimc_navigation2/behavior_trees/nav_to_pose_no_spin.xml
[2.005s] -- Up-to-date symlink: /home/jeff/theimc_robot/install/theimc_navigation2/share/theimc_navigation2/behavior_trees/nav_to_pose_obstacle_avoidance.xml
[2.006s] -- Up-to-date symlink: /home/jeff/theimc_robot/install/theimc_navigation2/share/theimc_navigation2/behavior_trees/nav_to_pose_obstacle_avoidance.xml.bak-before-mppi-20260724
[2.006s] -- Up-to-date symlink: /home/jeff/theimc_robot/install/theimc_navigation2/share/theimc_navigation2/behavior_trees/navigate_via_route.xml
[2.007s] -- Up-to-date symlink: /home/jeff/theimc_robot/install/theimc_navigation2/share/theimc_navigation2/behavior_trees/navigate_w_replanning_and_recovery.xml
[2.007s] -- Up-to-date symlink: /home/jeff/theimc_robot/install/theimc_navigation2/share/ament_index/resource_index/package_run_dependencies/theimc_navigation2
[2.007s] -- Up-to-date symlink: /home/jeff/theimc_robot/install/theimc_navigation2/share/ament_index/resource_index/parent_prefix_path/theimc_navigation2
[2.007s] -- Up-to-date symlink: /home/jeff/theimc_robot/install/theimc_navigation2/share/theimc_navigation2/environment/ament_prefix_path.sh
[2.008s] -- Up-to-date symlink: /home/jeff/theimc_robot/install/theimc_navigation2/share/theimc_navigation2/environment/ament_prefix_path.dsv
[2.008s] -- Up-to-date symlink: /home/jeff/theimc_robot/install/theimc_navigation2/share/theimc_navigation2/environment/path.sh
[2.008s] -- Up-to-date symlink: /home/jeff/theimc_robot/install/theimc_navigation2/share/theimc_navigation2/environment/path.dsv
[2.009s] -- Up-to-date symlink: /home/jeff/theimc_robot/install/theimc_navigation2/share/theimc_navigation2/local_setup.bash
[2.009s] -- Up-to-date symlink: /home/jeff/theimc_robot/install/theimc_navigation2/share/theimc_navigation2/local_setup.sh
[2.009s] -- Up-to-date symlink: /home/jeff/theimc_robot/install/theimc_navigation2/share/theimc_navigation2/local_setup.zsh
[2.009s] -- Up-to-date symlink: /home/jeff/theimc_robot/install/theimc_navigation2/share/theimc_navigation2/local_setup.dsv
[2.010s] -- Symlinking: /home/jeff/theimc_robot/install/theimc_navigation2/share/theimc_navigation2/package.dsv
[2.025s] -- Up-to-date symlink: /home/jeff/theimc_robot/install/theimc_navigation2/share/ament_index/resource_index/packages/theimc_navigation2
[2.026s] -- Up-to-date symlink: /home/jeff/theimc_robot/install/theimc_navigation2/share/theimc_navigation2/cmake/theimc_navigation2Config.cmake
[2.026s] -- Up-to-date symlink: /home/jeff/theimc_robot/install/theimc_navigation2/share/theimc_navigation2/cmake/theimc_navigation2Config-version.cmake
[2.027s] -- Up-to-date symlink: /home/jeff/theimc_robot/install/theimc_navigation2/share/theimc_navigation2/package.xml
[2.032s] Invoked command in '/home/jeff/theimc_robot/build/theimc_navigation2' returned '0': CMAKE_PREFIX_PATH=${CMAKE_PREFIX_PATH}:/home/jeff/theimc_robot/install/theimc_teleop:/home/jeff/theimc_robot/install/theimc_bringup:/home/jeff/theimc_robot/install/localizer_server:/home/jeff/theimc_robot/install/decision_making_pkg:/home/jeff/theimc_robot/install/debug_pkg:/home/jeff/theimc_robot/install/camera_perception_pkg:/opt/ros/humble /usr/bin/cmake --install /home/jeff/theimc_robot/build/theimc_navigation2
