[2.988s] Invoking command in '/home/jeff/theimc_robot/build/theimc_bringup': PYTHONPATH=/home/jeff/theimc_robot/build/theimc_bringup/prefix_override:/usr/lib/python3/dist-packages/colcon_core/task/python/colcon_distutils_commands:/home/jeff/theimc_robot/install/theimc_bringup/lib/python3.10/site-packages:${PYTHONPATH} /usr/bin/python3 -W ignore:setup.py install is deprecated -W ignore:easy_install command is deprecated setup.py develop --editable --build-directory /home/jeff/theimc_robot/build/theimc_bringup/build --no-deps symlink_data
[3.578s] running develop
[3.958s] running egg_info
[3.959s] writing theimc_bringup.egg-info/PKG-INFO
[3.960s] writing dependency_links to theimc_bringup.egg-info/dependency_links.txt
[3.961s] writing entry points to theimc_bringup.egg-info/entry_points.txt
[3.961s] writing requirements to theimc_bringup.egg-info/requires.txt
[3.962s] writing top-level names to theimc_bringup.egg-info/top_level.txt
[3.964s] reading manifest file 'theimc_bringup.egg-info/SOURCES.txt'
[3.967s] writing manifest file 'theimc_bringup.egg-info/SOURCES.txt'
[3.970s] running build_ext
[3.972s] Creating /home/jeff/theimc_robot/install/theimc_bringup/lib/python3.10/site-packages/theimc-bringup.egg-link (link to .)
[3.974s] Installing bringup_node script to /home/jeff/theimc_robot/install/theimc_bringup/lib/theimc_bringup
[3.974s] Installing isaac_vslam_odom_adapter_node script to /home/jeff/theimc_robot/install/theimc_bringup/lib/theimc_bringup
[3.974s] Installing last_pose_manager_node script to /home/jeff/theimc_robot/install/theimc_bringup/lib/theimc_bringup
[3.975s] Installing robot_agent_node script to /home/jeff/theimc_robot/install/theimc_bringup/lib/theimc_bringup
[3.975s] 
[3.975s] Installed /home/jeff/theimc_robot/build/theimc_bringup
[3.975s] running symlink_data
[3.975s] error: can't copy '/home/jeff/theimc_robot/build/theimc_bringup/launch/isaac_vslam_odom_test.launch.py': doesn't exist or not a regular file
[4.059s] Invoked command in '/home/jeff/theimc_robot/build/theimc_bringup' returned '1': PYTHONPATH=/home/jeff/theimc_robot/build/theimc_bringup/prefix_override:/usr/lib/python3/dist-packages/colcon_core/task/python/colcon_distutils_commands:/home/jeff/theimc_robot/install/theimc_bringup/lib/python3.10/site-packages:${PYTHONPATH} /usr/bin/python3 -W ignore:setup.py install is deprecated -W ignore:easy_install command is deprecated setup.py develop --editable --build-directory /home/jeff/theimc_robot/build/theimc_bringup/build --no-deps symlink_data
