[4.133s] Invoking command in '/home/jeff/theimc_robot/build/camera_perception_pkg': PYTHONPATH=/home/jeff/theimc_robot/build/camera_perception_pkg/prefix_override:/usr/lib/python3/dist-packages/colcon_core/task/python/colcon_distutils_commands:/home/jeff/theimc_robot/install/camera_perception_pkg/lib/python3.10/site-packages:${PYTHONPATH} /usr/bin/python3 -W ignore:setup.py install is deprecated -W ignore:easy_install command is deprecated setup.py develop --editable --build-directory /home/jeff/theimc_robot/build/camera_perception_pkg/build --no-deps symlink_data --force
[4.774s] running develop
[5.192s] running egg_info
[5.195s] writing camera_perception_pkg.egg-info/PKG-INFO
[5.195s] writing dependency_links to camera_perception_pkg.egg-info/dependency_links.txt
[5.196s] writing entry points to camera_perception_pkg.egg-info/entry_points.txt
[5.196s] writing requirements to camera_perception_pkg.egg-info/requires.txt
[5.196s] writing top-level names to camera_perception_pkg.egg-info/top_level.txt
[5.202s] reading manifest file 'camera_perception_pkg.egg-info/SOURCES.txt'
[5.204s] writing manifest file 'camera_perception_pkg.egg-info/SOURCES.txt'
[5.208s] running build_ext
[5.208s] Creating /home/jeff/theimc_robot/install/camera_perception_pkg/lib/python3.10/site-packages/camera-perception-pkg.egg-link (link to .)
[5.212s] Installing aruco_detector_node script to /home/jeff/theimc_robot/install/camera_perception_pkg/lib/camera_perception_pkg
[5.212s] Installing image_publisher_node script to /home/jeff/theimc_robot/install/camera_perception_pkg/lib/camera_perception_pkg
[5.212s] Installing rail_info_extractor_node script to /home/jeff/theimc_robot/install/camera_perception_pkg/lib/camera_perception_pkg
[5.213s] Installing yolov8_node script to /home/jeff/theimc_robot/install/camera_perception_pkg/lib/camera_perception_pkg
[5.213s] 
[5.213s] Installed /home/jeff/theimc_robot/build/camera_perception_pkg
[5.213s] running symlink_data
[5.213s] symbolically linking /home/jeff/theimc_robot/build/camera_perception_pkg/resource/camera_perception_pkg -> /home/jeff/theimc_robot/install/camera_perception_pkg/share/ament_index/resource_index/packages
[5.213s] symbolically linking /home/jeff/theimc_robot/build/camera_perception_pkg/package.xml -> /home/jeff/theimc_robot/install/camera_perception_pkg/share/camera_perception_pkg
[5.339s] Invoked command in '/home/jeff/theimc_robot/build/camera_perception_pkg' returned '0': PYTHONPATH=/home/jeff/theimc_robot/build/camera_perception_pkg/prefix_override:/usr/lib/python3/dist-packages/colcon_core/task/python/colcon_distutils_commands:/home/jeff/theimc_robot/install/camera_perception_pkg/lib/python3.10/site-packages:${PYTHONPATH} /usr/bin/python3 -W ignore:setup.py install is deprecated -W ignore:easy_install command is deprecated setup.py develop --editable --build-directory /home/jeff/theimc_robot/build/camera_perception_pkg/build --no-deps symlink_data --force
