[3.192s] Invoking command in '/home/jeff/theimc_robot/build/theimc_bringup': PYTHONPATH=/home/jeff/theimc_robot/build/theimc_bringup/prefix_override:/usr/lib/python3/dist-packages/colcon_core/task/python/colcon_distutils_commands:/home/jeff/theimc_robot/install/theimc_bringup/lib/python3.10/site-packages:${PYTHONPATH} /usr/bin/python3 -W ignore:setup.py install is deprecated -W ignore:easy_install command is deprecated setup.py develop --editable --build-directory /home/jeff/theimc_robot/build/theimc_bringup/build --no-deps symlink_data
[3.804s] running develop
[4.195s] running egg_info
[4.196s] writing theimc_bringup.egg-info/PKG-INFO
[4.199s] writing dependency_links to theimc_bringup.egg-info/dependency_links.txt
[4.200s] writing entry points to theimc_bringup.egg-info/entry_points.txt
[4.200s] writing requirements to theimc_bringup.egg-info/requires.txt
[4.200s] writing top-level names to theimc_bringup.egg-info/top_level.txt
[4.205s] reading manifest file 'theimc_bringup.egg-info/SOURCES.txt'
[4.208s] writing manifest file 'theimc_bringup.egg-info/SOURCES.txt'
[4.212s] running build_ext
[4.213s] Creating /home/jeff/theimc_robot/install/theimc_bringup/lib/python3.10/site-packages/theimc-bringup.egg-link (link to .)
[4.215s] Installing bringup_node script to /home/jeff/theimc_robot/install/theimc_bringup/lib/theimc_bringup
[4.216s] Installing isaac_vslam_odom_adapter_node script to /home/jeff/theimc_robot/install/theimc_bringup/lib/theimc_bringup
[4.217s] Installing last_pose_manager_node script to /home/jeff/theimc_robot/install/theimc_bringup/lib/theimc_bringup
[4.217s] Installing robot_agent_node script to /home/jeff/theimc_robot/install/theimc_bringup/lib/theimc_bringup
[4.218s] 
[4.218s] Installed /home/jeff/theimc_robot/build/theimc_bringup
[4.219s] running symlink_data
[4.308s] Invoked command in '/home/jeff/theimc_robot/build/theimc_bringup' returned '0': PYTHONPATH=/home/jeff/theimc_robot/build/theimc_bringup/prefix_override:/usr/lib/python3/dist-packages/colcon_core/task/python/colcon_distutils_commands:/home/jeff/theimc_robot/install/theimc_bringup/lib/python3.10/site-packages:${PYTHONPATH} /usr/bin/python3 -W ignore:setup.py install is deprecated -W ignore:easy_install command is deprecated setup.py develop --editable --build-directory /home/jeff/theimc_robot/build/theimc_bringup/build --no-deps symlink_data
