-- The C compiler identification is GNU 11.4.0
-- The CXX compiler identification is GNU 11.4.0
-- Detecting C compiler ABI info
-- Detecting C compiler ABI info - done
-- Check for working C compiler: /usr/bin/cc - skipped
-- Detecting C compile features
-- Detecting C compile features - done
-- Detecting CXX compiler ABI info
-- Detecting CXX compiler ABI info - done
-- Check for working CXX compiler: /usr/bin/c++ - skipped
-- Detecting CXX compile features
-- Detecting CXX compile features - done
-- Found ament_cmake: 1.3.14 (/opt/ros/humble/share/ament_cmake/cmake)
-- Found Python3: /usr/bin/python3 (found version "3.10.12") found components: Interpreter 
-- Override CMake install command with custom implementation using symlinks instead of copying resources
-- Found nav2_bringup: 1.1.20 (/opt/ros/humble/share/nav2_bringup/cmake)
-- Found rclcpp: 16.0.19 (/opt/ros/humble/share/rclcpp/cmake)
-- Found rosidl_generator_c: 3.1.8 (/opt/ros/humble/share/rosidl_generator_c/cmake)
-- Found rosidl_adapter: 3.1.8 (/opt/ros/humble/share/rosidl_adapter/cmake)
-- Found rosidl_generator_cpp: 3.1.8 (/opt/ros/humble/share/rosidl_generator_cpp/cmake)
-- Using all available rosidl_typesupport_c: rosidl_typesupport_fastrtps_c;rosidl_typesupport_introspection_c
-- Using all available rosidl_typesupport_cpp: rosidl_typesupport_fastrtps_cpp;rosidl_typesupport_introspection_cpp
-- Found rmw_implementation_cmake: 6.1.2 (/opt/ros/humble/share/rmw_implementation_cmake/cmake)
-- Found rmw_fastrtps_cpp: 6.2.10 (/opt/ros/humble/share/rmw_fastrtps_cpp/cmake)
-- Found OpenSSL: /usr/lib/aarch64-linux-gnu/libcrypto.so (found version "3.0.2")  
-- Found FastRTPS: /opt/ros/humble/include  
-- Using RMW implementation 'rmw_fastrtps_cpp' as default
-- Looking for pthread.h
-- Looking for pthread.h - found
-- Performing Test CMAKE_HAVE_LIBC_PTHREAD
-- Performing Test CMAKE_HAVE_LIBC_PTHREAD - Success
-- Found Threads: TRUE  
-- Found nav2_behavior_tree: 1.1.20 (/opt/ros/humble/share/nav2_behavior_tree/cmake)
-- Found eigen3_cmake_module: 0.1.1 (/opt/ros/humble/share/eigen3_cmake_module/cmake)
-- Found Eigen3: TRUE (found version "3.4.0") 
-- Ensuring Eigen3 include directory is part of orocos-kdl CMake target
-- Found ament_lint_auto: 0.12.15 (/opt/ros/humble/share/ament_lint_auto/cmake)
-- Added test 'cppcheck' to perform static code analysis on C / C++ code
-- Configured cppcheck include dirs: 
-- Configured cppcheck exclude dirs and/or files: 
-- Added test 'flake8' to check Python code syntax and style conventions
-- Added test 'lint_cmake' to check CMake code style
-- Added test 'pep257' to check Python code against some of the docstring style conventions in PEP 257
-- Added test 'uncrustify' to check C / C++ code style
-- Configured uncrustify additional arguments: 
-- Added test 'xmllint' to check XML markup files
-- Configuring done
-- Generating done
-- Build files have been written to: /home/jeff/theimc_robot/build/theimc_navigation2
[ 50%] [32mBuilding CXX object CMakeFiles/check_button_condition_plugin.dir/src/check_button_condition.cpp.o[0m
[100%] [32m[1mLinking CXX shared library libcheck_button_condition_plugin.so[0m
[100%] Built target check_button_condition_plugin
-- Install configuration: ""
-- Execute custom install script
-- Symlinking: /home/jeff/theimc_robot/install/theimc_navigation2/lib/libcheck_button_condition_plugin.so
-- Symlinking: /home/jeff/theimc_robot/install/theimc_navigation2/lib/theimc_navigation2/button_publisher.py
-- Symlinking: /home/jeff/theimc_robot/install/theimc_navigation2/share/theimc_navigation2/launch/bringup_all.launch.py
-- Symlinking: /home/jeff/theimc_robot/install/theimc_navigation2/share/theimc_navigation2/launch/theimc_cmd_mux.launch.py
-- Symlinking: /home/jeff/theimc_robot/install/theimc_navigation2/share/theimc_navigation2/launch/theimc_nav2.launch.py
-- Symlinking: /home/jeff/theimc_robot/install/theimc_navigation2/share/theimc_navigation2/maps/2f/keepout_map.pgm
-- Symlinking: /home/jeff/theimc_robot/install/theimc_navigation2/share/theimc_navigation2/maps/2f/map.pgm
-- Symlinking: /home/jeff/theimc_robot/install/theimc_navigation2/share/theimc_navigation2/maps/2f/map.png
-- Symlinking: /home/jeff/theimc_robot/install/theimc_navigation2/share/theimc_navigation2/maps/2f/map.yaml
-- Symlinking: /home/jeff/theimc_robot/install/theimc_navigation2/share/theimc_navigation2/maps/_keepout_map.pgm
-- Symlinking: /home/jeff/theimc_robot/install/theimc_navigation2/share/theimc_navigation2/maps/keepout_map.pgm
-- Symlinking: /home/jeff/theimc_robot/install/theimc_navigation2/share/theimc_navigation2/maps/keepout_map.yaml
-- Symlinking: /home/jeff/theimc_robot/install/theimc_navigation2/share/theimc_navigation2/maps/map.pgm
-- Symlinking: /home/jeff/theimc_robot/install/theimc_navigation2/share/theimc_navigation2/maps/map.yaml
-- Symlinking: /home/jeff/theimc_robot/install/theimc_navigation2/share/theimc_navigation2/maps/route_graph.geojson
-- Symlinking: /home/jeff/theimc_robot/install/theimc_navigation2/share/theimc_navigation2/params/keepout_filter.yaml
-- Symlinking: /home/jeff/theimc_robot/install/theimc_navigation2/share/theimc_navigation2/params/theimc_nav2_params.yaml
-- Symlinking: /home/jeff/theimc_robot/install/theimc_navigation2/share/theimc_navigation2/params/twist_mux.yaml
-- Symlinking: /home/jeff/theimc_robot/install/theimc_navigation2/share/theimc_navigation2/params/waypoints.yaml
-- Symlinking: /home/jeff/theimc_robot/install/theimc_navigation2/share/theimc_navigation2/rviz/_nav2_default_view.rviz
-- Symlinking: /home/jeff/theimc_robot/install/theimc_navigation2/share/theimc_navigation2/rviz/nav2_default_view.rviz
-- Symlinking: /home/jeff/theimc_robot/install/theimc_navigation2/share/theimc_navigation2/scripts/button_publisher.py
-- Symlinking: /home/jeff/theimc_robot/install/theimc_navigation2/share/theimc_navigation2/scripts/example_route.py
-- Symlinking: /home/jeff/theimc_robot/install/theimc_navigation2/share/theimc_navigation2/scripts/waypoint_sender.py
-- Symlinking: /home/jeff/theimc_robot/install/theimc_navigation2/share/theimc_navigation2/behavior_trees/custom_button_bt.xml
-- Symlinking: /home/jeff/theimc_robot/install/theimc_navigation2/share/theimc_navigation2/behavior_trees/nav_through_poses_no_spin.xml
-- Symlinking: /home/jeff/theimc_robot/install/theimc_navigation2/share/theimc_navigation2/behavior_trees/nav_to_pose_no_spin.xml
-- Symlinking: /home/jeff/theimc_robot/install/theimc_navigation2/share/theimc_navigation2/behavior_trees/navigate_via_route.xml
-- Symlinking: /home/jeff/theimc_robot/install/theimc_navigation2/share/theimc_navigation2/behavior_trees/navigate_w_replanning_and_recovery.xml
-- Symlinking: /home/jeff/theimc_robot/install/theimc_navigation2/share/ament_index/resource_index/package_run_dependencies/theimc_navigation2
-- Symlinking: /home/jeff/theimc_robot/install/theimc_navigation2/share/ament_index/resource_index/parent_prefix_path/theimc_navigation2
-- Symlinking: /home/jeff/theimc_robot/install/theimc_navigation2/share/theimc_navigation2/environment/ament_prefix_path.sh
-- Symlinking: /home/jeff/theimc_robot/install/theimc_navigation2/share/theimc_navigation2/environment/ament_prefix_path.dsv
-- Symlinking: /home/jeff/theimc_robot/install/theimc_navigation2/share/theimc_navigation2/environment/path.sh
-- Symlinking: /home/jeff/theimc_robot/install/theimc_navigation2/share/theimc_navigation2/environment/path.dsv
-- Symlinking: /home/jeff/theimc_robot/install/theimc_navigation2/share/theimc_navigation2/local_setup.bash
-- Symlinking: /home/jeff/theimc_robot/install/theimc_navigation2/share/theimc_navigation2/local_setup.sh
-- Symlinking: /home/jeff/theimc_robot/install/theimc_navigation2/share/theimc_navigation2/local_setup.zsh
-- Symlinking: /home/jeff/theimc_robot/install/theimc_navigation2/share/theimc_navigation2/local_setup.dsv
-- Symlinking: /home/jeff/theimc_robot/install/theimc_navigation2/share/theimc_navigation2/package.dsv
-- Symlinking: /home/jeff/theimc_robot/install/theimc_navigation2/share/ament_index/resource_index/packages/theimc_navigation2
-- Symlinking: /home/jeff/theimc_robot/install/theimc_navigation2/share/theimc_navigation2/cmake/theimc_navigation2Config.cmake
-- Symlinking: /home/jeff/theimc_robot/install/theimc_navigation2/share/theimc_navigation2/cmake/theimc_navigation2Config-version.cmake
-- Symlinking: /home/jeff/theimc_robot/install/theimc_navigation2/share/theimc_navigation2/package.xml
