[0.081s] Invoking command in '/home/jeff/theimc_robot/build/theimc_navigation2': CMAKE_PREFIX_PATH=${CMAKE_PREFIX_PATH}:/home/jeff/theimc_robot/install/theimc_teleop:/home/jeff/theimc_robot/install/theimc_bringup:/home/jeff/theimc_robot/install/localizer_server:/home/jeff/theimc_robot/install/decision_making_pkg:/home/jeff/theimc_robot/install/debug_pkg:/home/jeff/theimc_robot/install/camera_perception_pkg:/opt/ros/humble /usr/bin/cmake /home/jeff/theimc_robot/src/theimc_navigation2 -DAMENT_CMAKE_SYMLINK_INSTALL=1 -DCMAKE_INSTALL_PREFIX=/home/jeff/theimc_robot/install/theimc_navigation2
[2.132s] -- The C compiler identification is GNU 11.4.0
[2.132s] -- The CXX compiler identification is GNU 11.4.0
[2.132s] -- Detecting C compiler ABI info
[2.133s] -- Detecting C compiler ABI info - done
[2.133s] -- Check for working C compiler: /usr/bin/cc - skipped
[2.133s] -- Detecting C compile features
[2.133s] -- Detecting C compile features - done
[2.134s] -- Detecting CXX compiler ABI info
[2.139s] -- Detecting CXX compiler ABI info - done
[2.139s] -- Check for working CXX compiler: /usr/bin/c++ - skipped
[2.142s] -- Detecting CXX compile features
[2.142s] -- Detecting CXX compile features - done
[2.143s] -- Found ament_cmake: 1.3.14 (/opt/ros/humble/share/ament_cmake/cmake)
[2.143s] -- Found Python3: /usr/bin/python3 (found version "3.10.12") found components: Interpreter 
[2.143s] -- Override CMake install command with custom implementation using symlinks instead of copying resources
[2.143s] -- Found nav2_bringup: 1.1.20 (/opt/ros/humble/share/nav2_bringup/cmake)
[2.143s] -- Found rclcpp: 16.0.19 (/opt/ros/humble/share/rclcpp/cmake)
[2.144s] -- Found rosidl_generator_c: 3.1.8 (/opt/ros/humble/share/rosidl_generator_c/cmake)
[2.144s] -- Found rosidl_adapter: 3.1.8 (/opt/ros/humble/share/rosidl_adapter/cmake)
[2.144s] -- Found rosidl_generator_cpp: 3.1.8 (/opt/ros/humble/share/rosidl_generator_cpp/cmake)
[2.144s] -- Using all available rosidl_typesupport_c: rosidl_typesupport_fastrtps_c;rosidl_typesupport_introspection_c
[2.144s] -- Using all available rosidl_typesupport_cpp: rosidl_typesupport_fastrtps_cpp;rosidl_typesupport_introspection_cpp
[2.144s] -- Found rmw_implementation_cmake: 6.1.2 (/opt/ros/humble/share/rmw_implementation_cmake/cmake)
[2.144s] -- Found rmw_fastrtps_cpp: 6.2.10 (/opt/ros/humble/share/rmw_fastrtps_cpp/cmake)
[2.324s] -- Found OpenSSL: /usr/lib/aarch64-linux-gnu/libcrypto.so (found version "3.0.2")  
[2.428s] -- Found FastRTPS: /opt/ros/humble/include  
[2.570s] -- Using RMW implementation 'rmw_fastrtps_cpp' as default
[2.654s] -- Looking for pthread.h
[3.071s] -- Looking for pthread.h - found
[3.071s] -- Performing Test CMAKE_HAVE_LIBC_PTHREAD
[3.312s] -- Performing Test CMAKE_HAVE_LIBC_PTHREAD - Success
[3.314s] -- Found Threads: TRUE  
[3.563s] -- Found nav2_behavior_tree: 1.1.20 (/opt/ros/humble/share/nav2_behavior_tree/cmake)
[4.622s] -- Found eigen3_cmake_module: 0.1.1 (/opt/ros/humble/share/eigen3_cmake_module/cmake)
[4.626s] -- Found Eigen3: TRUE (found version "3.4.0") 
[4.627s] -- Ensuring Eigen3 include directory is part of orocos-kdl CMake target
[4.942s] -- Found ament_lint_auto: 0.12.15 (/opt/ros/humble/share/ament_lint_auto/cmake)
[5.312s] -- Added test 'cppcheck' to perform static code analysis on C / C++ code
[5.315s] -- Configured cppcheck include dirs: 
[5.316s] -- Configured cppcheck exclude dirs and/or files: 
[5.322s] -- Added test 'flake8' to check Python code syntax and style conventions
[5.333s] -- Added test 'lint_cmake' to check CMake code style
[5.350s] -- Added test 'pep257' to check Python code against some of the docstring style conventions in PEP 257
[5.362s] -- Added test 'uncrustify' to check C / C++ code style
[5.364s] -- Configured uncrustify additional arguments: 
[5.371s] -- Added test 'xmllint' to check XML markup files
[5.388s] -- Configuring done
[5.575s] -- Generating done
[5.590s] -- Build files have been written to: /home/jeff/theimc_robot/build/theimc_navigation2
[5.639s] Invoked command in '/home/jeff/theimc_robot/build/theimc_navigation2' returned '0': CMAKE_PREFIX_PATH=${CMAKE_PREFIX_PATH}:/home/jeff/theimc_robot/install/theimc_teleop:/home/jeff/theimc_robot/install/theimc_bringup:/home/jeff/theimc_robot/install/localizer_server:/home/jeff/theimc_robot/install/decision_making_pkg:/home/jeff/theimc_robot/install/debug_pkg:/home/jeff/theimc_robot/install/camera_perception_pkg:/opt/ros/humble /usr/bin/cmake /home/jeff/theimc_robot/src/theimc_navigation2 -DAMENT_CMAKE_SYMLINK_INSTALL=1 -DCMAKE_INSTALL_PREFIX=/home/jeff/theimc_robot/install/theimc_navigation2
[5.640s] Invoking command in '/home/jeff/theimc_robot/build/theimc_navigation2': CMAKE_PREFIX_PATH=${CMAKE_PREFIX_PATH}:/home/jeff/theimc_robot/install/theimc_teleop:/home/jeff/theimc_robot/install/theimc_bringup:/home/jeff/theimc_robot/install/localizer_server:/home/jeff/theimc_robot/install/decision_making_pkg:/home/jeff/theimc_robot/install/debug_pkg:/home/jeff/theimc_robot/install/camera_perception_pkg:/opt/ros/humble /usr/bin/cmake --build /home/jeff/theimc_robot/build/theimc_navigation2 -- -j6 -l6
[6.219s] [ 50%] [32mBuilding CXX object CMakeFiles/check_button_condition_plugin.dir/src/check_button_condition.cpp.o[0m
[39.166s] [100%] [32m[1mLinking CXX shared library libcheck_button_condition_plugin.so[0m
[41.026s] [100%] Built target check_button_condition_plugin
[41.060s] Invoked command in '/home/jeff/theimc_robot/build/theimc_navigation2' returned '0': CMAKE_PREFIX_PATH=${CMAKE_PREFIX_PATH}:/home/jeff/theimc_robot/install/theimc_teleop:/home/jeff/theimc_robot/install/theimc_bringup:/home/jeff/theimc_robot/install/localizer_server:/home/jeff/theimc_robot/install/decision_making_pkg:/home/jeff/theimc_robot/install/debug_pkg:/home/jeff/theimc_robot/install/camera_perception_pkg:/opt/ros/humble /usr/bin/cmake --build /home/jeff/theimc_robot/build/theimc_navigation2 -- -j6 -l6
[41.065s] Invoking command in '/home/jeff/theimc_robot/build/theimc_navigation2': CMAKE_PREFIX_PATH=${CMAKE_PREFIX_PATH}:/home/jeff/theimc_robot/install/theimc_teleop:/home/jeff/theimc_robot/install/theimc_bringup:/home/jeff/theimc_robot/install/localizer_server:/home/jeff/theimc_robot/install/decision_making_pkg:/home/jeff/theimc_robot/install/debug_pkg:/home/jeff/theimc_robot/install/camera_perception_pkg:/opt/ros/humble /usr/bin/cmake --install /home/jeff/theimc_robot/build/theimc_navigation2
[41.082s] -- Install configuration: ""
[41.083s] -- Execute custom install script
[41.084s] -- Symlinking: /home/jeff/theimc_robot/install/theimc_navigation2/lib/libcheck_button_condition_plugin.so
[41.110s] -- Symlinking: /home/jeff/theimc_robot/install/theimc_navigation2/lib/theimc_navigation2/button_publisher.py
[41.131s] -- Symlinking: /home/jeff/theimc_robot/install/theimc_navigation2/share/theimc_navigation2/launch/bringup_all.launch.py
[41.154s] -- Symlinking: /home/jeff/theimc_robot/install/theimc_navigation2/share/theimc_navigation2/launch/theimc_cmd_mux.launch.py
[41.182s] -- Symlinking: /home/jeff/theimc_robot/install/theimc_navigation2/share/theimc_navigation2/launch/theimc_nav2.launch.py
[41.207s] -- Symlinking: /home/jeff/theimc_robot/install/theimc_navigation2/share/theimc_navigation2/maps/2f/keepout_map.pgm
[41.224s] -- Symlinking: /home/jeff/theimc_robot/install/theimc_navigation2/share/theimc_navigation2/maps/2f/map.pgm
[41.244s] -- Symlinking: /home/jeff/theimc_robot/install/theimc_navigation2/share/theimc_navigation2/maps/2f/map.png
[41.268s] -- Symlinking: /home/jeff/theimc_robot/install/theimc_navigation2/share/theimc_navigation2/maps/2f/map.yaml
[41.291s] -- Symlinking: /home/jeff/theimc_robot/install/theimc_navigation2/share/theimc_navigation2/maps/_keepout_map.pgm
[41.313s] -- Symlinking: /home/jeff/theimc_robot/install/theimc_navigation2/share/theimc_navigation2/maps/keepout_map.pgm
[41.333s] -- Symlinking: /home/jeff/theimc_robot/install/theimc_navigation2/share/theimc_navigation2/maps/keepout_map.yaml
[41.357s] -- Symlinking: /home/jeff/theimc_robot/install/theimc_navigation2/share/theimc_navigation2/maps/map.pgm
[41.381s] -- Symlinking: /home/jeff/theimc_robot/install/theimc_navigation2/share/theimc_navigation2/maps/map.yaml
[41.403s] -- Symlinking: /home/jeff/theimc_robot/install/theimc_navigation2/share/theimc_navigation2/maps/route_graph.geojson
[41.426s] -- Symlinking: /home/jeff/theimc_robot/install/theimc_navigation2/share/theimc_navigation2/params/keepout_filter.yaml
[41.447s] -- Symlinking: /home/jeff/theimc_robot/install/theimc_navigation2/share/theimc_navigation2/params/theimc_nav2_params.yaml
[41.471s] -- Symlinking: /home/jeff/theimc_robot/install/theimc_navigation2/share/theimc_navigation2/params/twist_mux.yaml
[41.493s] -- Symlinking: /home/jeff/theimc_robot/install/theimc_navigation2/share/theimc_navigation2/params/waypoints.yaml
[41.515s] -- Symlinking: /home/jeff/theimc_robot/install/theimc_navigation2/share/theimc_navigation2/rviz/_nav2_default_view.rviz
[41.535s] -- Symlinking: /home/jeff/theimc_robot/install/theimc_navigation2/share/theimc_navigation2/rviz/nav2_default_view.rviz
[41.558s] -- Symlinking: /home/jeff/theimc_robot/install/theimc_navigation2/share/theimc_navigation2/scripts/button_publisher.py
[41.581s] -- Symlinking: /home/jeff/theimc_robot/install/theimc_navigation2/share/theimc_navigation2/scripts/example_route.py
[41.601s] -- Symlinking: /home/jeff/theimc_robot/install/theimc_navigation2/share/theimc_navigation2/scripts/waypoint_sender.py
[41.624s] -- Symlinking: /home/jeff/theimc_robot/install/theimc_navigation2/share/theimc_navigation2/behavior_trees/custom_button_bt.xml
[41.646s] -- Symlinking: /home/jeff/theimc_robot/install/theimc_navigation2/share/theimc_navigation2/behavior_trees/nav_through_poses_no_spin.xml
[41.681s] -- Symlinking: /home/jeff/theimc_robot/install/theimc_navigation2/share/theimc_navigation2/behavior_trees/nav_to_pose_no_spin.xml
[41.703s] -- Symlinking: /home/jeff/theimc_robot/install/theimc_navigation2/share/theimc_navigation2/behavior_trees/navigate_via_route.xml
[41.730s] -- Symlinking: /home/jeff/theimc_robot/install/theimc_navigation2/share/theimc_navigation2/behavior_trees/navigate_w_replanning_and_recovery.xml
[41.751s] -- Symlinking: /home/jeff/theimc_robot/install/theimc_navigation2/share/ament_index/resource_index/package_run_dependencies/theimc_navigation2
[41.773s] -- Symlinking: /home/jeff/theimc_robot/install/theimc_navigation2/share/ament_index/resource_index/parent_prefix_path/theimc_navigation2
[41.794s] -- Symlinking: /home/jeff/theimc_robot/install/theimc_navigation2/share/theimc_navigation2/environment/ament_prefix_path.sh
[41.819s] -- Symlinking: /home/jeff/theimc_robot/install/theimc_navigation2/share/theimc_navigation2/environment/ament_prefix_path.dsv
[41.839s] -- Symlinking: /home/jeff/theimc_robot/install/theimc_navigation2/share/theimc_navigation2/environment/path.sh
[41.867s] -- Symlinking: /home/jeff/theimc_robot/install/theimc_navigation2/share/theimc_navigation2/environment/path.dsv
[41.891s] -- Symlinking: /home/jeff/theimc_robot/install/theimc_navigation2/share/theimc_navigation2/local_setup.bash
[41.912s] -- Symlinking: /home/jeff/theimc_robot/install/theimc_navigation2/share/theimc_navigation2/local_setup.sh
[41.931s] -- Symlinking: /home/jeff/theimc_robot/install/theimc_navigation2/share/theimc_navigation2/local_setup.zsh
[41.951s] -- Symlinking: /home/jeff/theimc_robot/install/theimc_navigation2/share/theimc_navigation2/local_setup.dsv
[41.972s] -- Symlinking: /home/jeff/theimc_robot/install/theimc_navigation2/share/theimc_navigation2/package.dsv
[41.993s] -- Symlinking: /home/jeff/theimc_robot/install/theimc_navigation2/share/ament_index/resource_index/packages/theimc_navigation2
[42.015s] -- Symlinking: /home/jeff/theimc_robot/install/theimc_navigation2/share/theimc_navigation2/cmake/theimc_navigation2Config.cmake
[42.038s] -- Symlinking: /home/jeff/theimc_robot/install/theimc_navigation2/share/theimc_navigation2/cmake/theimc_navigation2Config-version.cmake
[42.060s] -- Symlinking: /home/jeff/theimc_robot/install/theimc_navigation2/share/theimc_navigation2/package.xml
[42.087s] Invoked command in '/home/jeff/theimc_robot/build/theimc_navigation2' returned '0': CMAKE_PREFIX_PATH=${CMAKE_PREFIX_PATH}:/home/jeff/theimc_robot/install/theimc_teleop:/home/jeff/theimc_robot/install/theimc_bringup:/home/jeff/theimc_robot/install/localizer_server:/home/jeff/theimc_robot/install/decision_making_pkg:/home/jeff/theimc_robot/install/debug_pkg:/home/jeff/theimc_robot/install/camera_perception_pkg:/opt/ros/humble /usr/bin/cmake --install /home/jeff/theimc_robot/build/theimc_navigation2
