[1.479s] Invoking command in '/home/jeff/theimc_robot/build/decision_making_pkg': PYTHONPATH=/home/jeff/theimc_robot/build/decision_making_pkg/prefix_override:/usr/lib/python3/dist-packages/colcon_core/task/python/colcon_distutils_commands:/home/jeff/theimc_robot/install/decision_making_pkg/lib/python3.10/site-packages:${PYTHONPATH} /usr/bin/python3 -W ignore:setup.py install is deprecated -W ignore:easy_install command is deprecated setup.py develop --editable --build-directory /home/jeff/theimc_robot/build/decision_making_pkg/build --no-deps symlink_data
[2.094s] running develop
[2.483s] running egg_info
[2.484s] creating decision_making_pkg.egg-info
[2.484s] writing decision_making_pkg.egg-info/PKG-INFO
[2.484s] writing dependency_links to decision_making_pkg.egg-info/dependency_links.txt
[2.485s] writing entry points to decision_making_pkg.egg-info/entry_points.txt
[2.485s] writing requirements to decision_making_pkg.egg-info/requires.txt
[2.485s] writing top-level names to decision_making_pkg.egg-info/top_level.txt
[2.486s] writing manifest file 'decision_making_pkg.egg-info/SOURCES.txt'
[2.490s] reading manifest file 'decision_making_pkg.egg-info/SOURCES.txt'
[2.491s] writing manifest file 'decision_making_pkg.egg-info/SOURCES.txt'
[2.495s] running build_ext
[2.495s] Creating /home/jeff/theimc_robot/install/decision_making_pkg/lib/python3.10/site-packages/decision-making-pkg.egg-link (link to .)
[2.497s] Installing rail_approach_action_server_node script to /home/jeff/theimc_robot/install/decision_making_pkg/lib/decision_making_pkg
[2.498s] Installing rail_pd_controller_node script to /home/jeff/theimc_robot/install/decision_making_pkg/lib/decision_making_pkg
[2.498s] 
[2.498s] Installed /home/jeff/theimc_robot/build/decision_making_pkg
[2.498s] running symlink_data
[2.499s] creating /home/jeff/theimc_robot/install/decision_making_pkg/share/ament_index
[2.499s] creating /home/jeff/theimc_robot/install/decision_making_pkg/share/ament_index/resource_index
[2.499s] creating /home/jeff/theimc_robot/install/decision_making_pkg/share/ament_index/resource_index/packages
[2.499s] symbolically linking /home/jeff/theimc_robot/build/decision_making_pkg/resource/decision_making_pkg -> /home/jeff/theimc_robot/install/decision_making_pkg/share/ament_index/resource_index/packages
[2.499s] symbolically linking /home/jeff/theimc_robot/build/decision_making_pkg/package.xml -> /home/jeff/theimc_robot/install/decision_making_pkg/share/decision_making_pkg
[2.596s] Invoked command in '/home/jeff/theimc_robot/build/decision_making_pkg' returned '0': PYTHONPATH=/home/jeff/theimc_robot/build/decision_making_pkg/prefix_override:/usr/lib/python3/dist-packages/colcon_core/task/python/colcon_distutils_commands:/home/jeff/theimc_robot/install/decision_making_pkg/lib/python3.10/site-packages:${PYTHONPATH} /usr/bin/python3 -W ignore:setup.py install is deprecated -W ignore:easy_install command is deprecated setup.py develop --editable --build-directory /home/jeff/theimc_robot/build/decision_making_pkg/build --no-deps symlink_data
