[0.023s] Invoking command in '/home/jeff/theimc_robot/build/theimc_navigation2': CMAKE_PREFIX_PATH=${CMAKE_PREFIX_PATH}:/home/jeff/theimc_robot/install/theimc_bringup:/home/jeff/theimc_robot/install/localizer_server:/home/jeff/theimc_robot/install/decision_making_pkg:/home/jeff/theimc_robot/install/debug_pkg:/home/jeff/theimc_robot/install/camera_perception_pkg:/opt/ros/humble /usr/bin/cmake --build /home/jeff/theimc_robot/build/theimc_navigation2 -- -j6 -l6
[0.217s] [100%] Built target check_button_condition_plugin
[0.243s] Invoked command in '/home/jeff/theimc_robot/build/theimc_navigation2' returned '0': CMAKE_PREFIX_PATH=${CMAKE_PREFIX_PATH}:/home/jeff/theimc_robot/install/theimc_bringup:/home/jeff/theimc_robot/install/localizer_server:/home/jeff/theimc_robot/install/decision_making_pkg:/home/jeff/theimc_robot/install/debug_pkg:/home/jeff/theimc_robot/install/camera_perception_pkg:/opt/ros/humble /usr/bin/cmake --build /home/jeff/theimc_robot/build/theimc_navigation2 -- -j6 -l6
[0.267s] Invoking command in '/home/jeff/theimc_robot/build/theimc_navigation2': CMAKE_PREFIX_PATH=${CMAKE_PREFIX_PATH}:/home/jeff/theimc_robot/install/theimc_bringup:/home/jeff/theimc_robot/install/localizer_server:/home/jeff/theimc_robot/install/decision_making_pkg:/home/jeff/theimc_robot/install/debug_pkg:/home/jeff/theimc_robot/install/camera_perception_pkg:/opt/ros/humble /usr/bin/cmake --install /home/jeff/theimc_robot/build/theimc_navigation2
[0.283s] -- Install configuration: ""
[0.285s] -- Execute custom install script
[0.286s] -- Up-to-date symlink: /home/jeff/theimc_robot/install/theimc_navigation2/lib/libcheck_button_condition_plugin.so
[0.287s] -- Up-to-date symlink: /home/jeff/theimc_robot/install/theimc_navigation2/lib/theimc_navigation2/button_publisher.py
[0.288s] -- Up-to-date symlink: /home/jeff/theimc_robot/install/theimc_navigation2/share/theimc_navigation2/launch/theimc_nav2.launch.py
[0.289s] -- Up-to-date symlink: /home/jeff/theimc_robot/install/theimc_navigation2/share/theimc_navigation2/maps/map.pgm
[0.289s] -- Up-to-date symlink: /home/jeff/theimc_robot/install/theimc_navigation2/share/theimc_navigation2/maps/map.png
[0.290s] -- Up-to-date symlink: /home/jeff/theimc_robot/install/theimc_navigation2/share/theimc_navigation2/maps/map.yaml
[0.290s] -- Up-to-date symlink: /home/jeff/theimc_robot/install/theimc_navigation2/share/theimc_navigation2/maps/route_graph.geojson
[0.291s] -- Up-to-date symlink: /home/jeff/theimc_robot/install/theimc_navigation2/share/theimc_navigation2/params/theimc_nav2_params.yaml
[0.291s] -- Symlinking: /home/jeff/theimc_robot/install/theimc_navigation2/share/theimc_navigation2/params/twist_mux.yaml
[0.310s] -- Up-to-date symlink: /home/jeff/theimc_robot/install/theimc_navigation2/share/theimc_navigation2/params/waypoints.yaml
[0.311s] -- Up-to-date symlink: /home/jeff/theimc_robot/install/theimc_navigation2/share/theimc_navigation2/rviz/_nav2_default_view.rviz
[0.311s] -- Up-to-date symlink: /home/jeff/theimc_robot/install/theimc_navigation2/share/theimc_navigation2/rviz/nav2_default_view.rviz
[0.312s] -- Up-to-date symlink: /home/jeff/theimc_robot/install/theimc_navigation2/share/theimc_navigation2/scripts/button_publisher.py
[0.313s] -- Up-to-date symlink: /home/jeff/theimc_robot/install/theimc_navigation2/share/theimc_navigation2/scripts/example_route.py
[0.313s] -- Up-to-date symlink: /home/jeff/theimc_robot/install/theimc_navigation2/share/theimc_navigation2/scripts/waypoint_sender.py
[0.314s] -- Up-to-date symlink: /home/jeff/theimc_robot/install/theimc_navigation2/share/theimc_navigation2/behavior_trees/custom_button_bt.xml
[0.315s] -- Up-to-date symlink: /home/jeff/theimc_robot/install/theimc_navigation2/share/theimc_navigation2/behavior_trees/nav_through_poses_no_spin.xml
[0.315s] -- Up-to-date symlink: /home/jeff/theimc_robot/install/theimc_navigation2/share/theimc_navigation2/behavior_trees/nav_to_pose_no_spin.xml
[0.316s] -- Up-to-date symlink: /home/jeff/theimc_robot/install/theimc_navigation2/share/theimc_navigation2/behavior_trees/navigate_via_route.xml
[0.316s] -- Up-to-date symlink: /home/jeff/theimc_robot/install/theimc_navigation2/share/theimc_navigation2/behavior_trees/navigate_w_replanning_and_recovery.xml
[0.317s] -- Up-to-date symlink: /home/jeff/theimc_robot/install/theimc_navigation2/share/ament_index/resource_index/package_run_dependencies/theimc_navigation2
[0.318s] -- Up-to-date symlink: /home/jeff/theimc_robot/install/theimc_navigation2/share/ament_index/resource_index/parent_prefix_path/theimc_navigation2
[0.318s] -- Up-to-date symlink: /home/jeff/theimc_robot/install/theimc_navigation2/share/theimc_navigation2/environment/ament_prefix_path.sh
[0.319s] -- Up-to-date symlink: /home/jeff/theimc_robot/install/theimc_navigation2/share/theimc_navigation2/environment/ament_prefix_path.dsv
[0.319s] -- Up-to-date symlink: /home/jeff/theimc_robot/install/theimc_navigation2/share/theimc_navigation2/environment/path.sh
[0.320s] -- Up-to-date symlink: /home/jeff/theimc_robot/install/theimc_navigation2/share/theimc_navigation2/environment/path.dsv
[0.320s] -- Up-to-date symlink: /home/jeff/theimc_robot/install/theimc_navigation2/share/theimc_navigation2/local_setup.bash
[0.321s] -- Up-to-date symlink: /home/jeff/theimc_robot/install/theimc_navigation2/share/theimc_navigation2/local_setup.sh
[0.322s] -- Up-to-date symlink: /home/jeff/theimc_robot/install/theimc_navigation2/share/theimc_navigation2/local_setup.zsh
[0.322s] -- Up-to-date symlink: /home/jeff/theimc_robot/install/theimc_navigation2/share/theimc_navigation2/local_setup.dsv
[0.322s] -- Symlinking: /home/jeff/theimc_robot/install/theimc_navigation2/share/theimc_navigation2/package.dsv
[0.341s] -- Up-to-date symlink: /home/jeff/theimc_robot/install/theimc_navigation2/share/ament_index/resource_index/packages/theimc_navigation2
[0.341s] -- Up-to-date symlink: /home/jeff/theimc_robot/install/theimc_navigation2/share/theimc_navigation2/cmake/theimc_navigation2Config.cmake
[0.342s] -- Up-to-date symlink: /home/jeff/theimc_robot/install/theimc_navigation2/share/theimc_navigation2/cmake/theimc_navigation2Config-version.cmake
[0.342s] -- Up-to-date symlink: /home/jeff/theimc_robot/install/theimc_navigation2/share/theimc_navigation2/package.xml
[0.348s] Invoked command in '/home/jeff/theimc_robot/build/theimc_navigation2' returned '0': CMAKE_PREFIX_PATH=${CMAKE_PREFIX_PATH}:/home/jeff/theimc_robot/install/theimc_bringup:/home/jeff/theimc_robot/install/localizer_server:/home/jeff/theimc_robot/install/decision_making_pkg:/home/jeff/theimc_robot/install/debug_pkg:/home/jeff/theimc_robot/install/camera_perception_pkg:/opt/ros/humble /usr/bin/cmake --install /home/jeff/theimc_robot/build/theimc_navigation2
