[1.905s] Invoking command in '/home/jeff/theimc_robot/build/sllidar_ros2': CMAKE_PREFIX_PATH=${CMAKE_PREFIX_PATH}:/home/jeff/theimc_robot/install/theimc_teleop:/home/jeff/theimc_robot/install/theimc_bringup:/home/jeff/theimc_robot/install/localizer_server:/home/jeff/theimc_robot/install/decision_making_pkg:/home/jeff/theimc_robot/install/debug_pkg:/home/jeff/theimc_robot/install/camera_perception_pkg:/opt/ros/humble /usr/bin/cmake --build /home/jeff/theimc_robot/build/sllidar_ros2 -- -j6 -l6
[2.216s] [ 90%] Built target sllidar_node
[2.217s] [100%] Built target sllidar_client
[2.882s] Invoked command in '/home/jeff/theimc_robot/build/sllidar_ros2' returned '0': CMAKE_PREFIX_PATH=${CMAKE_PREFIX_PATH}:/home/jeff/theimc_robot/install/theimc_teleop:/home/jeff/theimc_robot/install/theimc_bringup:/home/jeff/theimc_robot/install/localizer_server:/home/jeff/theimc_robot/install/decision_making_pkg:/home/jeff/theimc_robot/install/debug_pkg:/home/jeff/theimc_robot/install/camera_perception_pkg:/opt/ros/humble /usr/bin/cmake --build /home/jeff/theimc_robot/build/sllidar_ros2 -- -j6 -l6
[2.885s] Invoking command in '/home/jeff/theimc_robot/build/sllidar_ros2': CMAKE_PREFIX_PATH=${CMAKE_PREFIX_PATH}:/home/jeff/theimc_robot/install/theimc_teleop:/home/jeff/theimc_robot/install/theimc_bringup:/home/jeff/theimc_robot/install/localizer_server:/home/jeff/theimc_robot/install/decision_making_pkg:/home/jeff/theimc_robot/install/debug_pkg:/home/jeff/theimc_robot/install/camera_perception_pkg:/opt/ros/humble /usr/bin/cmake --install /home/jeff/theimc_robot/build/sllidar_ros2
[2.903s] -- Install configuration: ""
[2.904s] -- Execute custom install script
[2.911s] -- Up-to-date symlink: /home/jeff/theimc_robot/install/sllidar_ros2/share/sllidar_ros2/launch/sllidar_a1_launch.py
[2.911s] -- Up-to-date symlink: /home/jeff/theimc_robot/install/sllidar_ros2/share/sllidar_ros2/launch/sllidar_a2m12_launch .py
[2.911s] -- Up-to-date symlink: /home/jeff/theimc_robot/install/sllidar_ros2/share/sllidar_ros2/launch/sllidar_a2m7_launch.py
[2.911s] -- Up-to-date symlink: /home/jeff/theimc_robot/install/sllidar_ros2/share/sllidar_ros2/launch/sllidar_a2m8_launch.py
[2.911s] -- Up-to-date symlink: /home/jeff/theimc_robot/install/sllidar_ros2/share/sllidar_ros2/launch/sllidar_a3_launch.py
[2.912s] -- Up-to-date symlink: /home/jeff/theimc_robot/install/sllidar_ros2/share/sllidar_ros2/launch/sllidar_c1_launch.py
[2.912s] -- Up-to-date symlink: /home/jeff/theimc_robot/install/sllidar_ros2/share/sllidar_ros2/launch/sllidar_s1_launch.py
[2.912s] -- Up-to-date symlink: /home/jeff/theimc_robot/install/sllidar_ros2/share/sllidar_ros2/launch/sllidar_s1_tcp_launch.py
[2.912s] -- Up-to-date symlink: /home/jeff/theimc_robot/install/sllidar_ros2/share/sllidar_ros2/launch/sllidar_s2_launch.py
[2.912s] -- Up-to-date symlink: /home/jeff/theimc_robot/install/sllidar_ros2/share/sllidar_ros2/launch/sllidar_s2e_launch.py
[2.912s] -- Up-to-date symlink: /home/jeff/theimc_robot/install/sllidar_ros2/share/sllidar_ros2/launch/sllidar_s3_launch.py
[2.913s] -- Up-to-date symlink: /home/jeff/theimc_robot/install/sllidar_ros2/share/sllidar_ros2/launch/sllidar_t1_launch.py
[2.913s] -- Up-to-date symlink: /home/jeff/theimc_robot/install/sllidar_ros2/share/sllidar_ros2/launch/view_sllidar_a1_launch.py
[2.913s] -- Up-to-date symlink: /home/jeff/theimc_robot/install/sllidar_ros2/share/sllidar_ros2/launch/view_sllidar_a2m12_launch.py
[2.913s] -- Up-to-date symlink: /home/jeff/theimc_robot/install/sllidar_ros2/share/sllidar_ros2/launch/view_sllidar_a2m7_launch.py
[2.913s] -- Up-to-date symlink: /home/jeff/theimc_robot/install/sllidar_ros2/share/sllidar_ros2/launch/view_sllidar_a2m8_launch.py
[2.914s] -- Up-to-date symlink: /home/jeff/theimc_robot/install/sllidar_ros2/share/sllidar_ros2/launch/view_sllidar_a3_launch.py
[2.914s] -- Up-to-date symlink: /home/jeff/theimc_robot/install/sllidar_ros2/share/sllidar_ros2/launch/view_sllidar_c1_launch.py
[2.914s] -- Up-to-date symlink: /home/jeff/theimc_robot/install/sllidar_ros2/share/sllidar_ros2/launch/view_sllidar_s1_launch.py
[2.914s] -- Up-to-date symlink: /home/jeff/theimc_robot/install/sllidar_ros2/share/sllidar_ros2/launch/view_sllidar_s1_tcp_launch.py
[2.914s] -- Up-to-date symlink: /home/jeff/theimc_robot/install/sllidar_ros2/share/sllidar_ros2/launch/view_sllidar_s2_launch.py
[2.914s] -- Up-to-date symlink: /home/jeff/theimc_robot/install/sllidar_ros2/share/sllidar_ros2/launch/view_sllidar_s2e_launch.py
[2.915s] -- Up-to-date symlink: /home/jeff/theimc_robot/install/sllidar_ros2/share/sllidar_ros2/launch/view_sllidar_s3_launch.py
[2.915s] -- Up-to-date symlink: /home/jeff/theimc_robot/install/sllidar_ros2/share/sllidar_ros2/launch/view_sllidar_t1_launch.py
[2.916s] -- Up-to-date symlink: /home/jeff/theimc_robot/install/sllidar_ros2/share/sllidar_ros2/rviz/sllidar_ros2.rviz
[2.916s] -- Up-to-date symlink: /home/jeff/theimc_robot/install/sllidar_ros2/lib/sllidar_ros2/sllidar_node
[2.916s] -- Up-to-date symlink: /home/jeff/theimc_robot/install/sllidar_ros2/lib/sllidar_ros2/sllidar_client
[2.916s] -- Up-to-date symlink: /home/jeff/theimc_robot/install/sllidar_ros2/share/ament_index/resource_index/package_run_dependencies/sllidar_ros2
[2.916s] -- Up-to-date symlink: /home/jeff/theimc_robot/install/sllidar_ros2/share/ament_index/resource_index/parent_prefix_path/sllidar_ros2
[2.917s] -- Up-to-date symlink: /home/jeff/theimc_robot/install/sllidar_ros2/share/sllidar_ros2/environment/ament_prefix_path.sh
[2.917s] -- Up-to-date symlink: /home/jeff/theimc_robot/install/sllidar_ros2/share/sllidar_ros2/environment/ament_prefix_path.dsv
[2.917s] -- Up-to-date symlink: /home/jeff/theimc_robot/install/sllidar_ros2/share/sllidar_ros2/environment/path.sh
[2.917s] -- Up-to-date symlink: /home/jeff/theimc_robot/install/sllidar_ros2/share/sllidar_ros2/environment/path.dsv
[2.922s] -- Up-to-date symlink: /home/jeff/theimc_robot/install/sllidar_ros2/share/sllidar_ros2/local_setup.bash
[2.923s] -- Up-to-date symlink: /home/jeff/theimc_robot/install/sllidar_ros2/share/sllidar_ros2/local_setup.sh
[2.923s] -- Up-to-date symlink: /home/jeff/theimc_robot/install/sllidar_ros2/share/sllidar_ros2/local_setup.zsh
[2.923s] -- Up-to-date symlink: /home/jeff/theimc_robot/install/sllidar_ros2/share/sllidar_ros2/local_setup.dsv
[2.923s] -- Symlinking: /home/jeff/theimc_robot/install/sllidar_ros2/share/sllidar_ros2/package.dsv
[2.940s] -- Up-to-date symlink: /home/jeff/theimc_robot/install/sllidar_ros2/share/ament_index/resource_index/packages/sllidar_ros2
[2.940s] -- Up-to-date symlink: /home/jeff/theimc_robot/install/sllidar_ros2/share/sllidar_ros2/cmake/ament_cmake_export_dependencies-extras.cmake
[2.941s] -- Up-to-date symlink: /home/jeff/theimc_robot/install/sllidar_ros2/share/sllidar_ros2/cmake/ament_cmake_export_include_directories-extras.cmake
[2.941s] -- Up-to-date symlink: /home/jeff/theimc_robot/install/sllidar_ros2/share/sllidar_ros2/cmake/sllidar_ros2Config.cmake
[2.941s] -- Up-to-date symlink: /home/jeff/theimc_robot/install/sllidar_ros2/share/sllidar_ros2/cmake/sllidar_ros2Config-version.cmake
[2.941s] -- Up-to-date symlink: /home/jeff/theimc_robot/install/sllidar_ros2/share/sllidar_ros2/package.xml
[2.950s] Invoked command in '/home/jeff/theimc_robot/build/sllidar_ros2' returned '0': CMAKE_PREFIX_PATH=${CMAKE_PREFIX_PATH}:/home/jeff/theimc_robot/install/theimc_teleop:/home/jeff/theimc_robot/install/theimc_bringup:/home/jeff/theimc_robot/install/localizer_server:/home/jeff/theimc_robot/install/decision_making_pkg:/home/jeff/theimc_robot/install/debug_pkg:/home/jeff/theimc_robot/install/camera_perception_pkg:/opt/ros/humble /usr/bin/cmake --install /home/jeff/theimc_robot/build/sllidar_ros2
