[0.086s] Invoking command in '/home/jeff/theimc_robot/build/interfaces_pkg': CMAKE_PREFIX_PATH=${CMAKE_PREFIX_PATH}:/home/jeff/theimc_robot/install/theimc_teleop:/home/jeff/theimc_robot/install/theimc_bringup:/home/jeff/theimc_robot/install/localizer_server:/home/jeff/theimc_robot/install/decision_making_pkg:/home/jeff/theimc_robot/install/debug_pkg:/home/jeff/theimc_robot/install/camera_perception_pkg:/opt/ros/humble /usr/bin/cmake --build /home/jeff/theimc_robot/build/interfaces_pkg -- -j6 -l6
[1.956s] [  0%] Built target interfaces_pkg__cpp
[1.956s] [  1%] Built target interfaces_pkg__rs
[1.957s] [  1%] Built target ament_cmake_python_symlink_interfaces_pkg
[1.957s] [ 13%] Built target interfaces_pkg__rosidl_generator_c
[1.957s] [ 25%] Built target interfaces_pkg__rosidl_typesupport_fastrtps_cpp
[1.957s] [ 37%] Built target interfaces_pkg__rosidl_typesupport_cpp
[1.958s] [ 49%] Built target interfaces_pkg__rosidl_typesupport_introspection_cpp
[1.958s] [ 61%] Built target interfaces_pkg__rosidl_typesupport_introspection_c
[1.958s] [ 73%] Built target interfaces_pkg__rosidl_typesupport_fastrtps_c
[1.959s] [ 85%] Built target interfaces_pkg__rosidl_typesupport_c
[1.959s] [ 85%] Built target interfaces_pkg
[1.959s] [ 86%] Built target interfaces_pkg__py
[1.959s] [ 97%] Built target interfaces_pkg__rosidl_generator_py
[1.959s] [ 99%] Built target interfaces_pkg__rosidl_typesupport_c__pyext
[1.959s] [ 99%] Built target interfaces_pkg__rosidl_typesupport_introspection_c__pyext
[1.960s] [100%] Built target interfaces_pkg__rosidl_typesupport_fastrtps_c__pyext
[1.960s] running egg_info
[1.960s] writing interfaces_pkg.egg-info/PKG-INFO
[1.960s] writing dependency_links to interfaces_pkg.egg-info/dependency_links.txt
[1.960s] writing top-level names to interfaces_pkg.egg-info/top_level.txt
[1.960s] reading manifest file 'interfaces_pkg.egg-info/SOURCES.txt'
[1.960s] writing manifest file 'interfaces_pkg.egg-info/SOURCES.txt'
[1.961s] [100%] Built target ament_cmake_python_build_interfaces_pkg_egg
[1.995s] Invoked command in '/home/jeff/theimc_robot/build/interfaces_pkg' returned '0': CMAKE_PREFIX_PATH=${CMAKE_PREFIX_PATH}:/home/jeff/theimc_robot/install/theimc_teleop:/home/jeff/theimc_robot/install/theimc_bringup:/home/jeff/theimc_robot/install/localizer_server:/home/jeff/theimc_robot/install/decision_making_pkg:/home/jeff/theimc_robot/install/debug_pkg:/home/jeff/theimc_robot/install/camera_perception_pkg:/opt/ros/humble /usr/bin/cmake --build /home/jeff/theimc_robot/build/interfaces_pkg -- -j6 -l6
[1.999s] Invoking command in '/home/jeff/theimc_robot/build/interfaces_pkg': CMAKE_PREFIX_PATH=${CMAKE_PREFIX_PATH}:/home/jeff/theimc_robot/install/theimc_teleop:/home/jeff/theimc_robot/install/theimc_bringup:/home/jeff/theimc_robot/install/localizer_server:/home/jeff/theimc_robot/install/decision_making_pkg:/home/jeff/theimc_robot/install/debug_pkg:/home/jeff/theimc_robot/install/camera_perception_pkg:/opt/ros/humble /usr/bin/cmake --install /home/jeff/theimc_robot/build/interfaces_pkg
[2.029s] -- Install configuration: ""
[2.046s] -- Execute custom install script
[2.046s] -- Up-to-date symlink: /home/jeff/theimc_robot/install/interfaces_pkg/share/ament_index/resource_index/rosidl_interfaces/interfaces_pkg
[2.046s] -- Up-to-date symlink: /home/jeff/theimc_robot/install/interfaces_pkg/include/interfaces_pkg/interfaces_pkg/action/detail/rail_approach__functions.h
[2.046s] -- Up-to-date symlink: /home/jeff/theimc_robot/install/interfaces_pkg/include/interfaces_pkg/interfaces_pkg/action/detail/rail_approach__struct.h
[2.047s] -- Up-to-date symlink: /home/jeff/theimc_robot/install/interfaces_pkg/include/interfaces_pkg/interfaces_pkg/action/detail/rail_approach__type_support.h
[2.047s] -- Up-to-date symlink: /home/jeff/theimc_robot/install/interfaces_pkg/include/interfaces_pkg/interfaces_pkg/action/rail_approach.h
[2.047s] -- Up-to-date symlink: /home/jeff/theimc_robot/install/interfaces_pkg/include/interfaces_pkg/interfaces_pkg/msg/bounding_box2_d.h
[2.047s] -- Up-to-date symlink: /home/jeff/theimc_robot/install/interfaces_pkg/include/interfaces_pkg/interfaces_pkg/msg/bounding_box3_d.h
[2.054s] -- Up-to-date symlink: /home/jeff/theimc_robot/install/interfaces_pkg/include/interfaces_pkg/interfaces_pkg/msg/detail/bounding_box2_d__functions.h
[2.061s] -- Up-to-date symlink: /home/jeff/theimc_robot/install/interfaces_pkg/include/interfaces_pkg/interfaces_pkg/msg/detail/bounding_box2_d__struct.h
[2.063s] -- Up-to-date symlink: /home/jeff/theimc_robot/install/interfaces_pkg/include/interfaces_pkg/interfaces_pkg/msg/detail/bounding_box2_d__type_support.h
[2.064s] -- Up-to-date symlink: /home/jeff/theimc_robot/install/interfaces_pkg/include/interfaces_pkg/interfaces_pkg/msg/detail/bounding_box3_d__functions.h
[2.065s] -- Up-to-date symlink: /home/jeff/theimc_robot/install/interfaces_pkg/include/interfaces_pkg/interfaces_pkg/msg/detail/bounding_box3_d__struct.h
[2.066s] -- Up-to-date symlink: /home/jeff/theimc_robot/install/interfaces_pkg/include/interfaces_pkg/interfaces_pkg/msg/detail/bounding_box3_d__type_support.h
[2.066s] -- Up-to-date symlink: /home/jeff/theimc_robot/install/interfaces_pkg/include/interfaces_pkg/interfaces_pkg/msg/detail/detection__functions.h
[2.066s] -- Up-to-date symlink: /home/jeff/theimc_robot/install/interfaces_pkg/include/interfaces_pkg/interfaces_pkg/msg/detail/detection__struct.h
[2.067s] -- Up-to-date symlink: /home/jeff/theimc_robot/install/interfaces_pkg/include/interfaces_pkg/interfaces_pkg/msg/detail/detection__type_support.h
[2.067s] -- Up-to-date symlink: /home/jeff/theimc_robot/install/interfaces_pkg/include/interfaces_pkg/interfaces_pkg/msg/detail/detection_array__functions.h
[2.067s] -- Up-to-date symlink: /home/jeff/theimc_robot/install/interfaces_pkg/include/interfaces_pkg/interfaces_pkg/msg/detail/detection_array__struct.h
[2.067s] -- Up-to-date symlink: /home/jeff/theimc_robot/install/interfaces_pkg/include/interfaces_pkg/interfaces_pkg/msg/detail/detection_array__type_support.h
[2.068s] -- Up-to-date symlink: /home/jeff/theimc_robot/install/interfaces_pkg/include/interfaces_pkg/interfaces_pkg/msg/detail/key_point2_d__functions.h
[2.068s] -- Up-to-date symlink: /home/jeff/theimc_robot/install/interfaces_pkg/include/interfaces_pkg/interfaces_pkg/msg/detail/key_point2_d__struct.h
[2.068s] -- Up-to-date symlink: /home/jeff/theimc_robot/install/interfaces_pkg/include/interfaces_pkg/interfaces_pkg/msg/detail/key_point2_d__type_support.h
[2.069s] -- Up-to-date symlink: /home/jeff/theimc_robot/install/interfaces_pkg/include/interfaces_pkg/interfaces_pkg/msg/detail/key_point2_d_array__functions.h
[2.069s] -- Up-to-date symlink: /home/jeff/theimc_robot/install/interfaces_pkg/include/interfaces_pkg/interfaces_pkg/msg/detail/key_point2_d_array__struct.h
[2.069s] -- Up-to-date symlink: /home/jeff/theimc_robot/install/interfaces_pkg/include/interfaces_pkg/interfaces_pkg/msg/detail/key_point2_d_array__type_support.h
[2.070s] -- Up-to-date symlink: /home/jeff/theimc_robot/install/interfaces_pkg/include/interfaces_pkg/interfaces_pkg/msg/detail/key_point3_d__functions.h
[2.070s] -- Up-to-date symlink: /home/jeff/theimc_robot/install/interfaces_pkg/include/interfaces_pkg/interfaces_pkg/msg/detail/key_point3_d__struct.h
[2.070s] -- Up-to-date symlink: /home/jeff/theimc_robot/install/interfaces_pkg/include/interfaces_pkg/interfaces_pkg/msg/detail/key_point3_d__type_support.h
[2.070s] -- Up-to-date symlink: /home/jeff/theimc_robot/install/interfaces_pkg/include/interfaces_pkg/interfaces_pkg/msg/detail/key_point3_d_array__functions.h
[2.071s] -- Up-to-date symlink: /home/jeff/theimc_robot/install/interfaces_pkg/include/interfaces_pkg/interfaces_pkg/msg/detail/key_point3_d_array__struct.h
[2.072s] -- Up-to-date symlink: /home/jeff/theimc_robot/install/interfaces_pkg/include/interfaces_pkg/interfaces_pkg/msg/detail/key_point3_d_array__type_support.h
[2.073s] -- Up-to-date symlink: /home/jeff/theimc_robot/install/interfaces_pkg/include/interfaces_pkg/interfaces_pkg/msg/detail/lane_info__functions.h
[2.073s] -- Up-to-date symlink: /home/jeff/theimc_robot/install/interfaces_pkg/include/interfaces_pkg/interfaces_pkg/msg/detail/lane_info__struct.h
[2.074s] -- Up-to-date symlink: /home/jeff/theimc_robot/install/interfaces_pkg/include/interfaces_pkg/interfaces_pkg/msg/detail/lane_info__type_support.h
[2.074s] -- Up-to-date symlink: /home/jeff/theimc_robot/install/interfaces_pkg/include/interfaces_pkg/interfaces_pkg/msg/detail/mask__functions.h
[2.074s] -- Up-to-date symlink: /home/jeff/theimc_robot/install/interfaces_pkg/include/interfaces_pkg/interfaces_pkg/msg/detail/mask__struct.h
[2.075s] -- Up-to-date symlink: /home/jeff/theimc_robot/install/interfaces_pkg/include/interfaces_pkg/interfaces_pkg/msg/detail/mask__type_support.h
[2.076s] -- Up-to-date symlink: /home/jeff/theimc_robot/install/interfaces_pkg/include/interfaces_pkg/interfaces_pkg/msg/detail/motion_command__functions.h
[2.076s] -- Up-to-date symlink: /home/jeff/theimc_robot/install/interfaces_pkg/include/interfaces_pkg/interfaces_pkg/msg/detail/motion_command__struct.h
[2.077s] -- Up-to-date symlink: /home/jeff/theimc_robot/install/interfaces_pkg/include/interfaces_pkg/interfaces_pkg/msg/detail/motion_command__type_support.h
[2.078s] -- Up-to-date symlink: /home/jeff/theimc_robot/install/interfaces_pkg/include/interfaces_pkg/interfaces_pkg/msg/detail/path_planning_result__functions.h
[2.078s] -- Up-to-date symlink: /home/jeff/theimc_robot/install/interfaces_pkg/include/interfaces_pkg/interfaces_pkg/msg/detail/path_planning_result__struct.h
[2.079s] -- Up-to-date symlink: /home/jeff/theimc_robot/install/interfaces_pkg/include/interfaces_pkg/interfaces_pkg/msg/detail/path_planning_result__type_support.h
[2.080s] -- Up-to-date symlink: /home/jeff/theimc_robot/install/interfaces_pkg/include/interfaces_pkg/interfaces_pkg/msg/detail/point2_d__functions.h
[2.080s] -- Up-to-date symlink: /home/jeff/theimc_robot/install/interfaces_pkg/include/interfaces_pkg/interfaces_pkg/msg/detail/point2_d__struct.h
[2.080s] -- Up-to-date symlink: /home/jeff/theimc_robot/install/interfaces_pkg/include/interfaces_pkg/interfaces_pkg/msg/detail/point2_d__type_support.h
[2.080s] -- Up-to-date symlink: /home/jeff/theimc_robot/install/interfaces_pkg/include/interfaces_pkg/interfaces_pkg/msg/detail/pose2_d__functions.h
[2.080s] -- Up-to-date symlink: /home/jeff/theimc_robot/install/interfaces_pkg/include/interfaces_pkg/interfaces_pkg/msg/detail/pose2_d__struct.h
[2.081s] -- Up-to-date symlink: /home/jeff/theimc_robot/install/interfaces_pkg/include/interfaces_pkg/interfaces_pkg/msg/detail/pose2_d__type_support.h
[2.081s] -- Up-to-date symlink: /home/jeff/theimc_robot/install/interfaces_pkg/include/interfaces_pkg/interfaces_pkg/msg/detail/rail_info__functions.h
[2.081s] -- Up-to-date symlink: /home/jeff/theimc_robot/install/interfaces_pkg/include/interfaces_pkg/interfaces_pkg/msg/detail/rail_info__struct.h
[2.081s] -- Up-to-date symlink: /home/jeff/theimc_robot/install/interfaces_pkg/include/interfaces_pkg/interfaces_pkg/msg/detail/rail_info__type_support.h
[2.081s] -- Up-to-date symlink: /home/jeff/theimc_robot/install/interfaces_pkg/include/interfaces_pkg/interfaces_pkg/msg/detail/target_point__functions.h
[2.082s] -- Up-to-date symlink: /home/jeff/theimc_robot/install/interfaces_pkg/include/interfaces_pkg/interfaces_pkg/msg/detail/target_point__struct.h
[2.083s] -- Up-to-date symlink: /home/jeff/theimc_robot/install/interfaces_pkg/include/interfaces_pkg/interfaces_pkg/msg/detail/target_point__type_support.h
[2.084s] -- Up-to-date symlink: /home/jeff/theimc_robot/install/interfaces_pkg/include/interfaces_pkg/interfaces_pkg/msg/detail/vector2__functions.h
[2.087s] -- Up-to-date symlink: /home/jeff/theimc_robot/install/interfaces_pkg/include/interfaces_pkg/interfaces_pkg/msg/detail/vector2__struct.h
[2.087s] -- Up-to-date symlink: /home/jeff/theimc_robot/install/interfaces_pkg/include/interfaces_pkg/interfaces_pkg/msg/detail/vector2__type_support.h
[2.088s] -- Up-to-date symlink: /home/jeff/theimc_robot/install/interfaces_pkg/include/interfaces_pkg/interfaces_pkg/msg/detection.h
[2.088s] -- Up-to-date symlink: /home/jeff/theimc_robot/install/interfaces_pkg/include/interfaces_pkg/interfaces_pkg/msg/detection_array.h
[2.088s] -- Up-to-date symlink: /home/jeff/theimc_robot/install/interfaces_pkg/include/interfaces_pkg/interfaces_pkg/msg/key_point2_d.h
[2.089s] -- Up-to-date symlink: /home/jeff/theimc_robot/install/interfaces_pkg/include/interfaces_pkg/interfaces_pkg/msg/key_point2_d_array.h
[2.090s] -- Up-to-date symlink: /home/jeff/theimc_robot/install/interfaces_pkg/include/interfaces_pkg/interfaces_pkg/msg/key_point3_d.h
[2.090s] -- Up-to-date symlink: /home/jeff/theimc_robot/install/interfaces_pkg/include/interfaces_pkg/interfaces_pkg/msg/key_point3_d_array.h
[2.091s] -- Up-to-date symlink: /home/jeff/theimc_robot/install/interfaces_pkg/include/interfaces_pkg/interfaces_pkg/msg/lane_info.h
[2.091s] -- Up-to-date symlink: /home/jeff/theimc_robot/install/interfaces_pkg/include/interfaces_pkg/interfaces_pkg/msg/mask.h
[2.093s] -- Up-to-date symlink: /home/jeff/theimc_robot/install/interfaces_pkg/include/interfaces_pkg/interfaces_pkg/msg/motion_command.h
[2.093s] -- Up-to-date symlink: /home/jeff/theimc_robot/install/interfaces_pkg/include/interfaces_pkg/interfaces_pkg/msg/path_planning_result.h
[2.093s] -- Up-to-date symlink: /home/jeff/theimc_robot/install/interfaces_pkg/include/interfaces_pkg/interfaces_pkg/msg/point2_d.h
[2.093s] -- Up-to-date symlink: /home/jeff/theimc_robot/install/interfaces_pkg/include/interfaces_pkg/interfaces_pkg/msg/pose2_d.h
[2.093s] -- Up-to-date symlink: /home/jeff/theimc_robot/install/interfaces_pkg/include/interfaces_pkg/interfaces_pkg/msg/rail_info.h
[2.094s] -- Up-to-date symlink: /home/jeff/theimc_robot/install/interfaces_pkg/include/interfaces_pkg/interfaces_pkg/msg/rosidl_generator_c__visibility_control.h
[2.094s] -- Up-to-date symlink: /home/jeff/theimc_robot/install/interfaces_pkg/include/interfaces_pkg/interfaces_pkg/msg/target_point.h
[2.094s] -- Up-to-date symlink: /home/jeff/theimc_robot/install/interfaces_pkg/include/interfaces_pkg/interfaces_pkg/msg/vector2.h
[2.094s] -- Up-to-date symlink: /home/jeff/theimc_robot/install/interfaces_pkg/share/interfaces_pkg/environment/library_path.sh
[2.094s] -- Up-to-date symlink: /home/jeff/theimc_robot/install/interfaces_pkg/share/interfaces_pkg/environment/library_path.dsv
[2.094s] -- Up-to-date symlink: /home/jeff/theimc_robot/install/interfaces_pkg/include/interfaces_pkg/interfaces_pkg/action/detail/rail_approach__rosidl_typesupport_fastrtps_c.h
[2.099s] -- Up-to-date symlink: /home/jeff/theimc_robot/install/interfaces_pkg/include/interfaces_pkg/interfaces_pkg/msg/detail/bounding_box2_d__rosidl_typesupport_fastrtps_c.h
[2.100s] -- Up-to-date symlink: /home/jeff/theimc_robot/install/interfaces_pkg/include/interfaces_pkg/interfaces_pkg/msg/detail/bounding_box3_d__rosidl_typesupport_fastrtps_c.h
[2.101s] -- Up-to-date symlink: /home/jeff/theimc_robot/install/interfaces_pkg/include/interfaces_pkg/interfaces_pkg/msg/detail/detection__rosidl_typesupport_fastrtps_c.h
[2.101s] -- Up-to-date symlink: /home/jeff/theimc_robot/install/interfaces_pkg/include/interfaces_pkg/interfaces_pkg/msg/detail/detection_array__rosidl_typesupport_fastrtps_c.h
[2.102s] -- Up-to-date symlink: /home/jeff/theimc_robot/install/interfaces_pkg/include/interfaces_pkg/interfaces_pkg/msg/detail/key_point2_d__rosidl_typesupport_fastrtps_c.h
[2.102s] -- Up-to-date symlink: /home/jeff/theimc_robot/install/interfaces_pkg/include/interfaces_pkg/interfaces_pkg/msg/detail/key_point2_d_array__rosidl_typesupport_fastrtps_c.h
[2.104s] -- Up-to-date symlink: /home/jeff/theimc_robot/install/interfaces_pkg/include/interfaces_pkg/interfaces_pkg/msg/detail/key_point3_d__rosidl_typesupport_fastrtps_c.h
[2.104s] -- Up-to-date symlink: /home/jeff/theimc_robot/install/interfaces_pkg/include/interfaces_pkg/interfaces_pkg/msg/detail/key_point3_d_array__rosidl_typesupport_fastrtps_c.h
[2.104s] -- Up-to-date symlink: /home/jeff/theimc_robot/install/interfaces_pkg/include/interfaces_pkg/interfaces_pkg/msg/detail/lane_info__rosidl_typesupport_fastrtps_c.h
[2.105s] -- Up-to-date symlink: /home/jeff/theimc_robot/install/interfaces_pkg/include/interfaces_pkg/interfaces_pkg/msg/detail/mask__rosidl_typesupport_fastrtps_c.h
[2.105s] -- Up-to-date symlink: /home/jeff/theimc_robot/install/interfaces_pkg/include/interfaces_pkg/interfaces_pkg/msg/detail/motion_command__rosidl_typesupport_fastrtps_c.h
[2.105s] -- Up-to-date symlink: /home/jeff/theimc_robot/install/interfaces_pkg/include/interfaces_pkg/interfaces_pkg/msg/detail/path_planning_result__rosidl_typesupport_fastrtps_c.h
[2.107s] -- Up-to-date symlink: /home/jeff/theimc_robot/install/interfaces_pkg/include/interfaces_pkg/interfaces_pkg/msg/detail/point2_d__rosidl_typesupport_fastrtps_c.h
[2.107s] -- Up-to-date symlink: /home/jeff/theimc_robot/install/interfaces_pkg/include/interfaces_pkg/interfaces_pkg/msg/detail/pose2_d__rosidl_typesupport_fastrtps_c.h
[2.107s] -- Up-to-date symlink: /home/jeff/theimc_robot/install/interfaces_pkg/include/interfaces_pkg/interfaces_pkg/msg/detail/rail_info__rosidl_typesupport_fastrtps_c.h
[2.108s] -- Up-to-date symlink: /home/jeff/theimc_robot/install/interfaces_pkg/include/interfaces_pkg/interfaces_pkg/msg/detail/target_point__rosidl_typesupport_fastrtps_c.h
[2.108s] -- Up-to-date symlink: /home/jeff/theimc_robot/install/interfaces_pkg/include/interfaces_pkg/interfaces_pkg/msg/detail/vector2__rosidl_typesupport_fastrtps_c.h
[2.109s] -- Up-to-date symlink: /home/jeff/theimc_robot/install/interfaces_pkg/include/interfaces_pkg/interfaces_pkg/msg/rosidl_typesupport_fastrtps_c__visibility_control.h
[2.109s] -- Up-to-date symlink: /home/jeff/theimc_robot/install/interfaces_pkg/include/interfaces_pkg/interfaces_pkg/action/detail/rail_approach__rosidl_typesupport_introspection_c.h
[2.110s] -- Up-to-date symlink: /home/jeff/theimc_robot/install/interfaces_pkg/include/interfaces_pkg/interfaces_pkg/msg/detail/bounding_box2_d__rosidl_typesupport_introspection_c.h
[2.113s] -- Up-to-date symlink: /home/jeff/theimc_robot/install/interfaces_pkg/include/interfaces_pkg/interfaces_pkg/msg/detail/bounding_box3_d__rosidl_typesupport_introspection_c.h
[2.113s] -- Up-to-date symlink: /home/jeff/theimc_robot/install/interfaces_pkg/include/interfaces_pkg/interfaces_pkg/msg/detail/detection__rosidl_typesupport_introspection_c.h
[2.114s] -- Up-to-date symlink: /home/jeff/theimc_robot/install/interfaces_pkg/include/interfaces_pkg/interfaces_pkg/msg/detail/detection_array__rosidl_typesupport_introspection_c.h
[2.114s] -- Up-to-date symlink: /home/jeff/theimc_robot/install/interfaces_pkg/include/interfaces_pkg/interfaces_pkg/msg/detail/key_point2_d__rosidl_typesupport_introspection_c.h
[2.115s] -- Up-to-date symlink: /home/jeff/theimc_robot/install/interfaces_pkg/include/interfaces_pkg/interfaces_pkg/msg/detail/key_point2_d_array__rosidl_typesupport_introspection_c.h
[2.117s] -- Up-to-date symlink: /home/jeff/theimc_robot/install/interfaces_pkg/include/interfaces_pkg/interfaces_pkg/msg/detail/key_point3_d__rosidl_typesupport_introspection_c.h
[2.119s] -- Up-to-date symlink: /home/jeff/theimc_robot/install/interfaces_pkg/include/interfaces_pkg/interfaces_pkg/msg/detail/key_point3_d_array__rosidl_typesupport_introspection_c.h
[2.120s] -- Up-to-date symlink: /home/jeff/theimc_robot/install/interfaces_pkg/include/interfaces_pkg/interfaces_pkg/msg/detail/lane_info__rosidl_typesupport_introspection_c.h
[2.120s] -- Up-to-date symlink: /home/jeff/theimc_robot/install/interfaces_pkg/include/interfaces_pkg/interfaces_pkg/msg/detail/mask__rosidl_typesupport_introspection_c.h
[2.121s] -- Up-to-date symlink: /home/jeff/theimc_robot/install/interfaces_pkg/include/interfaces_pkg/interfaces_pkg/msg/detail/motion_command__rosidl_typesupport_introspection_c.h
[2.122s] -- Up-to-date symlink: /home/jeff/theimc_robot/install/interfaces_pkg/include/interfaces_pkg/interfaces_pkg/msg/detail/path_planning_result__rosidl_typesupport_introspection_c.h
[2.122s] -- Up-to-date symlink: /home/jeff/theimc_robot/install/interfaces_pkg/include/interfaces_pkg/interfaces_pkg/msg/detail/point2_d__rosidl_typesupport_introspection_c.h
[2.123s] -- Up-to-date symlink: /home/jeff/theimc_robot/install/interfaces_pkg/include/interfaces_pkg/interfaces_pkg/msg/detail/pose2_d__rosidl_typesupport_introspection_c.h
[2.123s] -- Up-to-date symlink: /home/jeff/theimc_robot/install/interfaces_pkg/include/interfaces_pkg/interfaces_pkg/msg/detail/rail_info__rosidl_typesupport_introspection_c.h
[2.123s] -- Up-to-date symlink: /home/jeff/theimc_robot/install/interfaces_pkg/include/interfaces_pkg/interfaces_pkg/msg/detail/target_point__rosidl_typesupport_introspection_c.h
[2.125s] -- Up-to-date symlink: /home/jeff/theimc_robot/install/interfaces_pkg/include/interfaces_pkg/interfaces_pkg/msg/detail/vector2__rosidl_typesupport_introspection_c.h
[2.125s] -- Up-to-date symlink: /home/jeff/theimc_robot/install/interfaces_pkg/include/interfaces_pkg/interfaces_pkg/msg/rosidl_typesupport_introspection_c__visibility_control.h
[2.126s] -- Up-to-date symlink: /home/jeff/theimc_robot/install/interfaces_pkg/include/interfaces_pkg/interfaces_pkg/action/detail/rail_approach__builder.hpp
[2.126s] -- Up-to-date symlink: /home/jeff/theimc_robot/install/interfaces_pkg/include/interfaces_pkg/interfaces_pkg/action/detail/rail_approach__struct.hpp
[2.126s] -- Up-to-date symlink: /home/jeff/theimc_robot/install/interfaces_pkg/include/interfaces_pkg/interfaces_pkg/action/detail/rail_approach__traits.hpp
[2.126s] -- Up-to-date symlink: /home/jeff/theimc_robot/install/interfaces_pkg/include/interfaces_pkg/interfaces_pkg/action/detail/rail_approach__type_support.hpp
[2.126s] -- Up-to-date symlink: /home/jeff/theimc_robot/install/interfaces_pkg/include/interfaces_pkg/interfaces_pkg/action/rail_approach.hpp
[2.127s] -- Up-to-date symlink: /home/jeff/theimc_robot/install/interfaces_pkg/include/interfaces_pkg/interfaces_pkg/msg/bounding_box2_d.hpp
[2.127s] -- Up-to-date symlink: /home/jeff/theimc_robot/install/interfaces_pkg/include/interfaces_pkg/interfaces_pkg/msg/bounding_box3_d.hpp
[2.127s] -- Up-to-date symlink: /home/jeff/theimc_robot/install/interfaces_pkg/include/interfaces_pkg/interfaces_pkg/msg/detail/bounding_box2_d__builder.hpp
[2.127s] -- Up-to-date symlink: /home/jeff/theimc_robot/install/interfaces_pkg/include/interfaces_pkg/interfaces_pkg/msg/detail/bounding_box2_d__struct.hpp
[2.127s] -- Up-to-date symlink: /home/jeff/theimc_robot/install/interfaces_pkg/include/interfaces_pkg/interfaces_pkg/msg/detail/bounding_box2_d__traits.hpp
[2.127s] -- Up-to-date symlink: /home/jeff/theimc_robot/install/interfaces_pkg/include/interfaces_pkg/interfaces_pkg/msg/detail/bounding_box2_d__type_support.hpp
[2.128s] -- Up-to-date symlink: /home/jeff/theimc_robot/install/interfaces_pkg/include/interfaces_pkg/interfaces_pkg/msg/detail/bounding_box3_d__builder.hpp
[2.128s] -- Up-to-date symlink: /home/jeff/theimc_robot/install/interfaces_pkg/include/interfaces_pkg/interfaces_pkg/msg/detail/bounding_box3_d__struct.hpp
[2.128s] -- Up-to-date symlink: /home/jeff/theimc_robot/install/interfaces_pkg/include/interfaces_pkg/interfaces_pkg/msg/detail/bounding_box3_d__traits.hpp
[2.128s] -- Up-to-date symlink: /home/jeff/theimc_robot/install/interfaces_pkg/include/interfaces_pkg/interfaces_pkg/msg/detail/bounding_box3_d__type_support.hpp
[2.128s] -- Up-to-date symlink: /home/jeff/theimc_robot/install/interfaces_pkg/include/interfaces_pkg/interfaces_pkg/msg/detail/detection__builder.hpp
[2.128s] -- Up-to-date symlink: /home/jeff/theimc_robot/install/interfaces_pkg/include/interfaces_pkg/interfaces_pkg/msg/detail/detection__struct.hpp
[2.129s] -- Up-to-date symlink: /home/jeff/theimc_robot/install/interfaces_pkg/include/interfaces_pkg/interfaces_pkg/msg/detail/detection__traits.hpp
[2.129s] -- Up-to-date symlink: /home/jeff/theimc_robot/install/interfaces_pkg/include/interfaces_pkg/interfaces_pkg/msg/detail/detection__type_support.hpp
[2.129s] -- Up-to-date symlink: /home/jeff/theimc_robot/install/interfaces_pkg/include/interfaces_pkg/interfaces_pkg/msg/detail/detection_array__builder.hpp
[2.129s] -- Up-to-date symlink: /home/jeff/theimc_robot/install/interfaces_pkg/include/interfaces_pkg/interfaces_pkg/msg/detail/detection_array__struct.hpp
[2.129s] -- Up-to-date symlink: /home/jeff/theimc_robot/install/interfaces_pkg/include/interfaces_pkg/interfaces_pkg/msg/detail/detection_array__traits.hpp
[2.129s] -- Up-to-date symlink: /home/jeff/theimc_robot/install/interfaces_pkg/include/interfaces_pkg/interfaces_pkg/msg/detail/detection_array__type_support.hpp
[2.130s] -- Up-to-date symlink: /home/jeff/theimc_robot/install/interfaces_pkg/include/interfaces_pkg/interfaces_pkg/msg/detail/key_point2_d__builder.hpp
[2.130s] -- Up-to-date symlink: /home/jeff/theimc_robot/install/interfaces_pkg/include/interfaces_pkg/interfaces_pkg/msg/detail/key_point2_d__struct.hpp
[2.130s] -- Up-to-date symlink: /home/jeff/theimc_robot/install/interfaces_pkg/include/interfaces_pkg/interfaces_pkg/msg/detail/key_point2_d__traits.hpp
[2.130s] -- Up-to-date symlink: /home/jeff/theimc_robot/install/interfaces_pkg/include/interfaces_pkg/interfaces_pkg/msg/detail/key_point2_d__type_support.hpp
[2.130s] -- Up-to-date symlink: /home/jeff/theimc_robot/install/interfaces_pkg/include/interfaces_pkg/interfaces_pkg/msg/detail/key_point2_d_array__builder.hpp
[2.130s] -- Up-to-date symlink: /home/jeff/theimc_robot/install/interfaces_pkg/include/interfaces_pkg/interfaces_pkg/msg/detail/key_point2_d_array__struct.hpp
[2.131s] -- Up-to-date symlink: /home/jeff/theimc_robot/install/interfaces_pkg/include/interfaces_pkg/interfaces_pkg/msg/detail/key_point2_d_array__traits.hpp
[2.131s] -- Up-to-date symlink: /home/jeff/theimc_robot/install/interfaces_pkg/include/interfaces_pkg/interfaces_pkg/msg/detail/key_point2_d_array__type_support.hpp
[2.131s] -- Up-to-date symlink: /home/jeff/theimc_robot/install/interfaces_pkg/include/interfaces_pkg/interfaces_pkg/msg/detail/key_point3_d__builder.hpp
[2.131s] -- Up-to-date symlink: /home/jeff/theimc_robot/install/interfaces_pkg/include/interfaces_pkg/interfaces_pkg/msg/detail/key_point3_d__struct.hpp
[2.131s] -- Up-to-date symlink: /home/jeff/theimc_robot/install/interfaces_pkg/include/interfaces_pkg/interfaces_pkg/msg/detail/key_point3_d__traits.hpp
[2.131s] -- Up-to-date symlink: /home/jeff/theimc_robot/install/interfaces_pkg/include/interfaces_pkg/interfaces_pkg/msg/detail/key_point3_d__type_support.hpp
[2.132s] -- Up-to-date symlink: /home/jeff/theimc_robot/install/interfaces_pkg/include/interfaces_pkg/interfaces_pkg/msg/detail/key_point3_d_array__builder.hpp
[2.132s] -- Up-to-date symlink: /home/jeff/theimc_robot/install/interfaces_pkg/include/interfaces_pkg/interfaces_pkg/msg/detail/key_point3_d_array__struct.hpp
[2.132s] -- Up-to-date symlink: /home/jeff/theimc_robot/install/interfaces_pkg/include/interfaces_pkg/interfaces_pkg/msg/detail/key_point3_d_array__traits.hpp
[2.132s] -- Up-to-date symlink: /home/jeff/theimc_robot/install/interfaces_pkg/include/interfaces_pkg/interfaces_pkg/msg/detail/key_point3_d_array__type_support.hpp
[2.132s] -- Up-to-date symlink: /home/jeff/theimc_robot/install/interfaces_pkg/include/interfaces_pkg/interfaces_pkg/msg/detail/lane_info__builder.hpp
[2.132s] -- Up-to-date symlink: /home/jeff/theimc_robot/install/interfaces_pkg/include/interfaces_pkg/interfaces_pkg/msg/detail/lane_info__struct.hpp
[2.132s] -- Up-to-date symlink: /home/jeff/theimc_robot/install/interfaces_pkg/include/interfaces_pkg/interfaces_pkg/msg/detail/lane_info__traits.hpp
[2.133s] -- Up-to-date symlink: /home/jeff/theimc_robot/install/interfaces_pkg/include/interfaces_pkg/interfaces_pkg/msg/detail/lane_info__type_support.hpp
[2.137s] -- Up-to-date symlink: /home/jeff/theimc_robot/install/interfaces_pkg/include/interfaces_pkg/interfaces_pkg/msg/detail/mask__builder.hpp
[2.139s] -- Up-to-date symlink: /home/jeff/theimc_robot/install/interfaces_pkg/include/interfaces_pkg/interfaces_pkg/msg/detail/mask__struct.hpp
[2.139s] -- Up-to-date symlink: /home/jeff/theimc_robot/install/interfaces_pkg/include/interfaces_pkg/interfaces_pkg/msg/detail/mask__traits.hpp
[2.139s] -- Up-to-date symlink: /home/jeff/theimc_robot/install/interfaces_pkg/include/interfaces_pkg/interfaces_pkg/msg/detail/mask__type_support.hpp
[2.139s] -- Up-to-date symlink: /home/jeff/theimc_robot/install/interfaces_pkg/include/interfaces_pkg/interfaces_pkg/msg/detail/motion_command__builder.hpp
[2.139s] -- Up-to-date symlink: /home/jeff/theimc_robot/install/interfaces_pkg/include/interfaces_pkg/interfaces_pkg/msg/detail/motion_command__struct.hpp
[2.140s] -- Up-to-date symlink: /home/jeff/theimc_robot/install/interfaces_pkg/include/interfaces_pkg/interfaces_pkg/msg/detail/motion_command__traits.hpp
[2.140s] -- Up-to-date symlink: /home/jeff/theimc_robot/install/interfaces_pkg/include/interfaces_pkg/interfaces_pkg/msg/detail/motion_command__type_support.hpp
[2.140s] -- Up-to-date symlink: /home/jeff/theimc_robot/install/interfaces_pkg/include/interfaces_pkg/interfaces_pkg/msg/detail/path_planning_result__builder.hpp
[2.140s] -- Up-to-date symlink: /home/jeff/theimc_robot/install/interfaces_pkg/include/interfaces_pkg/interfaces_pkg/msg/detail/path_planning_result__struct.hpp
[2.140s] -- Up-to-date symlink: /home/jeff/theimc_robot/install/interfaces_pkg/include/interfaces_pkg/interfaces_pkg/msg/detail/path_planning_result__traits.hpp
[2.140s] -- Up-to-date symlink: /home/jeff/theimc_robot/install/interfaces_pkg/include/interfaces_pkg/interfaces_pkg/msg/detail/path_planning_result__type_support.hpp
[2.141s] -- Up-to-date symlink: /home/jeff/theimc_robot/install/interfaces_pkg/include/interfaces_pkg/interfaces_pkg/msg/detail/point2_d__builder.hpp
[2.143s] -- Up-to-date symlink: /home/jeff/theimc_robot/install/interfaces_pkg/include/interfaces_pkg/interfaces_pkg/msg/detail/point2_d__struct.hpp
[2.146s] -- Up-to-date symlink: /home/jeff/theimc_robot/install/interfaces_pkg/include/interfaces_pkg/interfaces_pkg/msg/detail/point2_d__traits.hpp
[2.148s] -- Up-to-date symlink: /home/jeff/theimc_robot/install/interfaces_pkg/include/interfaces_pkg/interfaces_pkg/msg/detail/point2_d__type_support.hpp
[2.148s] -- Up-to-date symlink: /home/jeff/theimc_robot/install/interfaces_pkg/include/interfaces_pkg/interfaces_pkg/msg/detail/pose2_d__builder.hpp
[2.149s] -- Up-to-date symlink: /home/jeff/theimc_robot/install/interfaces_pkg/include/interfaces_pkg/interfaces_pkg/msg/detail/pose2_d__struct.hpp
[2.150s] -- Up-to-date symlink: /home/jeff/theimc_robot/install/interfaces_pkg/include/interfaces_pkg/interfaces_pkg/msg/detail/pose2_d__traits.hpp
[2.153s] -- Up-to-date symlink: /home/jeff/theimc_robot/install/interfaces_pkg/include/interfaces_pkg/interfaces_pkg/msg/detail/pose2_d__type_support.hpp
[2.153s] -- Up-to-date symlink: /home/jeff/theimc_robot/install/interfaces_pkg/include/interfaces_pkg/interfaces_pkg/msg/detail/rail_info__builder.hpp
[2.153s] -- Up-to-date symlink: /home/jeff/theimc_robot/install/interfaces_pkg/include/interfaces_pkg/interfaces_pkg/msg/detail/rail_info__struct.hpp
[2.154s] -- Up-to-date symlink: /home/jeff/theimc_robot/install/interfaces_pkg/include/interfaces_pkg/interfaces_pkg/msg/detail/rail_info__traits.hpp
[2.154s] -- Up-to-date symlink: /home/jeff/theimc_robot/install/interfaces_pkg/include/interfaces_pkg/interfaces_pkg/msg/detail/rail_info__type_support.hpp
[2.154s] -- Up-to-date symlink: /home/jeff/theimc_robot/install/interfaces_pkg/include/interfaces_pkg/interfaces_pkg/msg/detail/target_point__builder.hpp
[2.154s] -- Up-to-date symlink: /home/jeff/theimc_robot/install/interfaces_pkg/include/interfaces_pkg/interfaces_pkg/msg/detail/target_point__struct.hpp
[2.155s] -- Up-to-date symlink: /home/jeff/theimc_robot/install/interfaces_pkg/include/interfaces_pkg/interfaces_pkg/msg/detail/target_point__traits.hpp
[2.155s] -- Up-to-date symlink: /home/jeff/theimc_robot/install/interfaces_pkg/include/interfaces_pkg/interfaces_pkg/msg/detail/target_point__type_support.hpp
[2.155s] -- Up-to-date symlink: /home/jeff/theimc_robot/install/interfaces_pkg/include/interfaces_pkg/interfaces_pkg/msg/detail/vector2__builder.hpp
[2.156s] -- Up-to-date symlink: /home/jeff/theimc_robot/install/interfaces_pkg/include/interfaces_pkg/interfaces_pkg/msg/detail/vector2__struct.hpp
[2.156s] -- Up-to-date symlink: /home/jeff/theimc_robot/install/interfaces_pkg/include/interfaces_pkg/interfaces_pkg/msg/detail/vector2__traits.hpp
[2.156s] -- Up-to-date symlink: /home/jeff/theimc_robot/install/interfaces_pkg/include/interfaces_pkg/interfaces_pkg/msg/detail/vector2__type_support.hpp
[2.156s] -- Up-to-date symlink: /home/jeff/theimc_robot/install/interfaces_pkg/include/interfaces_pkg/interfaces_pkg/msg/detection.hpp
[2.157s] -- Up-to-date symlink: /home/jeff/theimc_robot/install/interfaces_pkg/include/interfaces_pkg/interfaces_pkg/msg/detection_array.hpp
[2.157s] -- Up-to-date symlink: /home/jeff/theimc_robot/install/interfaces_pkg/include/interfaces_pkg/interfaces_pkg/msg/key_point2_d.hpp
[2.157s] -- Up-to-date symlink: /home/jeff/theimc_robot/install/interfaces_pkg/include/interfaces_pkg/interfaces_pkg/msg/key_point2_d_array.hpp
[2.158s] -- Up-to-date symlink: /home/jeff/theimc_robot/install/interfaces_pkg/include/interfaces_pkg/interfaces_pkg/msg/key_point3_d.hpp
[2.158s] -- Up-to-date symlink: /home/jeff/theimc_robot/install/interfaces_pkg/include/interfaces_pkg/interfaces_pkg/msg/key_point3_d_array.hpp
[2.158s] -- Up-to-date symlink: /home/jeff/theimc_robot/install/interfaces_pkg/include/interfaces_pkg/interfaces_pkg/msg/lane_info.hpp
[2.158s] -- Up-to-date symlink: /home/jeff/theimc_robot/install/interfaces_pkg/include/interfaces_pkg/interfaces_pkg/msg/mask.hpp
[2.159s] -- Up-to-date symlink: /home/jeff/theimc_robot/install/interfaces_pkg/include/interfaces_pkg/interfaces_pkg/msg/motion_command.hpp
[2.159s] -- Up-to-date symlink: /home/jeff/theimc_robot/install/interfaces_pkg/include/interfaces_pkg/interfaces_pkg/msg/path_planning_result.hpp
[2.159s] -- Up-to-date symlink: /home/jeff/theimc_robot/install/interfaces_pkg/include/interfaces_pkg/interfaces_pkg/msg/point2_d.hpp
[2.160s] -- Up-to-date symlink: /home/jeff/theimc_robot/install/interfaces_pkg/include/interfaces_pkg/interfaces_pkg/msg/pose2_d.hpp
[2.160s] -- Up-to-date symlink: /home/jeff/theimc_robot/install/interfaces_pkg/include/interfaces_pkg/interfaces_pkg/msg/rail_info.hpp
[2.161s] -- Up-to-date symlink: /home/jeff/theimc_robot/install/interfaces_pkg/include/interfaces_pkg/interfaces_pkg/msg/rosidl_generator_cpp__visibility_control.hpp
[2.162s] -- Up-to-date symlink: /home/jeff/theimc_robot/install/interfaces_pkg/include/interfaces_pkg/interfaces_pkg/msg/target_point.hpp
[2.162s] -- Up-to-date symlink: /home/jeff/theimc_robot/install/interfaces_pkg/include/interfaces_pkg/interfaces_pkg/msg/vector2.hpp
[2.162s] -- Up-to-date symlink: /home/jeff/theimc_robot/install/interfaces_pkg/include/interfaces_pkg/interfaces_pkg/action/detail/rail_approach__rosidl_typesupport_fastrtps_cpp.hpp
[2.162s] -- Up-to-date symlink: /home/jeff/theimc_robot/install/interfaces_pkg/include/interfaces_pkg/interfaces_pkg/msg/detail/bounding_box2_d__rosidl_typesupport_fastrtps_cpp.hpp
[2.163s] -- Up-to-date symlink: /home/jeff/theimc_robot/install/interfaces_pkg/include/interfaces_pkg/interfaces_pkg/msg/detail/bounding_box3_d__rosidl_typesupport_fastrtps_cpp.hpp
[2.163s] -- Up-to-date symlink: /home/jeff/theimc_robot/install/interfaces_pkg/include/interfaces_pkg/interfaces_pkg/msg/detail/detection__rosidl_typesupport_fastrtps_cpp.hpp
[2.163s] -- Up-to-date symlink: /home/jeff/theimc_robot/install/interfaces_pkg/include/interfaces_pkg/interfaces_pkg/msg/detail/detection_array__rosidl_typesupport_fastrtps_cpp.hpp
[2.163s] -- Up-to-date symlink: /home/jeff/theimc_robot/install/interfaces_pkg/include/interfaces_pkg/interfaces_pkg/msg/detail/key_point2_d__rosidl_typesupport_fastrtps_cpp.hpp
[2.163s] -- Up-to-date symlink: /home/jeff/theimc_robot/install/interfaces_pkg/include/interfaces_pkg/interfaces_pkg/msg/detail/key_point2_d_array__rosidl_typesupport_fastrtps_cpp.hpp
[2.163s] -- Up-to-date symlink: /home/jeff/theimc_robot/install/interfaces_pkg/include/interfaces_pkg/interfaces_pkg/msg/detail/key_point3_d__rosidl_typesupport_fastrtps_cpp.hpp
[2.164s] -- Up-to-date symlink: /home/jeff/theimc_robot/install/interfaces_pkg/include/interfaces_pkg/interfaces_pkg/msg/detail/key_point3_d_array__rosidl_typesupport_fastrtps_cpp.hpp
[2.164s] -- Up-to-date symlink: /home/jeff/theimc_robot/install/interfaces_pkg/include/interfaces_pkg/interfaces_pkg/msg/detail/lane_info__rosidl_typesupport_fastrtps_cpp.hpp
[2.164s] -- Up-to-date symlink: /home/jeff/theimc_robot/install/interfaces_pkg/include/interfaces_pkg/interfaces_pkg/msg/detail/mask__rosidl_typesupport_fastrtps_cpp.hpp
[2.174s] -- Up-to-date symlink: /home/jeff/theimc_robot/install/interfaces_pkg/include/interfaces_pkg/interfaces_pkg/msg/detail/motion_command__rosidl_typesupport_fastrtps_cpp.hpp
[2.175s] -- Up-to-date symlink: /home/jeff/theimc_robot/install/interfaces_pkg/include/interfaces_pkg/interfaces_pkg/msg/detail/path_planning_result__rosidl_typesupport_fastrtps_cpp.hpp
[2.176s] -- Up-to-date symlink: /home/jeff/theimc_robot/install/interfaces_pkg/include/interfaces_pkg/interfaces_pkg/msg/detail/point2_d__rosidl_typesupport_fastrtps_cpp.hpp
[2.176s] -- Up-to-date symlink: /home/jeff/theimc_robot/install/interfaces_pkg/include/interfaces_pkg/interfaces_pkg/msg/detail/pose2_d__rosidl_typesupport_fastrtps_cpp.hpp
[2.176s] -- Up-to-date symlink: /home/jeff/theimc_robot/install/interfaces_pkg/include/interfaces_pkg/interfaces_pkg/msg/detail/rail_info__rosidl_typesupport_fastrtps_cpp.hpp
[2.176s] -- Up-to-date symlink: /home/jeff/theimc_robot/install/interfaces_pkg/include/interfaces_pkg/interfaces_pkg/msg/detail/target_point__rosidl_typesupport_fastrtps_cpp.hpp
[2.176s] -- Up-to-date symlink: /home/jeff/theimc_robot/install/interfaces_pkg/include/interfaces_pkg/interfaces_pkg/msg/detail/vector2__rosidl_typesupport_fastrtps_cpp.hpp
[2.177s] -- Up-to-date symlink: /home/jeff/theimc_robot/install/interfaces_pkg/include/interfaces_pkg/interfaces_pkg/msg/rosidl_typesupport_fastrtps_cpp__visibility_control.h
[2.177s] -- Up-to-date symlink: /home/jeff/theimc_robot/install/interfaces_pkg/include/interfaces_pkg/interfaces_pkg/action/detail/rail_approach__rosidl_typesupport_introspection_cpp.hpp
[2.177s] -- Up-to-date symlink: /home/jeff/theimc_robot/install/interfaces_pkg/include/interfaces_pkg/interfaces_pkg/msg/detail/bounding_box2_d__rosidl_typesupport_introspection_cpp.hpp
[2.178s] -- Up-to-date symlink: /home/jeff/theimc_robot/install/interfaces_pkg/include/interfaces_pkg/interfaces_pkg/msg/detail/bounding_box3_d__rosidl_typesupport_introspection_cpp.hpp
[2.178s] -- Up-to-date symlink: /home/jeff/theimc_robot/install/interfaces_pkg/include/interfaces_pkg/interfaces_pkg/msg/detail/detection__rosidl_typesupport_introspection_cpp.hpp
[2.178s] -- Up-to-date symlink: /home/jeff/theimc_robot/install/interfaces_pkg/include/interfaces_pkg/interfaces_pkg/msg/detail/detection_array__rosidl_typesupport_introspection_cpp.hpp
[2.178s] -- Up-to-date symlink: /home/jeff/theimc_robot/install/interfaces_pkg/include/interfaces_pkg/interfaces_pkg/msg/detail/key_point2_d__rosidl_typesupport_introspection_cpp.hpp
[2.178s] -- Up-to-date symlink: /home/jeff/theimc_robot/install/interfaces_pkg/include/interfaces_pkg/interfaces_pkg/msg/detail/key_point2_d_array__rosidl_typesupport_introspection_cpp.hpp
[2.178s] -- Up-to-date symlink: /home/jeff/theimc_robot/install/interfaces_pkg/include/interfaces_pkg/interfaces_pkg/msg/detail/key_point3_d__rosidl_typesupport_introspection_cpp.hpp
[2.179s] -- Up-to-date symlink: /home/jeff/theimc_robot/install/interfaces_pkg/include/interfaces_pkg/interfaces_pkg/msg/detail/key_point3_d_array__rosidl_typesupport_introspection_cpp.hpp
[2.179s] -- Up-to-date symlink: /home/jeff/theimc_robot/install/interfaces_pkg/include/interfaces_pkg/interfaces_pkg/msg/detail/lane_info__rosidl_typesupport_introspection_cpp.hpp
[2.179s] -- Up-to-date symlink: /home/jeff/theimc_robot/install/interfaces_pkg/include/interfaces_pkg/interfaces_pkg/msg/detail/mask__rosidl_typesupport_introspection_cpp.hpp
[2.179s] -- Up-to-date symlink: /home/jeff/theimc_robot/install/interfaces_pkg/include/interfaces_pkg/interfaces_pkg/msg/detail/motion_command__rosidl_typesupport_introspection_cpp.hpp
[2.179s] -- Up-to-date symlink: /home/jeff/theimc_robot/install/interfaces_pkg/include/interfaces_pkg/interfaces_pkg/msg/detail/path_planning_result__rosidl_typesupport_introspection_cpp.hpp
[2.180s] -- Up-to-date symlink: /home/jeff/theimc_robot/install/interfaces_pkg/include/interfaces_pkg/interfaces_pkg/msg/detail/point2_d__rosidl_typesupport_introspection_cpp.hpp
[2.180s] -- Up-to-date symlink: /home/jeff/theimc_robot/install/interfaces_pkg/include/interfaces_pkg/interfaces_pkg/msg/detail/pose2_d__rosidl_typesupport_introspection_cpp.hpp
[2.180s] -- Up-to-date symlink: /home/jeff/theimc_robot/install/interfaces_pkg/include/interfaces_pkg/interfaces_pkg/msg/detail/rail_info__rosidl_typesupport_introspection_cpp.hpp
[2.180s] -- Up-to-date symlink: /home/jeff/theimc_robot/install/interfaces_pkg/include/interfaces_pkg/interfaces_pkg/msg/detail/target_point__rosidl_typesupport_introspection_cpp.hpp
[2.180s] -- Up-to-date symlink: /home/jeff/theimc_robot/install/interfaces_pkg/include/interfaces_pkg/interfaces_pkg/msg/detail/vector2__rosidl_typesupport_introspection_cpp.hpp
[2.181s] -- Up-to-date symlink: /home/jeff/theimc_robot/install/interfaces_pkg/share/interfaces_pkg/environment/pythonpath.sh
[2.181s] -- Up-to-date symlink: /home/jeff/theimc_robot/install/interfaces_pkg/share/interfaces_pkg/environment/pythonpath.dsv
[2.181s] -- Up-to-date symlink: /home/jeff/theimc_robot/install/interfaces_pkg/local/lib/python3.10/dist-packages/interfaces_pkg-0.0.0-py3.10.egg-info/PKG-INFO
[2.181s] -- Up-to-date symlink: /home/jeff/theimc_robot/install/interfaces_pkg/local/lib/python3.10/dist-packages/interfaces_pkg-0.0.0-py3.10.egg-info/SOURCES.txt
[2.181s] -- Up-to-date symlink: /home/jeff/theimc_robot/install/interfaces_pkg/local/lib/python3.10/dist-packages/interfaces_pkg-0.0.0-py3.10.egg-info/dependency_links.txt
[2.181s] -- Up-to-date symlink: /home/jeff/theimc_robot/install/interfaces_pkg/local/lib/python3.10/dist-packages/interfaces_pkg-0.0.0-py3.10.egg-info/top_level.txt
[2.182s] -- Up-to-date symlink: /home/jeff/theimc_robot/install/interfaces_pkg/local/lib/python3.10/dist-packages/interfaces_pkg/__init__.py
[2.182s] -- Up-to-date symlink: /home/jeff/theimc_robot/install/interfaces_pkg/local/lib/python3.10/dist-packages/interfaces_pkg/_interfaces_pkg_s.ep.rosidl_typesupport_c.c
[2.182s] -- Up-to-date symlink: /home/jeff/theimc_robot/install/interfaces_pkg/local/lib/python3.10/dist-packages/interfaces_pkg/_interfaces_pkg_s.ep.rosidl_typesupport_fastrtps_c.c
[2.182s] -- Up-to-date symlink: /home/jeff/theimc_robot/install/interfaces_pkg/local/lib/python3.10/dist-packages/interfaces_pkg/_interfaces_pkg_s.ep.rosidl_typesupport_introspection_c.c
[2.182s] -- Up-to-date symlink: /home/jeff/theimc_robot/install/interfaces_pkg/local/lib/python3.10/dist-packages/interfaces_pkg/action/__init__.py
[2.183s] -- Up-to-date symlink: /home/jeff/theimc_robot/install/interfaces_pkg/local/lib/python3.10/dist-packages/interfaces_pkg/action/_rail_approach.py
[2.183s] -- Up-to-date symlink: /home/jeff/theimc_robot/install/interfaces_pkg/local/lib/python3.10/dist-packages/interfaces_pkg/action/_rail_approach_s.c
[2.183s] -- Up-to-date symlink: /home/jeff/theimc_robot/install/interfaces_pkg/local/lib/python3.10/dist-packages/interfaces_pkg/interfaces_pkg_s__rosidl_typesupport_c.cpython-310-aarch64-linux-gnu.so
[2.183s] -- Up-to-date symlink: /home/jeff/theimc_robot/install/interfaces_pkg/local/lib/python3.10/dist-packages/interfaces_pkg/interfaces_pkg_s__rosidl_typesupport_fastrtps_c.cpython-310-aarch64-linux-gnu.so
[2.183s] -- Up-to-date symlink: /home/jeff/theimc_robot/install/interfaces_pkg/local/lib/python3.10/dist-packages/interfaces_pkg/interfaces_pkg_s__rosidl_typesupport_introspection_c.cpython-310-aarch64-linux-gnu.so
[2.183s] -- Up-to-date symlink: /home/jeff/theimc_robot/install/interfaces_pkg/local/lib/python3.10/dist-packages/interfaces_pkg/libinterfaces_pkg__rosidl_generator_py.so
[2.184s] -- Up-to-date symlink: /home/jeff/theimc_robot/install/interfaces_pkg/local/lib/python3.10/dist-packages/interfaces_pkg/msg/__init__.py
[2.184s] -- Up-to-date symlink: /home/jeff/theimc_robot/install/interfaces_pkg/local/lib/python3.10/dist-packages/interfaces_pkg/msg/_bounding_box2_d.py
[2.184s] -- Up-to-date symlink: /home/jeff/theimc_robot/install/interfaces_pkg/local/lib/python3.10/dist-packages/interfaces_pkg/msg/_bounding_box2_d_s.c
[2.194s] -- Up-to-date symlink: /home/jeff/theimc_robot/install/interfaces_pkg/local/lib/python3.10/dist-packages/interfaces_pkg/msg/_bounding_box3_d.py
[2.195s] -- Up-to-date symlink: /home/jeff/theimc_robot/install/interfaces_pkg/local/lib/python3.10/dist-packages/interfaces_pkg/msg/_bounding_box3_d_s.c
[2.196s] -- Up-to-date symlink: /home/jeff/theimc_robot/install/interfaces_pkg/local/lib/python3.10/dist-packages/interfaces_pkg/msg/_detection.py
[2.197s] -- Up-to-date symlink: /home/jeff/theimc_robot/install/interfaces_pkg/local/lib/python3.10/dist-packages/interfaces_pkg/msg/_detection_array.py
[2.197s] -- Up-to-date symlink: /home/jeff/theimc_robot/install/interfaces_pkg/local/lib/python3.10/dist-packages/interfaces_pkg/msg/_detection_array_s.c
[2.198s] -- Up-to-date symlink: /home/jeff/theimc_robot/install/interfaces_pkg/local/lib/python3.10/dist-packages/interfaces_pkg/msg/_detection_s.c
[2.199s] -- Up-to-date symlink: /home/jeff/theimc_robot/install/interfaces_pkg/local/lib/python3.10/dist-packages/interfaces_pkg/msg/_key_point2_d.py
[2.199s] -- Up-to-date symlink: /home/jeff/theimc_robot/install/interfaces_pkg/local/lib/python3.10/dist-packages/interfaces_pkg/msg/_key_point2_d_array.py
[2.200s] -- Up-to-date symlink: /home/jeff/theimc_robot/install/interfaces_pkg/local/lib/python3.10/dist-packages/interfaces_pkg/msg/_key_point2_d_array_s.c
[2.201s] -- Up-to-date symlink: /home/jeff/theimc_robot/install/interfaces_pkg/local/lib/python3.10/dist-packages/interfaces_pkg/msg/_key_point2_d_s.c
[2.202s] -- Up-to-date symlink: /home/jeff/theimc_robot/install/interfaces_pkg/local/lib/python3.10/dist-packages/interfaces_pkg/msg/_key_point3_d.py
[2.203s] -- Up-to-date symlink: /home/jeff/theimc_robot/install/interfaces_pkg/local/lib/python3.10/dist-packages/interfaces_pkg/msg/_key_point3_d_array.py
[2.204s] -- Up-to-date symlink: /home/jeff/theimc_robot/install/interfaces_pkg/local/lib/python3.10/dist-packages/interfaces_pkg/msg/_key_point3_d_array_s.c
[2.206s] -- Up-to-date symlink: /home/jeff/theimc_robot/install/interfaces_pkg/local/lib/python3.10/dist-packages/interfaces_pkg/msg/_key_point3_d_s.c
[2.208s] -- Up-to-date symlink: /home/jeff/theimc_robot/install/interfaces_pkg/local/lib/python3.10/dist-packages/interfaces_pkg/msg/_lane_info.py
[2.210s] -- Up-to-date symlink: /home/jeff/theimc_robot/install/interfaces_pkg/local/lib/python3.10/dist-packages/interfaces_pkg/msg/_lane_info_s.c
[2.210s] -- Up-to-date symlink: /home/jeff/theimc_robot/install/interfaces_pkg/local/lib/python3.10/dist-packages/interfaces_pkg/msg/_mask.py
[2.212s] -- Up-to-date symlink: /home/jeff/theimc_robot/install/interfaces_pkg/local/lib/python3.10/dist-packages/interfaces_pkg/msg/_mask_s.c
[2.212s] -- Up-to-date symlink: /home/jeff/theimc_robot/install/interfaces_pkg/local/lib/python3.10/dist-packages/interfaces_pkg/msg/_motion_command.py
[2.213s] -- Up-to-date symlink: /home/jeff/theimc_robot/install/interfaces_pkg/local/lib/python3.10/dist-packages/interfaces_pkg/msg/_motion_command_s.c
[2.213s] -- Up-to-date symlink: /home/jeff/theimc_robot/install/interfaces_pkg/local/lib/python3.10/dist-packages/interfaces_pkg/msg/_path_planning_result.py
[2.214s] -- Up-to-date symlink: /home/jeff/theimc_robot/install/interfaces_pkg/local/lib/python3.10/dist-packages/interfaces_pkg/msg/_path_planning_result_s.c
[2.214s] -- Up-to-date symlink: /home/jeff/theimc_robot/install/interfaces_pkg/local/lib/python3.10/dist-packages/interfaces_pkg/msg/_point2_d.py
[2.215s] -- Up-to-date symlink: /home/jeff/theimc_robot/install/interfaces_pkg/local/lib/python3.10/dist-packages/interfaces_pkg/msg/_point2_d_s.c
[2.216s] -- Up-to-date symlink: /home/jeff/theimc_robot/install/interfaces_pkg/local/lib/python3.10/dist-packages/interfaces_pkg/msg/_pose2_d.py
[2.216s] -- Up-to-date symlink: /home/jeff/theimc_robot/install/interfaces_pkg/local/lib/python3.10/dist-packages/interfaces_pkg/msg/_pose2_d_s.c
[2.217s] -- Up-to-date symlink: /home/jeff/theimc_robot/install/interfaces_pkg/local/lib/python3.10/dist-packages/interfaces_pkg/msg/_rail_info.py
[2.218s] -- Up-to-date symlink: /home/jeff/theimc_robot/install/interfaces_pkg/local/lib/python3.10/dist-packages/interfaces_pkg/msg/_rail_info_s.c
[2.218s] -- Up-to-date symlink: /home/jeff/theimc_robot/install/interfaces_pkg/local/lib/python3.10/dist-packages/interfaces_pkg/msg/_target_point.py
[2.219s] -- Up-to-date symlink: /home/jeff/theimc_robot/install/interfaces_pkg/local/lib/python3.10/dist-packages/interfaces_pkg/msg/_target_point_s.c
[2.225s] -- Up-to-date symlink: /home/jeff/theimc_robot/install/interfaces_pkg/local/lib/python3.10/dist-packages/interfaces_pkg/msg/_vector2.py
[2.226s] -- Up-to-date symlink: /home/jeff/theimc_robot/install/interfaces_pkg/local/lib/python3.10/dist-packages/interfaces_pkg/msg/_vector2_s.c
[2.228s] -- Up-to-date symlink: /home/jeff/theimc_robot/install/interfaces_pkg/local/lib/python3.10/dist-packages/interfaces_pkg/interfaces_pkg_s__rosidl_typesupport_fastrtps_c.cpython-310-aarch64-linux-gnu.so
[2.229s] -- Up-to-date symlink: /home/jeff/theimc_robot/install/interfaces_pkg/local/lib/python3.10/dist-packages/interfaces_pkg/interfaces_pkg_s__rosidl_typesupport_introspection_c.cpython-310-aarch64-linux-gnu.so
[2.230s] -- Up-to-date symlink: /home/jeff/theimc_robot/install/interfaces_pkg/local/lib/python3.10/dist-packages/interfaces_pkg/interfaces_pkg_s__rosidl_typesupport_c.cpython-310-aarch64-linux-gnu.so
[2.231s] -- Up-to-date symlink: /home/jeff/theimc_robot/install/interfaces_pkg/share/ament_index/resource_index/rust_packages/interfaces_pkg
[2.231s] -- Up-to-date symlink: /home/jeff/theimc_robot/install/interfaces_pkg/share/interfaces_pkg/rust/Cargo.toml
[2.232s] -- Up-to-date symlink: /home/jeff/theimc_robot/install/interfaces_pkg/share/interfaces_pkg/rust/build.rs
[2.232s] -- Up-to-date symlink: /home/jeff/theimc_robot/install/interfaces_pkg/share/interfaces_pkg/rust/src/action.rs
[2.233s] -- Up-to-date symlink: /home/jeff/theimc_robot/install/interfaces_pkg/share/interfaces_pkg/rust/src/action/rmw.rs
[2.234s] -- Up-to-date symlink: /home/jeff/theimc_robot/install/interfaces_pkg/share/interfaces_pkg/rust/src/lib.rs
[2.235s] -- Up-to-date symlink: /home/jeff/theimc_robot/install/interfaces_pkg/share/interfaces_pkg/rust/src/msg.rs
[2.236s] -- Up-to-date symlink: /home/jeff/theimc_robot/install/interfaces_pkg/share/interfaces_pkg/rust/src/msg/rmw.rs
[2.236s] -- Up-to-date symlink: /home/jeff/theimc_robot/install/interfaces_pkg/share/interfaces_pkg/msg/Point2D.idl
[2.237s] -- Up-to-date symlink: /home/jeff/theimc_robot/install/interfaces_pkg/share/interfaces_pkg/msg/Vector2.idl
[2.237s] -- Up-to-date symlink: /home/jeff/theimc_robot/install/interfaces_pkg/share/interfaces_pkg/msg/Pose2D.idl
[2.238s] -- Up-to-date symlink: /home/jeff/theimc_robot/install/interfaces_pkg/share/interfaces_pkg/msg/BoundingBox2D.idl
[2.238s] -- Up-to-date symlink: /home/jeff/theimc_robot/install/interfaces_pkg/share/interfaces_pkg/msg/BoundingBox3D.idl
[2.239s] -- Up-to-date symlink: /home/jeff/theimc_robot/install/interfaces_pkg/share/interfaces_pkg/msg/Mask.idl
[2.240s] -- Up-to-date symlink: /home/jeff/theimc_robot/install/interfaces_pkg/share/interfaces_pkg/msg/KeyPoint2D.idl
[2.240s] -- Up-to-date symlink: /home/jeff/theimc_robot/install/interfaces_pkg/share/interfaces_pkg/msg/KeyPoint2DArray.idl
[2.241s] -- Up-to-date symlink: /home/jeff/theimc_robot/install/interfaces_pkg/share/interfaces_pkg/msg/KeyPoint3D.idl
[2.241s] -- Up-to-date symlink: /home/jeff/theimc_robot/install/interfaces_pkg/share/interfaces_pkg/msg/KeyPoint3DArray.idl
[2.242s] -- Up-to-date symlink: /home/jeff/theimc_robot/install/interfaces_pkg/share/interfaces_pkg/msg/Detection.idl
[2.243s] -- Up-to-date symlink: /home/jeff/theimc_robot/install/interfaces_pkg/share/interfaces_pkg/msg/DetectionArray.idl
[2.244s] -- Up-to-date symlink: /home/jeff/theimc_robot/install/interfaces_pkg/share/interfaces_pkg/msg/LaneInfo.idl
[2.244s] -- Up-to-date symlink: /home/jeff/theimc_robot/install/interfaces_pkg/share/interfaces_pkg/msg/RailInfo.idl
[2.245s] -- Up-to-date symlink: /home/jeff/theimc_robot/install/interfaces_pkg/share/interfaces_pkg/msg/MotionCommand.idl
[2.246s] -- Up-to-date symlink: /home/jeff/theimc_robot/install/interfaces_pkg/share/interfaces_pkg/msg/TargetPoint.idl
[2.246s] -- Up-to-date symlink: /home/jeff/theimc_robot/install/interfaces_pkg/share/interfaces_pkg/msg/PathPlanningResult.idl
[2.247s] -- Up-to-date symlink: /home/jeff/theimc_robot/install/interfaces_pkg/share/interfaces_pkg/action/RailApproach.idl
[2.247s] -- Up-to-date symlink: /home/jeff/theimc_robot/install/interfaces_pkg/share/interfaces_pkg/msg/Point2D.msg
[2.248s] -- Up-to-date symlink: /home/jeff/theimc_robot/install/interfaces_pkg/share/interfaces_pkg/msg/Vector2.msg
[2.248s] -- Up-to-date symlink: /home/jeff/theimc_robot/install/interfaces_pkg/share/interfaces_pkg/msg/Pose2D.msg
[2.249s] -- Up-to-date symlink: /home/jeff/theimc_robot/install/interfaces_pkg/share/interfaces_pkg/msg/BoundingBox2D.msg
[2.250s] -- Up-to-date symlink: /home/jeff/theimc_robot/install/interfaces_pkg/share/interfaces_pkg/msg/BoundingBox3D.msg
[2.250s] -- Up-to-date symlink: /home/jeff/theimc_robot/install/interfaces_pkg/share/interfaces_pkg/msg/Mask.msg
[2.251s] -- Up-to-date symlink: /home/jeff/theimc_robot/install/interfaces_pkg/share/interfaces_pkg/msg/KeyPoint2D.msg
[2.251s] -- Up-to-date symlink: /home/jeff/theimc_robot/install/interfaces_pkg/share/interfaces_pkg/msg/KeyPoint2DArray.msg
[2.252s] -- Up-to-date symlink: /home/jeff/theimc_robot/install/interfaces_pkg/share/interfaces_pkg/msg/KeyPoint3D.msg
[2.252s] -- Up-to-date symlink: /home/jeff/theimc_robot/install/interfaces_pkg/share/interfaces_pkg/msg/KeyPoint3DArray.msg
[2.253s] -- Up-to-date symlink: /home/jeff/theimc_robot/install/interfaces_pkg/share/interfaces_pkg/msg/Detection.msg
[2.254s] -- Up-to-date symlink: /home/jeff/theimc_robot/install/interfaces_pkg/share/interfaces_pkg/msg/DetectionArray.msg
[2.254s] -- Up-to-date symlink: /home/jeff/theimc_robot/install/interfaces_pkg/share/interfaces_pkg/msg/LaneInfo.msg
[2.255s] -- Up-to-date symlink: /home/jeff/theimc_robot/install/interfaces_pkg/share/interfaces_pkg/msg/RailInfo.msg
[2.255s] -- Up-to-date symlink: /home/jeff/theimc_robot/install/interfaces_pkg/share/interfaces_pkg/msg/MotionCommand.msg
[2.256s] -- Up-to-date symlink: /home/jeff/theimc_robot/install/interfaces_pkg/share/interfaces_pkg/msg/TargetPoint.msg
[2.256s] -- Up-to-date symlink: /home/jeff/theimc_robot/install/interfaces_pkg/share/interfaces_pkg/msg/PathPlanningResult.msg
[2.257s] -- Up-to-date symlink: /home/jeff/theimc_robot/install/interfaces_pkg/share/interfaces_pkg/action/RailApproach.action
[2.258s] -- Up-to-date symlink: /home/jeff/theimc_robot/install/interfaces_pkg/share/ament_index/resource_index/package_run_dependencies/interfaces_pkg
[2.258s] -- Up-to-date symlink: /home/jeff/theimc_robot/install/interfaces_pkg/share/ament_index/resource_index/parent_prefix_path/interfaces_pkg
[2.259s] -- Up-to-date symlink: /home/jeff/theimc_robot/install/interfaces_pkg/share/interfaces_pkg/environment/ament_prefix_path.sh
[2.259s] -- Up-to-date symlink: /home/jeff/theimc_robot/install/interfaces_pkg/share/interfaces_pkg/environment/ament_prefix_path.dsv
[2.260s] -- Up-to-date symlink: /home/jeff/theimc_robot/install/interfaces_pkg/share/interfaces_pkg/environment/path.sh
[2.261s] -- Up-to-date symlink: /home/jeff/theimc_robot/install/interfaces_pkg/share/interfaces_pkg/environment/path.dsv
[2.262s] -- Up-to-date symlink: /home/jeff/theimc_robot/install/interfaces_pkg/share/interfaces_pkg/local_setup.bash
[2.264s] -- Up-to-date symlink: /home/jeff/theimc_robot/install/interfaces_pkg/share/interfaces_pkg/local_setup.sh
[2.265s] -- Up-to-date symlink: /home/jeff/theimc_robot/install/interfaces_pkg/share/interfaces_pkg/local_setup.zsh
[2.265s] -- Up-to-date symlink: /home/jeff/theimc_robot/install/interfaces_pkg/share/interfaces_pkg/local_setup.dsv
[2.266s] -- Symlinking: /home/jeff/theimc_robot/install/interfaces_pkg/share/interfaces_pkg/package.dsv
[2.267s] -- Up-to-date symlink: /home/jeff/theimc_robot/install/interfaces_pkg/share/ament_index/resource_index/packages/interfaces_pkg
[2.267s] -- Up-to-date symlink: /home/jeff/theimc_robot/install/interfaces_pkg/share/interfaces_pkg/cmake/rosidl_cmake-extras.cmake
[2.268s] -- Up-to-date symlink: /home/jeff/theimc_robot/install/interfaces_pkg/share/interfaces_pkg/cmake/ament_cmake_export_dependencies-extras.cmake
[2.268s] -- Up-to-date symlink: /home/jeff/theimc_robot/install/interfaces_pkg/share/interfaces_pkg/cmake/ament_cmake_export_include_directories-extras.cmake
[2.269s] -- Up-to-date symlink: /home/jeff/theimc_robot/install/interfaces_pkg/share/interfaces_pkg/cmake/ament_cmake_export_libraries-extras.cmake
[2.270s] -- Up-to-date symlink: /home/jeff/theimc_robot/install/interfaces_pkg/share/interfaces_pkg/cmake/ament_cmake_export_targets-extras.cmake
[2.270s] -- Up-to-date symlink: /home/jeff/theimc_robot/install/interfaces_pkg/share/interfaces_pkg/cmake/rosidl_cmake_export_typesupport_targets-extras.cmake
[2.271s] -- Up-to-date symlink: /home/jeff/theimc_robot/install/interfaces_pkg/share/interfaces_pkg/cmake/rosidl_cmake_export_typesupport_libraries-extras.cmake
[2.271s] -- Up-to-date symlink: /home/jeff/theimc_robot/install/interfaces_pkg/share/interfaces_pkg/cmake/interfaces_pkgConfig.cmake
[2.272s] -- Up-to-date symlink: /home/jeff/theimc_robot/install/interfaces_pkg/share/interfaces_pkg/cmake/interfaces_pkgConfig-version.cmake
[2.273s] -- Up-to-date symlink: /home/jeff/theimc_robot/install/interfaces_pkg/share/interfaces_pkg/package.xml
[2.273s] -- Up-to-date: /home/jeff/theimc_robot/install/interfaces_pkg/lib/libinterfaces_pkg__rosidl_generator_c.so
[2.274s] -- Up-to-date: /home/jeff/theimc_robot/install/interfaces_pkg/lib/libinterfaces_pkg__rosidl_typesupport_fastrtps_c.so
[2.275s] -- Up-to-date: /home/jeff/theimc_robot/install/interfaces_pkg/lib/libinterfaces_pkg__rosidl_typesupport_introspection_c.so
[2.275s] -- Up-to-date: /home/jeff/theimc_robot/install/interfaces_pkg/lib/libinterfaces_pkg__rosidl_typesupport_c.so
[2.276s] -- Up-to-date: /home/jeff/theimc_robot/install/interfaces_pkg/lib/libinterfaces_pkg__rosidl_typesupport_fastrtps_cpp.so
[2.276s] -- Up-to-date: /home/jeff/theimc_robot/install/interfaces_pkg/lib/libinterfaces_pkg__rosidl_typesupport_introspection_cpp.so
[2.277s] -- Up-to-date: /home/jeff/theimc_robot/install/interfaces_pkg/lib/libinterfaces_pkg__rosidl_typesupport_cpp.so
[2.281s] Listing '/home/jeff/theimc_robot/install/interfaces_pkg/local/lib/python3.10/dist-packages/interfaces_pkg'...
[2.282s] Listing '/home/jeff/theimc_robot/install/interfaces_pkg/local/lib/python3.10/dist-packages/interfaces_pkg/action'...
[2.283s] Listing '/home/jeff/theimc_robot/install/interfaces_pkg/local/lib/python3.10/dist-packages/interfaces_pkg/msg'...
[2.283s] -- Up-to-date: /home/jeff/theimc_robot/install/interfaces_pkg/lib/libinterfaces_pkg__rosidl_generator_py.so
[2.284s] -- Up-to-date: /home/jeff/theimc_robot/install/interfaces_pkg/share/interfaces_pkg/cmake/export_interfaces_pkg__rosidl_generator_cExport.cmake
[2.285s] -- Up-to-date: /home/jeff/theimc_robot/install/interfaces_pkg/share/interfaces_pkg/cmake/export_interfaces_pkg__rosidl_generator_cExport-noconfig.cmake
[2.285s] -- Up-to-date: /home/jeff/theimc_robot/install/interfaces_pkg/share/interfaces_pkg/cmake/export_interfaces_pkg__rosidl_typesupport_fastrtps_cExport.cmake
[2.286s] -- Up-to-date: /home/jeff/theimc_robot/install/interfaces_pkg/share/interfaces_pkg/cmake/export_interfaces_pkg__rosidl_typesupport_fastrtps_cExport-noconfig.cmake
[2.286s] -- Up-to-date: /home/jeff/theimc_robot/install/interfaces_pkg/share/interfaces_pkg/cmake/interfaces_pkg__rosidl_typesupport_introspection_cExport.cmake
[2.287s] -- Up-to-date: /home/jeff/theimc_robot/install/interfaces_pkg/share/interfaces_pkg/cmake/interfaces_pkg__rosidl_typesupport_introspection_cExport-noconfig.cmake
[2.287s] -- Up-to-date: /home/jeff/theimc_robot/install/interfaces_pkg/share/interfaces_pkg/cmake/interfaces_pkg__rosidl_typesupport_cExport.cmake
[2.288s] -- Up-to-date: /home/jeff/theimc_robot/install/interfaces_pkg/share/interfaces_pkg/cmake/interfaces_pkg__rosidl_typesupport_cExport-noconfig.cmake
[2.288s] -- Up-to-date: /home/jeff/theimc_robot/install/interfaces_pkg/share/interfaces_pkg/cmake/export_interfaces_pkg__rosidl_generator_cppExport.cmake
[2.289s] -- Up-to-date: /home/jeff/theimc_robot/install/interfaces_pkg/share/interfaces_pkg/cmake/export_interfaces_pkg__rosidl_typesupport_fastrtps_cppExport.cmake
[2.290s] -- Up-to-date: /home/jeff/theimc_robot/install/interfaces_pkg/share/interfaces_pkg/cmake/export_interfaces_pkg__rosidl_typesupport_fastrtps_cppExport-noconfig.cmake
[2.292s] -- Up-to-date: /home/jeff/theimc_robot/install/interfaces_pkg/share/interfaces_pkg/cmake/interfaces_pkg__rosidl_typesupport_introspection_cppExport.cmake
[2.293s] -- Up-to-date: /home/jeff/theimc_robot/install/interfaces_pkg/share/interfaces_pkg/cmake/interfaces_pkg__rosidl_typesupport_introspection_cppExport-noconfig.cmake
[2.293s] -- Up-to-date: /home/jeff/theimc_robot/install/interfaces_pkg/share/interfaces_pkg/cmake/interfaces_pkg__rosidl_typesupport_cppExport.cmake
[2.294s] -- Up-to-date: /home/jeff/theimc_robot/install/interfaces_pkg/share/interfaces_pkg/cmake/interfaces_pkg__rosidl_typesupport_cppExport-noconfig.cmake
[2.295s] -- Up-to-date: /home/jeff/theimc_robot/install/interfaces_pkg/share/interfaces_pkg/cmake/export_interfaces_pkg__rosidl_generator_pyExport.cmake
[2.295s] -- Up-to-date: /home/jeff/theimc_robot/install/interfaces_pkg/share/interfaces_pkg/cmake/export_interfaces_pkg__rosidl_generator_pyExport-noconfig.cmake
[2.883s] Invoked command in '/home/jeff/theimc_robot/build/interfaces_pkg' returned '0': CMAKE_PREFIX_PATH=${CMAKE_PREFIX_PATH}:/home/jeff/theimc_robot/install/theimc_teleop:/home/jeff/theimc_robot/install/theimc_bringup:/home/jeff/theimc_robot/install/localizer_server:/home/jeff/theimc_robot/install/decision_making_pkg:/home/jeff/theimc_robot/install/debug_pkg:/home/jeff/theimc_robot/install/camera_perception_pkg:/opt/ros/humble /usr/bin/cmake --install /home/jeff/theimc_robot/build/interfaces_pkg
