running egg_info
writing ../../build/theimc_bringup/theimc_bringup.egg-info/PKG-INFO
writing dependency_links to ../../build/theimc_bringup/theimc_bringup.egg-info/dependency_links.txt
writing entry points to ../../build/theimc_bringup/theimc_bringup.egg-info/entry_points.txt
writing requirements to ../../build/theimc_bringup/theimc_bringup.egg-info/requires.txt
writing top-level names to ../../build/theimc_bringup/theimc_bringup.egg-info/top_level.txt
reading manifest file '../../build/theimc_bringup/theimc_bringup.egg-info/SOURCES.txt'
writing manifest file '../../build/theimc_bringup/theimc_bringup.egg-info/SOURCES.txt'
running build
running build_py
running install
running install_lib
running install_data
copying launch/theimc_bringup.launch.py -> /home/jeff/theimc_robot/install/theimc_bringup/share/theimc_bringup/launch
running install_egg_info
removing '/home/jeff/theimc_robot/install/theimc_bringup/lib/python3.10/site-packages/theimc_bringup-7.0.0-py3.10.egg-info' (and everything under it)
Copying ../../build/theimc_bringup/theimc_bringup.egg-info to /home/jeff/theimc_robot/install/theimc_bringup/lib/python3.10/site-packages/theimc_bringup-7.0.0-py3.10.egg-info
running install_scripts
Installing bringup_node script to /home/jeff/theimc_robot/install/theimc_bringup/lib/theimc_bringup
Installing isaac_vslam_odom_adapter_node script to /home/jeff/theimc_robot/install/theimc_bringup/lib/theimc_bringup
Installing last_pose_manager_node script to /home/jeff/theimc_robot/install/theimc_bringup/lib/theimc_bringup
Installing robot_agent_node script to /home/jeff/theimc_robot/install/theimc_bringup/lib/theimc_bringup
writing list of installed files to '/home/jeff/theimc_robot/build/theimc_bringup/install.log'
