[1.445s] Invoking command in '/home/jeff/theimc_robot/src/theimc_bringup': PYTHONPATH=/home/jeff/theimc_robot/build/theimc_bringup/prefix_override:/usr/lib/python3/dist-packages/colcon_core/task/python/colcon_distutils_commands:/home/jeff/theimc_robot/install/theimc_bringup/lib/python3.10/site-packages:${PYTHONPATH} /usr/bin/python3 -W ignore:setup.py install is deprecated -W ignore:easy_install command is deprecated setup.py egg_info --egg-base ../../build/theimc_bringup build --build-base /home/jeff/theimc_robot/build/theimc_bringup/build install --record /home/jeff/theimc_robot/build/theimc_bringup/install.log --single-version-externally-managed install_data
[1.992s] running egg_info
[1.993s] writing ../../build/theimc_bringup/theimc_bringup.egg-info/PKG-INFO
[1.994s] writing dependency_links to ../../build/theimc_bringup/theimc_bringup.egg-info/dependency_links.txt
[1.995s] writing entry points to ../../build/theimc_bringup/theimc_bringup.egg-info/entry_points.txt
[1.995s] writing requirements to ../../build/theimc_bringup/theimc_bringup.egg-info/requires.txt
[1.996s] writing top-level names to ../../build/theimc_bringup/theimc_bringup.egg-info/top_level.txt
[1.999s] reading manifest file '../../build/theimc_bringup/theimc_bringup.egg-info/SOURCES.txt'
[2.001s] writing manifest file '../../build/theimc_bringup/theimc_bringup.egg-info/SOURCES.txt'
[2.001s] running build
[2.001s] running build_py
[2.002s] running install
[2.002s] running install_lib
[2.005s] running install_data
[2.006s] copying launch/theimc_bringup.launch.py -> /home/jeff/theimc_robot/install/theimc_bringup/share/theimc_bringup/launch
[2.006s] running install_egg_info
[2.015s] removing '/home/jeff/theimc_robot/install/theimc_bringup/lib/python3.10/site-packages/theimc_bringup-7.0.0-py3.10.egg-info' (and everything under it)
[2.016s] Copying ../../build/theimc_bringup/theimc_bringup.egg-info to /home/jeff/theimc_robot/install/theimc_bringup/lib/python3.10/site-packages/theimc_bringup-7.0.0-py3.10.egg-info
[2.017s] running install_scripts
[2.059s] Installing bringup_node script to /home/jeff/theimc_robot/install/theimc_bringup/lib/theimc_bringup
[2.060s] Installing isaac_vslam_odom_adapter_node script to /home/jeff/theimc_robot/install/theimc_bringup/lib/theimc_bringup
[2.060s] Installing last_pose_manager_node script to /home/jeff/theimc_robot/install/theimc_bringup/lib/theimc_bringup
[2.060s] Installing robot_agent_node script to /home/jeff/theimc_robot/install/theimc_bringup/lib/theimc_bringup
[2.061s] writing list of installed files to '/home/jeff/theimc_robot/build/theimc_bringup/install.log'
[2.126s] Invoked command in '/home/jeff/theimc_robot/src/theimc_bringup' returned '0': PYTHONPATH=/home/jeff/theimc_robot/build/theimc_bringup/prefix_override:/usr/lib/python3/dist-packages/colcon_core/task/python/colcon_distutils_commands:/home/jeff/theimc_robot/install/theimc_bringup/lib/python3.10/site-packages:${PYTHONPATH} /usr/bin/python3 -W ignore:setup.py install is deprecated -W ignore:easy_install command is deprecated setup.py egg_info --egg-base ../../build/theimc_bringup build --build-base /home/jeff/theimc_robot/build/theimc_bringup/build install --record /home/jeff/theimc_robot/build/theimc_bringup/install.log --single-version-externally-managed install_data
