[1.480s] Invoking command in '/home/jeff/theimc_robot/build/theimc_bringup': PYTHONPATH=/home/jeff/theimc_robot/build/theimc_bringup/prefix_override:/usr/lib/python3/dist-packages/colcon_core/task/python/colcon_distutils_commands:/home/jeff/theimc_robot/install/theimc_bringup/lib/python3.10/site-packages:${PYTHONPATH} /usr/bin/python3 -W ignore:setup.py install is deprecated -W ignore:easy_install command is deprecated setup.py develop --uninstall --editable --build-directory /home/jeff/theimc_robot/build/theimc_bringup/build
[2.068s] running develop
[2.469s] Removing /home/jeff/theimc_robot/install/theimc_bringup/lib/python3.10/site-packages/theimc-bringup.egg-link (link to .)
[2.545s] Invoked command in '/home/jeff/theimc_robot/build/theimc_bringup' returned '0': PYTHONPATH=/home/jeff/theimc_robot/build/theimc_bringup/prefix_override:/usr/lib/python3/dist-packages/colcon_core/task/python/colcon_distutils_commands:/home/jeff/theimc_robot/install/theimc_bringup/lib/python3.10/site-packages:${PYTHONPATH} /usr/bin/python3 -W ignore:setup.py install is deprecated -W ignore:easy_install command is deprecated setup.py develop --uninstall --editable --build-directory /home/jeff/theimc_robot/build/theimc_bringup/build
[2.549s] Invoking command in '/home/jeff/theimc_robot/src/theimc_bringup': PYTHONPATH=/home/jeff/theimc_robot/build/theimc_bringup/prefix_override:/usr/lib/python3/dist-packages/colcon_core/task/python/colcon_distutils_commands:/home/jeff/theimc_robot/install/theimc_bringup/lib/python3.10/site-packages:${PYTHONPATH} /usr/bin/python3 -W ignore:setup.py install is deprecated -W ignore:easy_install command is deprecated setup.py egg_info --egg-base ../../build/theimc_bringup build --build-base /home/jeff/theimc_robot/build/theimc_bringup/build install --record /home/jeff/theimc_robot/build/theimc_bringup/install.log --single-version-externally-managed install_data --force
[3.097s] running egg_info
[3.098s] writing ../../build/theimc_bringup/theimc_bringup.egg-info/PKG-INFO
[3.099s] writing dependency_links to ../../build/theimc_bringup/theimc_bringup.egg-info/dependency_links.txt
[3.099s] writing entry points to ../../build/theimc_bringup/theimc_bringup.egg-info/entry_points.txt
[3.100s] writing requirements to ../../build/theimc_bringup/theimc_bringup.egg-info/requires.txt
[3.100s] writing top-level names to ../../build/theimc_bringup/theimc_bringup.egg-info/top_level.txt
[3.104s] reading manifest file '../../build/theimc_bringup/theimc_bringup.egg-info/SOURCES.txt'
[3.106s] writing manifest file '../../build/theimc_bringup/theimc_bringup.egg-info/SOURCES.txt'
[3.106s] running build
[3.107s] running build_py
[3.108s] copying theimc_bringup/theimc_bringup.py -> /home/jeff/theimc_robot/build/theimc_bringup/build/lib/theimc_bringup
[3.109s] running install
[3.109s] running install_lib
[3.111s] creating /home/jeff/theimc_robot/install/theimc_bringup/lib/python3.10/site-packages/theimc_bringup
[3.112s] copying /home/jeff/theimc_robot/build/theimc_bringup/build/lib/theimc_bringup/last_pose_manager_node.py -> /home/jeff/theimc_robot/install/theimc_bringup/lib/python3.10/site-packages/theimc_bringup
[3.112s] copying /home/jeff/theimc_robot/build/theimc_bringup/build/lib/theimc_bringup/robot_agent_node.py -> /home/jeff/theimc_robot/install/theimc_bringup/lib/python3.10/site-packages/theimc_bringup
[3.113s] copying /home/jeff/theimc_robot/build/theimc_bringup/build/lib/theimc_bringup/theimc_bringup.py -> /home/jeff/theimc_robot/install/theimc_bringup/lib/python3.10/site-packages/theimc_bringup
[3.113s] copying /home/jeff/theimc_robot/build/theimc_bringup/build/lib/theimc_bringup/isaac_vslam_odom_adapter_node.py -> /home/jeff/theimc_robot/install/theimc_bringup/lib/python3.10/site-packages/theimc_bringup
[3.114s] copying /home/jeff/theimc_robot/build/theimc_bringup/build/lib/theimc_bringup/__init__.py -> /home/jeff/theimc_robot/install/theimc_bringup/lib/python3.10/site-packages/theimc_bringup
[3.114s] byte-compiling /home/jeff/theimc_robot/install/theimc_bringup/lib/python3.10/site-packages/theimc_bringup/last_pose_manager_node.py to last_pose_manager_node.cpython-310.pyc
[3.117s] byte-compiling /home/jeff/theimc_robot/install/theimc_bringup/lib/python3.10/site-packages/theimc_bringup/robot_agent_node.py to robot_agent_node.cpython-310.pyc
[3.127s] byte-compiling /home/jeff/theimc_robot/install/theimc_bringup/lib/python3.10/site-packages/theimc_bringup/theimc_bringup.py to theimc_bringup.cpython-310.pyc
[3.132s] byte-compiling /home/jeff/theimc_robot/install/theimc_bringup/lib/python3.10/site-packages/theimc_bringup/isaac_vslam_odom_adapter_node.py to isaac_vslam_odom_adapter_node.cpython-310.pyc
[3.134s] byte-compiling /home/jeff/theimc_robot/install/theimc_bringup/lib/python3.10/site-packages/theimc_bringup/__init__.py to __init__.cpython-310.pyc
[3.135s] running install_data
[3.135s] copying resource/theimc_bringup -> /home/jeff/theimc_robot/install/theimc_bringup/share/ament_index/resource_index/packages
[3.135s] copying package.xml -> /home/jeff/theimc_robot/install/theimc_bringup/share/theimc_bringup
[3.136s] copying launch/rail.launch.py -> /home/jeff/theimc_robot/install/theimc_bringup/share/theimc_bringup/launch
[3.137s] copying launch/theimc_bringup_basic.launch.py -> /home/jeff/theimc_robot/install/theimc_bringup/share/theimc_bringup/launch
[3.138s] copying launch/camera.launch.py -> /home/jeff/theimc_robot/install/theimc_bringup/share/theimc_bringup/launch
[3.139s] copying launch/isaac_vslam_d435.launch.py -> /home/jeff/theimc_robot/install/theimc_bringup/share/theimc_bringup/launch
[3.139s] copying launch/theimc_bringup.launch.py -> /home/jeff/theimc_robot/install/theimc_bringup/share/theimc_bringup/launch
[3.140s] copying launch/isaac_vslam_odom_test.launch.py -> /home/jeff/theimc_robot/install/theimc_bringup/share/theimc_bringup/launch
[3.140s] copying params/vehicle_scan_filter.yaml -> /home/jeff/theimc_robot/install/theimc_bringup/share/theimc_bringup/params
[3.140s] copying params/ekf.yaml -> /home/jeff/theimc_robot/install/theimc_bringup/share/theimc_bringup/params
[3.141s] copying params/scan_filter.yaml -> /home/jeff/theimc_robot/install/theimc_bringup/share/theimc_bringup/params
[3.141s] copying params/ekf_basic.yaml -> /home/jeff/theimc_robot/install/theimc_bringup/share/theimc_bringup/params
[3.142s] copying params/theimc_ydlidar.yaml -> /home/jeff/theimc_robot/install/theimc_bringup/share/theimc_bringup/params
[3.142s] copying params/ekf_isaac_vslam_only.yaml -> /home/jeff/theimc_robot/install/theimc_bringup/share/theimc_bringup/params
[3.143s] copying rviz/theimc_bringup.rviz -> /home/jeff/theimc_robot/install/theimc_bringup/share/theimc_bringup/rviz
[3.144s] running install_egg_info
[3.144s] Copying ../../build/theimc_bringup/theimc_bringup.egg-info to /home/jeff/theimc_robot/install/theimc_bringup/lib/python3.10/site-packages/theimc_bringup-7.0.0-py3.10.egg-info
[3.146s] running install_scripts
[3.188s] Installing bringup_node script to /home/jeff/theimc_robot/install/theimc_bringup/lib/theimc_bringup
[3.189s] Installing isaac_vslam_odom_adapter_node script to /home/jeff/theimc_robot/install/theimc_bringup/lib/theimc_bringup
[3.190s] Installing last_pose_manager_node script to /home/jeff/theimc_robot/install/theimc_bringup/lib/theimc_bringup
[3.190s] Installing robot_agent_node script to /home/jeff/theimc_robot/install/theimc_bringup/lib/theimc_bringup
[3.191s] writing list of installed files to '/home/jeff/theimc_robot/build/theimc_bringup/install.log'
[3.256s] Invoked command in '/home/jeff/theimc_robot/src/theimc_bringup' returned '0': PYTHONPATH=/home/jeff/theimc_robot/build/theimc_bringup/prefix_override:/usr/lib/python3/dist-packages/colcon_core/task/python/colcon_distutils_commands:/home/jeff/theimc_robot/install/theimc_bringup/lib/python3.10/site-packages:${PYTHONPATH} /usr/bin/python3 -W ignore:setup.py install is deprecated -W ignore:easy_install command is deprecated setup.py egg_info --egg-base ../../build/theimc_bringup build --build-base /home/jeff/theimc_robot/build/theimc_bringup/build install --record /home/jeff/theimc_robot/build/theimc_bringup/install.log --single-version-externally-managed install_data --force
