running develop
running egg_info
creating theimc_teleop.egg-info
writing theimc_teleop.egg-info/PKG-INFO
writing dependency_links to theimc_teleop.egg-info/dependency_links.txt
writing entry points to theimc_teleop.egg-info/entry_points.txt
writing requirements to theimc_teleop.egg-info/requires.txt
writing top-level names to theimc_teleop.egg-info/top_level.txt
writing manifest file 'theimc_teleop.egg-info/SOURCES.txt'
reading manifest file 'theimc_teleop.egg-info/SOURCES.txt'
writing manifest file 'theimc_teleop.egg-info/SOURCES.txt'
running build_ext
Creating /home/jeff/theimc_robot/install/theimc_teleop/lib/python3.10/site-packages/theimc-teleop.egg-link (link to .)
Installing teleop_keyboard script to /home/jeff/theimc_robot/install/theimc_teleop/lib/theimc_teleop

Installed /home/jeff/theimc_robot/build/theimc_teleop
running symlink_data
creating /home/jeff/theimc_robot/install/theimc_teleop/share/ament_index
creating /home/jeff/theimc_robot/install/theimc_teleop/share/ament_index/resource_index
creating /home/jeff/theimc_robot/install/theimc_teleop/share/ament_index/resource_index/packages
symbolically linking /home/jeff/theimc_robot/build/theimc_teleop/resource/theimc_teleop -> /home/jeff/theimc_robot/install/theimc_teleop/share/ament_index/resource_index/packages
symbolically linking /home/jeff/theimc_robot/build/theimc_teleop/package.xml -> /home/jeff/theimc_robot/install/theimc_teleop/share/theimc_teleop
