[3.701s] Invoking command in '/home/jeff/theimc_robot/build/camera_perception_pkg': PYTHONPATH=/home/jeff/theimc_robot/build/camera_perception_pkg/prefix_override:/usr/lib/python3/dist-packages/colcon_core/task/python/colcon_distutils_commands:/home/jeff/theimc_robot/install/camera_perception_pkg/lib/python3.10/site-packages:${PYTHONPATH} /usr/bin/python3 -W ignore:setup.py install is deprecated -W ignore:easy_install command is deprecated setup.py develop --editable --build-directory /home/jeff/theimc_robot/build/camera_perception_pkg/build --no-deps symlink_data
[4.310s] running develop
[4.699s] running egg_info
[4.700s] writing camera_perception_pkg.egg-info/PKG-INFO
[4.700s] writing dependency_links to camera_perception_pkg.egg-info/dependency_links.txt
[4.701s] writing entry points to camera_perception_pkg.egg-info/entry_points.txt
[4.701s] writing requirements to camera_perception_pkg.egg-info/requires.txt
[4.702s] writing top-level names to camera_perception_pkg.egg-info/top_level.txt
[4.708s] reading manifest file 'camera_perception_pkg.egg-info/SOURCES.txt'
[4.713s] writing manifest file 'camera_perception_pkg.egg-info/SOURCES.txt'
[4.717s] running build_ext
[4.717s] Creating /home/jeff/theimc_robot/install/camera_perception_pkg/lib/python3.10/site-packages/camera-perception-pkg.egg-link (link to .)
[4.719s] Installing aruco_detector_node script to /home/jeff/theimc_robot/install/camera_perception_pkg/lib/camera_perception_pkg
[4.720s] Installing image_publisher_node script to /home/jeff/theimc_robot/install/camera_perception_pkg/lib/camera_perception_pkg
[4.720s] Installing rail_info_extractor_node script to /home/jeff/theimc_robot/install/camera_perception_pkg/lib/camera_perception_pkg
[4.720s] Installing yolov8_node script to /home/jeff/theimc_robot/install/camera_perception_pkg/lib/camera_perception_pkg
[4.721s] 
[4.721s] Installed /home/jeff/theimc_robot/build/camera_perception_pkg
[4.721s] running symlink_data
[4.873s] Invoked command in '/home/jeff/theimc_robot/build/camera_perception_pkg' returned '0': PYTHONPATH=/home/jeff/theimc_robot/build/camera_perception_pkg/prefix_override:/usr/lib/python3/dist-packages/colcon_core/task/python/colcon_distutils_commands:/home/jeff/theimc_robot/install/camera_perception_pkg/lib/python3.10/site-packages:${PYTHONPATH} /usr/bin/python3 -W ignore:setup.py install is deprecated -W ignore:easy_install command is deprecated setup.py develop --editable --build-directory /home/jeff/theimc_robot/build/camera_perception_pkg/build --no-deps symlink_data
