[0.612s] Invoking command in '/home/jeff/theimc_robot/build/theimc_description': CMAKE_PREFIX_PATH=${CMAKE_PREFIX_PATH}:/home/jeff/theimc_robot/install/theimc_teleop:/home/jeff/theimc_robot/install/theimc_bringup:/home/jeff/theimc_robot/install/localizer_server:/home/jeff/theimc_robot/install/decision_making_pkg:/home/jeff/theimc_robot/install/debug_pkg:/home/jeff/theimc_robot/install/camera_perception_pkg:/opt/ros/humble /usr/bin/cmake --build /home/jeff/theimc_robot/build/theimc_description -- -j6 -l6
[0.728s] Invoked command in '/home/jeff/theimc_robot/build/theimc_description' returned '0': CMAKE_PREFIX_PATH=${CMAKE_PREFIX_PATH}:/home/jeff/theimc_robot/install/theimc_teleop:/home/jeff/theimc_robot/install/theimc_bringup:/home/jeff/theimc_robot/install/localizer_server:/home/jeff/theimc_robot/install/decision_making_pkg:/home/jeff/theimc_robot/install/debug_pkg:/home/jeff/theimc_robot/install/camera_perception_pkg:/opt/ros/humble /usr/bin/cmake --build /home/jeff/theimc_robot/build/theimc_description -- -j6 -l6
[0.748s] Invoking command in '/home/jeff/theimc_robot/build/theimc_description': CMAKE_PREFIX_PATH=${CMAKE_PREFIX_PATH}:/home/jeff/theimc_robot/install/theimc_teleop:/home/jeff/theimc_robot/install/theimc_bringup:/home/jeff/theimc_robot/install/localizer_server:/home/jeff/theimc_robot/install/decision_making_pkg:/home/jeff/theimc_robot/install/debug_pkg:/home/jeff/theimc_robot/install/camera_perception_pkg:/opt/ros/humble /usr/bin/cmake --install /home/jeff/theimc_robot/build/theimc_description
[0.762s] -- Install configuration: ""
[0.763s] -- Execute custom install script
[0.764s] -- Up-to-date symlink: /home/jeff/theimc_robot/install/theimc_description/share/theimc_description/launch/theimc_description.launch.py
[0.765s] -- Up-to-date symlink: /home/jeff/theimc_robot/install/theimc_description/share/theimc_description/rviz/model.rviz
[0.765s] -- Up-to-date symlink: /home/jeff/theimc_robot/install/theimc_description/share/theimc_description/rviz/theimc.rviz
[0.765s] -- Up-to-date symlink: /home/jeff/theimc_robot/install/theimc_description/share/theimc_description/urdf/theimc.urdf
[0.766s] -- Up-to-date symlink: /home/jeff/theimc_robot/install/theimc_description/share/ament_index/resource_index/package_run_dependencies/theimc_description
[0.766s] -- Up-to-date symlink: /home/jeff/theimc_robot/install/theimc_description/share/ament_index/resource_index/parent_prefix_path/theimc_description
[0.766s] -- Up-to-date symlink: /home/jeff/theimc_robot/install/theimc_description/share/theimc_description/environment/ament_prefix_path.sh
[0.767s] -- Up-to-date symlink: /home/jeff/theimc_robot/install/theimc_description/share/theimc_description/environment/ament_prefix_path.dsv
[0.767s] -- Up-to-date symlink: /home/jeff/theimc_robot/install/theimc_description/share/theimc_description/environment/path.sh
[0.767s] -- Up-to-date symlink: /home/jeff/theimc_robot/install/theimc_description/share/theimc_description/environment/path.dsv
[0.768s] -- Up-to-date symlink: /home/jeff/theimc_robot/install/theimc_description/share/theimc_description/local_setup.bash
[0.768s] -- Up-to-date symlink: /home/jeff/theimc_robot/install/theimc_description/share/theimc_description/local_setup.sh
[0.768s] -- Up-to-date symlink: /home/jeff/theimc_robot/install/theimc_description/share/theimc_description/local_setup.zsh
[0.769s] -- Up-to-date symlink: /home/jeff/theimc_robot/install/theimc_description/share/theimc_description/local_setup.dsv
[0.769s] -- Symlinking: /home/jeff/theimc_robot/install/theimc_description/share/theimc_description/package.dsv
[0.789s] -- Up-to-date symlink: /home/jeff/theimc_robot/install/theimc_description/share/ament_index/resource_index/packages/theimc_description
[0.789s] -- Up-to-date symlink: /home/jeff/theimc_robot/install/theimc_description/share/theimc_description/cmake/theimc_descriptionConfig.cmake
[0.789s] -- Up-to-date symlink: /home/jeff/theimc_robot/install/theimc_description/share/theimc_description/cmake/theimc_descriptionConfig-version.cmake
[0.790s] -- Up-to-date symlink: /home/jeff/theimc_robot/install/theimc_description/share/theimc_description/package.xml
[0.795s] Invoked command in '/home/jeff/theimc_robot/build/theimc_description' returned '0': CMAKE_PREFIX_PATH=${CMAKE_PREFIX_PATH}:/home/jeff/theimc_robot/install/theimc_teleop:/home/jeff/theimc_robot/install/theimc_bringup:/home/jeff/theimc_robot/install/localizer_server:/home/jeff/theimc_robot/install/decision_making_pkg:/home/jeff/theimc_robot/install/debug_pkg:/home/jeff/theimc_robot/install/camera_perception_pkg:/opt/ros/humble /usr/bin/cmake --install /home/jeff/theimc_robot/build/theimc_description
