[INFO] [launch]: All log files can be found below /home/jeff/.ros/log/2026-06-26-11-21-11-310347-jeff-desktop-55105
[INFO] [launch]: Default logging verbosity is set to INFO
[INFO] [map_server-1]: process started with pid [55116]
[INFO] [costmap_filter_info_server-2]: process started with pid [55118]
[INFO] [twist_mux-3]: process started with pid [55120]
[costmap_filter_info_server-2] [INFO] [1782440471.543412308] [costmap_filter_info_server]: This is costmap filter info publisher
[twist_mux-3] [INFO] [1782440471.597143939] [twist_mux]: Topic handler 'topics.navigation' subscribed to topic '/cmd_vel_nav': timeout = 0.500000s , priority = 20.
[twist_mux-3] [INFO] [1782440471.600084979] [twist_mux]: Topic handler 'topics.rail' subscribed to topic '/cmd_vel_rail': timeout = 0.500000s , priority = 30.
[twist_mux-3] [INFO] [1782440471.601142928] [twist_mux]: Topic handler 'topics.teleop' subscribed to topic '/cmd_vel_teleop': timeout = 0.500000s , priority = 100.
[twist_mux-3] [INFO] [1782440471.602043752] [twist_mux]: Topic handler 'topics.web_jog' subscribed to topic '/cmd_vel_web': timeout = 0.500000s , priority = 90.
[twist_mux-3] [INFO] [1782440471.604919190] [twist_mux]: Topic handler 'locks.emergency_stop' subscribed to topic '/emergency_stop': timeout = None , priority = 255.
[map_server-1] [INFO] [1782440471.707512850] [filter_mask_server]: 
[map_server-1] 	filter_mask_server lifecycle node launched. 
[map_server-1] 	Waiting on external lifecycle transitions to activate
[map_server-1] 	See https://design.ros2.org/articles/node_lifecycle.html for more information.
[map_server-1] [INFO] [1782440471.707804762] [filter_mask_server]: Creating
[costmap_filter_info_server-2] [INFO] [1782440471.830115916] [costmap_filter_info_server]: 
[costmap_filter_info_server-2] 	costmap_filter_info_server lifecycle node launched. 
[costmap_filter_info_server-2] 	Waiting on external lifecycle transitions to activate
[costmap_filter_info_server-2] 	See https://design.ros2.org/articles/node_lifecycle.html for more information.
[INFO] [bash-4]: process started with pid [55244]
[bash-4] [KEEP_OUT] Waiting for /filter_mask_server...
[bash-4] [KEEP_OUT] Waiting for /costmap_filter_info_server...
[bash-4] [KEEP_OUT] Configure /filter_mask_server if needed...
[bash-4] [KEEP_OUT] /filter_mask_server state: unconfigured
[map_server-1] [INFO] [1782440481.959269036] [filter_mask_server]: Configuring
[map_server-1] [INFO] [1782440481.959537556] [map_io]: Loading yaml file: /home/jeff/theimc_robot/install/theimc_navigation2/share/theimc_navigation2/maps/keepout_map.yaml
[map_server-1] [INFO] [1782440481.960333737] [map_io]: resolution: 0.05
[map_server-1] [INFO] [1782440481.960376426] [map_io]: origin[0]: -14.8
[map_server-1] [INFO] [1782440481.960393451] [map_io]: origin[1]: -8.04
[map_server-1] [INFO] [1782440481.960407307] [map_io]: origin[2]: 0
[map_server-1] [INFO] [1782440481.960421547] [map_io]: free_thresh: 0.25
[map_server-1] [INFO] [1782440481.960435052] [map_io]: occupied_thresh: 0.65
[map_server-1] [INFO] [1782440481.960450028] [map_io]: mode: trinary
[map_server-1] [INFO] [1782440481.960465997] [map_io]: negate: 0
[map_server-1] [INFO] [1782440481.961025500] [map_io]: Loading image_file: /home/jeff/theimc_robot/install/theimc_navigation2/share/theimc_navigation2/maps/keepout_map.pgm
[map_server-1] [INFO] [1782440482.048142548] [map_io]: Read map /home/jeff/theimc_robot/install/theimc_navigation2/share/theimc_navigation2/maps/keepout_map.pgm: 412 X 572 map @ 0.05 m/cell
[bash-4] Transitioning successful
[INFO] [component_container_isolated-5]: process started with pid [55573]
[bash-4] [KEEP_OUT] Activate /filter_mask_server if needed...
[component_container_isolated-5] [INFO] [1782440483.384343139] [nav2_container]: Load Library: /opt/ros/humble/lib/libmap_server_core.so
[component_container_isolated-5] [INFO] [1782440483.419220084] [nav2_container]: Found class: rclcpp_components::NodeFactoryTemplate<nav2_map_server::CostmapFilterInfoServer>
[component_container_isolated-5] [INFO] [1782440483.420324530] [nav2_container]: Found class: rclcpp_components::NodeFactoryTemplate<nav2_map_server::MapSaver>
[component_container_isolated-5] [INFO] [1782440483.420350226] [nav2_container]: Found class: rclcpp_components::NodeFactoryTemplate<nav2_map_server::MapServer>
[component_container_isolated-5] [INFO] [1782440483.420363187] [nav2_container]: Instantiate class: rclcpp_components::NodeFactoryTemplate<nav2_map_server::MapServer>
[component_container_isolated-5] [INFO] [1782440483.444907308] [map_server]: 
[component_container_isolated-5] 	map_server lifecycle node launched. 
[component_container_isolated-5] 	Waiting on external lifecycle transitions to activate
[component_container_isolated-5] 	See https://design.ros2.org/articles/node_lifecycle.html for more information.
[component_container_isolated-5] [INFO] [1782440483.445031919] [map_server]: Creating
[INFO] [launch_ros.actions.load_composable_nodes]: Loaded node '/map_server' in container '/nav2_container'
[component_container_isolated-5] [INFO] [1782440483.446582073] [nav2_container]: Load Library: /opt/ros/humble/lib/libcontroller_server_core.so
[component_container_isolated-5] [INFO] [1782440483.455581197] [nav2_container]: Found class: rclcpp_components::NodeFactoryTemplate<nav2_controller::ControllerServer>
[component_container_isolated-5] [INFO] [1782440483.455692336] [nav2_container]: Instantiate class: rclcpp_components::NodeFactoryTemplate<nav2_controller::ControllerServer>
[component_container_isolated-5] [INFO] [1782440483.499320174] [controller_server]: 
[component_container_isolated-5] 	controller_server lifecycle node launched. 
[component_container_isolated-5] 	Waiting on external lifecycle transitions to activate
[component_container_isolated-5] 	See https://design.ros2.org/articles/node_lifecycle.html for more information.
[component_container_isolated-5] [INFO] [1782440483.510381978] [controller_server]: Creating controller server
[component_container_isolated-5] [INFO] [1782440483.544395572] [local_costmap.local_costmap]: 
[component_container_isolated-5] 	local_costmap lifecycle node launched. 
[component_container_isolated-5] 	Waiting on external lifecycle transitions to activate
[component_container_isolated-5] 	See https://design.ros2.org/articles/node_lifecycle.html for more information.
[component_container_isolated-5] [INFO] [1782440483.547610891] [local_costmap.local_costmap]: Creating Costmap
[component_container_isolated-5] [INFO] [1782440483.553385031] [nav2_container]: Load Library: /opt/ros/humble/lib/libamcl_core.so
[INFO] [launch_ros.actions.load_composable_nodes]: Loaded node '/controller_server' in container '/nav2_container'
[component_container_isolated-5] [INFO] [1782440483.557689052] [nav2_container]: Found class: rclcpp_components::NodeFactoryTemplate<nav2_amcl::AmclNode>
[component_container_isolated-5] [INFO] [1782440483.557794175] [nav2_container]: Instantiate class: rclcpp_components::NodeFactoryTemplate<nav2_amcl::AmclNode>
[component_container_isolated-5] [INFO] [1782440483.586979029] [amcl]: 
[component_container_isolated-5] 	amcl lifecycle node launched. 
[component_container_isolated-5] 	Waiting on external lifecycle transitions to activate
[component_container_isolated-5] 	See https://design.ros2.org/articles/node_lifecycle.html for more information.
[component_container_isolated-5] [INFO] [1782440483.588025170] [amcl]: Creating
[INFO] [launch_ros.actions.load_composable_nodes]: Loaded node '/amcl' in container '/nav2_container'
[component_container_isolated-5] [INFO] [1782440483.594797513] [nav2_container]: Load Library: /opt/ros/humble/lib/libsmoother_server_core.so
[component_container_isolated-5] [INFO] [1782440483.598207270] [nav2_container]: Found class: rclcpp_components::NodeFactoryTemplate<nav2_smoother::SmootherServer>
[component_container_isolated-5] [INFO] [1782440483.598289608] [nav2_container]: Instantiate class: rclcpp_components::NodeFactoryTemplate<nav2_smoother::SmootherServer>
[component_container_isolated-5] [INFO] [1782440483.622291826] [smoother_server]: 
[component_container_isolated-5] 	smoother_server lifecycle node launched. 
[component_container_isolated-5] 	Waiting on external lifecycle transitions to activate
[component_container_isolated-5] 	See https://design.ros2.org/articles/node_lifecycle.html for more information.
[component_container_isolated-5] [INFO] [1782440483.625534442] [smoother_server]: Creating smoother server
[INFO] [launch_ros.actions.load_composable_nodes]: Loaded node '/smoother_server' in container '/nav2_container'
[component_container_isolated-5] [INFO] [1782440483.627147894] [nav2_container]: Load Library: /opt/ros/humble/lib/libnav2_lifecycle_manager_core.so
[component_container_isolated-5] [INFO] [1782440483.628432121] [nav2_container]: Found class: rclcpp_components::NodeFactoryTemplate<nav2_lifecycle_manager::LifecycleManager>
[component_container_isolated-5] [INFO] [1782440483.628479162] [nav2_container]: Instantiate class: rclcpp_components::NodeFactoryTemplate<nav2_lifecycle_manager::LifecycleManager>
[component_container_isolated-5] [INFO] [1782440483.649038919] [lifecycle_manager_localization]: Creating
[INFO] [launch_ros.actions.load_composable_nodes]: Loaded node '/lifecycle_manager_localization' in container '/nav2_container'
[component_container_isolated-5] [INFO] [1782440483.656306828] [lifecycle_manager_localization]: [34m[1mCreating and initializing lifecycle service clients[0m[0m
[component_container_isolated-5] [INFO] [1782440483.656578579] [nav2_container]: Load Library: /opt/ros/humble/lib/libplanner_server_core.so
[component_container_isolated-5] [INFO] [1782440483.658014778] [nav2_container]: Found class: rclcpp_components::NodeFactoryTemplate<nav2_planner::PlannerServer>
[component_container_isolated-5] [INFO] [1782440483.658064508] [nav2_container]: Instantiate class: rclcpp_components::NodeFactoryTemplate<nav2_planner::PlannerServer>
[component_container_isolated-5] [INFO] [1782440483.673934570] [lifecycle_manager_localization]: [34m[1mStarting managed nodes bringup...[0m[0m
[component_container_isolated-5] [INFO] [1782440483.674123023] [lifecycle_manager_localization]: [34m[1mConfiguring map_server[0m[0m
[component_container_isolated-5] [INFO] [1782440483.674620988] [map_server]: Configuring
[component_container_isolated-5] [INFO] [1782440483.674775296] [map_io]: Loading yaml file: /home/jeff/theimc_robot/install/theimc_navigation2/share/theimc_navigation2/maps/map.yaml
[component_container_isolated-5] [INFO] [1782440483.675392113] [map_io]: resolution: 0.05
[component_container_isolated-5] [INFO] [1782440483.675425394] [map_io]: origin[0]: -14.8
[component_container_isolated-5] [INFO] [1782440483.675436434] [map_io]: origin[1]: -8.04
[component_container_isolated-5] [INFO] [1782440483.675444210] [map_io]: origin[2]: 0
[component_container_isolated-5] [INFO] [1782440483.675451411] [map_io]: free_thresh: 0.25
[component_container_isolated-5] [INFO] [1782440483.675458259] [map_io]: occupied_thresh: 0.65
[component_container_isolated-5] [INFO] [1782440483.675467123] [map_io]: mode: trinary
[component_container_isolated-5] [INFO] [1782440483.675476627] [map_io]: negate: 0
[component_container_isolated-5] [INFO] [1782440483.675857182] [map_io]: Loading image_file: /home/jeff/theimc_robot/install/theimc_navigation2/share/theimc_navigation2/maps/map.pgm
[component_container_isolated-5] [INFO] [1782440483.701750075] [planner_server]: 
[component_container_isolated-5] 	planner_server lifecycle node launched. 
[component_container_isolated-5] 	Waiting on external lifecycle transitions to activate
[component_container_isolated-5] 	See https://design.ros2.org/articles/node_lifecycle.html for more information.
[component_container_isolated-5] [INFO] [1782440483.705013076] [planner_server]: Creating
[component_container_isolated-5] [INFO] [1782440483.726441688] [map_io]: Read map /home/jeff/theimc_robot/install/theimc_navigation2/share/theimc_navigation2/maps/map.pgm: 412 X 572 map @ 0.05 m/cell
[component_container_isolated-5] [INFO] [1782440483.742888630] [lifecycle_manager_localization]: [34m[1mConfiguring amcl[0m[0m
[component_container_isolated-5] [INFO] [1782440483.743545384] [amcl]: Configuring
[component_container_isolated-5] [INFO] [1782440483.743784718] [amcl]: initTransforms
[component_container_isolated-5] [INFO] [1782440483.753815902] [global_costmap.global_costmap]: 
[component_container_isolated-5] 	global_costmap lifecycle node launched. 
[component_container_isolated-5] 	Waiting on external lifecycle transitions to activate
[component_container_isolated-5] 	See https://design.ros2.org/articles/node_lifecycle.html for more information.
[component_container_isolated-5] [INFO] [1782440483.754850810] [global_costmap.global_costmap]: Creating Costmap
[INFO] [launch_ros.actions.load_composable_nodes]: Loaded node '/planner_server' in container '/nav2_container'
[component_container_isolated-5] [INFO] [1782440483.771261143] [amcl]: initPubSub
[component_container_isolated-5] [INFO] [1782440483.771885384] [nav2_container]: Load Library: /opt/ros/humble/lib/libbehavior_server_core.so
[component_container_isolated-5] [INFO] [1782440483.778155122] [nav2_container]: Found class: rclcpp_components::NodeFactoryTemplate<behavior_server::BehaviorServer>
[component_container_isolated-5] [INFO] [1782440483.778250292] [nav2_container]: Instantiate class: rclcpp_components::NodeFactoryTemplate<behavior_server::BehaviorServer>
[component_container_isolated-5] [INFO] [1782440483.795649772] [amcl]: Subscribed to map topic.
[component_container_isolated-5] [INFO] [1782440483.811103790] [lifecycle_manager_localization]: [34m[1mActivating map_server[0m[0m
[component_container_isolated-5] [INFO] [1782440483.811416023] [map_server]: Activating
[component_container_isolated-5] [INFO] [1782440483.813850617] [amcl]: Received a 412 X 572 map @ 0.050 m/pix
[component_container_isolated-5] [INFO] [1782440483.818870433] [map_server]: Creating bond (map_server) to lifecycle manager.
[component_container_isolated-5] [INFO] [1782440483.853120001] [behavior_server]: 
[component_container_isolated-5] 	behavior_server lifecycle node launched. 
[component_container_isolated-5] 	Waiting on external lifecycle transitions to activate
[component_container_isolated-5] 	See https://design.ros2.org/articles/node_lifecycle.html for more information.
[INFO] [launch_ros.actions.load_composable_nodes]: Loaded node '/behavior_server' in container '/nav2_container'
[component_container_isolated-5] [INFO] [1782440483.866481675] [nav2_container]: Load Library: /opt/ros/humble/lib/libbt_navigator_core.so
[component_container_isolated-5] [INFO] [1782440483.869768580] [nav2_container]: Found class: rclcpp_components::NodeFactoryTemplate<nav2_bt_navigator::BtNavigator>
[component_container_isolated-5] [INFO] [1782440483.869846822] [nav2_container]: Instantiate class: rclcpp_components::NodeFactoryTemplate<nav2_bt_navigator::BtNavigator>
[component_container_isolated-5] [INFO] [1782440483.909331156] [bt_navigator]: 
[component_container_isolated-5] 	bt_navigator lifecycle node launched. 
[component_container_isolated-5] 	Waiting on external lifecycle transitions to activate
[component_container_isolated-5] 	See https://design.ros2.org/articles/node_lifecycle.html for more information.
[component_container_isolated-5] [INFO] [1782440483.909492120] [bt_navigator]: Creating
[INFO] [launch_ros.actions.load_composable_nodes]: Loaded node '/bt_navigator' in container '/nav2_container'
[component_container_isolated-5] [INFO] [1782440483.914473951] [nav2_container]: Load Library: /opt/ros/humble/lib/libwaypoint_follower_core.so
[component_container_isolated-5] [INFO] [1782440483.915894022] [nav2_container]: Found class: rclcpp_components::NodeFactoryTemplate<nav2_waypoint_follower::WaypointFollower>
[component_container_isolated-5] [INFO] [1782440483.915953671] [nav2_container]: Instantiate class: rclcpp_components::NodeFactoryTemplate<nav2_waypoint_follower::WaypointFollower>
[component_container_isolated-5] [INFO] [1782440483.930401967] [lifecycle_manager_localization]: Server map_server connected with bond.
[component_container_isolated-5] [INFO] [1782440483.930503858] [lifecycle_manager_localization]: [34m[1mActivating amcl[0m[0m
[component_container_isolated-5] [INFO] [1782440483.930943870] [amcl]: Activating
[component_container_isolated-5] [INFO] [1782440483.931052961] [amcl]: Creating bond (amcl) to lifecycle manager.
[component_container_isolated-5] [INFO] [1782440483.971076029] [waypoint_follower]: 
[component_container_isolated-5] 	waypoint_follower lifecycle node launched. 
[component_container_isolated-5] 	Waiting on external lifecycle transitions to activate
[component_container_isolated-5] 	See https://design.ros2.org/articles/node_lifecycle.html for more information.
[component_container_isolated-5] [INFO] [1782440483.972250173] [waypoint_follower]: Creating
[INFO] [launch_ros.actions.load_composable_nodes]: Loaded node '/waypoint_follower' in container '/nav2_container'
[component_container_isolated-5] [INFO] [1782440483.981679388] [nav2_container]: Load Library: /opt/ros/humble/lib/libvelocity_smoother_core.so
[component_container_isolated-5] [INFO] [1782440483.983291432] [nav2_container]: Found class: rclcpp_components::NodeFactoryTemplate<nav2_velocity_smoother::VelocitySmoother>
[component_container_isolated-5] [INFO] [1782440483.983350314] [nav2_container]: Instantiate class: rclcpp_components::NodeFactoryTemplate<nav2_velocity_smoother::VelocitySmoother>
[component_container_isolated-5] [INFO] [1782440484.023504202] [velocity_smoother]: 
[component_container_isolated-5] 	velocity_smoother lifecycle node launched. 
[component_container_isolated-5] 	Waiting on external lifecycle transitions to activate
[component_container_isolated-5] 	See https://design.ros2.org/articles/node_lifecycle.html for more information.
[INFO] [launch_ros.actions.load_composable_nodes]: Loaded node '/velocity_smoother' in container '/nav2_container'
[component_container_isolated-5] [INFO] [1782440484.028636501] [nav2_container]: Found class: rclcpp_components::NodeFactoryTemplate<nav2_lifecycle_manager::LifecycleManager>
[component_container_isolated-5] [INFO] [1782440484.028712439] [nav2_container]: Instantiate class: rclcpp_components::NodeFactoryTemplate<nav2_lifecycle_manager::LifecycleManager>
[component_container_isolated-5] [INFO] [1782440484.056375460] [lifecycle_manager_localization]: Server amcl connected with bond.
[component_container_isolated-5] [INFO] [1782440484.056479623] [lifecycle_manager_localization]: [34m[1mManaged nodes are active[0m[0m
[component_container_isolated-5] [INFO] [1782440484.056516168] [lifecycle_manager_localization]: [34m[1mCreating bond timer...[0m[0m
[component_container_isolated-5] [INFO] [1782440484.059271411] [lifecycle_manager_navigation]: Creating
[component_container_isolated-5] [INFO] [1782440484.146872312] [lifecycle_manager_navigation]: [34m[1mCreating and initializing lifecycle service clients[0m[0m
[INFO] [launch_ros.actions.load_composable_nodes]: Loaded node '/lifecycle_manager_navigation' in container '/nav2_container'
[component_container_isolated-5] [INFO] [1782440485.195342162] [lifecycle_manager_navigation]: [34m[1mStarting managed nodes bringup...[0m[0m
[component_container_isolated-5] [INFO] [1782440485.197364137] [lifecycle_manager_navigation]: [34m[1mConfiguring controller_server[0m[0m
[component_container_isolated-5] [INFO] [1782440485.199601382] [controller_server]: Configuring controller interface
[component_container_isolated-5] [INFO] [1782440485.200252887] [controller_server]: getting goal checker plugins..
[component_container_isolated-5] [INFO] [1782440485.200566816] [controller_server]: Controller frequency set to 10.0000Hz
[component_container_isolated-5] [INFO] [1782440485.200677667] [local_costmap.local_costmap]: Configuring
[component_container_isolated-5] [INFO] [1782440485.252874601] [local_costmap.local_costmap]: Using plugin "obstacle_layer"
[component_container_isolated-5] [INFO] [1782440485.281063589] [local_costmap.local_costmap]: Subscribed to Topics: scan
[component_container_isolated-5] [INFO] [1782440485.307620533] [local_costmap.local_costmap]: Initialized plugin "obstacle_layer"
[component_container_isolated-5] [INFO] [1782440485.309937587] [local_costmap.local_costmap]: Using plugin "inflation_layer"
[component_container_isolated-5] [INFO] [1782440485.317406014] [local_costmap.local_costmap]: Initialized plugin "inflation_layer"
[component_container_isolated-5] [ERROR] [1782440485.372129513] [local_costmap.local_costmap]: The configured inflation radius (0.250) is smaller than the computed inscribed radius (0.500) of your footprint, it is highly recommended to set inflation radius to be at least as big as the inscribed radius to avoid collisions
[component_container_isolated-5] [INFO] [1782440485.389943403] [controller_server]: Created progress_checker : progress_checker of type nav2_controller::SimpleProgressChecker
[component_container_isolated-5] [INFO] [1782440485.396593343] [controller_server]: Created goal checker : precise_goal_checker of type nav2_controller::SimpleGoalChecker
[component_container_isolated-5] [INFO] [1782440485.401724011] [controller_server]: Controller Server has precise_goal_checker  goal checkers available.
[component_container_isolated-5] [INFO] [1782440485.404221038] [controller_server]: Created controller : FollowPath of type nav2_regulated_pure_pursuit_controller::RegulatedPurePursuitController
[component_container_isolated-5] [INFO] [1782440485.451454766] [controller_server]: Controller Server has FollowPath  controllers available.
[component_container_isolated-5] [INFO] [1782440485.461294905] [amcl]: createLaserObject
[component_container_isolated-5] [INFO] [1782440485.513601378] [lifecycle_manager_navigation]: [34m[1mConfiguring smoother_server[0m[0m
[component_container_isolated-5] [INFO] [1782440485.515224526] [smoother_server]: Configuring smoother server
[component_container_isolated-5] [INFO] [1782440485.572396123] [smoother_server]: Created smoother : simple_smoother of type nav2_smoother::SimpleSmoother
[component_container_isolated-5] [INFO] [1782440485.576829395] [smoother_server]: Smoother Server has simple_smoother  smoothers available.
[component_container_isolated-5] [INFO] [1782440485.611011793] [lifecycle_manager_navigation]: [34m[1mConfiguring planner_server[0m[0m
[component_container_isolated-5] [INFO] [1782440485.611353467] [planner_server]: Configuring
[component_container_isolated-5] [INFO] [1782440485.611471486] [global_costmap.global_costmap]: Configuring
[component_container_isolated-5] [INFO] [1782440485.631469468] [global_costmap.global_costmap]: Using plugin "static_layer"
[component_container_isolated-5] [INFO] [1782440485.637072436] [global_costmap.global_costmap]: Subscribing to the map topic (/map) with transient local durability
[component_container_isolated-5] [INFO] [1782440485.640951261] [global_costmap.global_costmap]: Initialized plugin "static_layer"
[component_container_isolated-5] [INFO] [1782440485.641045055] [global_costmap.global_costmap]: Using plugin "obstacle_layer"
[component_container_isolated-5] [INFO] [1782440485.646404816] [global_costmap.global_costmap]: Subscribed to Topics: scan
[component_container_isolated-5] [INFO] [1782440485.665263792] [global_costmap.global_costmap]: Initialized plugin "obstacle_layer"
[component_container_isolated-5] [INFO] [1782440485.665369042] [global_costmap.global_costmap]: Using plugin "inflation_layer"
[component_container_isolated-5] [INFO] [1782440485.669336126] [global_costmap.global_costmap]: Initialized plugin "inflation_layer"
[component_container_isolated-5] [INFO] [1782440485.669414368] [global_costmap.global_costmap]: Using costmap filter "keepout_filter"
[component_container_isolated-5] [INFO] [1782440485.682133049] [global_costmap.global_costmap]: Initialized costmap filter "keepout_filter"
[component_container_isolated-5] [ERROR] [1782440485.701411811] [global_costmap.global_costmap]: The configured inflation radius (0.350) is smaller than the computed inscribed radius (0.500) of your footprint, it is highly recommended to set inflation radius to be at least as big as the inscribed radius to avoid collisions
[component_container_isolated-5] [INFO] [1782440485.715296571] [global_costmap.global_costmap]: StaticLayer: Resizing costmap to 412 X 572 at 0.050000 m/pix
[component_container_isolated-5] [INFO] [1782440485.716271798] [planner_server]: Created global planner plugin GridBased of type nav2_navfn_planner/NavfnPlanner
[component_container_isolated-5] [INFO] [1782440485.716363992] [planner_server]: Configuring plugin GridBased of type NavfnPlanner
[component_container_isolated-5] [INFO] [1782440485.721498051] [planner_server]: Planner Server has GridBased  planners available.
[component_container_isolated-5] [INFO] [1782440485.758151428] [lifecycle_manager_navigation]: [34m[1mConfiguring behavior_server[0m[0m
[component_container_isolated-5] [INFO] [1782440485.758461549] [behavior_server]: Configuring
[component_container_isolated-5] [INFO] [1782440485.786245470] [behavior_server]: Creating behavior plugin backup of type nav2_behaviors/BackUp
[component_container_isolated-5] [INFO] [1782440485.788109264] [behavior_server]: Configuring backup
[component_container_isolated-5] [INFO] [1782440485.821770688] [behavior_server]: Creating behavior plugin wait of type nav2_behaviors/Wait
[component_container_isolated-5] [INFO] [1782440485.823413069] [behavior_server]: Configuring wait
[component_container_isolated-5] [WARN] [1782440485.835936512] [amcl]: AMCL cannot publish a pose or update the transform. Please set the initial pose...
[component_container_isolated-5] [INFO] [1782440485.849630067] [lifecycle_manager_navigation]: [34m[1mConfiguring bt_navigator[0m[0m
[component_container_isolated-5] [INFO] [1782440485.849984029] [bt_navigator]: Configuring
[component_container_isolated-5] [INFO] [1782440486.157582316] [lifecycle_manager_navigation]: [34m[1mConfiguring waypoint_follower[0m[0m
[component_container_isolated-5] [INFO] [1782440486.158108506] [waypoint_follower]: Configuring
[component_container_isolated-5] [INFO] [1782440486.232784897] [waypoint_follower]: Created waypoint_task_executor : wait_at_waypoint of type nav2_waypoint_follower::WaitAtWaypoint
[component_container_isolated-5] [INFO] [1782440486.240938814] [lifecycle_manager_navigation]: [34m[1mConfiguring velocity_smoother[0m[0m
[component_container_isolated-5] [INFO] [1782440486.241495469] [velocity_smoother]: Configuring velocity smoother
[component_container_isolated-5] [INFO] [1782440486.259572183] [lifecycle_manager_navigation]: [34m[1mActivating controller_server[0m[0m
[component_container_isolated-5] [INFO] [1782440486.259982530] [controller_server]: Activating
[component_container_isolated-5] [INFO] [1782440486.260079461] [local_costmap.local_costmap]: Activating
[component_container_isolated-5] [INFO] [1782440486.260121286] [local_costmap.local_costmap]: Checking transform
[component_container_isolated-5] [INFO] [1782440486.260632180] [local_costmap.local_costmap]: start
[component_container_isolated-5] [INFO] [1782440486.365642609] [controller_server]: Activating controller: FollowPath of type regulated_pure_pursuit_controller::RegulatedPurePursuitController
[component_container_isolated-5] [INFO] [1782440486.365808054] [controller_server]: Creating bond (controller_server) to lifecycle manager.
[component_container_isolated-5] [INFO] [1782440486.483813811] [lifecycle_manager_navigation]: Server controller_server connected with bond.
[component_container_isolated-5] [INFO] [1782440486.483999352] [lifecycle_manager_navigation]: [34m[1mActivating smoother_server[0m[0m
[component_container_isolated-5] [INFO] [1782440486.484959218] [smoother_server]: Activating
[component_container_isolated-5] [INFO] [1782440486.485092662] [smoother_server]: Creating bond (smoother_server) to lifecycle manager.
[INFO] [last_pose_manager_node-6]: process started with pid [55686]
[component_container_isolated-5] [INFO] [1782440486.601337060] [lifecycle_manager_navigation]: Server smoother_server connected with bond.
[component_container_isolated-5] [INFO] [1782440486.601477000] [lifecycle_manager_navigation]: [34m[1mActivating planner_server[0m[0m
[component_container_isolated-5] [INFO] [1782440486.602257277] [planner_server]: Activating
[component_container_isolated-5] [INFO] [1782440486.602377152] [global_costmap.global_costmap]: Activating
[component_container_isolated-5] [INFO] [1782440486.602408065] [global_costmap.global_costmap]: Checking transform
[component_container_isolated-5] [INFO] [1782440486.602442082] [global_costmap.global_costmap]: Timed out waiting for transform from base_footprint to map to become available, tf error: Invalid frame ID "map" passed to canTransform argument target_frame - frame does not exist
[component_container_isolated-5] [INFO] [1782440487.102514768] [global_costmap.global_costmap]: Timed out waiting for transform from base_footprint to map to become available, tf error: Invalid frame ID "map" passed to canTransform argument target_frame - frame does not exist
[component_container_isolated-5] [INFO] [1782440487.602529853] [global_costmap.global_costmap]: Timed out waiting for transform from base_footprint to map to become available, tf error: Invalid frame ID "map" passed to canTransform argument target_frame - frame does not exist
[last_pose_manager_node-6] [INFO] [1782440487.610814333] [last_pose_manager_node]: LastPoseManagerNode started.
[last_pose_manager_node-6] [INFO] [1782440487.611695829] [last_pose_manager_node]: pose_file: /home/jeff/theimc_robot/config/last_pose.yaml
[component_container_isolated-5] [WARN] [1782440487.933254942] [amcl]: AMCL cannot publish a pose or update the transform. Please set the initial pose...
[component_container_isolated-5] [INFO] [1782440488.102537769] [global_costmap.global_costmap]: Timed out waiting for transform from base_footprint to map to become available, tf error: Invalid frame ID "map" passed to canTransform argument target_frame - frame does not exist
[bash-4] [KEEP_OUT] /filter_mask_server state: inactive
[component_container_isolated-5] [INFO] [1782440488.602509140] [global_costmap.global_costmap]: Timed out waiting for transform from base_footprint to map to become available, tf error: Invalid frame ID "map" passed to canTransform argument target_frame - frame does not exist
[component_container_isolated-5] [INFO] [1782440489.102523105] [global_costmap.global_costmap]: Timed out waiting for transform from base_footprint to map to become available, tf error: Invalid frame ID "map" passed to canTransform argument target_frame - frame does not exist
[component_container_isolated-5] [INFO] [1782440489.602520909] [global_costmap.global_costmap]: Timed out waiting for transform from base_footprint to map to become available, tf error: Invalid frame ID "map" passed to canTransform argument target_frame - frame does not exist
[component_container_isolated-5] [WARN] [1782440490.031752572] [amcl]: AMCL cannot publish a pose or update the transform. Please set the initial pose...
[component_container_isolated-5] [INFO] [1782440490.102553850] [global_costmap.global_costmap]: Timed out waiting for transform from base_footprint to map to become available, tf error: Invalid frame ID "map" passed to canTransform argument target_frame - frame does not exist
[component_container_isolated-5] [INFO] [1782440490.602536230] [global_costmap.global_costmap]: Timed out waiting for transform from base_footprint to map to become available, tf error: Invalid frame ID "map" passed to canTransform argument target_frame - frame does not exist
[component_container_isolated-5] [INFO] [1782440491.102540562] [global_costmap.global_costmap]: Timed out waiting for transform from base_footprint to map to become available, tf error: Invalid frame ID "map" passed to canTransform argument target_frame - frame does not exist
[map_server-1] [INFO] [1782440491.244251570] [filter_mask_server]: Activating
[map_server-1] [INFO] [1782440491.245015495] [filter_mask_server]: Creating bond (filter_mask_server) to lifecycle manager.
[bash-4] Transitioning successful
[component_container_isolated-5] [INFO] [1782440491.602521982] [global_costmap.global_costmap]: Timed out waiting for transform from base_footprint to map to become available, tf error: Invalid frame ID "map" passed to canTransform argument target_frame - frame does not exist
[component_container_isolated-5] [INFO] [1782440492.102525738] [global_costmap.global_costmap]: Timed out waiting for transform from base_footprint to map to become available, tf error: Invalid frame ID "map" passed to canTransform argument target_frame - frame does not exist
[component_container_isolated-5] [WARN] [1782440492.127783927] [amcl]: AMCL cannot publish a pose or update the transform. Please set the initial pose...
[bash-4] [KEEP_OUT] Configure /costmap_filter_info_server if needed...
[component_container_isolated-5] [INFO] [1782440492.586814925] [amcl]: initialPoseReceived
[component_container_isolated-5] [WARN] [1782440492.587179095] [amcl]: Failed to transform initial pose in time (Lookup would require extrapolation into the future.  Requested time 1782440492.586965 but the latest data is at time 1782440492.492293, when looking up transform from frame [base_footprint] to frame [odom])
[component_container_isolated-5] [INFO] [1782440492.587235096] [amcl]: Setting pose (1782440492.587232): 0.230 -0.973 2.030
[last_pose_manager_node-6] [INFO] [1782440492.587752262] [last_pose_manager_node]: Published saved initial pose: x=0.230, y=-0.973
[component_container_isolated-5] [INFO] [1782440492.602519606] [global_costmap.global_costmap]: Timed out waiting for transform from base_footprint to map to become available, tf error: Invalid frame ID "map" passed to canTransform argument target_frame - frame does not exist
[component_container_isolated-5] [INFO] [1782440493.102552036] [global_costmap.global_costmap]: Timed out waiting for transform from base_footprint to map to become available, tf error: Lookup would require extrapolation into the past.  Requested time 1782440493.092294 but the earliest data is at time 1782440493.528024, when looking up transform from frame [base_footprint] to frame [map]
[component_container_isolated-5] [INFO] [1782440493.602767734] [global_costmap.global_costmap]: start
[component_container_isolated-5] [INFO] [1782440493.608413999] [global_costmap.global_costmap]: KeepoutFilter: Subscribing to "/costmap_filter_info" topic for filter info...
[component_container_isolated-5] [WARN] [1782440494.112835763] [global_costmap.global_costmap]: KeepoutFilter: Filter mask was not received
[component_container_isolated-5] [INFO] [1782440494.116407891] [planner_server]: Activating plugin GridBased of type NavfnPlanner
[component_container_isolated-5] [INFO] [1782440494.128504507] [global_costmap.global_costmap]: Message Filter dropping message: frame 'laser_frame' at time 1782440493.527 for reason 'the timestamp on the message is earlier than all the data in the transform cache'
[component_container_isolated-5] [INFO] [1782440494.130093094] [planner_server]: Creating bond (planner_server) to lifecycle manager.
[component_container_isolated-5] [INFO] [1782440494.250218717] [lifecycle_manager_navigation]: Server planner_server connected with bond.
[component_container_isolated-5] [INFO] [1782440494.250360705] [lifecycle_manager_navigation]: [34m[1mActivating behavior_server[0m[0m
[component_container_isolated-5] [INFO] [1782440494.251288378] [behavior_server]: Activating
[component_container_isolated-5] [INFO] [1782440494.251370204] [behavior_server]: Activating backup
[component_container_isolated-5] [INFO] [1782440494.251438462] [behavior_server]: Activating wait
[component_container_isolated-5] [INFO] [1782440494.251516160] [behavior_server]: Creating bond (behavior_server) to lifecycle manager.
[component_container_isolated-5] [INFO] [1782440494.374649417] [lifecycle_manager_navigation]: Server behavior_server connected with bond.
[component_container_isolated-5] [INFO] [1782440494.374778956] [lifecycle_manager_navigation]: [34m[1mActivating bt_navigator[0m[0m
[component_container_isolated-5] [INFO] [1782440494.375722470] [bt_navigator]: Activating
[component_container_isolated-5] [INFO] [1782440494.552678689] [bt_navigator]: Creating bond (bt_navigator) to lifecycle manager.
[component_container_isolated-5] [INFO] [1782440494.672014114] [lifecycle_manager_navigation]: Server bt_navigator connected with bond.
[component_container_isolated-5] [INFO] [1782440494.672146726] [lifecycle_manager_navigation]: [34m[1mActivating waypoint_follower[0m[0m
[component_container_isolated-5] [INFO] [1782440494.672976540] [waypoint_follower]: Activating
[component_container_isolated-5] [INFO] [1782440494.673085631] [waypoint_follower]: Creating bond (waypoint_follower) to lifecycle manager.
[component_container_isolated-5] [INFO] [1782440494.796673364] [lifecycle_manager_navigation]: Server waypoint_follower connected with bond.
[component_container_isolated-5] [INFO] [1782440494.796813176] [lifecycle_manager_navigation]: [34m[1mActivating velocity_smoother[0m[0m
[component_container_isolated-5] [INFO] [1782440494.797678127] [velocity_smoother]: Activating
[component_container_isolated-5] [INFO] [1782440494.797856020] [velocity_smoother]: Creating bond (velocity_smoother) to lifecycle manager.
[component_container_isolated-5] [INFO] [1782440494.918284339] [lifecycle_manager_navigation]: Server velocity_smoother connected with bond.
[component_container_isolated-5] [INFO] [1782440494.918418007] [lifecycle_manager_navigation]: [34m[1mManaged nodes are active[0m[0m
[component_container_isolated-5] [INFO] [1782440494.918456472] [lifecycle_manager_navigation]: [34m[1mCreating bond timer...[0m[0m
[component_container_isolated-5] [WARN] [1782440496.607362715] [global_costmap.global_costmap]: KeepoutFilter: Filter mask was not received
[bash-4] [KEEP_OUT] /costmap_filter_info_server state: unconfigured
[component_container_isolated-5] [WARN] [1782440499.107353624] [global_costmap.global_costmap]: KeepoutFilter: Filter mask was not received
[costmap_filter_info_server-2] [INFO] [1782440499.773802595] [costmap_filter_info_server]: Configuring
[bash-4] Transitioning successful
[bash-4] [KEEP_OUT] Activate /costmap_filter_info_server if needed...
[component_container_isolated-5] [WARN] [1782440501.107381258] [global_costmap.global_costmap]: KeepoutFilter: Filter mask was not received
[bash-4] [KEEP_OUT] /costmap_filter_info_server state: inactive
[component_container_isolated-5] [WARN] [1782440503.605399505] [global_costmap.global_costmap]: KeepoutFilter: Filter mask was not received
[costmap_filter_info_server-2] [INFO] [1782440505.545413097] [costmap_filter_info_server]: Activating
[costmap_filter_info_server-2] [INFO] [1782440505.545766386] [costmap_filter_info_server]: Creating bond (costmap_filter_info_server) to lifecycle manager.
[component_container_isolated-5] [INFO] [1782440505.546058842] [global_costmap.global_costmap]: KeepoutFilter: Received filter info from /costmap_filter_info topic.
[component_container_isolated-5] [INFO] [1782440505.546190974] [global_costmap.global_costmap]: KeepoutFilter: Subscribing to "/keepout_filter_mask" topic for filter mask...
[bash-4] Transitioning successful
[component_container_isolated-5] [INFO] [1782440505.563813179] [global_costmap.global_costmap]: KeepoutFilter: Received filter mask from /keepout_filter_mask topic.
[bash-4] [KEEP_OUT] Final states:
[bash-4] active [3]
