[1.451s] Invoking command in '/home/jeff/theimc_robot/src/camera_perception_pkg': PYTHONPATH=/home/jeff/theimc_robot/build/camera_perception_pkg/prefix_override:/usr/lib/python3/dist-packages/colcon_core/task/python/colcon_distutils_commands:/home/jeff/theimc_robot/install/camera_perception_pkg/lib/python3.10/site-packages:${PYTHONPATH} /usr/bin/python3 -W ignore:setup.py install is deprecated -W ignore:easy_install command is deprecated setup.py egg_info --egg-base ../../build/camera_perception_pkg build --build-base /home/jeff/theimc_robot/build/camera_perception_pkg/build install --record /home/jeff/theimc_robot/build/camera_perception_pkg/install.log --install-scripts $base/lib/camera_perception_pkg --single-version-externally-managed install_data
[1.995s] running egg_info
[1.995s] writing ../../build/camera_perception_pkg/camera_perception_pkg.egg-info/PKG-INFO
[1.995s] writing dependency_links to ../../build/camera_perception_pkg/camera_perception_pkg.egg-info/dependency_links.txt
[1.996s] writing entry points to ../../build/camera_perception_pkg/camera_perception_pkg.egg-info/entry_points.txt
[1.996s] writing requirements to ../../build/camera_perception_pkg/camera_perception_pkg.egg-info/requires.txt
[1.996s] writing top-level names to ../../build/camera_perception_pkg/camera_perception_pkg.egg-info/top_level.txt
[2.000s] reading manifest file '../../build/camera_perception_pkg/camera_perception_pkg.egg-info/SOURCES.txt'
[2.002s] writing manifest file '../../build/camera_perception_pkg/camera_perception_pkg.egg-info/SOURCES.txt'
[2.002s] running build
[2.003s] running build_py
[2.003s] copying camera_perception_pkg/aruco_detector_node.py -> /home/jeff/theimc_robot/build/camera_perception_pkg/build/lib/camera_perception_pkg
[2.004s] running install
[2.005s] running install_lib
[2.006s] copying /home/jeff/theimc_robot/build/camera_perception_pkg/build/lib/camera_perception_pkg/aruco_detector_node.py -> /home/jeff/theimc_robot/install/camera_perception_pkg/lib/python3.10/site-packages/camera_perception_pkg
[2.008s] byte-compiling /home/jeff/theimc_robot/install/camera_perception_pkg/lib/python3.10/site-packages/camera_perception_pkg/aruco_detector_node.py to aruco_detector_node.cpython-310.pyc
[2.011s] running install_data
[2.011s] running install_egg_info
[2.015s] removing '/home/jeff/theimc_robot/install/camera_perception_pkg/lib/python3.10/site-packages/camera_perception_pkg-0.0.0-py3.10.egg-info' (and everything under it)
[2.016s] Copying ../../build/camera_perception_pkg/camera_perception_pkg.egg-info to /home/jeff/theimc_robot/install/camera_perception_pkg/lib/python3.10/site-packages/camera_perception_pkg-0.0.0-py3.10.egg-info
[2.018s] running install_scripts
[2.061s] Installing aruco_detector_node script to /home/jeff/theimc_robot/install/camera_perception_pkg/lib/camera_perception_pkg
[2.062s] Installing image_publisher_node script to /home/jeff/theimc_robot/install/camera_perception_pkg/lib/camera_perception_pkg
[2.062s] Installing rail_info_extractor_node script to /home/jeff/theimc_robot/install/camera_perception_pkg/lib/camera_perception_pkg
[2.062s] Installing yolov8_node script to /home/jeff/theimc_robot/install/camera_perception_pkg/lib/camera_perception_pkg
[2.063s] writing list of installed files to '/home/jeff/theimc_robot/build/camera_perception_pkg/install.log'
[2.131s] Invoked command in '/home/jeff/theimc_robot/src/camera_perception_pkg' returned '0': PYTHONPATH=/home/jeff/theimc_robot/build/camera_perception_pkg/prefix_override:/usr/lib/python3/dist-packages/colcon_core/task/python/colcon_distutils_commands:/home/jeff/theimc_robot/install/camera_perception_pkg/lib/python3.10/site-packages:${PYTHONPATH} /usr/bin/python3 -W ignore:setup.py install is deprecated -W ignore:easy_install command is deprecated setup.py egg_info --egg-base ../../build/camera_perception_pkg build --build-base /home/jeff/theimc_robot/build/camera_perception_pkg/build install --record /home/jeff/theimc_robot/build/camera_perception_pkg/install.log --install-scripts $base/lib/camera_perception_pkg --single-version-externally-managed install_data
