[1.448s] Invoking command in '/home/jeff/theimc_robot/build/theimc_bringup': PYTHONPATH=/home/jeff/theimc_robot/build/theimc_bringup/prefix_override:/usr/lib/python3/dist-packages/colcon_core/task/python/colcon_distutils_commands:/home/jeff/theimc_robot/install/theimc_bringup/lib/python3.10/site-packages:${PYTHONPATH} /usr/bin/python3 -W ignore:setup.py install is deprecated -W ignore:easy_install command is deprecated setup.py develop --editable --build-directory /home/jeff/theimc_robot/build/theimc_bringup/build --no-deps symlink_data --force
[2.045s] running develop
[2.428s] running egg_info
[2.428s] writing theimc_bringup.egg-info/PKG-INFO
[2.429s] writing dependency_links to theimc_bringup.egg-info/dependency_links.txt
[2.429s] writing entry points to theimc_bringup.egg-info/entry_points.txt
[2.429s] writing requirements to theimc_bringup.egg-info/requires.txt
[2.430s] writing top-level names to theimc_bringup.egg-info/top_level.txt
[2.434s] reading manifest file 'theimc_bringup.egg-info/SOURCES.txt'
[2.436s] writing manifest file 'theimc_bringup.egg-info/SOURCES.txt'
[2.439s] running build_ext
[2.440s] Creating /home/jeff/theimc_robot/install/theimc_bringup/lib/python3.10/site-packages/theimc-bringup.egg-link (link to .)
[2.442s] Installing bringup_node script to /home/jeff/theimc_robot/install/theimc_bringup/lib/theimc_bringup
[2.442s] Installing isaac_vslam_odom_adapter_node script to /home/jeff/theimc_robot/install/theimc_bringup/lib/theimc_bringup
[2.443s] Installing last_pose_manager_node script to /home/jeff/theimc_robot/install/theimc_bringup/lib/theimc_bringup
[2.443s] Installing robot_agent_node script to /home/jeff/theimc_robot/install/theimc_bringup/lib/theimc_bringup
[2.443s] 
[2.443s] Installed /home/jeff/theimc_robot/build/theimc_bringup
[2.443s] running symlink_data
[2.444s] symbolically linking /home/jeff/theimc_robot/build/theimc_bringup/resource/theimc_bringup -> /home/jeff/theimc_robot/install/theimc_bringup/share/ament_index/resource_index/packages
[2.444s] symbolically linking /home/jeff/theimc_robot/build/theimc_bringup/package.xml -> /home/jeff/theimc_robot/install/theimc_bringup/share/theimc_bringup
[2.444s] symbolically linking /home/jeff/theimc_robot/build/theimc_bringup/launch/rail.launch.py -> /home/jeff/theimc_robot/install/theimc_bringup/share/theimc_bringup/launch
[2.445s] symbolically linking /home/jeff/theimc_robot/build/theimc_bringup/launch/camera.launch.py -> /home/jeff/theimc_robot/install/theimc_bringup/share/theimc_bringup/launch
[2.445s] symbolically linking /home/jeff/theimc_robot/build/theimc_bringup/launch/isaac_vslam_d435.launch.py -> /home/jeff/theimc_robot/install/theimc_bringup/share/theimc_bringup/launch
[2.445s] symbolically linking /home/jeff/theimc_robot/build/theimc_bringup/launch/theimc_bringup.launch.py -> /home/jeff/theimc_robot/install/theimc_bringup/share/theimc_bringup/launch
[2.445s] symbolically linking /home/jeff/theimc_robot/build/theimc_bringup/launch/isaac_vslam_odom_test.launch.py -> /home/jeff/theimc_robot/install/theimc_bringup/share/theimc_bringup/launch
[2.446s] symbolically linking /home/jeff/theimc_robot/build/theimc_bringup/params/ekf.yaml -> /home/jeff/theimc_robot/install/theimc_bringup/share/theimc_bringup/params
[2.446s] symbolically linking /home/jeff/theimc_robot/build/theimc_bringup/params/scan_filter.yaml -> /home/jeff/theimc_robot/install/theimc_bringup/share/theimc_bringup/params
[2.446s] symbolically linking /home/jeff/theimc_robot/build/theimc_bringup/params/theimc_ydlidar.yaml -> /home/jeff/theimc_robot/install/theimc_bringup/share/theimc_bringup/params
[2.446s] symbolically linking /home/jeff/theimc_robot/build/theimc_bringup/params/ekf_isaac_vslam_only.yaml -> /home/jeff/theimc_robot/install/theimc_bringup/share/theimc_bringup/params
[2.447s] symbolically linking /home/jeff/theimc_robot/build/theimc_bringup/rviz/theimc_bringup.rviz -> /home/jeff/theimc_robot/install/theimc_bringup/share/theimc_bringup/rviz
[2.529s] Invoked command in '/home/jeff/theimc_robot/build/theimc_bringup' returned '0': PYTHONPATH=/home/jeff/theimc_robot/build/theimc_bringup/prefix_override:/usr/lib/python3/dist-packages/colcon_core/task/python/colcon_distutils_commands:/home/jeff/theimc_robot/install/theimc_bringup/lib/python3.10/site-packages:${PYTHONPATH} /usr/bin/python3 -W ignore:setup.py install is deprecated -W ignore:easy_install command is deprecated setup.py develop --editable --build-directory /home/jeff/theimc_robot/build/theimc_bringup/build --no-deps symlink_data --force
