[1.905s] Invoking command in '/home/jeff/theimc_robot/build/sllidar_ros2': CMAKE_PREFIX_PATH=${CMAKE_PREFIX_PATH}:/home/jeff/theimc_robot/install/theimc_teleop:/home/jeff/theimc_robot/install/theimc_bringup:/home/jeff/theimc_robot/install/localizer_server:/home/jeff/theimc_robot/install/decision_making_pkg:/home/jeff/theimc_robot/install/debug_pkg:/home/jeff/theimc_robot/install/camera_perception_pkg:/opt/ros/humble /usr/bin/cmake --build /home/jeff/theimc_robot/build/sllidar_ros2 -- -j6 -l6
[2.057s] [ 90%] Built target sllidar_node
[2.057s] [100%] Built target sllidar_client
[2.151s] Invoked command in '/home/jeff/theimc_robot/build/sllidar_ros2' returned '0': CMAKE_PREFIX_PATH=${CMAKE_PREFIX_PATH}:/home/jeff/theimc_robot/install/theimc_teleop:/home/jeff/theimc_robot/install/theimc_bringup:/home/jeff/theimc_robot/install/localizer_server:/home/jeff/theimc_robot/install/decision_making_pkg:/home/jeff/theimc_robot/install/debug_pkg:/home/jeff/theimc_robot/install/camera_perception_pkg:/opt/ros/humble /usr/bin/cmake --build /home/jeff/theimc_robot/build/sllidar_ros2 -- -j6 -l6
[2.154s] Invoking command in '/home/jeff/theimc_robot/build/sllidar_ros2': CMAKE_PREFIX_PATH=${CMAKE_PREFIX_PATH}:/home/jeff/theimc_robot/install/theimc_teleop:/home/jeff/theimc_robot/install/theimc_bringup:/home/jeff/theimc_robot/install/localizer_server:/home/jeff/theimc_robot/install/decision_making_pkg:/home/jeff/theimc_robot/install/debug_pkg:/home/jeff/theimc_robot/install/camera_perception_pkg:/opt/ros/humble /usr/bin/cmake --install /home/jeff/theimc_robot/build/sllidar_ros2
[2.171s] -- Install configuration: ""
[2.173s] -- Execute custom install script
[2.175s] -- Up-to-date symlink: /home/jeff/theimc_robot/install/sllidar_ros2/share/sllidar_ros2/launch/sllidar_a1_launch.py
[2.175s] -- Up-to-date symlink: /home/jeff/theimc_robot/install/sllidar_ros2/share/sllidar_ros2/launch/sllidar_a2m12_launch .py
[2.176s] -- Up-to-date symlink: /home/jeff/theimc_robot/install/sllidar_ros2/share/sllidar_ros2/launch/sllidar_a2m7_launch.py
[2.177s] -- Up-to-date symlink: /home/jeff/theimc_robot/install/sllidar_ros2/share/sllidar_ros2/launch/sllidar_a2m8_launch.py
[2.178s] -- Up-to-date symlink: /home/jeff/theimc_robot/install/sllidar_ros2/share/sllidar_ros2/launch/sllidar_a3_launch.py
[2.179s] -- Up-to-date symlink: /home/jeff/theimc_robot/install/sllidar_ros2/share/sllidar_ros2/launch/sllidar_c1_launch.py
[2.180s] -- Up-to-date symlink: /home/jeff/theimc_robot/install/sllidar_ros2/share/sllidar_ros2/launch/sllidar_s1_launch.py
[2.181s] -- Up-to-date symlink: /home/jeff/theimc_robot/install/sllidar_ros2/share/sllidar_ros2/launch/sllidar_s1_tcp_launch.py
[2.181s] -- Up-to-date symlink: /home/jeff/theimc_robot/install/sllidar_ros2/share/sllidar_ros2/launch/sllidar_s2_launch.py
[2.182s] -- Up-to-date symlink: /home/jeff/theimc_robot/install/sllidar_ros2/share/sllidar_ros2/launch/sllidar_s2e_launch.py
[2.183s] -- Up-to-date symlink: /home/jeff/theimc_robot/install/sllidar_ros2/share/sllidar_ros2/launch/sllidar_s3_launch.py
[2.184s] -- Up-to-date symlink: /home/jeff/theimc_robot/install/sllidar_ros2/share/sllidar_ros2/launch/sllidar_t1_launch.py
[2.185s] -- Up-to-date symlink: /home/jeff/theimc_robot/install/sllidar_ros2/share/sllidar_ros2/launch/view_sllidar_a1_launch.py
[2.185s] -- Up-to-date symlink: /home/jeff/theimc_robot/install/sllidar_ros2/share/sllidar_ros2/launch/view_sllidar_a2m12_launch.py
[2.186s] -- Up-to-date symlink: /home/jeff/theimc_robot/install/sllidar_ros2/share/sllidar_ros2/launch/view_sllidar_a2m7_launch.py
[2.187s] -- Up-to-date symlink: /home/jeff/theimc_robot/install/sllidar_ros2/share/sllidar_ros2/launch/view_sllidar_a2m8_launch.py
[2.188s] -- Up-to-date symlink: /home/jeff/theimc_robot/install/sllidar_ros2/share/sllidar_ros2/launch/view_sllidar_a3_launch.py
[2.189s] -- Up-to-date symlink: /home/jeff/theimc_robot/install/sllidar_ros2/share/sllidar_ros2/launch/view_sllidar_c1_launch.py
[2.189s] -- Up-to-date symlink: /home/jeff/theimc_robot/install/sllidar_ros2/share/sllidar_ros2/launch/view_sllidar_s1_launch.py
[2.190s] -- Up-to-date symlink: /home/jeff/theimc_robot/install/sllidar_ros2/share/sllidar_ros2/launch/view_sllidar_s1_tcp_launch.py
[2.191s] -- Up-to-date symlink: /home/jeff/theimc_robot/install/sllidar_ros2/share/sllidar_ros2/launch/view_sllidar_s2_launch.py
[2.192s] -- Up-to-date symlink: /home/jeff/theimc_robot/install/sllidar_ros2/share/sllidar_ros2/launch/view_sllidar_s2e_launch.py
[2.193s] -- Up-to-date symlink: /home/jeff/theimc_robot/install/sllidar_ros2/share/sllidar_ros2/launch/view_sllidar_s3_launch.py
[2.194s] -- Up-to-date symlink: /home/jeff/theimc_robot/install/sllidar_ros2/share/sllidar_ros2/launch/view_sllidar_t1_launch.py
[2.195s] -- Up-to-date symlink: /home/jeff/theimc_robot/install/sllidar_ros2/share/sllidar_ros2/rviz/sllidar_ros2.rviz
[2.196s] -- Up-to-date symlink: /home/jeff/theimc_robot/install/sllidar_ros2/lib/sllidar_ros2/sllidar_node
[2.198s] -- Up-to-date symlink: /home/jeff/theimc_robot/install/sllidar_ros2/lib/sllidar_ros2/sllidar_client
[2.199s] -- Up-to-date symlink: /home/jeff/theimc_robot/install/sllidar_ros2/share/ament_index/resource_index/package_run_dependencies/sllidar_ros2
[2.200s] -- Up-to-date symlink: /home/jeff/theimc_robot/install/sllidar_ros2/share/ament_index/resource_index/parent_prefix_path/sllidar_ros2
[2.201s] -- Up-to-date symlink: /home/jeff/theimc_robot/install/sllidar_ros2/share/sllidar_ros2/environment/ament_prefix_path.sh
[2.202s] -- Up-to-date symlink: /home/jeff/theimc_robot/install/sllidar_ros2/share/sllidar_ros2/environment/ament_prefix_path.dsv
[2.203s] -- Up-to-date symlink: /home/jeff/theimc_robot/install/sllidar_ros2/share/sllidar_ros2/environment/path.sh
[2.204s] -- Up-to-date symlink: /home/jeff/theimc_robot/install/sllidar_ros2/share/sllidar_ros2/environment/path.dsv
[2.205s] -- Up-to-date symlink: /home/jeff/theimc_robot/install/sllidar_ros2/share/sllidar_ros2/local_setup.bash
[2.206s] -- Up-to-date symlink: /home/jeff/theimc_robot/install/sllidar_ros2/share/sllidar_ros2/local_setup.sh
[2.207s] -- Up-to-date symlink: /home/jeff/theimc_robot/install/sllidar_ros2/share/sllidar_ros2/local_setup.zsh
[2.208s] -- Up-to-date symlink: /home/jeff/theimc_robot/install/sllidar_ros2/share/sllidar_ros2/local_setup.dsv
[2.209s] -- Symlinking: /home/jeff/theimc_robot/install/sllidar_ros2/share/sllidar_ros2/package.dsv
[2.236s] -- Up-to-date symlink: /home/jeff/theimc_robot/install/sllidar_ros2/share/ament_index/resource_index/packages/sllidar_ros2
[2.237s] -- Up-to-date symlink: /home/jeff/theimc_robot/install/sllidar_ros2/share/sllidar_ros2/cmake/ament_cmake_export_dependencies-extras.cmake
[2.238s] -- Up-to-date symlink: /home/jeff/theimc_robot/install/sllidar_ros2/share/sllidar_ros2/cmake/ament_cmake_export_include_directories-extras.cmake
[2.239s] -- Up-to-date symlink: /home/jeff/theimc_robot/install/sllidar_ros2/share/sllidar_ros2/cmake/sllidar_ros2Config.cmake
[2.240s] -- Up-to-date symlink: /home/jeff/theimc_robot/install/sllidar_ros2/share/sllidar_ros2/cmake/sllidar_ros2Config-version.cmake
[2.241s] -- Up-to-date symlink: /home/jeff/theimc_robot/install/sllidar_ros2/share/sllidar_ros2/package.xml
[2.869s] Invoked command in '/home/jeff/theimc_robot/build/sllidar_ros2' returned '0': CMAKE_PREFIX_PATH=${CMAKE_PREFIX_PATH}:/home/jeff/theimc_robot/install/theimc_teleop:/home/jeff/theimc_robot/install/theimc_bringup:/home/jeff/theimc_robot/install/localizer_server:/home/jeff/theimc_robot/install/decision_making_pkg:/home/jeff/theimc_robot/install/debug_pkg:/home/jeff/theimc_robot/install/camera_perception_pkg:/opt/ros/humble /usr/bin/cmake --install /home/jeff/theimc_robot/build/sllidar_ros2
