[2.118s] Invoking command in '/home/jeff/theimc_robot/build/theimc_bringup': PYTHONPATH=/home/jeff/theimc_robot/build/theimc_bringup/prefix_override:/usr/lib/python3/dist-packages/colcon_core/task/python/colcon_distutils_commands:/home/jeff/theimc_robot/install/theimc_bringup/lib/python3.10/site-packages:${PYTHONPATH} /usr/bin/python3 -W ignore:setup.py install is deprecated -W ignore:easy_install command is deprecated setup.py develop --editable --build-directory /home/jeff/theimc_robot/build/theimc_bringup/build --no-deps symlink_data
[2.686s] running develop
[3.051s] running egg_info
[3.052s] writing theimc_bringup.egg-info/PKG-INFO
[3.052s] writing dependency_links to theimc_bringup.egg-info/dependency_links.txt
[3.053s] writing entry points to theimc_bringup.egg-info/entry_points.txt
[3.053s] writing requirements to theimc_bringup.egg-info/requires.txt
[3.053s] writing top-level names to theimc_bringup.egg-info/top_level.txt
[3.058s] reading manifest file 'theimc_bringup.egg-info/SOURCES.txt'
[3.059s] writing manifest file 'theimc_bringup.egg-info/SOURCES.txt'
[3.063s] running build_ext
[3.063s] Creating /home/jeff/theimc_robot/install/theimc_bringup/lib/python3.10/site-packages/theimc-bringup.egg-link (link to .)
[3.065s] Installing bringup_node script to /home/jeff/theimc_robot/install/theimc_bringup/lib/theimc_bringup
[3.065s] Installing isaac_vslam_odom_adapter_node script to /home/jeff/theimc_robot/install/theimc_bringup/lib/theimc_bringup
[3.066s] Installing last_pose_manager_node script to /home/jeff/theimc_robot/install/theimc_bringup/lib/theimc_bringup
[3.066s] Installing robot_agent_node script to /home/jeff/theimc_robot/install/theimc_bringup/lib/theimc_bringup
[3.066s] 
[3.067s] Installed /home/jeff/theimc_robot/build/theimc_bringup
[3.067s] running symlink_data
[3.151s] Invoked command in '/home/jeff/theimc_robot/build/theimc_bringup' returned '0': PYTHONPATH=/home/jeff/theimc_robot/build/theimc_bringup/prefix_override:/usr/lib/python3/dist-packages/colcon_core/task/python/colcon_distutils_commands:/home/jeff/theimc_robot/install/theimc_bringup/lib/python3.10/site-packages:${PYTHONPATH} /usr/bin/python3 -W ignore:setup.py install is deprecated -W ignore:easy_install command is deprecated setup.py develop --editable --build-directory /home/jeff/theimc_robot/build/theimc_bringup/build --no-deps symlink_data
