running develop
running egg_info
writing theimc_bringup.egg-info/PKG-INFO
writing dependency_links to theimc_bringup.egg-info/dependency_links.txt
writing entry points to theimc_bringup.egg-info/entry_points.txt
writing requirements to theimc_bringup.egg-info/requires.txt
writing top-level names to theimc_bringup.egg-info/top_level.txt
reading manifest file 'theimc_bringup.egg-info/SOURCES.txt'
writing manifest file 'theimc_bringup.egg-info/SOURCES.txt'
running build_ext
Creating /home/jeff/theimc_robot/install/theimc_bringup/lib/python3.10/site-packages/theimc-bringup.egg-link (link to .)
Installing bringup_node script to /home/jeff/theimc_robot/install/theimc_bringup/lib/theimc_bringup
Installing isaac_vslam_odom_adapter_node script to /home/jeff/theimc_robot/install/theimc_bringup/lib/theimc_bringup
Installing last_pose_manager_node script to /home/jeff/theimc_robot/install/theimc_bringup/lib/theimc_bringup
Installing robot_agent_node script to /home/jeff/theimc_robot/install/theimc_bringup/lib/theimc_bringup

Installed /home/jeff/theimc_robot/build/theimc_bringup
running symlink_data
symbolically linking /home/jeff/theimc_robot/build/theimc_bringup/resource/theimc_bringup -> /home/jeff/theimc_robot/install/theimc_bringup/share/ament_index/resource_index/packages
symbolically linking /home/jeff/theimc_robot/build/theimc_bringup/package.xml -> /home/jeff/theimc_robot/install/theimc_bringup/share/theimc_bringup
symbolically linking /home/jeff/theimc_robot/build/theimc_bringup/launch/bringup_record.launch.py -> /home/jeff/theimc_robot/install/theimc_bringup/share/theimc_bringup/launch
symbolically linking /home/jeff/theimc_robot/build/theimc_bringup/launch/mission_bt_runner.launch.py -> /home/jeff/theimc_robot/install/theimc_bringup/share/theimc_bringup/launch
symbolically linking /home/jeff/theimc_robot/build/theimc_bringup/launch/camera.launch.py -> /home/jeff/theimc_robot/install/theimc_bringup/share/theimc_bringup/launch
symbolically linking /home/jeff/theimc_robot/build/theimc_bringup/launch/theimc_full.launch.py -> /home/jeff/theimc_robot/install/theimc_bringup/share/theimc_bringup/launch
symbolically linking /home/jeff/theimc_robot/build/theimc_bringup/launch/nav2.launch.py -> /home/jeff/theimc_robot/install/theimc_bringup/share/theimc_bringup/launch
symbolically linking /home/jeff/theimc_robot/build/theimc_bringup/launch/base_bringup_withcam.launch.py -> /home/jeff/theimc_robot/install/theimc_bringup/share/theimc_bringup/launch
symbolically linking /home/jeff/theimc_robot/build/theimc_bringup/launch/base_bringup.launch.py -> /home/jeff/theimc_robot/install/theimc_bringup/share/theimc_bringup/launch
symbolically linking /home/jeff/theimc_robot/build/theimc_bringup/params/test_wheel_ekf.yaml -> /home/jeff/theimc_robot/install/theimc_bringup/share/theimc_bringup/params
symbolically linking /home/jeff/theimc_robot/build/theimc_bringup/params/ekf.yaml -> /home/jeff/theimc_robot/install/theimc_bringup/share/theimc_bringup/params
symbolically linking /home/jeff/theimc_robot/build/theimc_bringup/params/ekf_basic.yaml -> /home/jeff/theimc_robot/install/theimc_bringup/share/theimc_bringup/params
symbolically linking /home/jeff/theimc_robot/build/theimc_bringup/params/ekf_isaac_vslam_only.yaml -> /home/jeff/theimc_robot/install/theimc_bringup/share/theimc_bringup/params
symbolically linking /home/jeff/theimc_robot/build/theimc_bringup/params/twist_mux_params.yaml -> /home/jeff/theimc_robot/install/theimc_bringup/share/theimc_bringup/params
symbolically linking /home/jeff/theimc_robot/build/theimc_bringup/params/scan_filter.yaml -> /home/jeff/theimc_robot/install/theimc_bringup/share/theimc_bringup/params
symbolically linking /home/jeff/theimc_robot/build/theimc_bringup/params/test_wheel_camera_ekf.yaml -> /home/jeff/theimc_robot/install/theimc_bringup/share/theimc_bringup/params
symbolically linking /home/jeff/theimc_robot/build/theimc_bringup/params/test_wheel_imu_ekf.yaml -> /home/jeff/theimc_robot/install/theimc_bringup/share/theimc_bringup/params
symbolically linking /home/jeff/theimc_robot/build/theimc_bringup/params/test_wheel_camera_imu_ekf.yaml -> /home/jeff/theimc_robot/install/theimc_bringup/share/theimc_bringup/params
symbolically linking /home/jeff/theimc_robot/build/theimc_bringup/params/theimc_ydlidar.yaml -> /home/jeff/theimc_robot/install/theimc_bringup/share/theimc_bringup/params
symbolically linking /home/jeff/theimc_robot/build/theimc_bringup/params/ekf_jinyoung.yaml -> /home/jeff/theimc_robot/install/theimc_bringup/share/theimc_bringup/params
symbolically linking /home/jeff/theimc_robot/build/theimc_bringup/params/vehicle_scan_filter.yaml -> /home/jeff/theimc_robot/install/theimc_bringup/share/theimc_bringup/params
symbolically linking /home/jeff/theimc_robot/build/theimc_bringup/rviz/theimc_bringup.rviz -> /home/jeff/theimc_robot/install/theimc_bringup/share/theimc_bringup/rviz
