[3.097s] Invoking command in '/home/jeff/theimc_robot/build/theimc_bringup': PYTHONPATH=/home/jeff/theimc_robot/build/theimc_bringup/prefix_override:/usr/lib/python3/dist-packages/colcon_core/task/python/colcon_distutils_commands:/home/jeff/theimc_robot/install/theimc_bringup/lib/python3.10/site-packages:${PYTHONPATH} /usr/bin/python3 -W ignore:setup.py install is deprecated -W ignore:easy_install command is deprecated setup.py develop --editable --build-directory /home/jeff/theimc_robot/build/theimc_bringup/build --no-deps symlink_data
[3.701s] running develop
[4.094s] running egg_info
[4.100s] writing theimc_bringup.egg-info/PKG-INFO
[4.100s] writing dependency_links to theimc_bringup.egg-info/dependency_links.txt
[4.100s] writing entry points to theimc_bringup.egg-info/entry_points.txt
[4.100s] writing requirements to theimc_bringup.egg-info/requires.txt
[4.100s] writing top-level names to theimc_bringup.egg-info/top_level.txt
[4.102s] reading manifest file 'theimc_bringup.egg-info/SOURCES.txt'
[4.104s] writing manifest file 'theimc_bringup.egg-info/SOURCES.txt'
[4.109s] running build_ext
[4.110s] Creating /home/jeff/theimc_robot/install/theimc_bringup/lib/python3.10/site-packages/theimc-bringup.egg-link (link to .)
[4.112s] Installing bringup_node script to /home/jeff/theimc_robot/install/theimc_bringup/lib/theimc_bringup
[4.113s] Installing isaac_vslam_odom_adapter_node script to /home/jeff/theimc_robot/install/theimc_bringup/lib/theimc_bringup
[4.114s] Installing last_pose_manager_node script to /home/jeff/theimc_robot/install/theimc_bringup/lib/theimc_bringup
[4.114s] Installing robot_agent_node script to /home/jeff/theimc_robot/install/theimc_bringup/lib/theimc_bringup
[4.115s] 
[4.115s] Installed /home/jeff/theimc_robot/build/theimc_bringup
[4.116s] running symlink_data
[4.292s] Invoked command in '/home/jeff/theimc_robot/build/theimc_bringup' returned '0': PYTHONPATH=/home/jeff/theimc_robot/build/theimc_bringup/prefix_override:/usr/lib/python3/dist-packages/colcon_core/task/python/colcon_distutils_commands:/home/jeff/theimc_robot/install/theimc_bringup/lib/python3.10/site-packages:${PYTHONPATH} /usr/bin/python3 -W ignore:setup.py install is deprecated -W ignore:easy_install command is deprecated setup.py develop --editable --build-directory /home/jeff/theimc_robot/build/theimc_bringup/build --no-deps symlink_data
