[2.162s] Invoking command in '/home/jeff/theimc_robot/build/theimc_bringup': PYTHONPATH=/home/jeff/theimc_robot/build/theimc_bringup/prefix_override:/usr/lib/python3/dist-packages/colcon_core/task/python/colcon_distutils_commands:/home/jeff/theimc_robot/install/theimc_bringup/lib/python3.10/site-packages:${PYTHONPATH} /usr/bin/python3 -W ignore:setup.py install is deprecated -W ignore:easy_install command is deprecated setup.py develop --editable --build-directory /home/jeff/theimc_robot/build/theimc_bringup/build --no-deps symlink_data --force
[2.769s] running develop
[3.171s] running egg_info
[3.171s] writing theimc_bringup.egg-info/PKG-INFO
[3.171s] writing dependency_links to theimc_bringup.egg-info/dependency_links.txt
[3.171s] writing entry points to theimc_bringup.egg-info/entry_points.txt
[3.171s] writing requirements to theimc_bringup.egg-info/requires.txt
[3.172s] writing top-level names to theimc_bringup.egg-info/top_level.txt
[3.172s] reading manifest file 'theimc_bringup.egg-info/SOURCES.txt'
[3.174s] writing manifest file 'theimc_bringup.egg-info/SOURCES.txt'
[3.178s] running build_ext
[3.178s] Creating /home/jeff/theimc_robot/install/theimc_bringup/lib/python3.10/site-packages/theimc-bringup.egg-link (link to .)
[3.180s] Installing bringup_node script to /home/jeff/theimc_robot/install/theimc_bringup/lib/theimc_bringup
[3.180s] Installing robot_agent_node script to /home/jeff/theimc_robot/install/theimc_bringup/lib/theimc_bringup
[3.181s] 
[3.181s] Installed /home/jeff/theimc_robot/build/theimc_bringup
[3.181s] running symlink_data
[3.181s] symbolically linking /home/jeff/theimc_robot/build/theimc_bringup/resource/theimc_bringup -> /home/jeff/theimc_robot/install/theimc_bringup/share/ament_index/resource_index/packages
[3.182s] symbolically linking /home/jeff/theimc_robot/build/theimc_bringup/package.xml -> /home/jeff/theimc_robot/install/theimc_bringup/share/theimc_bringup
[3.182s] symbolically linking /home/jeff/theimc_robot/build/theimc_bringup/launch/rail.launch.py -> /home/jeff/theimc_robot/install/theimc_bringup/share/theimc_bringup/launch
[3.182s] symbolically linking /home/jeff/theimc_robot/build/theimc_bringup/launch/camera.launch.py -> /home/jeff/theimc_robot/install/theimc_bringup/share/theimc_bringup/launch
[3.183s] symbolically linking /home/jeff/theimc_robot/build/theimc_bringup/launch/theimc_bringup.launch.py -> /home/jeff/theimc_robot/install/theimc_bringup/share/theimc_bringup/launch
[3.183s] symbolically linking /home/jeff/theimc_robot/build/theimc_bringup/params/scan_filter.yaml -> /home/jeff/theimc_robot/install/theimc_bringup/share/theimc_bringup/params
[3.183s] symbolically linking /home/jeff/theimc_robot/build/theimc_bringup/params/theimc_ydlidar.yaml -> /home/jeff/theimc_robot/install/theimc_bringup/share/theimc_bringup/params
[3.183s] symbolically linking /home/jeff/theimc_robot/build/theimc_bringup/rviz/theimc_bringup.rviz -> /home/jeff/theimc_robot/install/theimc_bringup/share/theimc_bringup/rviz
[3.284s] Invoked command in '/home/jeff/theimc_robot/build/theimc_bringup' returned '0': PYTHONPATH=/home/jeff/theimc_robot/build/theimc_bringup/prefix_override:/usr/lib/python3/dist-packages/colcon_core/task/python/colcon_distutils_commands:/home/jeff/theimc_robot/install/theimc_bringup/lib/python3.10/site-packages:${PYTHONPATH} /usr/bin/python3 -W ignore:setup.py install is deprecated -W ignore:easy_install command is deprecated setup.py develop --editable --build-directory /home/jeff/theimc_robot/build/theimc_bringup/build --no-deps symlink_data --force
